[2015.12.03-14.40.27:546][  0]Log file open, 12/03/15 15:40:27
[2015.12.03-14.40.27:546][  0]LogInit:Display: Running engine for game: StarFox
[2015.12.03-14.40.27:546][  0]LogInit:Display: RandInit(1966981187) SRandInit(1966981187).
[2015.12.03-14.40.27:546][  0]LogTaskGraph: Started task graph with 4 named threads and 7 total threads.
[2015.12.03-14.40.27:546][  0]LogStats: Stats thread started at 0.073811
[2015.12.03-14.40.27:546][  0]LogInit: Version: 4.9.2-2707645+++depot+UE4-Releases+4.9
[2015.12.03-14.40.27:546][  0]LogInit: API Version: 2672455
[2015.12.03-14.40.27:546][  0]LogInit: Compiled (64-bit): Sep 28 2015 10:25:44
[2015.12.03-14.40.27:546][  0]LogInit: Compiled with Visual C++: 18.00.21005.01
[2015.12.03-14.40.27:546][  0]LogInit: Build Configuration: Development
[2015.12.03-14.40.27:546][  0]LogInit: Branch Name: ++depot+UE4-Releases+4.9
[2015.12.03-14.40.27:546][  0]LogInit: Command line:  
[2015.12.03-14.40.27:546][  0]LogInit: Base directory: C:/Program Files/Epic Games/4.9/Engine/Binaries/Win64/
[2015.12.03-14.40.27:546][  0]LogInit: Rocket: 1
[2015.12.03-14.40.27:554][  0]LogInit: Using libcurl 7.41.0
[2015.12.03-14.40.27:554][  0]LogInit:  - built for x86_64-pc-win32
[2015.12.03-14.40.27:554][  0]LogInit:  - supports SSL with WinSSL
[2015.12.03-14.40.27:554][  0]LogInit:  - other features:
[2015.12.03-14.40.27:554][  0]LogInit:      CURL_VERSION_SSL
[2015.12.03-14.40.27:554][  0]LogInit:      CURL_VERSION_IPV6
[2015.12.03-14.40.27:554][  0]LogInit:      CURL_VERSION_ASYNCHDNS
[2015.12.03-14.40.27:554][  0]LogInit:      CURL_VERSION_LARGEFILE
[2015.12.03-14.40.27:554][  0]LogInit:      CURL_VERSION_IDN
[2015.12.03-14.40.27:554][  0]LogInit:  CurlRequestOptions (configurable via config and command line):
[2015.12.03-14.40.27:554][  0]LogInit:  - bVerifyPeer = true  - Libcurl will verify peer certificate
[2015.12.03-14.40.27:554][  0]LogInit:  - bUseHttpProxy = false  - Libcurl will NOT use HTTP proxy
[2015.12.03-14.40.27:554][  0]LogInit:  - bDontReuseConnections = false  - Libcurl will reuse connections
[2015.12.03-14.40.27:554][  0]LogInit:  - CertBundlePath = nullptr  - Libcurl will use whatever was configured at build time.
[2015.12.03-14.40.27:561][  0]LogInit: Presizing for 0 objects not considered by GC, pre-allocating 0 bytes.
[2015.12.03-14.40.27:568][  0]LogInit: Object subsystem initialized
[2015.12.03-14.40.27:569][  0]LogInit: Selected Device Profile: [Windows]
[2015.12.03-14.40.27:569][  0]LogInit: Applying CVar settings loaded from the selected device profile: [Windows]
[2015.12.03-14.40.27:576][  0]LogInit: Computer: FIDUS
[2015.12.03-14.40.27:576][  0]LogInit: User: Niclas
[2015.12.03-14.40.27:576][  0]LogInit: CPU Page size=4096, Cores=4
[2015.12.03-14.40.27:576][  0]LogInit: High frequency timer resolution =3.386479 MHz
[2015.12.03-14.40.27:576][  0]LogMemory: Memory total: Physical=15.9GB (16GB approx)
[2015.12.03-14.40.27:576][  0]LogMemory: Platform Memory Stats for Windows
[2015.12.03-14.40.27:576][  0]LogMemory: Process Physical Memory: 54.20 MB used, 54.20 MB peak
[2015.12.03-14.40.27:576][  0]LogMemory: Process Virtual Memory: 57.33 MB used, 57.33 MB peak
[2015.12.03-14.40.27:576][  0]LogMemory: Physical Memory: 5941.17 MB used, 16332.28 MB total
[2015.12.03-14.40.27:576][  0]LogMemory: Virtual Memory: 366.22 MB used, 134217728.00 MB total
[2015.12.03-14.40.27:605][  0]LogTextLocalizationManager: No translations for ('sv-SE') exist, falling back to 'en' for localization and internationalization data.
[2015.12.03-14.40.31:456][  0]LogD3D11RHI: Found D3D11 adapter 0: AMD Radeon HD 7800 Series (Feature Level 11_0)
[2015.12.03-14.40.31:456][  0]LogD3D11RHI: Adapter has 2026MB of dedicated video memory, 0MB of dedicated system memory, and 8166MB of shared system memory, 1 output[s]
[2015.12.03-14.40.31:457][  0]LogD3D11RHI: Found D3D11 adapter 1: Microsoft Basic Render Driver (Feature Level 11_0)
[2015.12.03-14.40.31:457][  0]LogD3D11RHI: Adapter has 0MB of dedicated video memory, 0MB of dedicated system memory, and 8166MB of shared system memory, 0 output[s]
[2015.12.03-14.40.31:457][  0]LogD3D11RHI: Chosen D3D11 Adapter Id = 0
[2015.12.03-14.40.31:471][  0]LogD3D11RHI: !Direct3DDevice
[2015.12.03-14.40.31:471][  0]LogRHI: Texture pool is 1361 MB (70% of 1945 MB)
[2015.12.03-14.40.31:478][  0]LogD3D11RHI: Async texture creation disabled: no driver support
[2015.12.03-14.40.31:489][  0]LogShaderCompilers: Guid format shader working directory is 13 characters bigger than the processId version (../../../../../../Users/Niclas/Documents/GitHub/Staroxurur/StarFox/Intermediate/Shaders/WorkingDirectory/133560/).
[2015.12.03-14.40.31:489][  0]LogShaderCompilers: Cleaned the shader compiler working directory '../../../../../../Users/Niclas/Documents/GitHub/Staroxurur/StarFox/Intermediate/Shaders/tmp/BE32D6304B7F1193AC554594AE6EE13D/'.
[2015.12.03-14.40.31:489][  0]LogShaderCompilers:Display: Using Local Shader Compiler.
[2015.12.03-14.40.32:397][  0]LogTemp:Display: Loaded TP AllDesktopTargetPlatform
[2015.12.03-14.40.32:402][  0]LogTemp:Display: Loaded TP WindowsClientTargetPlatform
[2015.12.03-14.40.32:407][  0]LogTemp:Display: Loaded TP WindowsNoEditorTargetPlatform
[2015.12.03-14.40.32:412][  0]LogTemp:Display: Loaded TP WindowsServerTargetPlatform
[2015.12.03-14.40.32:417][  0]LogTemp:Display: Loaded TP WindowsTargetPlatform
[2015.12.03-14.40.32:422][  0]LogTemp:Display: Loaded TP AndroidTargetPlatform
[2015.12.03-14.40.32:425][  0]LogTemp:Display: Loaded TP Android_ASTCTargetPlatform
[2015.12.03-14.40.32:429][  0]LogTemp:Display: Loaded TP Android_ATCTargetPlatform
[2015.12.03-14.40.32:432][  0]LogTemp:Display: Loaded TP Android_DXTTargetPlatform
[2015.12.03-14.40.32:435][  0]LogTemp:Display: Loaded TP Android_ETC1TargetPlatform
[2015.12.03-14.40.32:439][  0]LogTemp:Display: Loaded TP Android_ETC2TargetPlatform
[2015.12.03-14.40.32:442][  0]LogTemp:Display: Loaded TP Android_PVRTCTargetPlatform
[2015.12.03-14.40.32:443][  0]LogTemp:Display: Loaded TP HTML5TargetPlatform
[2015.12.03-14.40.32:459][  0]LogTemp:Display: Loaded TP IOSTargetPlatform
[2015.12.03-14.40.32:462][  0]LogTemp:Display: Loaded TP LinuxNoEditorTargetPlatform
[2015.12.03-14.40.32:465][  0]LogTemp:Display: Loaded TP LinuxServerTargetPlatform
[2015.12.03-14.40.32:469][  0]LogTemp:Display: Loaded TP LinuxTargetPlatform
[2015.12.03-14.40.32:469][  0]LogTargetPlatformManager:Display: Building Assets For Windows
[2015.12.03-14.40.32:564][  0]LogDerivedDataCache:Display: Max Cache Size: 512 MB
[2015.12.03-14.40.32:601][  0]LogDerivedDataCache: Loaded boot cache 0.04s 41MB C:/Users/Niclas/AppData/Local/UnrealEngine/4.9/DerivedDataCache/Boot.ddc.
[2015.12.03-14.40.32:601][  0]LogDerivedDataCache:Display: Loaded Boot cache: C:/Users/Niclas/AppData/Local/UnrealEngine/4.9/DerivedDataCache/Boot.ddc
[2015.12.03-14.40.32:601][  0]LogDerivedDataCache: FDerivedDataBackendGraph:  Pak pak cache file ../../../../../../Users/Niclas/Documents/GitHub/Staroxurur/StarFox/DerivedDataCache/DDC.ddp not found, will not use a pak cache.
[2015.12.03-14.40.32:601][  0]LogDerivedDataCache: Unable to find inner node Pak for hierarchical cache Hierarchy.
[2015.12.03-14.40.32:601][  0]LogDerivedDataCache: FDerivedDataBackendGraph:  CompressedPak pak cache file ../../../../../../Users/Niclas/Documents/GitHub/Staroxurur/StarFox/DerivedDataCache/Compressed.ddp not found, will not use a pak cache.
[2015.12.03-14.40.32:601][  0]LogDerivedDataCache: Unable to find inner node CompressedPak for hierarchical cache Hierarchy.
[2015.12.03-14.40.32:722][  0]LogDerivedDataCache:Display: Pak cache opened for reading ../../../Engine/DerivedDataCache/Compressed.ddp.
[2015.12.03-14.40.32:734][  0]LogDerivedDataCache: Using Local data cache path C:/Users/Niclas/AppData/Local/UnrealEngine/Common/DerivedDataCache: Writable
[2015.12.03-14.40.32:916][  0]LogInit: Selected Device Profile: [Windows]
[2015.12.03-14.40.32:918][  0]LogContentStreaming: Texture pool size is 0.000000MB
[2015.12.03-14.40.33:026][  0]LogMeshUtilities: No automatic mesh reduction module available
[2015.12.03-14.40.33:026][  0]LogMeshUtilities: No automatic mesh merging module available
[2015.12.03-14.40.33:244][  0]LogInit: WinSock: version 1.1 (2.2), MaxSocks=32767, MaxUdp=65467
[2015.12.03-14.40.33:857][  0]UdpMessaging: Initializing bridge on interface 0.0.0.0:0 to multicast group 230.0.0.1:6666.
[2015.12.03-14.40.33:936][  0]LogPackageName:Error: DoesPackageExist: DoesPackageExist FAILED: '/Content/FirstPerson/Textures/FirstPersonCrosshair' is not a standard unreal filename or a long path name. Reason: Path does not start with a valid root. Path must begin with: '/Engine/', '/Game/', '/Paper2D/', '/LeapMotionController/', '/Config/', '/Script/', or '/Temp/'
[2015.12.03-14.40.33:936][  0]LogLinker:Warning: Can't find file '/Content/FirstPerson/Textures/FirstPersonCrosshair'
[2015.12.03-14.40.33:936][  0]LogPackageName:Error: DoesPackageExist: DoesPackageExist FAILED: '/Content/FirstPerson/Textures/FirstPersonCrosshair' is not a standard unreal filename or a long path name. Reason: Path does not start with a valid root. Path must begin with: '/Engine/', '/Game/', '/Paper2D/', '/LeapMotionController/', '/Config/', '/Script/', or '/Temp/'
[2015.12.03-14.40.33:936][  0]LogLinker:Warning: Can't find file '/Content/FirstPerson/Textures/FirstPersonCrosshair'
[2015.12.03-14.40.33:936][  0]LogUObjectGlobals:Warning: Failed to find object 'Texture2D /Content/FirstPerson/Textures/FirstPersonCrosshair.FirstPersonCrosshair'
[2015.12.03-14.40.33:936][  0]Error: CDO Constructor (Crosshair): Failed to find /Content/FirstPerson/Textures/FirstPersonCrosshair

[2015.12.03-14.40.33:936][  0]LogUObjectBase:Warning: -------------- Default Property warnings and errors:
[2015.12.03-14.40.33:936][  0]LogUObjectBase:Warning: Error: CDO Constructor (Crosshair): Failed to find /Content/FirstPerson/Textures/FirstPersonCrosshair

[2015.12.03-14.40.33:942][  0]LogWindowsTextInputMethodSystem:Display: IME system now deactivated.
[2015.12.03-14.40.38:389][  0]LogWindowsTextInputMethodSystem:Display: IME system now deactivated.
[2015.12.03-14.40.38:390][  0]LogWindowsTextInputMethodSystem:Display: IME system now deactivated.
[2015.12.03-14.40.38:433][  0]LogAssetRegistry: FAssetRegistry took 0.0108 seconds to start up
[2015.12.03-14.40.38:591][  0]SourceControl: Info Source control is disabled
[2015.12.03-14.40.38:592][  0]SourceControl: Info Source control is disabled
[2015.12.03-14.40.38:606][  0]SourceControl: Info Source control is disabled
[2015.12.03-14.40.38:620][  0]SourceControl: Info Source control is disabled
[2015.12.03-14.40.38:800][  0]LogLinker:Warning: Asset '../../../Engine/Plugins/Runtime/LeapMotionController/Content/LM_PassthroughMaterial.uasset' has been saved with empty engine version. The asset will be loaded but may be incompatible.
[2015.12.03-14.40.38:893][  0]LogObj: 28383 objects as part of root set at end of initial load.
[2015.12.03-14.40.38:893][  0]LogUObjectAllocator: 6049336 out of 0 bytes used by permanent object pool.
[2015.12.03-14.40.38:946][  0]LogEngine: Initializing Engine...
[2015.12.03-14.40.38:948][  0]LogHMD: Can't find Oculus library dev build: is proper Runtime installed? Version: 0.7.0.0
[2015.12.03-14.40.38:949][  0]LogHMD: SteamVR failed to initialize.  Err: 110
[2015.12.03-14.40.39:060][  0]LogAIModule: Creating AISystem for world NewWorld
[2015.12.03-14.40.39:072][  0]LogInit: XAudio2 using 'Högtalare (2- Logitech G35 Gaming Headset)' : 2 channels at 44.1 kHz using 16 bits per sample (channel mask 0x3)
[2015.12.03-14.40.39:092][  0]LogInit: FAudioDevice initialized.
[2015.12.03-14.40.39:110][  0]LogDerivedDataCache: Saved boot cache 0.02s 41MB C:/Users/Niclas/AppData/Local/UnrealEngine/4.9/DerivedDataCache/Boot.ddc.
[2015.12.03-14.40.39:113][  0]LogInit: Texture streaming: Enabled
[2015.12.03-14.40.39:119][  0]LogAnalytics: Creating configured Analytics provider AnalyticsET
[2015.12.03-14.40.39:119][  0]LogAnalytics: [UEEditor.Rocket.Release] APIServer = http://et2.epicgames.com/ET2/. AppVersion = 4.9.2-2707645+++depot+UE4-Releases+4.9
[2015.12.03-14.40.39:120][  0]LogAnalytics: [UEEditor.Rocket.Release] SetUserId 8d5f2d8b4e520712a8f1e688fed765ab|99f216c1865e471987722078da7bde5f|50f43dcd-c54f-4aa6-a5c1-e948023fc359
[2015.12.03-14.40.39:120][  0]LogAnalytics: [UEEditor.Rocket.Release] AnalyticsET::StartSession
[2015.12.03-14.40.39:186][  0]LogInit: Transaction tracking system initialized
[2015.12.03-14.40.39:229][  0]BlueprintLog: New page: Editor Load
[2015.12.03-14.40.39:314][  0]LocalizationService: Info Localization service is disabled
[2015.12.03-14.40.39:393][  0]LogConsoleResponse:Display: 
[2015.12.03-14.40.39:496][  0]LogCook:Display: Done creating registry. It took  0.00s.
[2015.12.03-14.40.39:574][  0]LogFileCache: Scanning file cache for directory 'C:/Users/Niclas/Documents/GitHub/Staroxurur/StarFox/Content/' took 0.01s
[2015.12.03-14.40.39:574][  0]SourceControl: Info Source control is disabled
[2015.12.03-14.40.39:574][  0]Cmd: MAP LOAD FILE="../../../../../../Users/Niclas/Documents/GitHub/Staroxurur/StarFox/Content/StarterContent/Maps/Minimal_Default.umap" TEMPLATE=0 SHOWPROGRESS=1 FEATURELEVEL=3
[2015.12.03-14.40.39:575][  0]LightingResults: New page: Lighting Build
[2015.12.03-14.40.39:578][  0]MapCheck: New page: Map Check
[2015.12.03-14.40.39:578][  0]LightingResults: New page: Lighting Build
[2015.12.03-14.40.39:586][  0]LogParticles: Destroying 0 GPU particle simulations for FXSystem 0x00000079448042C0
[2015.12.03-14.40.39:967][  0]LogAIModule: Creating AISystem for world Minimal_Default
[2015.12.03-14.40.39:973][  0]LogEditorServer: Finished looking for orphan Actors (0.000 secs)
[2015.12.03-14.40.39:974][  0]Cmd: MAP CHECKDEP NOCLEARLOG
[2015.12.03-14.40.40:036][  0]MapCheck: Info Map check complete: 0 Error(s), 0 Warning(s), took 62.604ms to complete.
[2015.12.03-14.40.40:036][  0]LogFileHelpers: Loading map 'Minimal_Default' took 0.462
[2015.12.03-14.40.40:132][  0]LogCollectionManager: Loaded 0 collections in 0.002428 seconds
[2015.12.03-14.40.40:173][  0]LogFileCache: Scanning file cache for directory 'C:/Users/Niclas/Documents/GitHub/Staroxurur/StarFox/Saved/Collections/' took 0.01s
[2015.12.03-14.40.40:173][  0]LogFileCache: Scanning file cache for directory 'C:/Users/Niclas/Documents/GitHub/Staroxurur/StarFox/Content/Developers/Niclas/Collections/' took 0.01s
[2015.12.03-14.40.40:173][  0]LogFileCache: Scanning file cache for directory 'C:/Users/Niclas/Documents/GitHub/Staroxurur/StarFox/Content/Collections/' took 0.01s
[2015.12.03-14.40.40:173][  0]LogContentBrowser: Native class hierarchy populated in 0.0076 seconds. Added 1870 classes and 335 folders.
[2015.12.03-14.40.40:178][  0]LogCollectionManager: Rebuilt the GUID cache for 0 collections in 0.000002 seconds
[2015.12.03-14.40.40:186][  0]LogContentBrowser: Native class hierarchy updated for 'WidgetCarousel' in 0.0018 seconds. Added 0 classes and 0 folders.
[2015.12.03-14.40.40:235][  0]LogContentBrowser: Native class hierarchy updated for 'AddContentDialog' in 0.0016 seconds. Added 0 classes and 0 folders.
[2015.12.03-14.40.40:240][  0]LogContentBrowser: Native class hierarchy updated for 'SceneOutliner' in 0.0014 seconds. Added 1 classes and 2 folders.
[2015.12.03-14.40.40:263][  0]LogCrashTracker: Crashtracker disabled due to settings.
[2015.12.03-14.40.40:267][  0]LogUObjectGlobals:Warning: Failed to find object 'Class None.'
[2015.12.03-14.40.40:289][  0]LogLoad: Full Startup: 13.63 seconds (BP compile: 0.04 seconds)
[2015.12.03-14.40.40:686][  0]LogContentStreaming: Texture pool size now 1000 MB
[2015.12.03-14.40.40:797][  0]LogRenderer: Reallocating scene render targets to support 1208x576 (Frame:2).
[2015.12.03-14.40.41:399][  2]LogAssetRegistry: Asset discovery search completed in 2.9769 seconds
[2015.12.03-14.40.41:399][  2]LogCollectionManager: Rebuilt the object cache for 0 collections in 0.000001 seconds (found 0 objects)
[2015.12.03-14.40.41:399][  2]LogCollectionManager: Fixed up redirectors for 0 collections in 0.000022 seconds (updated 0 objects)
[2015.12.03-14.40.51:856][876]LogLinker:Warning: Asset '../../../Engine/Content/ArtTools/RenderToTexture/Macros/RenderToTextureMacros.uasset' has been saved with empty engine version. The asset will be loaded but may be incompatible.
[2015.12.03-14.40.52:316][876]LogContentBrowser: Native class hierarchy updated for 'BlueprintGraph' in 0.0017 seconds. Added 107 classes and 0 folders.
[2015.12.03-14.41.04:887][116]LogParticles: Destroying 0 GPU particle simulations for FXSystem 0x0000007953E5A7A0
[2015.12.03-14.41.04:894][116]LogMetaData: Removing '/Game/MyPawnWithCameraBP.MyPawnWithCameraBP:UserConstructionScript.K2Node_FunctionEntry_11' ref from Metadata '/Game/MyPawnWithCamera.PackageMetaData'
[2015.12.03-14.41.04:894][116]LogMetaData: Removing '/Game/MyPawnWithCameraBP.MyPawnWithCameraBP_C' ref from Metadata '/Game/MyPawnWithCamera.PackageMetaData'
[2015.12.03-14.41.04:894][116]LogMetaData: Removing '/Game/MyPawnWithCameraBP.MyPawnWithCameraBP:EventGraph.K2Node_Event_487' ref from Metadata '/Game/MyPawnWithCamera.PackageMetaData'
[2015.12.03-14.41.04:894][116]LogMetaData: Removing '/Game/MyPawnWithCameraBP.MyPawnWithCameraBP:EventGraph.K2Node_Event_488' ref from Metadata '/Game/MyPawnWithCamera.PackageMetaData'
[2015.12.03-14.41.04:894][116]LogMetaData: Removing '/Game/MyPawnWithCameraBP.MyPawnWithCameraBP:EventGraph.K2Node_Event_489' ref from Metadata '/Game/MyPawnWithCamera.PackageMetaData'
[2015.12.03-14.41.04:894][116]LogMetaData: Removing '/Game/MyPawnWithCameraBP.SKEL_MyPawnWithCameraBP_C' ref from Metadata '/Game/MyPawnWithCamera.PackageMetaData'
[2015.12.03-14.41.04:926][116]Cmd: OBJ SAVEPACKAGE PACKAGE="/Game/MyPawnWithCameraBP" FILE="../../../../../../Users/Niclas/Documents/GitHub/Staroxurur/StarFox/Content/MyPawnWithCameraBP.uasset" SILENT=true
[2015.12.03-14.41.04:942][116]LogSavePackage: Save=14.419992ms
[2015.12.03-14.41.04:942][116]LogSavePackage: Moving '../../../../../../Users/Niclas/Documents/GitHub/Staroxurur/StarFox/Saved/MyPawnWithCameraBPBE038FBB4F1B8EC7953F0382795ADE40.tmp' to '../../../../../../Users/Niclas/Documents/GitHub/Staroxurur/StarFox/Content/MyPawnWithCameraBP.uasset'
[2015.12.03-14.41.04:944][116]LogSavePackage: Total save time: 17.081752ms
[2015.12.03-14.41.04:944][116]LogSavePackage:Warning: Finished SavePackage ../../../../../../Users/Niclas/Documents/GitHub/Staroxurur/StarFox/Content/MyPawnWithCameraBP.uasset
[2015.12.03-14.41.09:789][601]LogMetaData: Removing '/Game/Blueprint/MyPawnWithCameraBP.MyPawnWithCameraBP_C' ref from Metadata '/Game/MyPawnWithCameraBP.PackageMetaData'
[2015.12.03-14.41.09:789][601]LogMetaData: Removing '/Game/Blueprint/MyPawnWithCameraBP.SKEL_MyPawnWithCameraBP_C' ref from Metadata '/Game/MyPawnWithCameraBP.PackageMetaData'
[2015.12.03-14.41.09:789][601]LogMetaData: Removing '/Game/Blueprint/MyPawnWithCameraBP.MyPawnWithCameraBP:EventGraph.K2Node_Event_487' ref from Metadata '/Game/MyPawnWithCameraBP.PackageMetaData'
[2015.12.03-14.41.09:789][601]LogMetaData: Removing '/Game/Blueprint/MyPawnWithCameraBP.MyPawnWithCameraBP:EventGraph.K2Node_Event_488' ref from Metadata '/Game/MyPawnWithCameraBP.PackageMetaData'
[2015.12.03-14.41.09:789][601]LogMetaData: Removing '/Game/Blueprint/MyPawnWithCameraBP.MyPawnWithCameraBP:EventGraph.K2Node_Event_489' ref from Metadata '/Game/MyPawnWithCameraBP.PackageMetaData'
[2015.12.03-14.41.09:789][601]LogMetaData: Removing '/Game/Blueprint/MyPawnWithCameraBP.MyPawnWithCameraBP:UserConstructionScript.K2Node_FunctionEntry_11' ref from Metadata '/Game/MyPawnWithCameraBP.PackageMetaData'
[2015.12.03-14.41.09:827][601]Cmd: OBJ SAVEPACKAGE PACKAGE="/Game/Blueprint/MyPawnWithCameraBP" FILE="../../../../../../Users/Niclas/Documents/GitHub/Staroxurur/StarFox/Content/Blueprint/MyPawnWithCameraBP.uasset" SILENT=true
[2015.12.03-14.41.09:844][601]LogSavePackage: Save=15.023864ms
[2015.12.03-14.41.09:844][601]LogSavePackage: Moving '../../../../../../Users/Niclas/Documents/GitHub/Staroxurur/StarFox/Saved/MyPawnWithCameraBP4F7102D240819D8486F28E80C26A8925.tmp' to '../../../../../../Users/Niclas/Documents/GitHub/Staroxurur/StarFox/Content/Blueprint/MyPawnWithCameraBP.uasset'
[2015.12.03-14.41.09:846][601]LogSavePackage: Total save time: 17.501071ms
[2015.12.03-14.41.09:846][601]LogSavePackage:Warning: Finished SavePackage ../../../../../../Users/Niclas/Documents/GitHub/Staroxurur/StarFox/Content/Blueprint/MyPawnWithCameraBP.uasset
[2015.12.03-14.41.25:943][758]LogVSAccessor:Warning: Visual Studio is open but could not be queried - it may be blocked by a modal operation
[2015.12.03-14.41.27:049][759]LogVSAccessor:Warning: Couldn't goto line number '0' in 'C:/Users/Niclas/Documents/GitHub/Staroxurur/StarFox/Source/StarFox/Crosshair.h'
[2015.12.03-14.41.27:377][759]LogVSAccessor:Warning: Couldn't goto line number '0' in 'C:/Users/Niclas/Documents/GitHub/Staroxurur/StarFox/Source/StarFox/Crosshair.cpp'
[2015.12.03-14.41.38:330][862]Recompiling StarFox...
[2015.12.03-14.41.38:331][862]Launching UnrealBuildTool... [C:/Program Files/Epic Games/4.9/Engine/Binaries/DotNET/UnrealBuildTool.exe StarFox -ModuleWithSuffix StarFox 8504 Win64 Development -editorrecompile -canskiplink "C:/Users/Niclas/Documents/GitHub/Staroxurur/StarFox/StarFox.uproject" -rocket  -rocket]
[2015.12.03-14.41.38:333][862]Warning: Starting HotReload took  0.1s.
[2015.12.03-14.41.43:631][409]CompilerResultsLog: New page: Compilation - Dec 3, 2015, 4:41:43 PM
[2015.12.03-14.41.43:631][409]CompilerResultsLog: Info Compiling game modules for hot reload
[2015.12.03-14.41.43:631][409]CompilerResultsLog: Info Performing 2 actions (4 in parallel)
[2015.12.03-14.41.43:631][409]CompilerResultsLog: Info Crosshair.cpp
[2015.12.03-14.41.43:631][409]CompilerResultsLog: Info [2/2] Link UE4Editor-StarFox-8504.dll
[2015.12.03-14.41.43:631][409]CompilerResultsLog: Info    Creating library C:\Users\Niclas\Documents\GitHub\Staroxurur\StarFox\Intermediate/Build/Win64\UE4Editor\Development\UE4Editor-StarFox-8504.lib and object C:\Users\Niclas\Documents\GitHub\Staroxurur\StarFox\Intermediate/Build/Win64\UE4Editor\Development\UE4Editor-StarFox-8504.exp
[2015.12.03-14.41.43:631][409]CompilerResultsLog: Info -------- End Detailed Actions Stats -----------------------------------------------------------
[2015.12.03-14.41.43:631][409]CompilerResultsLog: Info Total build time: 5,23 seconds
[2015.12.03-14.41.43:631][409]LogMainFrame: MainFrame: Module compiling took 5.304 seconds
[2015.12.03-14.41.43:679][409]LogContentBrowser: Native class hierarchy updated for 'StarFox' in 0.0015 seconds. Added 3 classes and 2 folders.
[2015.12.03-14.41.43:681][409]Warning: HotReload successful (0 functions remapped  0 scriptstructs remapped)
[2015.12.03-14.41.44:093][409]LogContentBrowser: Native class hierarchy populated in 0.0078 seconds. Added 1871 classes and 337 folders.
[2015.12.03-14.41.45:577][574]LogBlueprintUserMessages: Early PlayInEditor Detection: Level '/Game/StarterContent/Maps/Minimal_Default.Minimal_Default:PersistentLevel' has LevelScriptBlueprint '/Game/StarterContent/Maps/Minimal_Default.Minimal_Default:PersistentLevel.Minimal_Default' with GeneratedClass '/Game/StarterContent/Maps/Minimal_Default.Minimal_Default_C' with ClassGeneratedBy '/Game/StarterContent/Maps/Minimal_Default.Minimal_Default:PersistentLevel.Minimal_Default'
[2015.12.03-14.41.45:577][574]LogPlayLevel: PlayLevel: No blueprints needed recompiling
[2015.12.03-14.41.45:577][574]PIE: New page: PIE session: Minimal_Default (Dec 3, 2015, 4:41:45 PM)
[2015.12.03-14.41.45:577][574]LogPlayLevel: Creating play world package: /Game/StarterContent/Maps/UEDPIE_0_Minimal_Default
[2015.12.03-14.41.45:587][574]LogPlayLevel: PIE: StaticDuplicateObject took: (0.010165s)
[2015.12.03-14.41.45:588][574]LogAIModule: Creating AISystem for world Minimal_Default
[2015.12.03-14.41.45:588][574]LogPlayLevel: PIE: World Init took: (0.000659s)
[2015.12.03-14.41.45:588][574]LogPlayLevel: PIE: Created PIE world by copying editor world from /Game/StarterContent/Maps/Minimal_Default.Minimal_Default to /Game/StarterContent/Maps/UEDPIE_0_Minimal_Default.Minimal_Default (0.011006s)
[2015.12.03-14.41.45:645][574]LogInit: XAudio2 using 'Högtalare (2- Logitech G35 Gaming Headset)' : 2 channels at 44.1 kHz using 16 bits per sample (channel mask 0x3)
[2015.12.03-14.41.45:660][574]LogInit: FAudioDevice initialized.
[2015.12.03-14.41.45:717][574]LogWorld: Game class is 'MyStarFoxGameModeBP_C'
[2015.12.03-14.41.45:722][574]LogWorld: Bringing World /Game/StarterContent/Maps/UEDPIE_0_Minimal_Default.Minimal_Default up for play (max tick rate 0) at 2015.12.03-15.41.45
[2015.12.03-14.41.45:722][574]LogActor:Warning: GameSession /Game/StarterContent/Maps/UEDPIE_0_Minimal_Default.Minimal_Default:PersistentLevel.GameSession_0 has natively added scene component(s), but none of them were set as the actor's RootComponent - picking one arbitrarily
[2015.12.03-14.41.45:723][574]LogActor:Warning: GameNetworkManager /Game/StarterContent/Maps/UEDPIE_0_Minimal_Default.Minimal_Default:PersistentLevel.GameNetworkManager_0 has natively added scene component(s), but none of them were set as the actor's RootComponent - picking one arbitrarily
[2015.12.03-14.41.45:723][574]LogWorld: Bringing up level for play took: 0.004522
[2015.12.03-14.41.45:724][574]PIE: Info Play in editor start time for /Game/StarterContent/Maps/UEDPIE_0_Minimal_Default -0.072
[2015.12.03-14.41.45:724][574]LogBlueprintUserMessages: Late PlayInEditor Detection: Level '/Game/StarterContent/Maps/Minimal_Default.Minimal_Default:PersistentLevel' has LevelScriptBlueprint '/Game/StarterContent/Maps/Minimal_Default.Minimal_Default:PersistentLevel.Minimal_Default' with GeneratedClass '/Game/StarterContent/Maps/Minimal_Default.Minimal_Default_C' with ClassGeneratedBy '/Game/StarterContent/Maps/Minimal_Default.Minimal_Default:PersistentLevel.Minimal_Default'
[2015.12.03-14.41.54:156][542]LogBlueprintUserMessages: Early EndPlayMap Detection: Level '/Game/StarterContent/Maps/Minimal_Default.Minimal_Default:PersistentLevel' has LevelScriptBlueprint '/Game/StarterContent/Maps/Minimal_Default.Minimal_Default:PersistentLevel.Minimal_Default' with GeneratedClass '/Game/StarterContent/Maps/Minimal_Default.Minimal_Default_C' with ClassGeneratedBy '/Game/StarterContent/Maps/Minimal_Default.Minimal_Default:PersistentLevel.Minimal_Default'
[2015.12.03-14.41.54:189][542]LogBlueprintUserMessages: Late EndPlayMap Detection: Level '/Game/StarterContent/Maps/Minimal_Default.Minimal_Default:PersistentLevel' has LevelScriptBlueprint '/Game/StarterContent/Maps/Minimal_Default.Minimal_Default:PersistentLevel.Minimal_Default' with GeneratedClass '/Game/StarterContent/Maps/Minimal_Default.Minimal_Default_C' with ClassGeneratedBy '/Game/StarterContent/Maps/Minimal_Default.Minimal_Default:PersistentLevel.Minimal_Default'
[2015.12.03-14.41.54:223][542]LogParticles: Destroying 0 GPU particle simulations for FXSystem 0x000000795493CEA0
[2015.12.03-14.42.08:181][595]BlueprintLog: New page: Compile SFHUD
[2015.12.03-14.42.08:252][595]BlueprintEditorCompileResults: Info [0101.60] Compile of SFHUD successful! [in 71 ms]
[2015.12.03-14.42.09:047][642]Cmd: OBJ SAVEPACKAGE PACKAGE="/Game/UI/SFHUD" FILE="../../../../../../Users/Niclas/Documents/GitHub/Staroxurur/StarFox/Content/UI/SFHUD.uasset" SILENT=true
[2015.12.03-14.42.09:057][642]LogSavePackage: Save=6.795849ms
[2015.12.03-14.42.09:057][642]LogSavePackage: Moving '../../../../../../Users/Niclas/Documents/GitHub/Staroxurur/StarFox/Saved/SFHUD9ADE17E54C260F34A9EA71AD532644CB.tmp' to '../../../../../../Users/Niclas/Documents/GitHub/Staroxurur/StarFox/Content/UI/SFHUD.uasset'
[2015.12.03-14.42.09:059][642]LogSavePackage: Total save time: 11.560384ms
[2015.12.03-14.42.09:059][642]LogSavePackage:Warning: Finished SavePackage ../../../../../../Users/Niclas/Documents/GitHub/Staroxurur/StarFox/Content/UI/SFHUD.uasset
[2015.12.03-14.44.02:547][450]LogParticles: Destroying 0 GPU particle simulations for FXSystem 0x0000007977EE2CA0
[2015.12.03-14.44.02:547][450]LogWindowsTextInputMethodSystem:Display: IME system now deactivated.
[2015.12.03-14.44.02:790][451]Cmd: QUIT_EDITOR
[2015.12.03-14.44.03:042][451]LogExit: Preparing to exit.
[2015.12.03-14.44.04:066][451]LogExit: Editor shut down
[2015.12.03-14.44.04:066][451]LogExit: Transaction tracking system shut down
[2015.12.03-14.44.04:068][451]LogParticles: Destroying 0 GPU particle simulations for FXSystem 0x00000079307574C0
[2015.12.03-14.44.04:068][451]LogParticles: Destroying 0 GPU particle simulations for FXSystem 0x000000794D77F880
[2015.12.03-14.44.04:070][451]LogParticles: Destroying 0 GPU particle simulations for FXSystem 0x0000007978BE72E0
[2015.12.03-14.44.04:072][451]LogParticles: Destroying 0 GPU particle simulations for FXSystem 0x0000007977EE3100
[2015.12.03-14.44.04:214][451]LogExit: Object subsystem successfully closed.
[2015.12.03-14.44.04:226][451]LogD3D11RHI: Shutdown
[2015.12.03-14.44.04:226][451]LogD3D11RHI: CleanupD3DDevice
[2015.12.03-14.44.04:228][451]LogD3D11RHI: ~FD3D11DynamicRHI
[2015.12.03-14.44.04:256][451]LogModuleManager: Shutting down and abandoning module SequencerWidgets (200)
[2015.12.03-14.44.04:256][451]LogModuleManager: Shutting down and abandoning module BlueprintGraph (199)
[2015.12.03-14.44.04:256][451]LogModuleManager: Shutting down and abandoning module CrashTracker (198)
[2015.12.03-14.44.04:256][451]LogModuleManager: Shutting down and abandoning module SceneOutliner (197)
[2015.12.03-14.44.04:256][451]LogModuleManager: Shutting down and abandoning module SuperSearch (196)
[2015.12.03-14.44.04:256][451]LogModuleManager: Shutting down and abandoning module WidgetCarousel (195)
[2015.12.03-14.44.04:256][451]LogModuleManager: Shutting down and abandoning module AddContentDialog (194)
[2015.12.03-14.44.04:259][451]LogModuleManager: Shutting down and abandoning module EditorWidgets (193)
[2015.12.03-14.44.04:259][451]LogModuleManager: Shutting down and abandoning module CollectionManager (192)
[2015.12.03-14.44.04:259][451]LogModuleManager: Shutting down and abandoning module StatsViewer (191)
[2015.12.03-14.44.04:259][451]LogModuleManager: Shutting down and abandoning module FoliageEdit (190)
[2015.12.03-14.44.04:259][451]LogModuleManager: Shutting down and abandoning module LandscapeEditor (189)
[2015.12.03-14.44.04:260][451]LogModuleManager: Shutting down and abandoning module ActorPickerMode (188)
[2015.12.03-14.44.04:260][451]LogModuleManager: Shutting down and abandoning module GeometryMode (187)
[2015.12.03-14.44.04:260][451]LogModuleManager: Shutting down and abandoning module TextureAlignMode (186)
[2015.12.03-14.44.04:260][451]LogModuleManager: Shutting down and abandoning module BspMode (185)
[2015.12.03-14.44.04:260][451]LogModuleManager: Shutting down and abandoning module PlacementMode (184)
[2015.12.03-14.44.04:260][451]LogModuleManager: Shutting down and abandoning module AutomationWorker (183)
[2015.12.03-14.44.04:260][451]LogModuleManager: Shutting down and abandoning module CharacterAI (182)
[2015.12.03-14.44.04:260][451]LogModuleManager: Shutting down and abandoning module SmartSnapping (181)
[2015.12.03-14.44.04:260][451]LogModuleManager: Shutting down and abandoning module ViewportSnapping (180)
[2015.12.03-14.44.04:260][451]LogModuleManager: Shutting down and abandoning module LogVisualizer (179)
[2015.12.03-14.44.04:260][451]LogModuleManager: Shutting down and abandoning module GameProjectGeneration (178)
[2015.12.03-14.44.04:260][451]LogModuleManager: Shutting down and abandoning module IntroTutorials (177)
[2015.12.03-14.44.04:260][451]LogModuleManager: Shutting down and abandoning module EditorLiveStreaming (176)
[2015.12.03-14.44.04:260][451]LogModuleManager: Shutting down and abandoning module IOSPlatformEditor (175)
[2015.12.03-14.44.04:260][451]LogModuleManager: Shutting down and abandoning module HTML5PlatformEditor (174)
[2015.12.03-14.44.04:260][451]LogModuleManager: Shutting down and abandoning module AndroidDeviceDetection (173)
[2015.12.03-14.44.04:437][451]LogModuleManager: Shutting down and abandoning module AndroidPlatformEditor (172)
[2015.12.03-14.44.04:437][451]LogModuleManager: Shutting down and abandoning module IOSRuntimeSettings (171)
[2015.12.03-14.44.04:437][451]LogModuleManager: Shutting down and abandoning module AndroidRuntimeSettings (170)
[2015.12.03-14.44.04:437][451]LogModuleManager: Shutting down and abandoning module MergeActors (169)
[2015.12.03-14.44.04:437][451]LogModuleManager: Shutting down and abandoning module SizeMap (168)
[2015.12.03-14.44.04:437][451]LogModuleManager: Shutting down and abandoning module TreeMap (167)
[2015.12.03-14.44.04:437][451]LogModuleManager: Shutting down and abandoning module ReferenceViewer (166)
[2015.12.03-14.44.04:437][451]LogModuleManager: Shutting down and abandoning module LocalizationService (165)
[2015.12.03-14.44.04:437][451]LogModuleManager: Shutting down and abandoning module LocalizationDashboard (164)
[2015.12.03-14.44.04:437][451]LogModuleManager: Shutting down and abandoning module HardwareTargeting (163)
[2015.12.03-14.44.04:437][451]LogModuleManager: Shutting down and abandoning module DeviceProfileEditor (162)
[2015.12.03-14.44.04:437][451]LogModuleManager: Shutting down and abandoning module UndoHistory (161)
[2015.12.03-14.44.04:437][451]LogModuleManager: Shutting down and abandoning module GameplayTagsEditor (160)
[2015.12.03-14.44.04:437][451]LogModuleManager: Shutting down and abandoning module UserFeedback (159)
[2015.12.03-14.44.04:437][451]LogModuleManager: Shutting down and abandoning module XmlParser (158)
[2015.12.03-14.44.04:437][451]LogModuleManager: Shutting down and abandoning module Blutility (157)
[2015.12.03-14.44.04:437][451]LogModuleManager: Shutting down and abandoning module ProjectTargetPlatformEditor (156)
[2015.12.03-14.44.04:437][451]LogModuleManager: Shutting down and abandoning module ProjectSettingsViewer (155)
[2015.12.03-14.44.04:437][451]LogModuleManager: Shutting down and abandoning module InputBindingEditor (154)
[2015.12.03-14.44.04:437][451]LogModuleManager: Shutting down and abandoning module EditorSettingsViewer (153)
[2015.12.03-14.44.04:437][451]LogModuleManager: Shutting down and abandoning module SettingsEditor (152)
[2015.12.03-14.44.04:437][451]LogModuleManager: Shutting down and abandoning module ProjectLauncher (151)
[2015.12.03-14.44.04:437][451]LogModuleManager: Shutting down and abandoning module SessionFrontend (150)
[2015.12.03-14.44.04:437][451]LogModuleManager: Shutting down and abandoning module ProfilerClient (149)
[2015.12.03-14.44.04:437][451]LogModuleManager: Shutting down and abandoning module TargetDeviceServices (148)
[2015.12.03-14.44.04:437][451]LogModuleManager: Shutting down and abandoning module DeviceManager (147)
[2015.12.03-14.44.04:437][451]LogModuleManager: Shutting down and abandoning module AutomationController (146)
[2015.12.03-14.44.04:437][451]LogModuleManager: Shutting down and abandoning module AutomationWindow (145)
[2015.12.03-14.44.04:437][451]LogModuleManager: Shutting down and abandoning module Layers (144)
[2015.12.03-14.44.04:437][451]LogModuleManager: Shutting down and abandoning module ComponentVisualizers (143)
[2015.12.03-14.44.04:437][451]LogModuleManager: Shutting down and abandoning module DetailCustomizations (142)
[2015.12.03-14.44.04:437][451]LogModuleManager: Shutting down and abandoning module PackagesDialog (141)
[2015.12.03-14.44.04:438][451]LogModuleManager: Shutting down and abandoning module Persona (140)
[2015.12.03-14.44.04:438][451]LogModuleManager: Shutting down and abandoning module Kismet (139)
[2015.12.03-14.44.04:438][451]LogModuleManager: Shutting down and abandoning module GraphEditor (138)
[2015.12.03-14.44.04:438][451]LogModuleManager: Shutting down and abandoning module ClassViewer (137)
[2015.12.03-14.44.04:438][451]LogModuleManager: Shutting down and abandoning module Toolbox (136)
[2015.12.03-14.44.04:438][451]LogModuleManager: Shutting down and abandoning module ModuleUI (135)
[2015.12.03-14.44.04:438][451]LogModuleManager: Shutting down and abandoning module MovieSceneTools (134)
[2015.12.03-14.44.04:438][451]LogModuleManager: Shutting down and abandoning module OutputLog (133)
[2015.12.03-14.44.04:438][451]LogModuleManager: Shutting down and abandoning module GammaUI (132)
[2015.12.03-14.44.04:438][451]LogModuleManager: Shutting down and abandoning module Documentation (131)
[2015.12.03-14.44.04:438][451]LogModuleManager: Shutting down and abandoning module GameLiveStreaming (130)
[2015.12.03-14.44.04:438][451]LogModuleManager: Shutting down and abandoning module StreamingPauseRendering (129)
[2015.12.03-14.44.04:438][451]LogModuleManager: Shutting down and abandoning module AnalyticsET (128)
[2015.12.03-14.44.04:438][451]LogModuleManager: Shutting down and abandoning module Analytics (127)
[2015.12.03-14.44.04:438][451]LogModuleManager: Shutting down and abandoning module AITestSuite (126)
[2015.12.03-14.44.04:438][451]LogModuleManager: Shutting down and abandoning module GameplayDebugger (125)
[2015.12.03-14.44.04:438][451]LogModuleManager: Shutting down and abandoning module AIModule (124)
[2015.12.03-14.44.04:438][451]LogModuleManager: Shutting down and abandoning module ProfilerService (123)
[2015.12.03-14.44.04:550][451]LogModuleManager: Shutting down and abandoning module TaskGraph (122)
[2015.12.03-14.44.04:550][451]LogModuleManager: Shutting down and abandoning module SlateRemote (121)
[2015.12.03-14.44.04:550][451]LogModuleManager: Shutting down and abandoning module SteamVRController (120)
[2015.12.03-14.44.04:550][451]LogModuleManager: Shutting down and abandoning module SteamVR (119)
[2015.12.03-14.44.04:550][451]LogModuleManager: Shutting down and abandoning module ProceduralMeshComponent (118)
[2015.12.03-14.44.04:550][451]LogModuleManager: Shutting down and abandoning module OculusRift (117)
[2015.12.03-14.44.04:550][451]LogModuleManager: Shutting down and abandoning module OculusLibrary (116)
[2015.12.03-14.44.04:550][451]LogModuleManager: Shutting down and abandoning module LeapMotionController (115)
[2015.12.03-14.44.04:576][451]LogModuleManager: Shutting down and abandoning module CustomMeshComponent (114)
[2015.12.03-14.44.04:576][451]LogModuleManager: Shutting down and abandoning module CableComponent (113)
[2015.12.03-14.44.04:576][451]LogModuleManager: Shutting down and abandoning module ArchVisCharacter (112)
[2015.12.03-14.44.04:576][451]LogModuleManager: Shutting down and abandoning module MessagingDebugger (111)
[2015.12.03-14.44.04:576][451]LogModuleManager: Shutting down and abandoning module MediaPlayerEditor (110)
[2015.12.03-14.44.04:576][451]LogModuleManager: Shutting down and abandoning module HTML5Networking (109)
[2015.12.03-14.44.04:576][451]LogModuleManager: Shutting down and abandoning module SpeedTreeImporter (108)
[2015.12.03-14.44.04:576][451]LogModuleManager: Shutting down and abandoning module PluginBrowser (107)
[2015.12.03-14.44.04:576][451]LogModuleManager: Shutting down and abandoning module EpicSurvey (106)
[2015.12.03-14.44.04:577][451]LogModuleManager: Shutting down and abandoning module DesktopPlatform (105)
[2015.12.03-14.44.04:577][451]LogModuleManager: Shutting down and abandoning module VisualStudioSourceCodeAccess (104)
[2015.12.03-14.44.04:577][451]LogModuleManager: Shutting down and abandoning module UObjectPlugin (103)
[2015.12.03-14.44.04:577][451]LogModuleManager: Shutting down and abandoning module SubversionSourceControl (102)
[2015.12.03-14.44.04:577][451]LogModuleManager: Shutting down and abandoning module PerforceSourceControl (101)
[2015.12.03-14.44.04:577][451]LogModuleManager: Shutting down and abandoning module SourceControl (100)
[2015.12.03-14.44.04:577][451]LogModuleManager: Shutting down and abandoning module GitSourceControl (99)
[2015.12.03-14.44.04:577][451]LogModuleManager: Shutting down and abandoning module LightPropagationVolumeEditor (98)
[2015.12.03-14.44.04:577][451]LogModuleManager: Shutting down and abandoning module PaperTiledImporter (97)
[2015.12.03-14.44.04:577][451]LogModuleManager: Shutting down and abandoning module PaperSpriteSheetImporter (96)
[2015.12.03-14.44.04:577][451]LogModuleManager: Shutting down and abandoning module MeshPaint (95)
[2015.12.03-14.44.04:577][451]LogModuleManager: Shutting down and abandoning module SlateReflector (94)
[2015.12.03-14.44.04:577][451]LogModuleManager: Shutting down and abandoning module HotReload (93)
[2015.12.03-14.44.04:577][451]LogModuleManager: Shutting down and abandoning module MainFrame (92)
[2015.12.03-14.44.04:577][451]LogModuleManager: Shutting down and abandoning module LevelEditor (91)
[2015.12.03-14.44.04:578][451]LogModuleManager: Shutting down and abandoning module DirectoryWatcher (90)
[2015.12.03-14.44.04:578][451]LogModuleManager: Shutting down and abandoning module AssetRegistry (89)
[2015.12.03-14.44.04:609][451]LogModuleManager: Shutting down and abandoning module ContentBrowser (88)
[2015.12.03-14.44.04:609][451]LogModuleManager: Shutting down and abandoning module Paper2DEditor (87)
[2015.12.03-14.44.04:609][451]LogModuleManager: Shutting down and abandoning module StarFox (86)
[2015.12.03-14.44.04:609][451]LogModuleManager: Shutting down and abandoning module UdpMessaging (85)
[2015.12.03-14.44.04:710][451]LogModuleManager: Shutting down and abandoning module LightPropagationVolumeRuntime (84)
[2015.12.03-14.44.04:710][451]LogModuleManager: Shutting down and abandoning module Paper2D (83)
[2015.12.03-14.44.04:710][451]LogModuleManager: Shutting down and abandoning module WindowsMoviePlayer (82)
[2015.12.03-14.44.04:712][451]LogModuleManager: Shutting down and abandoning module Media (81)
[2015.12.03-14.44.04:712][451]LogModuleManager: Shutting down and abandoning module WmfMedia (80)
[2015.12.03-14.44.04:713][451]LogModuleManager: Shutting down and abandoning module OnlineBlueprintSupport (79)
[2015.12.03-14.44.04:713][451]LogModuleManager: Shutting down and abandoning module GameplayTasksEditor (78)
[2015.12.03-14.44.04:713][451]LogModuleManager: Shutting down and abandoning module PropertyEditor (77)
[2015.12.03-14.44.04:713][451]LogModuleManager: Shutting down and abandoning module BehaviorTreeEditor (76)
[2015.12.03-14.44.04:713][451]LogModuleManager: Shutting down and abandoning module FunctionalTesting (75)
[2015.12.03-14.44.04:713][451]LogModuleManager: Shutting down and abandoning module CollisionAnalyzer (74)
[2015.12.03-14.44.04:713][451]LogModuleManager: Shutting down and abandoning module WorkspaceMenuStructure (73)
[2015.12.03-14.44.04:713][451]LogModuleManager: Shutting down and abandoning module MessageLog (72)
[2015.12.03-14.44.04:713][451]LogModuleManager: Shutting down and abandoning module Sequencer (71)
[2015.12.03-14.44.04:713][451]LogModuleManager: Shutting down and abandoning module AssetTools (70)
[2015.12.03-14.44.04:713][451]LogModuleManager: Shutting down and abandoning module UMGEditor (69)
[2015.12.03-14.44.04:713][451]LogModuleManager: Shutting down and abandoning module UMG (68)
[2015.12.03-14.44.04:713][451]LogModuleManager: Shutting down and abandoning module Slate (67)
[2015.12.03-14.44.04:713][451]LogModuleManager: Shutting down and abandoning module EditorStyle (66)
[2015.12.03-14.44.04:715][451]LogModuleManager: Shutting down and abandoning module SessionServices (65)
[2015.12.03-14.44.04:715][451]LogModuleManager: Shutting down and abandoning module SourceCodeAccess (64)
[2015.12.03-14.44.04:715][451]LogModuleManager: Shutting down and abandoning module HeadMountedDisplay (63)
[2015.12.03-14.44.04:715][451]LogModuleManager: Shutting down and abandoning module XAudio2 (62)
[2015.12.03-14.44.04:715][451]LogModuleManager: Shutting down and abandoning module Networking (60)
[2015.12.03-14.44.04:715][451]LogModuleManager: Shutting down and abandoning module Core (59)
[2015.12.03-14.44.04:715][451]LogModuleManager: Shutting down and abandoning module KismetCompiler (58)
[2015.12.03-14.44.04:715][451]LogModuleManager: Shutting down and abandoning module PhysXFormats (57)
[2015.12.03-14.44.04:715][451]LogModuleManager: Shutting down and abandoning module MeshUtilities (56)
[2015.12.03-14.44.04:715][451]LogModuleManager: Shutting down and abandoning module CookingStats (55)
[2015.12.03-14.44.04:716][451]LogModuleManager: Shutting down and abandoning module DerivedDataCache (54)
[2015.12.03-14.44.04:751][451]LogDerivedDataCache: Shutdown
[2015.12.03-14.44.04:751][451]LogModuleManager: Shutting down and abandoning module ShaderFormatOpenGL (53)
[2015.12.03-14.44.04:751][451]LogModuleManager: Shutting down and abandoning module ShaderFormatD3D (52)
[2015.12.03-14.44.04:751][451]LogModuleManager: Shutting down and abandoning module MetalShaderFormat (51)
[2015.12.03-14.44.04:751][451]LogModuleManager: Shutting down and abandoning module TextureFormatUncompressed (50)
[2015.12.03-14.44.04:751][451]LogModuleManager: Shutting down and abandoning module TextureFormatPVR (49)
[2015.12.03-14.44.04:751][451]LogModuleManager: Shutting down and abandoning module TextureFormatIntelISPCTexComp (48)
[2015.12.03-14.44.04:751][451]LogModuleManager: Shutting down and abandoning module TextureFormatDXT (47)
[2015.12.03-14.44.04:751][451]LogModuleManager: Shutting down and abandoning module ImageWrapper (46)
[2015.12.03-14.44.04:751][451]LogModuleManager: Shutting down and abandoning module TextureFormatASTC (45)
[2015.12.03-14.44.04:751][451]LogModuleManager: Shutting down and abandoning module TextureFormatAndroid (44)
[2015.12.03-14.44.04:751][451]LogModuleManager: Shutting down and abandoning module AudioFormatOpus (43)
[2015.12.03-14.44.04:751][451]LogModuleManager: Shutting down and abandoning module AudioFormatOgg (42)
[2015.12.03-14.44.04:751][451]LogModuleManager: Shutting down and abandoning module AudioFormatADPCM (41)
[2015.12.03-14.44.04:751][451]LogModuleManager: Shutting down and abandoning module LinuxTargetPlatform (40)
[2015.12.03-14.44.04:751][451]LogModuleManager: Shutting down and abandoning module LinuxServerTargetPlatform (39)
[2015.12.03-14.44.04:751][451]LogModuleManager: Shutting down and abandoning module LinuxNoEditorTargetPlatform (38)
[2015.12.03-14.44.04:751][451]LogModuleManager: Shutting down and abandoning module Messaging (37)
[2015.12.03-14.44.04:751][451]LogModuleManager: Shutting down and abandoning module IOSTargetPlatform (36)
[2015.12.03-14.44.04:751][451]LogModuleManager: Shutting down and abandoning module HTML5TargetPlatform (35)
[2015.12.03-14.44.04:751][451]LogModuleManager: Shutting down and abandoning module Android_PVRTCTargetPlatform (34)
[2015.12.03-14.44.04:751][451]LogModuleManager: Shutting down and abandoning module Android_ETC2TargetPlatform (33)
[2015.12.03-14.44.04:751][451]LogModuleManager: Shutting down and abandoning module Android_ETC1TargetPlatform (32)
[2015.12.03-14.44.04:751][451]LogModuleManager: Shutting down and abandoning module Android_DXTTargetPlatform (31)
[2015.12.03-14.44.04:751][451]LogModuleManager: Shutting down and abandoning module Android_ATCTargetPlatform (30)
[2015.12.03-14.44.04:751][451]LogModuleManager: Shutting down and abandoning module Android_ASTCTargetPlatform (29)
[2015.12.03-14.44.04:751][451]LogModuleManager: Shutting down and abandoning module AndroidTargetPlatform (28)
[2015.12.03-14.44.04:751][451]LogModuleManager: Shutting down and abandoning module WindowsTargetPlatform (27)
[2015.12.03-14.44.04:751][451]LogModuleManager: Shutting down and abandoning module WindowsServerTargetPlatform (26)
[2015.12.03-14.44.04:751][451]LogModuleManager: Shutting down and abandoning module WindowsNoEditorTargetPlatform (25)
[2015.12.03-14.44.04:751][451]LogModuleManager: Shutting down and abandoning module WindowsClientTargetPlatform (24)
[2015.12.03-14.44.04:751][451]LogModuleManager: Shutting down and abandoning module AllDesktopTargetPlatform (23)
[2015.12.03-14.44.04:751][451]LogModuleManager: Shutting down and abandoning module TargetPlatform (22)
[2015.12.03-14.44.04:751][451]LogModuleManager: Shutting down and abandoning module InputCore (21)
[2015.12.03-14.44.04:751][451]LogModuleManager: Shutting down and abandoning module Settings (20)
[2015.12.03-14.44.04:751][451]LogModuleManager: Shutting down and abandoning module OnlineSubsystem (18)
[2015.12.03-14.44.04:751][451]LogModuleManager: Shutting down and abandoning module HTTP (17)
[2015.12.03-14.44.06:754][451]LogModuleManager: Shutting down and abandoning module XMPP (16)
[2015.12.03-14.44.06:754][451]LogModuleManager: Shutting down and abandoning module ExampleDeviceProfileSelector (15)
[2015.12.03-14.44.06:754][451]LogModuleManager: Shutting down and abandoning module TextureCompressor (14)
[2015.12.03-14.44.06:754][451]LogModuleManager: Shutting down and abandoning module ShaderCore (13)
[2015.12.03-14.44.06:754][451]LogModuleManager: Shutting down and abandoning module Landscape (12)
[2015.12.03-14.44.06:754][451]LogModuleManager: Shutting down and abandoning module SlateRHIRenderer (11)
[2015.12.03-14.44.06:755][451]LogModuleManager: Shutting down and abandoning module OpenGLDrv (10)
[2015.12.03-14.44.06:755][451]LogModuleManager: Shutting down and abandoning module D3D11RHI (9)
[2015.12.03-14.44.06:755][451]LogModuleManager: Shutting down and abandoning module AnimGraphRuntime (8)
[2015.12.03-14.44.06:755][451]LogModuleManager: Shutting down and abandoning module Renderer (7)
[2015.12.03-14.44.06:755][451]LogModuleManager: Shutting down and abandoning module Engine (6)
[2015.12.03-14.44.06:755][451]LogModuleManager: Shutting down and abandoning module CoreUObject (5)
[2015.12.03-14.44.06:755][451]LogModuleManager: Shutting down and abandoning module NetworkFile (4)
[2015.12.03-14.44.06:755][451]LogModuleManager: Shutting down and abandoning module StreamingFile (3)
[2015.12.03-14.44.06:755][451]LogModuleManager: Shutting down and abandoning module SandboxFile (2)
[2015.12.03-14.44.06:755][451]LogModuleManager: Shutting down and abandoning module PakFile (1)
[2015.12.03-14.44.06:756][451]LogExit: Exiting.
[2015.12.03-14.44.06:757][451]Log file closed, 12/03/15 15:44:06
