[2015.11.30-15.48.29:922][  0]Log file open, 11/30/15 16:48:29
[2015.11.30-15.48.29:922][  0]LogInit:Display: Running engine for game: StarFox
[2015.11.30-15.48.29:922][  0]LogInit:Display: RandInit(1283930678) SRandInit(1283930679).
[2015.11.30-15.48.29:922][  0]LogTaskGraph: Started task graph with 4 named threads and 7 total threads.
[2015.11.30-15.48.29:922][  0]LogStats: Stats thread started at 0.074080
[2015.11.30-15.48.29:922][  0]LogInit: Version: 4.9.2-2707645+++depot+UE4-Releases+4.9
[2015.11.30-15.48.29:922][  0]LogInit: API Version: 2672455
[2015.11.30-15.48.29:922][  0]LogInit: Compiled (64-bit): Sep 28 2015 10:25:44
[2015.11.30-15.48.29:922][  0]LogInit: Compiled with Visual C++: 18.00.21005.01
[2015.11.30-15.48.29:923][  0]LogInit: Build Configuration: Development
[2015.11.30-15.48.29:923][  0]LogInit: Branch Name: ++depot+UE4-Releases+4.9
[2015.11.30-15.48.29:923][  0]LogInit: Command line:  
[2015.11.30-15.48.29:923][  0]LogInit: Base directory: C:/Program Files/Epic Games/4.9/Engine/Binaries/Win64/
[2015.11.30-15.48.29:923][  0]LogInit: Rocket: 1
[2015.11.30-15.48.29:932][  0]LogInit: Using libcurl 7.41.0
[2015.11.30-15.48.29:932][  0]LogInit:  - built for x86_64-pc-win32
[2015.11.30-15.48.29:932][  0]LogInit:  - supports SSL with WinSSL
[2015.11.30-15.48.29:932][  0]LogInit:  - other features:
[2015.11.30-15.48.29:932][  0]LogInit:      CURL_VERSION_SSL
[2015.11.30-15.48.29:933][  0]LogInit:      CURL_VERSION_IPV6
[2015.11.30-15.48.29:933][  0]LogInit:      CURL_VERSION_ASYNCHDNS
[2015.11.30-15.48.29:933][  0]LogInit:      CURL_VERSION_LARGEFILE
[2015.11.30-15.48.29:933][  0]LogInit:      CURL_VERSION_IDN
[2015.11.30-15.48.29:933][  0]LogInit:  CurlRequestOptions (configurable via config and command line):
[2015.11.30-15.48.29:933][  0]LogInit:  - bVerifyPeer = true  - Libcurl will verify peer certificate
[2015.11.30-15.48.29:933][  0]LogInit:  - bUseHttpProxy = false  - Libcurl will NOT use HTTP proxy
[2015.11.30-15.48.29:933][  0]LogInit:  - bDontReuseConnections = false  - Libcurl will reuse connections
[2015.11.30-15.48.29:933][  0]LogInit:  - CertBundlePath = nullptr  - Libcurl will use whatever was configured at build time.
[2015.11.30-15.48.29:940][  0]LogInit: Presizing for 0 objects not considered by GC, pre-allocating 0 bytes.
[2015.11.30-15.48.29:947][  0]LogInit: Object subsystem initialized
[2015.11.30-15.48.29:948][  0]LogInit: Selected Device Profile: [Windows]
[2015.11.30-15.48.29:948][  0]LogInit: Applying CVar settings loaded from the selected device profile: [Windows]
[2015.11.30-15.48.29:955][  0]LogInit: Computer: FIDUS
[2015.11.30-15.48.29:955][  0]LogInit: User: Niclas
[2015.11.30-15.48.29:955][  0]LogInit: CPU Page size=4096, Cores=4
[2015.11.30-15.48.29:955][  0]LogInit: High frequency timer resolution =3.386479 MHz
[2015.11.30-15.48.29:955][  0]LogMemory: Memory total: Physical=15.9GB (16GB approx)
[2015.11.30-15.48.29:955][  0]LogMemory: Platform Memory Stats for Windows
[2015.11.30-15.48.29:955][  0]LogMemory: Process Physical Memory: 54.21 MB used, 54.21 MB peak
[2015.11.30-15.48.29:955][  0]LogMemory: Process Virtual Memory: 57.30 MB used, 57.30 MB peak
[2015.11.30-15.48.29:955][  0]LogMemory: Physical Memory: 6280.41 MB used, 16332.28 MB total
[2015.11.30-15.48.29:955][  0]LogMemory: Virtual Memory: 366.22 MB used, 134217728.00 MB total
[2015.11.30-15.48.29:983][  0]LogTextLocalizationManager: No translations for ('sv-SE') exist, falling back to 'en' for localization and internationalization data.
[2015.11.30-15.48.33:820][  0]LogD3D11RHI: Found D3D11 adapter 0: AMD Radeon HD 7800 Series (Feature Level 11_0)
[2015.11.30-15.48.33:820][  0]LogD3D11RHI: Adapter has 2026MB of dedicated video memory, 0MB of dedicated system memory, and 8166MB of shared system memory, 1 output[s]
[2015.11.30-15.48.33:822][  0]LogD3D11RHI: Found D3D11 adapter 1: Microsoft Basic Render Driver (Feature Level 11_0)
[2015.11.30-15.48.33:822][  0]LogD3D11RHI: Adapter has 0MB of dedicated video memory, 0MB of dedicated system memory, and 8166MB of shared system memory, 0 output[s]
[2015.11.30-15.48.33:822][  0]LogD3D11RHI: Chosen D3D11 Adapter Id = 0
[2015.11.30-15.48.33:835][  0]LogD3D11RHI: !Direct3DDevice
[2015.11.30-15.48.33:835][  0]LogRHI: Texture pool is 1361 MB (70% of 1945 MB)
[2015.11.30-15.48.33:841][  0]LogD3D11RHI: Async texture creation disabled: no driver support
[2015.11.30-15.48.33:853][  0]LogShaderCompilers: Guid format shader working directory is 13 characters bigger than the processId version (../../../../../../Users/Niclas/Documents/GitHub/Staroxurur/StarFox/Intermediate/Shaders/WorkingDirectory/123404/).
[2015.11.30-15.48.33:853][  0]LogShaderCompilers: Cleaned the shader compiler working directory '../../../../../../Users/Niclas/Documents/GitHub/Staroxurur/StarFox/Intermediate/Shaders/tmp/026104484529425EF02DEDBFAC39CF35/'.
[2015.11.30-15.48.33:853][  0]LogShaderCompilers:Display: Using Local Shader Compiler.
[2015.11.30-15.48.34:794][  0]LogTemp:Display: Loaded TP AllDesktopTargetPlatform
[2015.11.30-15.48.34:799][  0]LogTemp:Display: Loaded TP WindowsClientTargetPlatform
[2015.11.30-15.48.34:804][  0]LogTemp:Display: Loaded TP WindowsNoEditorTargetPlatform
[2015.11.30-15.48.34:809][  0]LogTemp:Display: Loaded TP WindowsServerTargetPlatform
[2015.11.30-15.48.34:814][  0]LogTemp:Display: Loaded TP WindowsTargetPlatform
[2015.11.30-15.48.34:818][  0]LogTemp:Display: Loaded TP AndroidTargetPlatform
[2015.11.30-15.48.34:821][  0]LogTemp:Display: Loaded TP Android_ASTCTargetPlatform
[2015.11.30-15.48.34:824][  0]LogTemp:Display: Loaded TP Android_ATCTargetPlatform
[2015.11.30-15.48.34:827][  0]LogTemp:Display: Loaded TP Android_DXTTargetPlatform
[2015.11.30-15.48.34:831][  0]LogTemp:Display: Loaded TP Android_ETC1TargetPlatform
[2015.11.30-15.48.34:834][  0]LogTemp:Display: Loaded TP Android_ETC2TargetPlatform
[2015.11.30-15.48.34:838][  0]LogTemp:Display: Loaded TP Android_PVRTCTargetPlatform
[2015.11.30-15.48.34:838][  0]LogTemp:Display: Loaded TP HTML5TargetPlatform
[2015.11.30-15.48.34:856][  0]LogTemp:Display: Loaded TP IOSTargetPlatform
[2015.11.30-15.48.34:859][  0]LogTemp:Display: Loaded TP LinuxNoEditorTargetPlatform
[2015.11.30-15.48.34:862][  0]LogTemp:Display: Loaded TP LinuxServerTargetPlatform
[2015.11.30-15.48.34:865][  0]LogTemp:Display: Loaded TP LinuxTargetPlatform
[2015.11.30-15.48.34:865][  0]LogTargetPlatformManager:Display: Building Assets For Windows
[2015.11.30-15.48.34:961][  0]LogDerivedDataCache:Display: Max Cache Size: 512 MB
[2015.11.30-15.48.34:999][  0]LogDerivedDataCache: Loaded boot cache 0.04s 44MB C:/Users/Niclas/AppData/Local/UnrealEngine/4.9/DerivedDataCache/Boot.ddc.
[2015.11.30-15.48.34:999][  0]LogDerivedDataCache:Display: Loaded Boot cache: C:/Users/Niclas/AppData/Local/UnrealEngine/4.9/DerivedDataCache/Boot.ddc
[2015.11.30-15.48.34:999][  0]LogDerivedDataCache: FDerivedDataBackendGraph:  Pak pak cache file ../../../../../../Users/Niclas/Documents/GitHub/Staroxurur/StarFox/DerivedDataCache/DDC.ddp not found, will not use a pak cache.
[2015.11.30-15.48.34:999][  0]LogDerivedDataCache: Unable to find inner node Pak for hierarchical cache Hierarchy.
[2015.11.30-15.48.34:999][  0]LogDerivedDataCache: FDerivedDataBackendGraph:  CompressedPak pak cache file ../../../../../../Users/Niclas/Documents/GitHub/Staroxurur/StarFox/DerivedDataCache/Compressed.ddp not found, will not use a pak cache.
[2015.11.30-15.48.34:999][  0]LogDerivedDataCache: Unable to find inner node CompressedPak for hierarchical cache Hierarchy.
[2015.11.30-15.48.35:119][  0]LogDerivedDataCache:Display: Pak cache opened for reading ../../../Engine/DerivedDataCache/Compressed.ddp.
[2015.11.30-15.48.35:131][  0]LogDerivedDataCache: Using Local data cache path C:/Users/Niclas/AppData/Local/UnrealEngine/Common/DerivedDataCache: Writable
[2015.11.30-15.48.35:311][  0]LogInit: Selected Device Profile: [Windows]
[2015.11.30-15.48.35:313][  0]LogContentStreaming: Texture pool size is 0.000000MB
[2015.11.30-15.48.35:421][  0]LogMeshUtilities: No automatic mesh reduction module available
[2015.11.30-15.48.35:421][  0]LogMeshUtilities: No automatic mesh merging module available
[2015.11.30-15.48.35:635][  0]LogInit: WinSock: version 1.1 (2.2), MaxSocks=32767, MaxUdp=65467
[2015.11.30-15.48.36:245][  0]UdpMessaging: Initializing bridge on interface 0.0.0.0:0 to multicast group 230.0.0.1:6666.
[2015.11.30-15.48.36:363][  0]LogAssetRegistry: FAssetRegistry took 0.0110 seconds to start up
[2015.11.30-15.48.36:519][  0]SourceControl: Info Source control is disabled
[2015.11.30-15.48.36:520][  0]SourceControl: Info Source control is disabled
[2015.11.30-15.48.36:533][  0]SourceControl: Info Source control is disabled
[2015.11.30-15.48.36:546][  0]SourceControl: Info Source control is disabled
[2015.11.30-15.48.36:726][  0]LogLinker:Warning: Asset '../../../Engine/Plugins/Runtime/LeapMotionController/Content/LM_PassthroughMaterial.uasset' has been saved with empty engine version. The asset will be loaded but may be incompatible.
[2015.11.30-15.48.36:819][  0]LogObj: 28384 objects as part of root set at end of initial load.
[2015.11.30-15.48.36:819][  0]LogUObjectAllocator: 6049880 out of 0 bytes used by permanent object pool.
[2015.11.30-15.48.36:870][  0]LogEngine: Initializing Engine...
[2015.11.30-15.48.36:872][  0]LogHMD: Can't find Oculus library dev build: is proper Runtime installed? Version: 0.7.0.0
[2015.11.30-15.48.36:873][  0]LogHMD: SteamVR failed to initialize.  Err: 110
[2015.11.30-15.48.36:979][  0]LogAIModule: Creating AISystem for world NewWorld
[2015.11.30-15.48.36:994][  0]LogInit: XAudio2 using 'Högtalare (2- Logitech G35 Gaming Headset)' : 2 channels at 44.1 kHz using 16 bits per sample (channel mask 0x3)
[2015.11.30-15.48.37:015][  0]LogInit: FAudioDevice initialized.
[2015.11.30-15.48.37:034][  0]LogDerivedDataCache: Saved boot cache 0.02s 44MB C:/Users/Niclas/AppData/Local/UnrealEngine/4.9/DerivedDataCache/Boot.ddc.
[2015.11.30-15.48.37:037][  0]LogInit: Texture streaming: Enabled
[2015.11.30-15.48.37:043][  0]LogAnalytics: Creating configured Analytics provider AnalyticsET
[2015.11.30-15.48.37:043][  0]LogAnalytics: [UEEditor.Rocket.Release] APIServer = http://et2.epicgames.com/ET2/. AppVersion = 4.9.2-2707645+++depot+UE4-Releases+4.9
[2015.11.30-15.48.37:043][  0]LogAnalytics: [UEEditor.Rocket.Release] SetUserId 8d5f2d8b4e520712a8f1e688fed765ab|99f216c1865e471987722078da7bde5f|50f43dcd-c54f-4aa6-a5c1-e948023fc359
[2015.11.30-15.48.37:043][  0]LogAnalytics: [UEEditor.Rocket.Release] AnalyticsET::StartSession
[2015.11.30-15.48.37:083][  0]LogWindowsTextInputMethodSystem:Display: IME system now deactivated.
[2015.11.30-15.48.37:102][  0]LogInit: Transaction tracking system initialized
[2015.11.30-15.48.37:158][  0]BlueprintLog: New page: Editor Load
[2015.11.30-15.48.37:241][  0]LocalizationService: Info Localization service is disabled
[2015.11.30-15.48.37:324][  0]LogConsoleResponse:Display: 
[2015.11.30-15.48.37:421][  0]LogCook:Display: Done creating registry. It took  0.00s.
[2015.11.30-15.48.37:483][  0]LogFileCache: Scanning file cache for directory 'C:/Users/Niclas/Documents/GitHub/Staroxurur/StarFox/Content/' took 0.01s
[2015.11.30-15.48.37:483][  0]SourceControl: Info Source control is disabled
[2015.11.30-15.48.37:483][  0]Cmd: MAP LOAD FILE="../../../../../../Users/Niclas/Documents/GitHub/Staroxurur/StarFox/Content/StarterContent/Maps/Minimal_Default.umap" TEMPLATE=0 SHOWPROGRESS=1 FEATURELEVEL=3
[2015.11.30-15.48.37:484][  0]LightingResults: New page: Lighting Build
[2015.11.30-15.48.37:487][  0]MapCheck: New page: Map Check
[2015.11.30-15.48.37:487][  0]LightingResults: New page: Lighting Build
[2015.11.30-15.48.37:495][  0]LogParticles: Destroying 0 GPU particle simulations for FXSystem 0x00000080669CC2C0
[2015.11.30-15.48.37:875][  0]LogAIModule: Creating AISystem for world Minimal_Default
[2015.11.30-15.48.37:881][  0]LogEditorServer: Finished looking for orphan Actors (0.000 secs)
[2015.11.30-15.48.37:881][  0]Cmd: MAP CHECKDEP NOCLEARLOG
[2015.11.30-15.48.37:937][  0]MapCheck: Info Map check complete: 0 Error(s), 0 Warning(s), took 55.996ms to complete.
[2015.11.30-15.48.37:937][  0]LogFileHelpers: Loading map 'Minimal_Default' took 0.453
[2015.11.30-15.48.38:035][  0]LogCollectionManager: Loaded 0 collections in 0.002270 seconds
[2015.11.30-15.48.38:075][  0]LogFileCache: Scanning file cache for directory 'C:/Users/Niclas/Documents/GitHub/Staroxurur/StarFox/Saved/Collections/' took 0.01s
[2015.11.30-15.48.38:075][  0]LogFileCache: Scanning file cache for directory 'C:/Users/Niclas/Documents/GitHub/Staroxurur/StarFox/Content/Developers/Niclas/Collections/' took 0.01s
[2015.11.30-15.48.38:076][  0]LogFileCache: Scanning file cache for directory 'C:/Users/Niclas/Documents/GitHub/Staroxurur/StarFox/Content/Collections/' took 0.01s
[2015.11.30-15.48.38:076][  0]LogContentBrowser: Native class hierarchy populated in 0.0073 seconds. Added 1870 classes and 335 folders.
[2015.11.30-15.48.38:081][  0]LogCollectionManager: Rebuilt the GUID cache for 0 collections in 0.000002 seconds
[2015.11.30-15.48.38:089][  0]LogContentBrowser: Native class hierarchy updated for 'WidgetCarousel' in 0.0013 seconds. Added 0 classes and 0 folders.
[2015.11.30-15.48.38:137][  0]LogContentBrowser: Native class hierarchy updated for 'AddContentDialog' in 0.0018 seconds. Added 0 classes and 0 folders.
[2015.11.30-15.48.38:143][  0]LogContentBrowser: Native class hierarchy updated for 'SceneOutliner' in 0.0014 seconds. Added 1 classes and 2 folders.
[2015.11.30-15.48.38:165][  0]LogCrashTracker: Crashtracker disabled due to settings.
[2015.11.30-15.48.38:169][  0]LogUObjectGlobals:Warning: Failed to find object 'Class None.'
[2015.11.30-15.48.38:193][  0]LogLoad: Full Startup: 9.15 seconds (BP compile: 0.04 seconds)
[2015.11.30-15.48.38:247][  0]LogContentStreaming: Texture pool size now 1000 MB
[2015.11.30-15.48.38:356][  0]LogRenderer: Reallocating scene render targets to support 1208x576 (Frame:2).
[2015.11.30-15.48.38:689][  3]LogAssetRegistry: Asset discovery search completed in 2.3379 seconds
[2015.11.30-15.48.38:689][  3]LogCollectionManager: Rebuilt the object cache for 0 collections in 0.000001 seconds (found 0 objects)
[2015.11.30-15.48.38:690][  3]LogCollectionManager: Fixed up redirectors for 0 collections in 0.000028 seconds (updated 0 objects)
[2015.11.30-15.48.42:105][399]LogBlueprintUserMessages: Early PlayInEditor Detection: Level '/Game/StarterContent/Maps/Minimal_Default.Minimal_Default:PersistentLevel' has LevelScriptBlueprint '/Game/StarterContent/Maps/Minimal_Default.Minimal_Default:PersistentLevel.Minimal_Default' with GeneratedClass '/Game/StarterContent/Maps/Minimal_Default.Minimal_Default_C' with ClassGeneratedBy '/Game/StarterContent/Maps/Minimal_Default.Minimal_Default:PersistentLevel.Minimal_Default'
[2015.11.30-15.48.42:105][399]LogPlayLevel: PlayLevel: No blueprints needed recompiling
[2015.11.30-15.48.42:106][399]PIE: New page: PIE session: Minimal_Default (Nov 30, 2015, 5:48:42 PM)
[2015.11.30-15.48.42:106][399]LogPlayLevel: Creating play world package: /Game/StarterContent/Maps/UEDPIE_0_Minimal_Default
[2015.11.30-15.48.42:121][399]LogPlayLevel: PIE: StaticDuplicateObject took: (0.015634s)
[2015.11.30-15.48.42:122][399]LogAIModule: Creating AISystem for world Minimal_Default
[2015.11.30-15.48.42:122][399]LogPlayLevel: PIE: World Init took: (0.000666s)
[2015.11.30-15.48.42:122][399]LogPlayLevel: PIE: Created PIE world by copying editor world from /Game/StarterContent/Maps/Minimal_Default.Minimal_Default to /Game/StarterContent/Maps/UEDPIE_0_Minimal_Default.Minimal_Default (0.016476s)
[2015.11.30-15.48.42:149][399]LogInit: XAudio2 using 'Högtalare (2- Logitech G35 Gaming Headset)' : 2 channels at 44.1 kHz using 16 bits per sample (channel mask 0x3)
[2015.11.30-15.48.42:166][399]LogInit: FAudioDevice initialized.
[2015.11.30-15.48.42:213][399]LogWorld: Game class is 'StarFoxGameMode'
[2015.11.30-15.48.42:218][399]LogWorld: Bringing World /Game/StarterContent/Maps/UEDPIE_0_Minimal_Default.Minimal_Default up for play (max tick rate 0) at 2015.11.30-16.48.42
[2015.11.30-15.48.42:218][399]LogActor:Warning: GameSession /Game/StarterContent/Maps/UEDPIE_0_Minimal_Default.Minimal_Default:PersistentLevel.GameSession_0 has natively added scene component(s), but none of them were set as the actor's RootComponent - picking one arbitrarily
[2015.11.30-15.48.42:218][399]LogActor:Warning: GameNetworkManager /Game/StarterContent/Maps/UEDPIE_0_Minimal_Default.Minimal_Default:PersistentLevel.GameNetworkManager_0 has natively added scene component(s), but none of them were set as the actor's RootComponent - picking one arbitrarily
[2015.11.30-15.48.42:218][399]LogWorld: Bringing up level for play took: 0.004647
[2015.11.30-15.48.42:219][399]PIE: Info Play in editor start time for /Game/StarterContent/Maps/UEDPIE_0_Minimal_Default 0.215
[2015.11.30-15.48.42:220][399]LogBlueprintUserMessages: Late PlayInEditor Detection: Level '/Game/StarterContent/Maps/Minimal_Default.Minimal_Default:PersistentLevel' has LevelScriptBlueprint '/Game/StarterContent/Maps/Minimal_Default.Minimal_Default:PersistentLevel.Minimal_Default' with GeneratedClass '/Game/StarterContent/Maps/Minimal_Default.Minimal_Default_C' with ClassGeneratedBy '/Game/StarterContent/Maps/Minimal_Default.Minimal_Default:PersistentLevel.Minimal_Default'
[2015.11.30-15.48.48:626][162]LogBlueprintUserMessages: Early EndPlayMap Detection: Level '/Game/StarterContent/Maps/Minimal_Default.Minimal_Default:PersistentLevel' has LevelScriptBlueprint '/Game/StarterContent/Maps/Minimal_Default.Minimal_Default:PersistentLevel.Minimal_Default' with GeneratedClass '/Game/StarterContent/Maps/Minimal_Default.Minimal_Default_C' with ClassGeneratedBy '/Game/StarterContent/Maps/Minimal_Default.Minimal_Default:PersistentLevel.Minimal_Default'
[2015.11.30-15.48.48:657][162]LogBlueprintUserMessages: Late EndPlayMap Detection: Level '/Game/StarterContent/Maps/Minimal_Default.Minimal_Default:PersistentLevel' has LevelScriptBlueprint '/Game/StarterContent/Maps/Minimal_Default.Minimal_Default:PersistentLevel.Minimal_Default' with GeneratedClass '/Game/StarterContent/Maps/Minimal_Default.Minimal_Default_C' with ClassGeneratedBy '/Game/StarterContent/Maps/Minimal_Default.Minimal_Default:PersistentLevel.Minimal_Default'
[2015.11.30-15.48.48:668][162]LogParticles: Destroying 0 GPU particle simulations for FXSystem 0x00000080758F4EA0
[2015.11.30-15.48.53:590][740]LogVSAccessor:Warning: Couldn't goto line number '0' in 'C:/Users/Niclas/Documents/GitHub/Staroxurur/StarFox/Source/StarFox/StarFoxGameMode.h'
[2015.11.30-15.48.53:647][740]LogVSAccessor:Warning: Couldn't goto line number '0' in 'C:/Users/Niclas/Documents/GitHub/Staroxurur/StarFox/Source/StarFox/StarFoxGameMode.cpp'
[2015.11.30-19.40.03:521][637]LogBlueprintUserMessages: Early PlayInEditor Detection: Level '/Game/StarterContent/Maps/Minimal_Default.Minimal_Default:PersistentLevel' has LevelScriptBlueprint '/Game/StarterContent/Maps/Minimal_Default.Minimal_Default:PersistentLevel.Minimal_Default' with GeneratedClass '/Game/StarterContent/Maps/Minimal_Default.Minimal_Default_C' with ClassGeneratedBy '/Game/StarterContent/Maps/Minimal_Default.Minimal_Default:PersistentLevel.Minimal_Default'
[2015.11.30-19.40.03:523][637]LogPlayLevel: PlayLevel: No blueprints needed recompiling
[2015.11.30-19.40.03:523][637]PIE: New page: PIE session: Minimal_Default (Nov 30, 2015, 9:40:03 PM)
[2015.11.30-19.40.03:525][637]LogPlayLevel: Creating play world package: /Game/StarterContent/Maps/UEDPIE_0_Minimal_Default
[2015.11.30-19.40.03:578][637]LogPlayLevel: PIE: StaticDuplicateObject took: (0.053075s)
[2015.11.30-19.40.03:582][637]LogAIModule: Creating AISystem for world Minimal_Default
[2015.11.30-19.40.03:583][637]LogPlayLevel: PIE: World Init took: (0.004460s)
[2015.11.30-19.40.03:584][637]LogPlayLevel: PIE: Created PIE world by copying editor world from /Game/StarterContent/Maps/Minimal_Default.Minimal_Default to /Game/StarterContent/Maps/UEDPIE_0_Minimal_Default.Minimal_Default (0.059182s)
[2015.11.30-19.40.03:635][637]LogInit: XAudio2 using 'Högtalare (2- Logitech G35 Gaming Headset)' : 2 channels at 44.1 kHz using 16 bits per sample (channel mask 0x3)
[2015.11.30-19.40.03:651][637]LogInit: FAudioDevice initialized.
[2015.11.30-19.40.03:686][637]LogWorld: Game class is 'StarFoxGameMode'
[2015.11.30-19.40.03:692][637]LogWorld: Bringing World /Game/StarterContent/Maps/UEDPIE_0_Minimal_Default.Minimal_Default up for play (max tick rate 0) at 2015.11.30-20.40.03
[2015.11.30-19.40.03:692][637]LogActor:Warning: GameSession /Game/StarterContent/Maps/UEDPIE_0_Minimal_Default.Minimal_Default:PersistentLevel.GameSession_1 has natively added scene component(s), but none of them were set as the actor's RootComponent - picking one arbitrarily
[2015.11.30-19.40.03:692][637]LogActor:Warning: GameNetworkManager /Game/StarterContent/Maps/UEDPIE_0_Minimal_Default.Minimal_Default:PersistentLevel.GameNetworkManager_1 has natively added scene component(s), but none of them were set as the actor's RootComponent - picking one arbitrarily
[2015.11.30-19.40.03:692][637]LogWorld: Bringing up level for play took: 0.005574
[2015.11.30-19.40.03:695][637]PIE: Info Play in editor start time for /Game/StarterContent/Maps/UEDPIE_0_Minimal_Default -0.31
[2015.11.30-19.40.03:695][637]LogBlueprintUserMessages: Late PlayInEditor Detection: Level '/Game/StarterContent/Maps/Minimal_Default.Minimal_Default:PersistentLevel' has LevelScriptBlueprint '/Game/StarterContent/Maps/Minimal_Default.Minimal_Default:PersistentLevel.Minimal_Default' with GeneratedClass '/Game/StarterContent/Maps/Minimal_Default.Minimal_Default_C' with ClassGeneratedBy '/Game/StarterContent/Maps/Minimal_Default.Minimal_Default:PersistentLevel.Minimal_Default'
[2015.11.30-19.40.31:548][973]LogBlueprintUserMessages: Early EndPlayMap Detection: Level '/Game/StarterContent/Maps/Minimal_Default.Minimal_Default:PersistentLevel' has LevelScriptBlueprint '/Game/StarterContent/Maps/Minimal_Default.Minimal_Default:PersistentLevel.Minimal_Default' with GeneratedClass '/Game/StarterContent/Maps/Minimal_Default.Minimal_Default_C' with ClassGeneratedBy '/Game/StarterContent/Maps/Minimal_Default.Minimal_Default:PersistentLevel.Minimal_Default'
[2015.11.30-19.40.31:580][973]LogBlueprintUserMessages: Late EndPlayMap Detection: Level '/Game/StarterContent/Maps/Minimal_Default.Minimal_Default:PersistentLevel' has LevelScriptBlueprint '/Game/StarterContent/Maps/Minimal_Default.Minimal_Default:PersistentLevel.Minimal_Default' with GeneratedClass '/Game/StarterContent/Maps/Minimal_Default.Minimal_Default_C' with ClassGeneratedBy '/Game/StarterContent/Maps/Minimal_Default.Minimal_Default:PersistentLevel.Minimal_Default'
[2015.11.30-19.40.31:603][974]LogParticles: Destroying 0 GPU particle simulations for FXSystem 0x00000080540DAFC0
[2015.11.30-19.40.44:917][ 13]LogWindowsTextInputMethodSystem:Display: IME system now deactivated.
[2015.11.30-19.40.45:183][ 14]Cmd: QUIT_EDITOR
[2015.11.30-19.40.46:180][ 14]LogExit: Preparing to exit.
[2015.11.30-19.40.47:028][ 14]LogExit: Editor shut down
[2015.11.30-19.40.47:029][ 14]LogExit: Transaction tracking system shut down
[2015.11.30-19.40.47:042][ 14]LogParticles: Destroying 0 GPU particle simulations for FXSystem 0x0000008055D7D1C0
[2015.11.30-19.40.47:043][ 14]LogParticles: Destroying 0 GPU particle simulations for FXSystem 0x00000080718DF880
[2015.11.30-19.40.47:243][ 14]LogParticles: Destroying 0 GPU particle simulations for FXSystem 0x00000080721F6160
[2015.11.30-19.40.47:243][ 14]LogParticles: Destroying 0 GPU particle simulations for FXSystem 0x00000080758F6660
[2015.11.30-19.40.47:243][ 14]LogExit: Object subsystem successfully closed.
[2015.11.30-19.40.47:288][ 14]LogD3D11RHI: Shutdown
[2015.11.30-19.40.47:288][ 14]LogD3D11RHI: CleanupD3DDevice
[2015.11.30-19.40.47:357][ 14]LogD3D11RHI: ~FD3D11DynamicRHI
[2015.11.30-19.40.47:415][ 14]LogModuleManager: Shutting down and abandoning module CrashTracker (198)
[2015.11.30-19.40.47:415][ 14]LogModuleManager: Shutting down and abandoning module SceneOutliner (197)
[2015.11.30-19.40.47:415][ 14]LogModuleManager: Shutting down and abandoning module SuperSearch (196)
[2015.11.30-19.40.47:415][ 14]LogModuleManager: Shutting down and abandoning module WidgetCarousel (195)
[2015.11.30-19.40.47:415][ 14]LogModuleManager: Shutting down and abandoning module AddContentDialog (194)
[2015.11.30-19.40.47:427][ 14]LogModuleManager: Shutting down and abandoning module EditorWidgets (193)
[2015.11.30-19.40.47:427][ 14]LogModuleManager: Shutting down and abandoning module CollectionManager (192)
[2015.11.30-19.40.47:427][ 14]LogModuleManager: Shutting down and abandoning module StatsViewer (191)
[2015.11.30-19.40.47:429][ 14]LogModuleManager: Shutting down and abandoning module FoliageEdit (190)
[2015.11.30-19.40.47:429][ 14]LogModuleManager: Shutting down and abandoning module LandscapeEditor (189)
[2015.11.30-19.40.47:432][ 14]LogModuleManager: Shutting down and abandoning module ActorPickerMode (188)
[2015.11.30-19.40.47:432][ 14]LogModuleManager: Shutting down and abandoning module GeometryMode (187)
[2015.11.30-19.40.47:433][ 14]LogModuleManager: Shutting down and abandoning module TextureAlignMode (186)
[2015.11.30-19.40.47:433][ 14]LogModuleManager: Shutting down and abandoning module BspMode (185)
[2015.11.30-19.40.47:433][ 14]LogModuleManager: Shutting down and abandoning module PlacementMode (184)
[2015.11.30-19.40.47:433][ 14]LogModuleManager: Shutting down and abandoning module AutomationWorker (183)
[2015.11.30-19.40.47:433][ 14]LogModuleManager: Shutting down and abandoning module CharacterAI (182)
[2015.11.30-19.40.47:433][ 14]LogModuleManager: Shutting down and abandoning module SmartSnapping (181)
[2015.11.30-19.40.47:433][ 14]LogModuleManager: Shutting down and abandoning module ViewportSnapping (180)
[2015.11.30-19.40.47:433][ 14]LogModuleManager: Shutting down and abandoning module LogVisualizer (179)
[2015.11.30-19.40.47:435][ 14]LogModuleManager: Shutting down and abandoning module GameProjectGeneration (178)
[2015.11.30-19.40.47:436][ 14]LogModuleManager: Shutting down and abandoning module IntroTutorials (177)
[2015.11.30-19.40.47:438][ 14]LogModuleManager: Shutting down and abandoning module EditorLiveStreaming (176)
[2015.11.30-19.40.47:438][ 14]LogModuleManager: Shutting down and abandoning module IOSPlatformEditor (175)
[2015.11.30-19.40.47:439][ 14]LogModuleManager: Shutting down and abandoning module HTML5PlatformEditor (174)
[2015.11.30-19.40.47:439][ 14]LogModuleManager: Shutting down and abandoning module AndroidDeviceDetection (173)
[2015.11.30-19.40.47:611][ 14]LogModuleManager: Shutting down and abandoning module AndroidPlatformEditor (172)
[2015.11.30-19.40.47:611][ 14]LogModuleManager: Shutting down and abandoning module IOSRuntimeSettings (171)
[2015.11.30-19.40.47:611][ 14]LogModuleManager: Shutting down and abandoning module AndroidRuntimeSettings (170)
[2015.11.30-19.40.47:611][ 14]LogModuleManager: Shutting down and abandoning module MergeActors (169)
[2015.11.30-19.40.47:612][ 14]LogModuleManager: Shutting down and abandoning module SizeMap (168)
[2015.11.30-19.40.47:612][ 14]LogModuleManager: Shutting down and abandoning module TreeMap (167)
[2015.11.30-19.40.47:613][ 14]LogModuleManager: Shutting down and abandoning module ReferenceViewer (166)
[2015.11.30-19.40.47:613][ 14]LogModuleManager: Shutting down and abandoning module LocalizationService (165)
[2015.11.30-19.40.47:614][ 14]LogModuleManager: Shutting down and abandoning module LocalizationDashboard (164)
[2015.11.30-19.40.47:615][ 14]LogModuleManager: Shutting down and abandoning module HardwareTargeting (163)
[2015.11.30-19.40.47:615][ 14]LogModuleManager: Shutting down and abandoning module DeviceProfileEditor (162)
[2015.11.30-19.40.47:615][ 14]LogModuleManager: Shutting down and abandoning module UndoHistory (161)
[2015.11.30-19.40.47:615][ 14]LogModuleManager: Shutting down and abandoning module GameplayTagsEditor (160)
[2015.11.30-19.40.47:615][ 14]LogModuleManager: Shutting down and abandoning module UserFeedback (159)
[2015.11.30-19.40.47:615][ 14]LogModuleManager: Shutting down and abandoning module XmlParser (158)
[2015.11.30-19.40.47:616][ 14]LogModuleManager: Shutting down and abandoning module Blutility (157)
[2015.11.30-19.40.47:616][ 14]LogModuleManager: Shutting down and abandoning module ProjectTargetPlatformEditor (156)
[2015.11.30-19.40.47:617][ 14]LogModuleManager: Shutting down and abandoning module ProjectSettingsViewer (155)
[2015.11.30-19.40.47:617][ 14]LogModuleManager: Shutting down and abandoning module InputBindingEditor (154)
[2015.11.30-19.40.47:618][ 14]LogModuleManager: Shutting down and abandoning module EditorSettingsViewer (153)
[2015.11.30-19.40.47:618][ 14]LogModuleManager: Shutting down and abandoning module SettingsEditor (152)
[2015.11.30-19.40.47:620][ 14]LogModuleManager: Shutting down and abandoning module ProjectLauncher (151)
[2015.11.30-19.40.47:621][ 14]LogModuleManager: Shutting down and abandoning module SessionFrontend (150)
[2015.11.30-19.40.47:621][ 14]LogModuleManager: Shutting down and abandoning module ProfilerClient (149)
[2015.11.30-19.40.47:622][ 14]LogModuleManager: Shutting down and abandoning module TargetDeviceServices (148)
[2015.11.30-19.40.47:622][ 14]LogModuleManager: Shutting down and abandoning module DeviceManager (147)
[2015.11.30-19.40.47:623][ 14]LogModuleManager: Shutting down and abandoning module AutomationController (146)
[2015.11.30-19.40.47:623][ 14]LogModuleManager: Shutting down and abandoning module AutomationWindow (145)
[2015.11.30-19.40.47:624][ 14]LogModuleManager: Shutting down and abandoning module Layers (144)
[2015.11.30-19.40.47:627][ 14]LogModuleManager: Shutting down and abandoning module ComponentVisualizers (143)
[2015.11.30-19.40.47:627][ 14]LogModuleManager: Shutting down and abandoning module DetailCustomizations (142)
[2015.11.30-19.40.47:629][ 14]LogModuleManager: Shutting down and abandoning module PackagesDialog (141)
[2015.11.30-19.40.47:630][ 14]LogModuleManager: Shutting down and abandoning module Persona (140)
[2015.11.30-19.40.47:632][ 14]LogModuleManager: Shutting down and abandoning module Kismet (139)
[2015.11.30-19.40.47:633][ 14]LogModuleManager: Shutting down and abandoning module GraphEditor (138)
[2015.11.30-19.40.47:635][ 14]LogModuleManager: Shutting down and abandoning module ClassViewer (137)
[2015.11.30-19.40.47:636][ 14]LogModuleManager: Shutting down and abandoning module Toolbox (136)
[2015.11.30-19.40.47:636][ 14]LogModuleManager: Shutting down and abandoning module ModuleUI (135)
[2015.11.30-19.40.47:636][ 14]LogModuleManager: Shutting down and abandoning module MovieSceneTools (134)
[2015.11.30-19.40.47:636][ 14]LogModuleManager: Shutting down and abandoning module OutputLog (133)
[2015.11.30-19.40.47:637][ 14]LogModuleManager: Shutting down and abandoning module GammaUI (132)
[2015.11.30-19.40.47:637][ 14]LogModuleManager: Shutting down and abandoning module Documentation (131)
[2015.11.30-19.40.47:637][ 14]LogModuleManager: Shutting down and abandoning module GameLiveStreaming (130)
[2015.11.30-19.40.47:638][ 14]LogModuleManager: Shutting down and abandoning module StreamingPauseRendering (129)
[2015.11.30-19.40.47:638][ 14]LogModuleManager: Shutting down and abandoning module AnalyticsET (128)
[2015.11.30-19.40.47:638][ 14]LogModuleManager: Shutting down and abandoning module Analytics (127)
[2015.11.30-19.40.47:638][ 14]LogModuleManager: Shutting down and abandoning module AITestSuite (126)
[2015.11.30-19.40.47:639][ 14]LogModuleManager: Shutting down and abandoning module GameplayDebugger (125)
[2015.11.30-19.40.47:639][ 14]LogModuleManager: Shutting down and abandoning module AIModule (124)
[2015.11.30-19.40.47:639][ 14]LogModuleManager: Shutting down and abandoning module ProfilerService (123)
[2015.11.30-19.40.47:777][ 14]LogModuleManager: Shutting down and abandoning module TaskGraph (122)
[2015.11.30-19.40.47:779][ 14]LogModuleManager: Shutting down and abandoning module SlateRemote (121)
[2015.11.30-19.40.47:779][ 14]LogModuleManager: Shutting down and abandoning module SteamVRController (120)
[2015.11.30-19.40.47:779][ 14]LogModuleManager: Shutting down and abandoning module SteamVR (119)
[2015.11.30-19.40.47:779][ 14]LogModuleManager: Shutting down and abandoning module ProceduralMeshComponent (118)
[2015.11.30-19.40.47:780][ 14]LogModuleManager: Shutting down and abandoning module OculusRift (117)
[2015.11.30-19.40.47:780][ 14]LogModuleManager: Shutting down and abandoning module OculusLibrary (116)
[2015.11.30-19.40.47:780][ 14]LogModuleManager: Shutting down and abandoning module LeapMotionController (115)
[2015.11.30-19.40.47:812][ 14]LogModuleManager: Shutting down and abandoning module CustomMeshComponent (114)
[2015.11.30-19.40.47:813][ 14]LogModuleManager: Shutting down and abandoning module CableComponent (113)
[2015.11.30-19.40.47:813][ 14]LogModuleManager: Shutting down and abandoning module ArchVisCharacter (112)
[2015.11.30-19.40.47:813][ 14]LogModuleManager: Shutting down and abandoning module MessagingDebugger (111)
[2015.11.30-19.40.47:816][ 14]LogModuleManager: Shutting down and abandoning module MediaPlayerEditor (110)
[2015.11.30-19.40.47:817][ 14]LogModuleManager: Shutting down and abandoning module HTML5Networking (109)
[2015.11.30-19.40.47:817][ 14]LogModuleManager: Shutting down and abandoning module SpeedTreeImporter (108)
[2015.11.30-19.40.47:817][ 14]LogModuleManager: Shutting down and abandoning module PluginBrowser (107)
[2015.11.30-19.40.47:818][ 14]LogModuleManager: Shutting down and abandoning module EpicSurvey (106)
[2015.11.30-19.40.47:819][ 14]LogModuleManager: Shutting down and abandoning module DesktopPlatform (105)
[2015.11.30-19.40.47:819][ 14]LogModuleManager: Shutting down and abandoning module VisualStudioSourceCodeAccess (104)
[2015.11.30-19.40.47:820][ 14]LogModuleManager: Shutting down and abandoning module UObjectPlugin (103)
[2015.11.30-19.40.47:820][ 14]LogModuleManager: Shutting down and abandoning module SubversionSourceControl (102)
[2015.11.30-19.40.47:821][ 14]LogModuleManager: Shutting down and abandoning module PerforceSourceControl (101)
[2015.11.30-19.40.47:823][ 14]LogModuleManager: Shutting down and abandoning module SourceControl (100)
[2015.11.30-19.40.47:823][ 14]LogModuleManager: Shutting down and abandoning module GitSourceControl (99)
[2015.11.30-19.40.47:824][ 14]LogModuleManager: Shutting down and abandoning module LightPropagationVolumeEditor (98)
[2015.11.30-19.40.47:824][ 14]LogModuleManager: Shutting down and abandoning module PaperTiledImporter (97)
[2015.11.30-19.40.47:824][ 14]LogModuleManager: Shutting down and abandoning module PaperSpriteSheetImporter (96)
[2015.11.30-19.40.47:825][ 14]LogModuleManager: Shutting down and abandoning module MeshPaint (95)
[2015.11.30-19.40.47:825][ 14]LogModuleManager: Shutting down and abandoning module SlateReflector (94)
[2015.11.30-19.40.47:826][ 14]LogModuleManager: Shutting down and abandoning module HotReload (93)
[2015.11.30-19.40.47:827][ 14]LogModuleManager: Shutting down and abandoning module MainFrame (92)
[2015.11.30-19.40.47:827][ 14]LogModuleManager: Shutting down and abandoning module LevelEditor (91)
[2015.11.30-19.40.47:829][ 14]LogModuleManager: Shutting down and abandoning module DirectoryWatcher (90)
[2015.11.30-19.40.47:831][ 14]LogModuleManager: Shutting down and abandoning module AssetRegistry (89)
[2015.11.30-19.40.47:942][ 14]LogModuleManager: Shutting down and abandoning module ContentBrowser (88)
[2015.11.30-19.40.47:943][ 14]LogModuleManager: Shutting down and abandoning module Paper2DEditor (87)
[2015.11.30-19.40.47:945][ 14]LogModuleManager: Shutting down and abandoning module StarFox (86)
[2015.11.30-19.40.47:945][ 14]LogModuleManager: Shutting down and abandoning module UdpMessaging (85)
[2015.11.30-19.40.48:047][ 14]LogModuleManager: Shutting down and abandoning module LightPropagationVolumeRuntime (84)
[2015.11.30-19.40.48:047][ 14]LogModuleManager: Shutting down and abandoning module Paper2D (83)
[2015.11.30-19.40.48:047][ 14]LogModuleManager: Shutting down and abandoning module WindowsMoviePlayer (82)
[2015.11.30-19.40.48:050][ 14]LogModuleManager: Shutting down and abandoning module Media (81)
[2015.11.30-19.40.48:050][ 14]LogModuleManager: Shutting down and abandoning module WmfMedia (80)
[2015.11.30-19.40.48:051][ 14]LogModuleManager: Shutting down and abandoning module OnlineBlueprintSupport (79)
[2015.11.30-19.40.48:051][ 14]LogModuleManager: Shutting down and abandoning module GameplayTasksEditor (78)
[2015.11.30-19.40.48:051][ 14]LogModuleManager: Shutting down and abandoning module PropertyEditor (77)
[2015.11.30-19.40.48:052][ 14]LogModuleManager: Shutting down and abandoning module BehaviorTreeEditor (76)
[2015.11.30-19.40.48:054][ 14]LogModuleManager: Shutting down and abandoning module FunctionalTesting (75)
[2015.11.30-19.40.48:054][ 14]LogModuleManager: Shutting down and abandoning module CollisionAnalyzer (74)
[2015.11.30-19.40.48:055][ 14]LogModuleManager: Shutting down and abandoning module WorkspaceMenuStructure (73)
[2015.11.30-19.40.48:055][ 14]LogModuleManager: Shutting down and abandoning module MessageLog (72)
[2015.11.30-19.40.48:055][ 14]LogModuleManager: Shutting down and abandoning module Sequencer (71)
[2015.11.30-19.40.48:056][ 14]LogModuleManager: Shutting down and abandoning module AssetTools (70)
[2015.11.30-19.40.48:059][ 14]LogModuleManager: Shutting down and abandoning module UMGEditor (69)
[2015.11.30-19.40.48:060][ 14]LogModuleManager: Shutting down and abandoning module UMG (68)
[2015.11.30-19.40.48:061][ 14]LogModuleManager: Shutting down and abandoning module Slate (67)
[2015.11.30-19.40.48:061][ 14]LogModuleManager: Shutting down and abandoning module EditorStyle (66)
[2015.11.30-19.40.48:064][ 14]LogModuleManager: Shutting down and abandoning module SessionServices (65)
[2015.11.30-19.40.48:064][ 14]LogModuleManager: Shutting down and abandoning module SourceCodeAccess (64)
[2015.11.30-19.40.48:064][ 14]LogModuleManager: Shutting down and abandoning module HeadMountedDisplay (63)
[2015.11.30-19.40.48:064][ 14]LogModuleManager: Shutting down and abandoning module XAudio2 (62)
[2015.11.30-19.40.48:064][ 14]LogModuleManager: Shutting down and abandoning module Networking (60)
[2015.11.30-19.40.48:064][ 14]LogModuleManager: Shutting down and abandoning module Core (59)
[2015.11.30-19.40.48:064][ 14]LogModuleManager: Shutting down and abandoning module KismetCompiler (58)
[2015.11.30-19.40.48:064][ 14]LogModuleManager: Shutting down and abandoning module PhysXFormats (57)
[2015.11.30-19.40.48:064][ 14]LogModuleManager: Shutting down and abandoning module MeshUtilities (56)
[2015.11.30-19.40.48:065][ 14]LogModuleManager: Shutting down and abandoning module CookingStats (55)
[2015.11.30-19.40.48:066][ 14]LogModuleManager: Shutting down and abandoning module DerivedDataCache (54)
[2015.11.30-19.40.48:098][ 14]LogDerivedDataCache: Shutdown
[2015.11.30-19.40.48:098][ 14]LogModuleManager: Shutting down and abandoning module ShaderFormatOpenGL (53)
[2015.11.30-19.40.48:098][ 14]LogModuleManager: Shutting down and abandoning module ShaderFormatD3D (52)
[2015.11.30-19.40.48:099][ 14]LogModuleManager: Shutting down and abandoning module MetalShaderFormat (51)
[2015.11.30-19.40.48:099][ 14]LogModuleManager: Shutting down and abandoning module TextureFormatUncompressed (50)
[2015.11.30-19.40.48:099][ 14]LogModuleManager: Shutting down and abandoning module TextureFormatPVR (49)
[2015.11.30-19.40.48:099][ 14]LogModuleManager: Shutting down and abandoning module TextureFormatIntelISPCTexComp (48)
[2015.11.30-19.40.48:100][ 14]LogModuleManager: Shutting down and abandoning module TextureFormatDXT (47)
[2015.11.30-19.40.48:100][ 14]LogModuleManager: Shutting down and abandoning module ImageWrapper (46)
[2015.11.30-19.40.48:100][ 14]LogModuleManager: Shutting down and abandoning module TextureFormatASTC (45)
[2015.11.30-19.40.48:100][ 14]LogModuleManager: Shutting down and abandoning module TextureFormatAndroid (44)
[2015.11.30-19.40.48:100][ 14]LogModuleManager: Shutting down and abandoning module AudioFormatOpus (43)
[2015.11.30-19.40.48:101][ 14]LogModuleManager: Shutting down and abandoning module AudioFormatOgg (42)
[2015.11.30-19.40.48:101][ 14]LogModuleManager: Shutting down and abandoning module AudioFormatADPCM (41)
[2015.11.30-19.40.48:101][ 14]LogModuleManager: Shutting down and abandoning module LinuxTargetPlatform (40)
[2015.11.30-19.40.48:102][ 14]LogModuleManager: Shutting down and abandoning module LinuxServerTargetPlatform (39)
[2015.11.30-19.40.48:102][ 14]LogModuleManager: Shutting down and abandoning module LinuxNoEditorTargetPlatform (38)
[2015.11.30-19.40.48:103][ 14]LogModuleManager: Shutting down and abandoning module Messaging (37)
[2015.11.30-19.40.48:103][ 14]LogModuleManager: Shutting down and abandoning module IOSTargetPlatform (36)
[2015.11.30-19.40.48:103][ 14]LogModuleManager: Shutting down and abandoning module HTML5TargetPlatform (35)
[2015.11.30-19.40.48:103][ 14]LogModuleManager: Shutting down and abandoning module Android_PVRTCTargetPlatform (34)
[2015.11.30-19.40.48:103][ 14]LogModuleManager: Shutting down and abandoning module Android_ETC2TargetPlatform (33)
[2015.11.30-19.40.48:104][ 14]LogModuleManager: Shutting down and abandoning module Android_ETC1TargetPlatform (32)
[2015.11.30-19.40.48:104][ 14]LogModuleManager: Shutting down and abandoning module Android_DXTTargetPlatform (31)
[2015.11.30-19.40.48:105][ 14]LogModuleManager: Shutting down and abandoning module Android_ATCTargetPlatform (30)
[2015.11.30-19.40.48:105][ 14]LogModuleManager: Shutting down and abandoning module Android_ASTCTargetPlatform (29)
[2015.11.30-19.40.48:106][ 14]LogModuleManager: Shutting down and abandoning module AndroidTargetPlatform (28)
[2015.11.30-19.40.48:106][ 14]LogModuleManager: Shutting down and abandoning module WindowsTargetPlatform (27)
[2015.11.30-19.40.48:106][ 14]LogModuleManager: Shutting down and abandoning module WindowsServerTargetPlatform (26)
[2015.11.30-19.40.48:107][ 14]LogModuleManager: Shutting down and abandoning module WindowsNoEditorTargetPlatform (25)
[2015.11.30-19.40.48:107][ 14]LogModuleManager: Shutting down and abandoning module WindowsClientTargetPlatform (24)
[2015.11.30-19.40.48:108][ 14]LogModuleManager: Shutting down and abandoning module AllDesktopTargetPlatform (23)
[2015.11.30-19.40.48:108][ 14]LogModuleManager: Shutting down and abandoning module TargetPlatform (22)
[2015.11.30-19.40.48:108][ 14]LogModuleManager: Shutting down and abandoning module InputCore (21)
[2015.11.30-19.40.48:108][ 14]LogModuleManager: Shutting down and abandoning module Settings (20)
[2015.11.30-19.40.48:108][ 14]LogModuleManager: Shutting down and abandoning module OnlineSubsystem (18)
[2015.11.30-19.40.48:108][ 14]LogModuleManager: Shutting down and abandoning module HTTP (17)
[2015.11.30-19.40.50:111][ 14]LogModuleManager: Shutting down and abandoning module XMPP (16)
[2015.11.30-19.40.50:114][ 14]LogModuleManager: Shutting down and abandoning module ExampleDeviceProfileSelector (15)
[2015.11.30-19.40.50:114][ 14]LogModuleManager: Shutting down and abandoning module TextureCompressor (14)
[2015.11.30-19.40.50:114][ 14]LogModuleManager: Shutting down and abandoning module ShaderCore (13)
[2015.11.30-19.40.50:114][ 14]LogModuleManager: Shutting down and abandoning module Landscape (12)
[2015.11.30-19.40.50:114][ 14]LogModuleManager: Shutting down and abandoning module SlateRHIRenderer (11)
[2015.11.30-19.40.50:121][ 14]LogModuleManager: Shutting down and abandoning module OpenGLDrv (10)
[2015.11.30-19.40.50:121][ 14]LogModuleManager: Shutting down and abandoning module D3D11RHI (9)
[2015.11.30-19.40.50:121][ 14]LogModuleManager: Shutting down and abandoning module AnimGraphRuntime (8)
[2015.11.30-19.40.50:122][ 14]LogModuleManager: Shutting down and abandoning module Renderer (7)
[2015.11.30-19.40.50:122][ 14]LogModuleManager: Shutting down and abandoning module Engine (6)
[2015.11.30-19.40.50:122][ 14]LogModuleManager: Shutting down and abandoning module CoreUObject (5)
[2015.11.30-19.40.50:122][ 14]LogModuleManager: Shutting down and abandoning module NetworkFile (4)
[2015.11.30-19.40.50:122][ 14]LogModuleManager: Shutting down and abandoning module StreamingFile (3)
[2015.11.30-19.40.50:123][ 14]LogModuleManager: Shutting down and abandoning module SandboxFile (2)
[2015.11.30-19.40.50:123][ 14]LogModuleManager: Shutting down and abandoning module PakFile (1)
[2015.11.30-19.40.50:126][ 14]LogExit: Exiting.
[2015.11.30-19.40.50:133][ 14]Log file closed, 11/30/15 20:40:50
