[2015.12.03-15.11.08:794][  0]Log file open, 12/03/15 16:11:08
[2015.12.03-15.11.08:794][  0]LogInit:Display: Running engine for game: StarFox
[2015.12.03-15.11.08:794][  0]LogInit:Display: RandInit(-387402325) SRandInit(-387402325).
[2015.12.03-15.11.08:794][  0]LogTaskGraph: Started task graph with 4 named threads and 7 total threads.
[2015.12.03-15.11.08:794][  0]LogStats: Stats thread started at 0.073834
[2015.12.03-15.11.08:794][  0]LogInit:Warning: Incompatible or missing module: UE4Editor-StarFox.dll
[2015.12.03-15.11.09:691][  0]LogExit: Preparing to exit.
[2015.12.03-15.11.09:691][  0]LogModuleManager: Shutting down and abandoning module TextureCompressor (14)
[2015.12.03-15.11.09:691][  0]LogModuleManager: Shutting down and abandoning module ShaderCore (13)
[2015.12.03-15.11.09:691][  0]LogModuleManager: Shutting down and abandoning module Landscape (12)
[2015.12.03-15.11.09:691][  0]LogModuleManager: Shutting down and abandoning module SlateRHIRenderer (11)
[2015.12.03-15.11.09:691][  0]LogModuleManager: Shutting down and abandoning module OpenGLDrv (10)
[2015.12.03-15.11.09:691][  0]LogModuleManager: Shutting down and abandoning module D3D11RHI (9)
[2015.12.03-15.11.09:691][  0]LogModuleManager: Shutting down and abandoning module AnimGraphRuntime (8)
[2015.12.03-15.11.09:691][  0]LogModuleManager: Shutting down and abandoning module Renderer (7)
[2015.12.03-15.11.09:691][  0]LogModuleManager: Shutting down and abandoning module Engine (6)
[2015.12.03-15.11.09:691][  0]LogModuleManager: Shutting down and abandoning module CoreUObject (5)
[2015.12.03-15.11.09:691][  0]LogModuleManager: Shutting down and abandoning module NetworkFile (4)
[2015.12.03-15.11.09:691][  0]LogModuleManager: Shutting down and abandoning module StreamingFile (3)
[2015.12.03-15.11.09:691][  0]LogModuleManager: Shutting down and abandoning module SandboxFile (2)
[2015.12.03-15.11.09:691][  0]LogModuleManager: Shutting down and abandoning module PakFile (1)
[2015.12.03-15.11.09:692][  0]LogExit: Exiting.
[2015.12.03-15.11.09:692][  0]Log file closed, 12/03/15 16:11:09
