[2015.11.24-14.40.09:140][  0]Log file open, 11/24/15 15:40:09
[2015.11.24-14.40.09:140][  0]LogInit:Display: Running engine for game: StarFox
[2015.11.24-14.40.09:140][  0]LogInit:Display: RandInit(2102948708) SRandInit(2102948708).
[2015.11.24-14.40.09:140][  0]LogTaskGraph: Started task graph with 4 named threads and 7 total threads.
[2015.11.24-14.40.09:140][  0]LogStats: Stats thread started at 0.072474
[2015.11.24-14.40.09:140][  0]LogInit: Version: 4.9.2-2707645+++depot+UE4-Releases+4.9
[2015.11.24-14.40.09:140][  0]LogInit: API Version: 2672455
[2015.11.24-14.40.09:140][  0]LogInit: Compiled (64-bit): Sep 28 2015 10:25:44
[2015.11.24-14.40.09:140][  0]LogInit: Compiled with Visual C++: 18.00.21005.01
[2015.11.24-14.40.09:140][  0]LogInit: Build Configuration: Development
[2015.11.24-14.40.09:140][  0]LogInit: Branch Name: ++depot+UE4-Releases+4.9
[2015.11.24-14.40.09:140][  0]LogInit: Command line:  
[2015.11.24-14.40.09:140][  0]LogInit: Base directory: C:/Program Files/Epic Games/4.9/Engine/Binaries/Win64/
[2015.11.24-14.40.09:140][  0]LogInit: Rocket: 1
[2015.11.24-14.40.09:147][  0]LogInit: Using libcurl 7.41.0
[2015.11.24-14.40.09:147][  0]LogInit:  - built for x86_64-pc-win32
[2015.11.24-14.40.09:147][  0]LogInit:  - supports SSL with WinSSL
[2015.11.24-14.40.09:147][  0]LogInit:  - other features:
[2015.11.24-14.40.09:147][  0]LogInit:      CURL_VERSION_SSL
[2015.11.24-14.40.09:147][  0]LogInit:      CURL_VERSION_IPV6
[2015.11.24-14.40.09:147][  0]LogInit:      CURL_VERSION_ASYNCHDNS
[2015.11.24-14.40.09:147][  0]LogInit:      CURL_VERSION_LARGEFILE
[2015.11.24-14.40.09:147][  0]LogInit:      CURL_VERSION_IDN
[2015.11.24-14.40.09:147][  0]LogInit:  CurlRequestOptions (configurable via config and command line):
[2015.11.24-14.40.09:147][  0]LogInit:  - bVerifyPeer = true  - Libcurl will verify peer certificate
[2015.11.24-14.40.09:147][  0]LogInit:  - bUseHttpProxy = false  - Libcurl will NOT use HTTP proxy
[2015.11.24-14.40.09:147][  0]LogInit:  - bDontReuseConnections = false  - Libcurl will reuse connections
[2015.11.24-14.40.09:147][  0]LogInit:  - CertBundlePath = nullptr  - Libcurl will use whatever was configured at build time.
[2015.11.24-14.40.09:153][  0]LogInit: Presizing for 0 objects not considered by GC, pre-allocating 0 bytes.
[2015.11.24-14.40.09:158][  0]LogInit: Object subsystem initialized
[2015.11.24-14.40.09:160][  0]LogInit: Selected Device Profile: [Windows]
[2015.11.24-14.40.09:160][  0]LogInit: Applying CVar settings loaded from the selected device profile: [Windows]
[2015.11.24-14.40.09:168][  0]LogInit: Computer: SpellabbA333-04
[2015.11.24-14.40.09:168][  0]LogInit: User: Spellabbet
[2015.11.24-14.40.09:168][  0]LogInit: CPU Page size=4096, Cores=4
[2015.11.24-14.40.09:168][  0]LogInit: High frequency timer resolution =3.507518 MHz
[2015.11.24-14.40.09:168][  0]LogMemory: Memory total: Physical=15.9GB (16GB approx)
[2015.11.24-14.40.09:168][  0]LogMemory: Platform Memory Stats for Windows
[2015.11.24-14.40.09:168][  0]LogMemory: Process Physical Memory: 52.20 MB used, 52.20 MB peak
[2015.11.24-14.40.09:168][  0]LogMemory: Process Virtual Memory: 55.95 MB used, 55.95 MB peak
[2015.11.24-14.40.09:168][  0]LogMemory: Physical Memory: 4576.88 MB used, 16318.82 MB total
[2015.11.24-14.40.09:168][  0]LogMemory: Virtual Memory: 348.31 MB used, 134217728.00 MB total
[2015.11.24-14.40.09:196][  0]LogTextLocalizationManager: No translations for ('sv-SE') exist, falling back to 'en' for localization and internationalization data.
[2015.11.24-14.40.09:802][  0]LogD3D11RHI: Found D3D11 adapter 0: NVIDIA GeForce GTX 960 (Feature Level 11_0)
[2015.11.24-14.40.09:803][  0]LogD3D11RHI: Adapter has 1965MB of dedicated video memory, 0MB of dedicated system memory, and 2048MB of shared system memory, 1 output[s]
[2015.11.24-14.40.09:803][  0]LogD3D11RHI: Found D3D11 adapter 1: Microsoft Basic Render Driver (Feature Level 11_0)
[2015.11.24-14.40.09:803][  0]LogD3D11RHI: Adapter has 0MB of dedicated video memory, 0MB of dedicated system memory, and 256MB of shared system memory, 0 output[s]
[2015.11.24-14.40.09:803][  0]LogD3D11RHI: Chosen D3D11 Adapter Id = 0
[2015.11.24-14.40.09:806][  0]LogD3D11RHI: !Direct3DDevice
[2015.11.24-14.40.09:806][  0]LogRHI: Texture pool is 1361 MB (70% of 1945 MB)
[2015.11.24-14.40.09:815][  0]LogD3D11RHI: Async texture creation enabled
[2015.11.24-14.40.09:831][  0]LogShaderCompilers: Guid format shader working directory is 16 characters bigger than the processId version (../../../../../../Users/Spellabbet/Documents/Unreal Projects/StarFox/Intermediate/Shaders/WorkingDirectory/456/).
[2015.11.24-14.40.09:831][  0]LogShaderCompilers: Cleaned the shader compiler working directory '../../../../../../Users/Spellabbet/Documents/Unreal Projects/StarFox/Intermediate/Shaders/tmp/37814E7A48FD383467A5E2B1C2748AB7/'.
[2015.11.24-14.40.09:831][  0]LogShaderCompilers:Display: Using Local Shader Compiler.
[2015.11.24-14.40.10:730][  0]LogTemp:Display: Loaded TP AllDesktopTargetPlatform
[2015.11.24-14.40.10:734][  0]LogTemp:Display: Loaded TP WindowsClientTargetPlatform
[2015.11.24-14.40.10:739][  0]LogTemp:Display: Loaded TP WindowsNoEditorTargetPlatform
[2015.11.24-14.40.10:743][  0]LogTemp:Display: Loaded TP WindowsServerTargetPlatform
[2015.11.24-14.40.10:747][  0]LogTemp:Display: Loaded TP WindowsTargetPlatform
[2015.11.24-14.40.10:749][  0]LogTemp:Display: Loaded TP AndroidTargetPlatform
[2015.11.24-14.40.10:752][  0]LogTemp:Display: Loaded TP Android_ASTCTargetPlatform
[2015.11.24-14.40.10:755][  0]LogTemp:Display: Loaded TP Android_ATCTargetPlatform
[2015.11.24-14.40.10:758][  0]LogTemp:Display: Loaded TP Android_DXTTargetPlatform
[2015.11.24-14.40.10:760][  0]LogTemp:Display: Loaded TP Android_ETC1TargetPlatform
[2015.11.24-14.40.10:763][  0]LogTemp:Display: Loaded TP Android_ETC2TargetPlatform
[2015.11.24-14.40.10:766][  0]LogTemp:Display: Loaded TP Android_PVRTCTargetPlatform
[2015.11.24-14.40.10:767][  0]LogTemp:Display: Loaded TP HTML5TargetPlatform
[2015.11.24-14.40.10:783][  0]LogTemp:Display: Loaded TP IOSTargetPlatform
[2015.11.24-14.40.10:785][  0]LogTemp:Display: Loaded TP LinuxNoEditorTargetPlatform
[2015.11.24-14.40.10:788][  0]LogTemp:Display: Loaded TP LinuxServerTargetPlatform
[2015.11.24-14.40.10:790][  0]LogTemp:Display: Loaded TP LinuxTargetPlatform
[2015.11.24-14.40.10:790][  0]LogTargetPlatformManager:Display: Building Assets For Windows
[2015.11.24-14.40.10:891][  0]LogDerivedDataCache:Display: Max Cache Size: 512 MB
[2015.11.24-14.40.10:925][  0]LogDerivedDataCache: Loaded boot cache 0.03s 42MB C:/Users/Spellabbet/AppData/Local/UnrealEngine/4.9/DerivedDataCache/Boot.ddc.
[2015.11.24-14.40.10:925][  0]LogDerivedDataCache:Display: Loaded Boot cache: C:/Users/Spellabbet/AppData/Local/UnrealEngine/4.9/DerivedDataCache/Boot.ddc
[2015.11.24-14.40.10:925][  0]LogDerivedDataCache: FDerivedDataBackendGraph:  Pak pak cache file ../../../../../../Users/Spellabbet/Documents/Unreal Projects/StarFox/DerivedDataCache/DDC.ddp not found, will not use a pak cache.
[2015.11.24-14.40.10:925][  0]LogDerivedDataCache: Unable to find inner node Pak for hierarchical cache Hierarchy.
[2015.11.24-14.40.10:925][  0]LogDerivedDataCache: FDerivedDataBackendGraph:  CompressedPak pak cache file ../../../../../../Users/Spellabbet/Documents/Unreal Projects/StarFox/DerivedDataCache/Compressed.ddp not found, will not use a pak cache.
[2015.11.24-14.40.10:925][  0]LogDerivedDataCache: Unable to find inner node CompressedPak for hierarchical cache Hierarchy.
[2015.11.24-14.40.11:034][  0]LogDerivedDataCache:Display: Pak cache opened for reading ../../../Engine/DerivedDataCache/Compressed.ddp.
[2015.11.24-14.40.11:046][  0]LogDerivedDataCache: Using Local data cache path C:/Users/Spellabbet/AppData/Local/UnrealEngine/Common/DerivedDataCache: Writable
[2015.11.24-14.40.11:199][  0]LogInit: Selected Device Profile: [Windows]
[2015.11.24-14.40.11:201][  0]LogContentStreaming: Texture pool size is 0.000000MB
[2015.11.24-14.40.11:318][  0]LogMeshUtilities: No automatic mesh reduction module available
[2015.11.24-14.40.11:318][  0]LogMeshUtilities: No automatic mesh merging module available
[2015.11.24-14.40.11:514][  0]LogInit: WinSock: version 1.1 (2.2), MaxSocks=32767, MaxUdp=65467
[2015.11.24-14.40.12:104][  0]UdpMessaging: Initializing bridge on interface 0.0.0.0:0 to multicast group 230.0.0.1:6666.
[2015.11.24-14.40.12:239][  0]LogAssetRegistry: FAssetRegistry took 0.0112 seconds to start up
[2015.11.24-14.40.12:420][  0]SourceControl: Info Source control is disabled
[2015.11.24-14.40.12:426][  0]SourceControl: Info Source control is disabled
[2015.11.24-14.40.12:446][  0]SourceControl: Info Source control is disabled
[2015.11.24-14.40.12:472][  0]SourceControl: Info Source control is disabled
[2015.11.24-14.40.12:742][  0]LogLinker:Warning: Asset '../../../Engine/Plugins/Runtime/LeapMotionController/Content/LM_PassthroughMaterial.uasset' has been saved with empty engine version. The asset will be loaded but may be incompatible.
[2015.11.24-14.40.12:878][  0]LogObj: 28377 objects as part of root set at end of initial load.
[2015.11.24-14.40.12:878][  0]LogUObjectAllocator: 6046184 out of 0 bytes used by permanent object pool.
[2015.11.24-14.40.12:926][  0]LogEngine: Initializing Engine...
[2015.11.24-14.40.12:928][  0]LogHMD: Can't find Oculus library dev build: is proper Runtime installed? Version: 0.7.0.0
[2015.11.24-14.40.12:928][  0]LogHMD: SteamVR failed to initialize.  Err: 110
[2015.11.24-14.40.13:025][  0]LogAIModule: Creating AISystem for world NewWorld
[2015.11.24-14.40.13:029][  0]LogInit: XAudio2 using 'Speakers (4- High Definition Audio Device)' : 2 channels at 44.1 kHz using 16 bits per sample (channel mask 0x3)
[2015.11.24-14.40.13:040][  0]LogInit: FAudioDevice initialized.
[2015.11.24-14.40.13:060][  0]LogDerivedDataCache: Saved boot cache 0.02s 41MB C:/Users/Spellabbet/AppData/Local/UnrealEngine/4.9/DerivedDataCache/Boot.ddc.
[2015.11.24-14.40.13:063][  0]LogInit: Texture streaming: Enabled
[2015.11.24-14.40.13:067][  0]LogAnalytics: Creating configured Analytics provider AnalyticsET
[2015.11.24-14.40.13:067][  0]LogAnalytics: [UEEditor.Rocket.Release] APIServer = http://et2.epicgames.com/ET2/. AppVersion = 4.9.2-2707645+++depot+UE4-Releases+4.9
[2015.11.24-14.40.13:067][  0]LogAnalytics: [UEEditor.Rocket.Release] SetUserId 7e3fa46547d3e524ffb1328701b2a07b|99f216c1865e471987722078da7bde5f|060e5e79-a789-49c4-8abd-5d8b330400a7
[2015.11.24-14.40.13:067][  0]LogAnalytics: [UEEditor.Rocket.Release] AnalyticsET::StartSession
[2015.11.24-14.40.13:083][  0]LogInit: Transaction tracking system initialized
[2015.11.24-14.40.13:106][  0]BlueprintLog: New page: Editor Load
[2015.11.24-14.40.13:168][  0]LocalizationService: Info Localization service is disabled
[2015.11.24-14.40.13:257][  0]LogConsoleResponse:Display: 
[2015.11.24-14.40.13:341][  0]LogCook:Display: Done creating registry. It took  0.00s.
[2015.11.24-14.40.13:413][  0]LogFileCache: Scanning file cache for directory 'C:/Users/Spellabbet/Documents/Unreal Projects/StarFox/Content/' took 0.01s
[2015.11.24-14.40.13:413][  0]SourceControl: Info Source control is disabled
[2015.11.24-14.40.21:762][  0]LogWindowsTextInputMethodSystem:Display: IME system now deactivated.
[2015.11.24-14.40.21:764][  0]LogWindowsTextInputMethodSystem:Display: IME system now deactivated.
[2015.11.24-14.40.22:881][  0]LogWindowsTextInputMethodSystem:Display: IME system now deactivated.
[2015.11.24-14.40.22:895][  0]LogWindowsTextInputMethodSystem:Display: IME system now deactivated.
[2015.11.24-14.40.22:896][  0]Cmd: MAP LOAD FILE="../../../../../../Users/Spellabbet/Documents/Unreal Projects/StarFox/Content/StarterContent/Maps/Minimal_Default.umap" TEMPLATE=0 SHOWPROGRESS=1 FEATURELEVEL=3
[2015.11.24-14.40.22:896][  0]LightingResults: New page: Lighting Build
[2015.11.24-14.40.22:899][  0]MapCheck: New page: Map Check
[2015.11.24-14.40.22:900][  0]LightingResults: New page: Lighting Build
[2015.11.24-14.40.22:909][  0]LogParticles: Destroying 0 GPU particle simulations for FXSystem 0x0000007604030400
[2015.11.24-14.40.23:368][  0]LogAIModule: Creating AISystem for world Minimal_Default
[2015.11.24-14.40.23:654][  0]LogEditorServer: Finished looking for orphan Actors (0.000 secs)
[2015.11.24-14.40.23:654][  0]Cmd: MAP CHECKDEP NOCLEARLOG
[2015.11.24-14.40.23:692][  0]MapCheck: Info Map check complete: 0 Error(s), 0 Warning(s), took 37.414ms to complete.
[2015.11.24-14.40.23:692][  0]LogFileHelpers: Loading map 'Minimal_Default' took 0.795
[2015.11.24-14.40.23:694][  0]LogWindowsTextInputMethodSystem:Display: IME system now deactivated.
[2015.11.24-14.40.23:737][  0]LogCollectionManager: Loaded 0 collections in 0.001557 seconds
[2015.11.24-14.40.23:776][  0]LogFileCache: Scanning file cache for directory 'C:/Users/Spellabbet/Documents/Unreal Projects/StarFox/Saved/Collections/' took 0.01s
[2015.11.24-14.40.23:776][  0]LogFileCache: Scanning file cache for directory 'C:/Users/Spellabbet/Documents/Unreal Projects/StarFox/Content/Developers/Spellabbet/Collections/' took 0.01s
[2015.11.24-14.40.23:776][  0]LogFileCache: Scanning file cache for directory 'C:/Users/Spellabbet/Documents/Unreal Projects/StarFox/Content/Collections/' took 0.01s
[2015.11.24-14.40.23:776][  0]LogContentBrowser: Native class hierarchy populated in 0.0062 seconds. Added 1869 classes and 335 folders.
[2015.11.24-14.40.23:780][  0]LogCollectionManager: Rebuilt the GUID cache for 0 collections in 0.000002 seconds
[2015.11.24-14.40.23:786][  0]LogContentBrowser: Native class hierarchy updated for 'WidgetCarousel' in 0.0007 seconds. Added 0 classes and 0 folders.
[2015.11.24-14.40.23:815][  0]LogContentBrowser: Native class hierarchy updated for 'AddContentDialog' in 0.0008 seconds. Added 0 classes and 0 folders.
[2015.11.24-14.40.23:819][  0]LogContentBrowser: Native class hierarchy updated for 'SceneOutliner' in 0.0007 seconds. Added 1 classes and 2 folders.
[2015.11.24-14.40.23:839][  0]LogCrashTracker: Crashtracker disabled due to settings.
[2015.11.24-14.40.23:842][  0]LogUObjectGlobals:Warning: Failed to find object 'Class None.'
[2015.11.24-14.40.23:864][  0]LogStats:Warning: MetaData mismatch. Did you assign a stat to two groups? New //STATGROUP_Threads//SplashScreenThread///Thread_530_0///####STATCAT_Advanced#### old //STATGROUP_Threads//SplashScreenThread///Thread_768_0///####STATCAT_Advanced####
[2015.11.24-14.40.23:864][  0]LogLoad: Full Startup: 15.82 seconds (BP compile: 0.03 seconds)
[2015.11.24-14.40.23:916][  0]LogContentStreaming: Texture pool size now 1000 MB
[2015.11.24-14.40.24:016][  0]LogRenderer: Reallocating scene render targets to support 1208x556 (Frame:2).
[2015.11.24-14.40.24:071][  1]Cmd: UpdateLandscapeEditorData -warnings
[2015.11.24-14.40.24:197][  6]LogAssetRegistry: Asset discovery search completed in 11.9700 seconds
[2015.11.24-14.40.24:197][  6]LogCollectionManager: Rebuilt the object cache for 0 collections in 0.000001 seconds (found 0 objects)
[2015.11.24-14.40.24:197][  6]LogCollectionManager: Fixed up redirectors for 0 collections in 0.000048 seconds (updated 0 objects)
[2015.11.24-14.40.33:945][163]LogBlueprintUserMessages: Early PlayInEditor Detection: Level '/Game/StarterContent/Maps/Minimal_Default.Minimal_Default:PersistentLevel' has LevelScriptBlueprint '/Game/StarterContent/Maps/Minimal_Default.Minimal_Default:PersistentLevel.Minimal_Default' with GeneratedClass '/Game/StarterContent/Maps/Minimal_Default.Minimal_Default_C' with ClassGeneratedBy '/Game/StarterContent/Maps/Minimal_Default.Minimal_Default:PersistentLevel.Minimal_Default'
[2015.11.24-14.40.33:946][163]LogPlayLevel: PlayLevel: No blueprints needed recompiling
[2015.11.24-14.40.33:946][163]PIE: New page: PIE session: Minimal_Default (Nov 24, 2015, 4:40:33 PM)
[2015.11.24-14.40.33:946][163]LogPlayLevel: Creating play world package: /Game/StarterContent/Maps/UEDPIE_0_Minimal_Default
[2015.11.24-14.40.34:029][163]LogPlayLevel: PIE: StaticDuplicateObject took: (0.083327s)
[2015.11.24-14.40.34:030][163]LogAIModule: Creating AISystem for world Minimal_Default
[2015.11.24-14.40.34:030][163]LogPlayLevel: PIE: World Init took: (0.001038s)
[2015.11.24-14.40.34:030][163]LogPlayLevel: PIE: Created PIE world by copying editor world from /Game/StarterContent/Maps/Minimal_Default.Minimal_Default to /Game/StarterContent/Maps/UEDPIE_0_Minimal_Default.Minimal_Default (0.084537s)
[2015.11.24-14.40.34:072][163]LogInit: XAudio2 using 'Speakers (4- High Definition Audio Device)' : 2 channels at 44.1 kHz using 16 bits per sample (channel mask 0x3)
[2015.11.24-14.40.34:076][163]LogInit: FAudioDevice initialized.
[2015.11.24-14.40.34:120][163]LogWorld: Game class is 'StarFoxGameMode'
[2015.11.24-14.40.34:198][163]LogWorld: Bringing World /Game/StarterContent/Maps/UEDPIE_0_Minimal_Default.Minimal_Default up for play (max tick rate 0) at 2015.11.24-15.40.34
[2015.11.24-14.40.34:198][163]LogActor:Warning: GameSession /Game/StarterContent/Maps/UEDPIE_0_Minimal_Default.Minimal_Default:PersistentLevel.GameSession_0 has natively added scene component(s), but none of them were set as the actor's RootComponent - picking one arbitrarily
[2015.11.24-14.40.34:198][163]LogActor:Warning: GameNetworkManager /Game/StarterContent/Maps/UEDPIE_0_Minimal_Default.Minimal_Default:PersistentLevel.GameNetworkManager_0 has natively added scene component(s), but none of them were set as the actor's RootComponent - picking one arbitrarily
[2015.11.24-14.40.34:199][163]LogWorld: Bringing up level for play took: 0.078479
[2015.11.24-14.40.34:201][163]PIE: Info Play in editor start time for /Game/StarterContent/Maps/UEDPIE_0_Minimal_Default 1.216
[2015.11.24-14.40.34:201][163]LogBlueprintUserMessages: Late PlayInEditor Detection: Level '/Game/StarterContent/Maps/Minimal_Default.Minimal_Default:PersistentLevel' has LevelScriptBlueprint '/Game/StarterContent/Maps/Minimal_Default.Minimal_Default:PersistentLevel.Minimal_Default' with GeneratedClass '/Game/StarterContent/Maps/Minimal_Default.Minimal_Default_C' with ClassGeneratedBy '/Game/StarterContent/Maps/Minimal_Default.Minimal_Default:PersistentLevel.Minimal_Default'
[2015.11.24-14.40.36:538][440]LogBlueprintUserMessages: Early EndPlayMap Detection: Level '/Game/StarterContent/Maps/Minimal_Default.Minimal_Default:PersistentLevel' has LevelScriptBlueprint '/Game/StarterContent/Maps/Minimal_Default.Minimal_Default:PersistentLevel.Minimal_Default' with GeneratedClass '/Game/StarterContent/Maps/Minimal_Default.Minimal_Default_C' with ClassGeneratedBy '/Game/StarterContent/Maps/Minimal_Default.Minimal_Default:PersistentLevel.Minimal_Default'
[2015.11.24-14.40.36:593][440]LogBlueprintUserMessages: Late EndPlayMap Detection: Level '/Game/StarterContent/Maps/Minimal_Default.Minimal_Default:PersistentLevel' has LevelScriptBlueprint '/Game/StarterContent/Maps/Minimal_Default.Minimal_Default:PersistentLevel.Minimal_Default' with GeneratedClass '/Game/StarterContent/Maps/Minimal_Default.Minimal_Default_C' with ClassGeneratedBy '/Game/StarterContent/Maps/Minimal_Default.Minimal_Default:PersistentLevel.Minimal_Default'
[2015.11.24-14.40.36:607][440]LogParticles: Destroying 0 GPU particle simulations for FXSystem 0x00000076356D45E0
[2015.11.24-14.40.47:712][712]LogEditorViewport: Clicking on Actor (LMB): StaticMeshActor (Floor)
[2015.11.24-14.40.49:573][927]LogEditorViewport: Clicking on Actor (LMB): PawnWithCamera (PawnWithCamera1)
[2015.11.24-14.41.01:136][281]LogEditorViewport: Clicking on Actor (LMB): BP_Sky_Sphere_C (BP_Sky_Sphere)
[2015.11.24-14.41.02:195][401]LogEditorViewport: Clicking on Actor (LMB): StaticMeshActor (Floor)
[2015.11.24-14.41.03:175][514]Cmd: DELETE
[2015.11.24-14.41.03:175][514]Cmd: ACTOR DELETE
[2015.11.24-14.41.03:176][514]LogEditorActor: Deleted Actor: StaticMeshActor
[2015.11.24-14.41.03:185][514]LogEditorActor: Deleted 1 Actors (0.011 secs)
[2015.11.24-14.41.03:573][561]LogEditorViewport: Clicking on Actor (LMB): StaticMeshActor (Floor)
[2015.11.24-14.41.03:747][578]Cmd: DELETE
[2015.11.24-14.41.03:747][578]Cmd: ACTOR DELETE
[2015.11.24-14.41.03:748][578]LogEditorActor: Deleted Actor: StaticMeshActor
[2015.11.24-14.41.03:758][578]LogEditorActor: Deleted 1 Actors (0.010 secs)
[2015.11.24-14.41.05:051][732]LogBlueprintUserMessages: Early PlayInEditor Detection: Level '/Game/StarterContent/Maps/Minimal_Default.Minimal_Default:PersistentLevel' has LevelScriptBlueprint '/Game/StarterContent/Maps/Minimal_Default.Minimal_Default:PersistentLevel.Minimal_Default' with GeneratedClass '/Game/StarterContent/Maps/Minimal_Default.Minimal_Default_C' with ClassGeneratedBy '/Game/StarterContent/Maps/Minimal_Default.Minimal_Default:PersistentLevel.Minimal_Default'
[2015.11.24-14.41.05:051][732]LogPlayLevel: PlayLevel: No blueprints needed recompiling
[2015.11.24-14.41.05:051][732]PIE: New page: PIE session: Minimal_Default (Nov 24, 2015, 4:41:05 PM)
[2015.11.24-14.41.05:051][732]LogPlayLevel: Creating play world package: /Game/StarterContent/Maps/UEDPIE_0_Minimal_Default
[2015.11.24-14.41.05:124][732]LogPlayLevel: PIE: StaticDuplicateObject took: (0.072601s)
[2015.11.24-14.41.05:125][732]LogAIModule: Creating AISystem for world Minimal_Default
[2015.11.24-14.41.05:126][732]LogPlayLevel: PIE: World Init took: (0.001956s)
[2015.11.24-14.41.05:126][732]LogPlayLevel: PIE: Created PIE world by copying editor world from /Game/StarterContent/Maps/Minimal_Default.Minimal_Default to /Game/StarterContent/Maps/UEDPIE_0_Minimal_Default.Minimal_Default (0.074725s)
[2015.11.24-14.41.05:137][732]LogInit: XAudio2 using 'Speakers (4- High Definition Audio Device)' : 2 channels at 44.1 kHz using 16 bits per sample (channel mask 0x3)
[2015.11.24-14.41.05:142][732]LogInit: FAudioDevice initialized.
[2015.11.24-14.41.05:174][732]LogWorld: Game class is 'StarFoxGameMode'
[2015.11.24-14.41.05:252][732]LogWorld: Bringing World /Game/StarterContent/Maps/UEDPIE_0_Minimal_Default.Minimal_Default up for play (max tick rate 0) at 2015.11.24-15.41.05
[2015.11.24-14.41.05:252][732]LogActor:Warning: GameSession /Game/StarterContent/Maps/UEDPIE_0_Minimal_Default.Minimal_Default:PersistentLevel.GameSession_1 has natively added scene component(s), but none of them were set as the actor's RootComponent - picking one arbitrarily
[2015.11.24-14.41.05:252][732]LogActor:Warning: GameNetworkManager /Game/StarterContent/Maps/UEDPIE_0_Minimal_Default.Minimal_Default:PersistentLevel.GameNetworkManager_1 has natively added scene component(s), but none of them were set as the actor's RootComponent - picking one arbitrarily
[2015.11.24-14.41.05:253][732]LogWorld: Bringing up level for play took: 0.078641
[2015.11.24-14.41.05:254][732]PIE: Info Play in editor start time for /Game/StarterContent/Maps/UEDPIE_0_Minimal_Default 0.269
[2015.11.24-14.41.05:254][732]LogBlueprintUserMessages: Late PlayInEditor Detection: Level '/Game/StarterContent/Maps/Minimal_Default.Minimal_Default:PersistentLevel' has LevelScriptBlueprint '/Game/StarterContent/Maps/Minimal_Default.Minimal_Default:PersistentLevel.Minimal_Default' with GeneratedClass '/Game/StarterContent/Maps/Minimal_Default.Minimal_Default_C' with ClassGeneratedBy '/Game/StarterContent/Maps/Minimal_Default.Minimal_Default:PersistentLevel.Minimal_Default'
[2015.11.24-14.41.06:892][925]LogBlueprintUserMessages: Early EndPlayMap Detection: Level '/Game/StarterContent/Maps/Minimal_Default.Minimal_Default:PersistentLevel' has LevelScriptBlueprint '/Game/StarterContent/Maps/Minimal_Default.Minimal_Default:PersistentLevel.Minimal_Default' with GeneratedClass '/Game/StarterContent/Maps/Minimal_Default.Minimal_Default_C' with ClassGeneratedBy '/Game/StarterContent/Maps/Minimal_Default.Minimal_Default:PersistentLevel.Minimal_Default'
[2015.11.24-14.41.06:923][925]LogBlueprintUserMessages: Late EndPlayMap Detection: Level '/Game/StarterContent/Maps/Minimal_Default.Minimal_Default:PersistentLevel' has LevelScriptBlueprint '/Game/StarterContent/Maps/Minimal_Default.Minimal_Default:PersistentLevel.Minimal_Default' with GeneratedClass '/Game/StarterContent/Maps/Minimal_Default.Minimal_Default_C' with ClassGeneratedBy '/Game/StarterContent/Maps/Minimal_Default.Minimal_Default:PersistentLevel.Minimal_Default'
[2015.11.24-14.41.06:949][926]LogParticles: Destroying 0 GPU particle simulations for FXSystem 0x000000767AF4ACA0
[2015.11.24-14.41.09:672][240]LogEditorViewport: Clicking on Actor (LMB): PawnWithCamera (PawnWithCamera1)
[2015.11.24-14.41.41:563][986]LogEditorViewport: Clicking on Actor (LMB): BP_Sky_Sphere_C (BP_Sky_Sphere)
[2015.11.24-14.41.42:296][ 67]LogEditorViewport: Clicking on Actor (LMB): BP_Sky_Sphere_C (BP_Sky_Sphere)
[2015.11.24-14.41.42:756][121]Cmd: DELETE
[2015.11.24-14.41.42:756][121]Cmd: ACTOR DELETE
[2015.11.24-14.41.42:757][121]LogEditorActor: Deleted Actor: BP_Sky_Sphere_C
[2015.11.24-14.41.42:766][121]LogEditorActor: Deleted 1 Actors (0.010 secs)
[2015.11.24-14.41.46:318][546]LogBlueprintUserMessages: Early PlayInEditor Detection: Level '/Game/StarterContent/Maps/Minimal_Default.Minimal_Default:PersistentLevel' has LevelScriptBlueprint '/Game/StarterContent/Maps/Minimal_Default.Minimal_Default:PersistentLevel.Minimal_Default' with GeneratedClass '/Game/StarterContent/Maps/Minimal_Default.Minimal_Default_C' with ClassGeneratedBy '/Game/StarterContent/Maps/Minimal_Default.Minimal_Default:PersistentLevel.Minimal_Default'
[2015.11.24-14.41.46:318][546]LogPlayLevel: PlayLevel: No blueprints needed recompiling
[2015.11.24-14.41.46:318][546]PIE: New page: PIE session: Minimal_Default (Nov 24, 2015, 4:41:46 PM)
[2015.11.24-14.41.46:318][546]LogPlayLevel: Creating play world package: /Game/StarterContent/Maps/UEDPIE_0_Minimal_Default
[2015.11.24-14.41.46:389][546]LogPlayLevel: PIE: StaticDuplicateObject took: (0.071274s)
[2015.11.24-14.41.46:390][546]LogAIModule: Creating AISystem for world Minimal_Default
[2015.11.24-14.41.46:390][546]LogPlayLevel: PIE: World Init took: (0.001153s)
[2015.11.24-14.41.46:390][546]LogPlayLevel: PIE: Created PIE world by copying editor world from /Game/StarterContent/Maps/Minimal_Default.Minimal_Default to /Game/StarterContent/Maps/UEDPIE_0_Minimal_Default.Minimal_Default (0.072629s)
[2015.11.24-14.41.46:403][546]LogInit: XAudio2 using 'Speakers (4- High Definition Audio Device)' : 2 channels at 44.1 kHz using 16 bits per sample (channel mask 0x3)
[2015.11.24-14.41.46:407][546]LogInit: FAudioDevice initialized.
[2015.11.24-14.41.46:442][546]LogWorld: Game class is 'StarFoxGameMode'
[2015.11.24-14.41.46:523][546]LogWorld: Bringing World /Game/StarterContent/Maps/UEDPIE_0_Minimal_Default.Minimal_Default up for play (max tick rate 0) at 2015.11.24-15.41.46
[2015.11.24-14.41.46:523][546]LogActor:Warning: GameSession /Game/StarterContent/Maps/UEDPIE_0_Minimal_Default.Minimal_Default:PersistentLevel.GameSession_2 has natively added scene component(s), but none of them were set as the actor's RootComponent - picking one arbitrarily
[2015.11.24-14.41.46:523][546]LogActor:Warning: GameNetworkManager /Game/StarterContent/Maps/UEDPIE_0_Minimal_Default.Minimal_Default:PersistentLevel.GameNetworkManager_2 has natively added scene component(s), but none of them were set as the actor's RootComponent - picking one arbitrarily
[2015.11.24-14.41.46:524][546]LogWorld: Bringing up level for play took: 0.080989
[2015.11.24-14.41.46:525][546]PIE: Info Play in editor start time for /Game/StarterContent/Maps/UEDPIE_0_Minimal_Default -0.46
[2015.11.24-14.41.46:525][546]LogBlueprintUserMessages: Late PlayInEditor Detection: Level '/Game/StarterContent/Maps/Minimal_Default.Minimal_Default:PersistentLevel' has LevelScriptBlueprint '/Game/StarterContent/Maps/Minimal_Default.Minimal_Default:PersistentLevel.Minimal_Default' with GeneratedClass '/Game/StarterContent/Maps/Minimal_Default.Minimal_Default_C' with ClassGeneratedBy '/Game/StarterContent/Maps/Minimal_Default.Minimal_Default:PersistentLevel.Minimal_Default'
[2015.11.24-14.41.48:112][733]LogBlueprintUserMessages: Early EndPlayMap Detection: Level '/Game/StarterContent/Maps/Minimal_Default.Minimal_Default:PersistentLevel' has LevelScriptBlueprint '/Game/StarterContent/Maps/Minimal_Default.Minimal_Default:PersistentLevel.Minimal_Default' with GeneratedClass '/Game/StarterContent/Maps/Minimal_Default.Minimal_Default_C' with ClassGeneratedBy '/Game/StarterContent/Maps/Minimal_Default.Minimal_Default:PersistentLevel.Minimal_Default'
[2015.11.24-14.41.48:147][733]LogBlueprintUserMessages: Late EndPlayMap Detection: Level '/Game/StarterContent/Maps/Minimal_Default.Minimal_Default:PersistentLevel' has LevelScriptBlueprint '/Game/StarterContent/Maps/Minimal_Default.Minimal_Default:PersistentLevel.Minimal_Default' with GeneratedClass '/Game/StarterContent/Maps/Minimal_Default.Minimal_Default_C' with ClassGeneratedBy '/Game/StarterContent/Maps/Minimal_Default.Minimal_Default:PersistentLevel.Minimal_Default'
[2015.11.24-14.41.48:175][734]LogParticles: Destroying 0 GPU particle simulations for FXSystem 0x0000007624FE4540
[2015.11.24-14.41.50:243][980]LogEditorViewport: Clicking on Actor (LMB): PawnWithCamera (PawnWithCamera1)
[2015.11.24-14.42.53:299][998]LogBlueprintUserMessages: Early PlayInEditor Detection: Level '/Game/StarterContent/Maps/Minimal_Default.Minimal_Default:PersistentLevel' has LevelScriptBlueprint '/Game/StarterContent/Maps/Minimal_Default.Minimal_Default:PersistentLevel.Minimal_Default' with GeneratedClass '/Game/StarterContent/Maps/Minimal_Default.Minimal_Default_C' with ClassGeneratedBy '/Game/StarterContent/Maps/Minimal_Default.Minimal_Default:PersistentLevel.Minimal_Default'
[2015.11.24-14.42.53:299][998]LogPlayLevel: PlayLevel: No blueprints needed recompiling
[2015.11.24-14.42.53:299][998]PIE: New page: PIE session: Minimal_Default (Nov 24, 2015, 4:42:53 PM)
[2015.11.24-14.42.53:299][998]LogPlayLevel: Creating play world package: /Game/StarterContent/Maps/UEDPIE_0_Minimal_Default
[2015.11.24-14.42.53:370][998]LogPlayLevel: PIE: StaticDuplicateObject took: (0.070234s)
[2015.11.24-14.42.53:371][998]LogAIModule: Creating AISystem for world Minimal_Default
[2015.11.24-14.42.53:371][998]LogPlayLevel: PIE: World Init took: (0.001209s)
[2015.11.24-14.42.53:371][998]LogPlayLevel: PIE: Created PIE world by copying editor world from /Game/StarterContent/Maps/Minimal_Default.Minimal_Default to /Game/StarterContent/Maps/UEDPIE_0_Minimal_Default.Minimal_Default (0.071623s)
[2015.11.24-14.42.53:411][998]LogInit: XAudio2 using 'Speakers (4- High Definition Audio Device)' : 2 channels at 44.1 kHz using 16 bits per sample (channel mask 0x3)
[2015.11.24-14.42.53:416][998]LogInit: FAudioDevice initialized.
[2015.11.24-14.42.53:446][998]LogWorld: Game class is 'StarFoxGameMode'
[2015.11.24-14.42.53:526][998]LogWorld: Bringing World /Game/StarterContent/Maps/UEDPIE_0_Minimal_Default.Minimal_Default up for play (max tick rate 0) at 2015.11.24-15.42.53
[2015.11.24-14.42.53:526][998]LogActor:Warning: GameSession /Game/StarterContent/Maps/UEDPIE_0_Minimal_Default.Minimal_Default:PersistentLevel.GameSession_3 has natively added scene component(s), but none of them were set as the actor's RootComponent - picking one arbitrarily
[2015.11.24-14.42.53:526][998]LogActor:Warning: GameNetworkManager /Game/StarterContent/Maps/UEDPIE_0_Minimal_Default.Minimal_Default:PersistentLevel.GameNetworkManager_3 has natively added scene component(s), but none of them were set as the actor's RootComponent - picking one arbitrarily
[2015.11.24-14.42.53:528][998]LogWorld: Bringing up level for play took: 0.079715
[2015.11.24-14.42.53:529][998]PIE: Info Play in editor start time for /Game/StarterContent/Maps/UEDPIE_0_Minimal_Default 0.543
[2015.11.24-14.42.53:529][998]LogBlueprintUserMessages: Late PlayInEditor Detection: Level '/Game/StarterContent/Maps/Minimal_Default.Minimal_Default:PersistentLevel' has LevelScriptBlueprint '/Game/StarterContent/Maps/Minimal_Default.Minimal_Default:PersistentLevel.Minimal_Default' with GeneratedClass '/Game/StarterContent/Maps/Minimal_Default.Minimal_Default_C' with ClassGeneratedBy '/Game/StarterContent/Maps/Minimal_Default.Minimal_Default:PersistentLevel.Minimal_Default'
[2015.11.24-14.42.55:576][240]LogBlueprintUserMessages: Early EndPlayMap Detection: Level '/Game/StarterContent/Maps/Minimal_Default.Minimal_Default:PersistentLevel' has LevelScriptBlueprint '/Game/StarterContent/Maps/Minimal_Default.Minimal_Default:PersistentLevel.Minimal_Default' with GeneratedClass '/Game/StarterContent/Maps/Minimal_Default.Minimal_Default_C' with ClassGeneratedBy '/Game/StarterContent/Maps/Minimal_Default.Minimal_Default:PersistentLevel.Minimal_Default'
[2015.11.24-14.42.55:628][240]LogBlueprintUserMessages: Late EndPlayMap Detection: Level '/Game/StarterContent/Maps/Minimal_Default.Minimal_Default:PersistentLevel' has LevelScriptBlueprint '/Game/StarterContent/Maps/Minimal_Default.Minimal_Default:PersistentLevel.Minimal_Default' with GeneratedClass '/Game/StarterContent/Maps/Minimal_Default.Minimal_Default_C' with ClassGeneratedBy '/Game/StarterContent/Maps/Minimal_Default.Minimal_Default:PersistentLevel.Minimal_Default'
[2015.11.24-14.42.55:643][240]LogParticles: Destroying 0 GPU particle simulations for FXSystem 0x000000761CD551C0
[2015.11.24-14.43.05:580][469]Cmd: QUIT_EDITOR
[2015.11.24-14.43.05:837][469]LogExit: Preparing to exit.
[2015.11.24-14.43.06:305][469]LogExit: Editor shut down
[2015.11.24-14.43.06:306][469]LogExit: Transaction tracking system shut down
[2015.11.24-14.43.06:307][469]LogParticles: Destroying 0 GPU particle simulations for FXSystem 0x000000760F807560
[2015.11.24-14.43.06:411][469]LogParticles: Destroying 0 GPU particle simulations for FXSystem 0x000000761715F920
[2015.11.24-14.43.06:411][469]LogParticles: Destroying 0 GPU particle simulations for FXSystem 0x000000761CD57CE0
[2015.11.24-14.43.06:411][469]LogParticles: Destroying 0 GPU particle simulations for FXSystem 0x000000767AA84540
[2015.11.24-14.43.06:411][469]LogExit: Object subsystem successfully closed.
[2015.11.24-14.43.06:423][469]LogD3D11RHI: Shutdown
[2015.11.24-14.43.06:423][469]LogD3D11RHI: CleanupD3DDevice
[2015.11.24-14.43.06:476][469]LogD3D11RHI: ~FD3D11DynamicRHI
[2015.11.24-14.43.06:487][469]LogModuleManager: Shutting down and abandoning module CrashTracker (198)
[2015.11.24-14.43.06:488][469]LogModuleManager: Shutting down and abandoning module SceneOutliner (197)
[2015.11.24-14.43.06:488][469]LogModuleManager: Shutting down and abandoning module SuperSearch (196)
[2015.11.24-14.43.06:488][469]LogModuleManager: Shutting down and abandoning module WidgetCarousel (195)
[2015.11.24-14.43.06:488][469]LogModuleManager: Shutting down and abandoning module AddContentDialog (194)
[2015.11.24-14.43.06:488][469]LogModuleManager: Shutting down and abandoning module EditorWidgets (193)
[2015.11.24-14.43.06:488][469]LogModuleManager: Shutting down and abandoning module CollectionManager (192)
[2015.11.24-14.43.06:488][469]LogModuleManager: Shutting down and abandoning module StatsViewer (191)
[2015.11.24-14.43.06:488][469]LogModuleManager: Shutting down and abandoning module FoliageEdit (190)
[2015.11.24-14.43.06:488][469]LogModuleManager: Shutting down and abandoning module LandscapeEditor (189)
[2015.11.24-14.43.06:488][469]LogModuleManager: Shutting down and abandoning module ActorPickerMode (188)
[2015.11.24-14.43.06:488][469]LogModuleManager: Shutting down and abandoning module GeometryMode (187)
[2015.11.24-14.43.06:488][469]LogModuleManager: Shutting down and abandoning module TextureAlignMode (186)
[2015.11.24-14.43.06:488][469]LogModuleManager: Shutting down and abandoning module BspMode (185)
[2015.11.24-14.43.06:488][469]LogModuleManager: Shutting down and abandoning module PlacementMode (184)
[2015.11.24-14.43.06:488][469]LogModuleManager: Shutting down and abandoning module AutomationWorker (183)
[2015.11.24-14.43.06:488][469]LogModuleManager: Shutting down and abandoning module CharacterAI (182)
[2015.11.24-14.43.06:488][469]LogModuleManager: Shutting down and abandoning module SmartSnapping (181)
[2015.11.24-14.43.06:488][469]LogModuleManager: Shutting down and abandoning module ViewportSnapping (180)
[2015.11.24-14.43.06:488][469]LogModuleManager: Shutting down and abandoning module LogVisualizer (179)
[2015.11.24-14.43.06:489][469]LogModuleManager: Shutting down and abandoning module GameProjectGeneration (178)
[2015.11.24-14.43.06:489][469]LogModuleManager: Shutting down and abandoning module IntroTutorials (177)
[2015.11.24-14.43.06:489][469]LogModuleManager: Shutting down and abandoning module EditorLiveStreaming (176)
[2015.11.24-14.43.06:489][469]LogModuleManager: Shutting down and abandoning module IOSPlatformEditor (175)
[2015.11.24-14.43.06:489][469]LogModuleManager: Shutting down and abandoning module HTML5PlatformEditor (174)
[2015.11.24-14.43.06:489][469]LogModuleManager: Shutting down and abandoning module AndroidDeviceDetection (173)
[2015.11.24-14.43.07:344][469]LogModuleManager: Shutting down and abandoning module AndroidPlatformEditor (172)
[2015.11.24-14.43.07:344][469]LogModuleManager: Shutting down and abandoning module IOSRuntimeSettings (171)
[2015.11.24-14.43.07:344][469]LogModuleManager: Shutting down and abandoning module AndroidRuntimeSettings (170)
[2015.11.24-14.43.07:344][469]LogModuleManager: Shutting down and abandoning module MergeActors (169)
[2015.11.24-14.43.07:344][469]LogModuleManager: Shutting down and abandoning module SizeMap (168)
[2015.11.24-14.43.07:344][469]LogModuleManager: Shutting down and abandoning module TreeMap (167)
[2015.11.24-14.43.07:344][469]LogModuleManager: Shutting down and abandoning module ReferenceViewer (166)
[2015.11.24-14.43.07:344][469]LogModuleManager: Shutting down and abandoning module LocalizationService (165)
[2015.11.24-14.43.07:344][469]LogModuleManager: Shutting down and abandoning module LocalizationDashboard (164)
[2015.11.24-14.43.07:344][469]LogModuleManager: Shutting down and abandoning module HardwareTargeting (163)
[2015.11.24-14.43.07:344][469]LogModuleManager: Shutting down and abandoning module DeviceProfileEditor (162)
[2015.11.24-14.43.07:344][469]LogModuleManager: Shutting down and abandoning module UndoHistory (161)
[2015.11.24-14.43.07:344][469]LogModuleManager: Shutting down and abandoning module GameplayTagsEditor (160)
[2015.11.24-14.43.07:344][469]LogModuleManager: Shutting down and abandoning module UserFeedback (159)
[2015.11.24-14.43.07:344][469]LogModuleManager: Shutting down and abandoning module XmlParser (158)
[2015.11.24-14.43.07:344][469]LogModuleManager: Shutting down and abandoning module Blutility (157)
[2015.11.24-14.43.07:344][469]LogModuleManager: Shutting down and abandoning module ProjectTargetPlatformEditor (156)
[2015.11.24-14.43.07:344][469]LogModuleManager: Shutting down and abandoning module ProjectSettingsViewer (155)
[2015.11.24-14.43.07:344][469]LogModuleManager: Shutting down and abandoning module InputBindingEditor (154)
[2015.11.24-14.43.07:344][469]LogModuleManager: Shutting down and abandoning module EditorSettingsViewer (153)
[2015.11.24-14.43.07:344][469]LogModuleManager: Shutting down and abandoning module SettingsEditor (152)
[2015.11.24-14.43.07:344][469]LogModuleManager: Shutting down and abandoning module ProjectLauncher (151)
[2015.11.24-14.43.07:344][469]LogModuleManager: Shutting down and abandoning module SessionFrontend (150)
[2015.11.24-14.43.07:344][469]LogModuleManager: Shutting down and abandoning module ProfilerClient (149)
[2015.11.24-14.43.07:344][469]LogModuleManager: Shutting down and abandoning module TargetDeviceServices (148)
[2015.11.24-14.43.07:344][469]LogModuleManager: Shutting down and abandoning module DeviceManager (147)
[2015.11.24-14.43.07:344][469]LogModuleManager: Shutting down and abandoning module AutomationController (146)
[2015.11.24-14.43.07:344][469]LogModuleManager: Shutting down and abandoning module AutomationWindow (145)
[2015.11.24-14.43.07:344][469]LogModuleManager: Shutting down and abandoning module Layers (144)
[2015.11.24-14.43.07:344][469]LogModuleManager: Shutting down and abandoning module ComponentVisualizers (143)
[2015.11.24-14.43.07:344][469]LogModuleManager: Shutting down and abandoning module DetailCustomizations (142)
[2015.11.24-14.43.07:344][469]LogModuleManager: Shutting down and abandoning module PackagesDialog (141)
[2015.11.24-14.43.07:344][469]LogModuleManager: Shutting down and abandoning module Persona (140)
[2015.11.24-14.43.07:345][469]LogModuleManager: Shutting down and abandoning module Kismet (139)
[2015.11.24-14.43.07:345][469]LogModuleManager: Shutting down and abandoning module GraphEditor (138)
[2015.11.24-14.43.07:345][469]LogModuleManager: Shutting down and abandoning module ClassViewer (137)
[2015.11.24-14.43.07:345][469]LogModuleManager: Shutting down and abandoning module Toolbox (136)
[2015.11.24-14.43.07:345][469]LogModuleManager: Shutting down and abandoning module ModuleUI (135)
[2015.11.24-14.43.07:345][469]LogModuleManager: Shutting down and abandoning module MovieSceneTools (134)
[2015.11.24-14.43.07:345][469]LogModuleManager: Shutting down and abandoning module OutputLog (133)
[2015.11.24-14.43.07:345][469]LogModuleManager: Shutting down and abandoning module GammaUI (132)
[2015.11.24-14.43.07:345][469]LogModuleManager: Shutting down and abandoning module Documentation (131)
[2015.11.24-14.43.07:345][469]LogModuleManager: Shutting down and abandoning module GameLiveStreaming (130)
[2015.11.24-14.43.07:345][469]LogModuleManager: Shutting down and abandoning module StreamingPauseRendering (129)
[2015.11.24-14.43.07:345][469]LogModuleManager: Shutting down and abandoning module AnalyticsET (128)
[2015.11.24-14.43.07:345][469]LogModuleManager: Shutting down and abandoning module Analytics (127)
[2015.11.24-14.43.07:345][469]LogModuleManager: Shutting down and abandoning module AITestSuite (126)
[2015.11.24-14.43.07:345][469]LogModuleManager: Shutting down and abandoning module GameplayDebugger (125)
[2015.11.24-14.43.07:345][469]LogModuleManager: Shutting down and abandoning module AIModule (124)
[2015.11.24-14.43.07:345][469]LogModuleManager: Shutting down and abandoning module ProfilerService (123)
[2015.11.24-14.43.07:509][469]LogModuleManager: Shutting down and abandoning module TaskGraph (122)
[2015.11.24-14.43.07:509][469]LogModuleManager: Shutting down and abandoning module SlateRemote (121)
[2015.11.24-14.43.07:509][469]LogModuleManager: Shutting down and abandoning module SteamVRController (120)
[2015.11.24-14.43.07:509][469]LogModuleManager: Shutting down and abandoning module SteamVR (119)
[2015.11.24-14.43.07:509][469]LogModuleManager: Shutting down and abandoning module ProceduralMeshComponent (118)
[2015.11.24-14.43.07:509][469]LogModuleManager: Shutting down and abandoning module OculusRift (117)
[2015.11.24-14.43.07:509][469]LogModuleManager: Shutting down and abandoning module OculusLibrary (116)
[2015.11.24-14.43.07:509][469]LogModuleManager: Shutting down and abandoning module LeapMotionController (115)
[2015.11.24-14.43.07:514][469]LogModuleManager: Shutting down and abandoning module CustomMeshComponent (114)
[2015.11.24-14.43.07:514][469]LogModuleManager: Shutting down and abandoning module CableComponent (113)
[2015.11.24-14.43.07:514][469]LogModuleManager: Shutting down and abandoning module ArchVisCharacter (112)
[2015.11.24-14.43.07:514][469]LogModuleManager: Shutting down and abandoning module MessagingDebugger (111)
[2015.11.24-14.43.07:514][469]LogModuleManager: Shutting down and abandoning module MediaPlayerEditor (110)
[2015.11.24-14.43.07:514][469]LogModuleManager: Shutting down and abandoning module HTML5Networking (109)
[2015.11.24-14.43.07:514][469]LogModuleManager: Shutting down and abandoning module SpeedTreeImporter (108)
[2015.11.24-14.43.07:514][469]LogModuleManager: Shutting down and abandoning module PluginBrowser (107)
[2015.11.24-14.43.07:514][469]LogModuleManager: Shutting down and abandoning module EpicSurvey (106)
[2015.11.24-14.43.07:514][469]LogModuleManager: Shutting down and abandoning module DesktopPlatform (105)
[2015.11.24-14.43.07:514][469]LogModuleManager: Shutting down and abandoning module VisualStudioSourceCodeAccess (104)
[2015.11.24-14.43.07:514][469]LogModuleManager: Shutting down and abandoning module UObjectPlugin (103)
[2015.11.24-14.43.07:514][469]LogModuleManager: Shutting down and abandoning module SubversionSourceControl (102)
[2015.11.24-14.43.07:514][469]LogModuleManager: Shutting down and abandoning module PerforceSourceControl (101)
[2015.11.24-14.43.07:514][469]LogModuleManager: Shutting down and abandoning module SourceControl (100)
[2015.11.24-14.43.07:514][469]LogModuleManager: Shutting down and abandoning module GitSourceControl (99)
[2015.11.24-14.43.07:514][469]LogModuleManager: Shutting down and abandoning module LightPropagationVolumeEditor (98)
[2015.11.24-14.43.07:515][469]LogModuleManager: Shutting down and abandoning module PaperTiledImporter (97)
[2015.11.24-14.43.07:515][469]LogModuleManager: Shutting down and abandoning module PaperSpriteSheetImporter (96)
[2015.11.24-14.43.07:515][469]LogModuleManager: Shutting down and abandoning module MeshPaint (95)
[2015.11.24-14.43.07:515][469]LogModuleManager: Shutting down and abandoning module SlateReflector (94)
[2015.11.24-14.43.07:515][469]LogModuleManager: Shutting down and abandoning module HotReload (93)
[2015.11.24-14.43.07:515][469]LogModuleManager: Shutting down and abandoning module MainFrame (92)
[2015.11.24-14.43.07:515][469]LogModuleManager: Shutting down and abandoning module LevelEditor (91)
[2015.11.24-14.43.07:516][469]LogModuleManager: Shutting down and abandoning module DirectoryWatcher (90)
[2015.11.24-14.43.07:516][469]LogModuleManager: Shutting down and abandoning module AssetRegistry (89)
[2015.11.24-14.43.07:630][469]LogModuleManager: Shutting down and abandoning module ContentBrowser (88)
[2015.11.24-14.43.07:630][469]LogModuleManager: Shutting down and abandoning module Paper2DEditor (87)
[2015.11.24-14.43.07:630][469]LogModuleManager: Shutting down and abandoning module StarFox (86)
[2015.11.24-14.43.07:630][469]LogModuleManager: Shutting down and abandoning module UdpMessaging (85)
[2015.11.24-14.43.07:731][469]LogModuleManager: Shutting down and abandoning module LightPropagationVolumeRuntime (84)
[2015.11.24-14.43.07:731][469]LogModuleManager: Shutting down and abandoning module Paper2D (83)
[2015.11.24-14.43.07:731][469]LogModuleManager: Shutting down and abandoning module WindowsMoviePlayer (82)
[2015.11.24-14.43.07:733][469]LogModuleManager: Shutting down and abandoning module Media (81)
[2015.11.24-14.43.07:733][469]LogModuleManager: Shutting down and abandoning module WmfMedia (80)
[2015.11.24-14.43.07:733][469]LogModuleManager: Shutting down and abandoning module OnlineBlueprintSupport (79)
[2015.11.24-14.43.07:733][469]LogModuleManager: Shutting down and abandoning module GameplayTasksEditor (78)
[2015.11.24-14.43.07:733][469]LogModuleManager: Shutting down and abandoning module PropertyEditor (77)
[2015.11.24-14.43.07:733][469]LogModuleManager: Shutting down and abandoning module BehaviorTreeEditor (76)
[2015.11.24-14.43.07:733][469]LogModuleManager: Shutting down and abandoning module FunctionalTesting (75)
[2015.11.24-14.43.07:733][469]LogModuleManager: Shutting down and abandoning module CollisionAnalyzer (74)
[2015.11.24-14.43.07:733][469]LogModuleManager: Shutting down and abandoning module WorkspaceMenuStructure (73)
[2015.11.24-14.43.07:733][469]LogModuleManager: Shutting down and abandoning module MessageLog (72)
[2015.11.24-14.43.07:733][469]LogModuleManager: Shutting down and abandoning module Sequencer (71)
[2015.11.24-14.43.07:733][469]LogModuleManager: Shutting down and abandoning module AssetTools (70)
[2015.11.24-14.43.07:733][469]LogModuleManager: Shutting down and abandoning module UMGEditor (69)
[2015.11.24-14.43.07:733][469]LogModuleManager: Shutting down and abandoning module UMG (68)
[2015.11.24-14.43.07:733][469]LogModuleManager: Shutting down and abandoning module Slate (67)
[2015.11.24-14.43.07:733][469]LogModuleManager: Shutting down and abandoning module EditorStyle (66)
[2015.11.24-14.43.07:735][469]LogModuleManager: Shutting down and abandoning module SessionServices (65)
[2015.11.24-14.43.07:735][469]LogModuleManager: Shutting down and abandoning module SourceCodeAccess (64)
[2015.11.24-14.43.07:735][469]LogModuleManager: Shutting down and abandoning module HeadMountedDisplay (63)
[2015.11.24-14.43.07:735][469]LogModuleManager: Shutting down and abandoning module XAudio2 (62)
[2015.11.24-14.43.07:735][469]LogModuleManager: Shutting down and abandoning module Networking (60)
[2015.11.24-14.43.07:735][469]LogModuleManager: Shutting down and abandoning module Core (59)
[2015.11.24-14.43.07:735][469]LogModuleManager: Shutting down and abandoning module KismetCompiler (58)
[2015.11.24-14.43.07:735][469]LogModuleManager: Shutting down and abandoning module PhysXFormats (57)
[2015.11.24-14.43.07:735][469]LogModuleManager: Shutting down and abandoning module MeshUtilities (56)
[2015.11.24-14.43.07:735][469]LogModuleManager: Shutting down and abandoning module CookingStats (55)
[2015.11.24-14.43.07:737][469]LogModuleManager: Shutting down and abandoning module DerivedDataCache (54)
[2015.11.24-14.43.07:743][469]LogDerivedDataCache: Shutdown
[2015.11.24-14.43.07:743][469]LogModuleManager: Shutting down and abandoning module ShaderFormatOpenGL (53)
[2015.11.24-14.43.07:743][469]LogModuleManager: Shutting down and abandoning module ShaderFormatD3D (52)
[2015.11.24-14.43.07:743][469]LogModuleManager: Shutting down and abandoning module MetalShaderFormat (51)
[2015.11.24-14.43.07:743][469]LogModuleManager: Shutting down and abandoning module TextureFormatUncompressed (50)
[2015.11.24-14.43.07:743][469]LogModuleManager: Shutting down and abandoning module TextureFormatPVR (49)
[2015.11.24-14.43.07:743][469]LogModuleManager: Shutting down and abandoning module TextureFormatIntelISPCTexComp (48)
[2015.11.24-14.43.07:743][469]LogModuleManager: Shutting down and abandoning module TextureFormatDXT (47)
[2015.11.24-14.43.07:743][469]LogModuleManager: Shutting down and abandoning module ImageWrapper (46)
[2015.11.24-14.43.07:743][469]LogModuleManager: Shutting down and abandoning module TextureFormatASTC (45)
[2015.11.24-14.43.07:743][469]LogModuleManager: Shutting down and abandoning module TextureFormatAndroid (44)
[2015.11.24-14.43.07:743][469]LogModuleManager: Shutting down and abandoning module AudioFormatOpus (43)
[2015.11.24-14.43.07:743][469]LogModuleManager: Shutting down and abandoning module AudioFormatOgg (42)
[2015.11.24-14.43.07:743][469]LogModuleManager: Shutting down and abandoning module AudioFormatADPCM (41)
[2015.11.24-14.43.07:743][469]LogModuleManager: Shutting down and abandoning module LinuxTargetPlatform (40)
[2015.11.24-14.43.07:743][469]LogModuleManager: Shutting down and abandoning module LinuxServerTargetPlatform (39)
[2015.11.24-14.43.07:743][469]LogModuleManager: Shutting down and abandoning module LinuxNoEditorTargetPlatform (38)
[2015.11.24-14.43.07:743][469]LogModuleManager: Shutting down and abandoning module Messaging (37)
[2015.11.24-14.43.07:743][469]LogModuleManager: Shutting down and abandoning module IOSTargetPlatform (36)
[2015.11.24-14.43.07:743][469]LogModuleManager: Shutting down and abandoning module HTML5TargetPlatform (35)
[2015.11.24-14.43.07:743][469]LogModuleManager: Shutting down and abandoning module Android_PVRTCTargetPlatform (34)
[2015.11.24-14.43.07:743][469]LogModuleManager: Shutting down and abandoning module Android_ETC2TargetPlatform (33)
[2015.11.24-14.43.07:743][469]LogModuleManager: Shutting down and abandoning module Android_ETC1TargetPlatform (32)
[2015.11.24-14.43.07:743][469]LogModuleManager: Shutting down and abandoning module Android_DXTTargetPlatform (31)
[2015.11.24-14.43.07:743][469]LogModuleManager: Shutting down and abandoning module Android_ATCTargetPlatform (30)
[2015.11.24-14.43.07:743][469]LogModuleManager: Shutting down and abandoning module Android_ASTCTargetPlatform (29)
[2015.11.24-14.43.07:743][469]LogModuleManager: Shutting down and abandoning module AndroidTargetPlatform (28)
[2015.11.24-14.43.07:743][469]LogModuleManager: Shutting down and abandoning module WindowsTargetPlatform (27)
[2015.11.24-14.43.07:743][469]LogModuleManager: Shutting down and abandoning module WindowsServerTargetPlatform (26)
[2015.11.24-14.43.07:743][469]LogModuleManager: Shutting down and abandoning module WindowsNoEditorTargetPlatform (25)
[2015.11.24-14.43.07:743][469]LogModuleManager: Shutting down and abandoning module WindowsClientTargetPlatform (24)
[2015.11.24-14.43.07:743][469]LogModuleManager: Shutting down and abandoning module AllDesktopTargetPlatform (23)
[2015.11.24-14.43.07:743][469]LogModuleManager: Shutting down and abandoning module TargetPlatform (22)
[2015.11.24-14.43.07:743][469]LogModuleManager: Shutting down and abandoning module InputCore (21)
[2015.11.24-14.43.07:743][469]LogModuleManager: Shutting down and abandoning module Settings (20)
[2015.11.24-14.43.07:743][469]LogModuleManager: Shutting down and abandoning module OnlineSubsystem (18)
[2015.11.24-14.43.07:743][469]LogModuleManager: Shutting down and abandoning module HTTP (17)
[2015.11.24-14.43.08:745][469]LogModuleManager: Shutting down and abandoning module XMPP (16)
[2015.11.24-14.43.08:745][469]LogModuleManager: Shutting down and abandoning module ExampleDeviceProfileSelector (15)
[2015.11.24-14.43.08:745][469]LogModuleManager: Shutting down and abandoning module TextureCompressor (14)
[2015.11.24-14.43.08:745][469]LogModuleManager: Shutting down and abandoning module ShaderCore (13)
[2015.11.24-14.43.08:745][469]LogModuleManager: Shutting down and abandoning module Landscape (12)
[2015.11.24-14.43.08:745][469]LogModuleManager: Shutting down and abandoning module SlateRHIRenderer (11)
[2015.11.24-14.43.08:746][469]LogModuleManager: Shutting down and abandoning module OpenGLDrv (10)
[2015.11.24-14.43.08:746][469]LogModuleManager: Shutting down and abandoning module D3D11RHI (9)
[2015.11.24-14.43.08:746][469]LogModuleManager: Shutting down and abandoning module AnimGraphRuntime (8)
[2015.11.24-14.43.08:746][469]LogModuleManager: Shutting down and abandoning module Renderer (7)
[2015.11.24-14.43.08:746][469]LogModuleManager: Shutting down and abandoning module Engine (6)
[2015.11.24-14.43.08:746][469]LogModuleManager: Shutting down and abandoning module CoreUObject (5)
[2015.11.24-14.43.08:746][469]LogModuleManager: Shutting down and abandoning module NetworkFile (4)
[2015.11.24-14.43.08:746][469]LogModuleManager: Shutting down and abandoning module StreamingFile (3)
[2015.11.24-14.43.08:746][469]LogModuleManager: Shutting down and abandoning module SandboxFile (2)
[2015.11.24-14.43.08:746][469]LogModuleManager: Shutting down and abandoning module PakFile (1)
[2015.11.24-14.43.08:746][469]LogExit: Exiting.
[2015.11.24-14.43.08:747][469]Log file closed, 11/24/15 15:43:08
