[2015.11.25-16.13.41:664][  0]Log file open, 11/25/15 17:13:41
[2015.11.25-16.13.41:664][  0]LogInit:Display: Running engine for game: StarFox
[2015.11.25-16.13.41:664][  0]LogInit:Display: RandInit(-646464663) SRandInit(-646464662).
[2015.11.25-16.13.41:664][  0]LogTaskGraph: Started task graph with 4 named threads and 7 total threads.
[2015.11.25-16.13.41:664][  0]LogStats: Stats thread started at 0.073585
[2015.11.25-16.13.41:664][  0]LogInit: Version: 4.9.2-2707645+++depot+UE4-Releases+4.9
[2015.11.25-16.13.41:664][  0]LogInit: API Version: 2672455
[2015.11.25-16.13.41:664][  0]LogInit: Compiled (64-bit): Sep 28 2015 10:25:44
[2015.11.25-16.13.41:664][  0]LogInit: Compiled with Visual C++: 18.00.21005.01
[2015.11.25-16.13.41:664][  0]LogInit: Build Configuration: Development
[2015.11.25-16.13.41:664][  0]LogInit: Branch Name: ++depot+UE4-Releases+4.9
[2015.11.25-16.13.41:664][  0]LogInit: Command line:  
[2015.11.25-16.13.41:664][  0]LogInit: Base directory: C:/Program Files/Epic Games/4.9/Engine/Binaries/Win64/
[2015.11.25-16.13.41:664][  0]LogInit: Rocket: 1
[2015.11.25-16.13.41:672][  0]LogInit: Using libcurl 7.41.0
[2015.11.25-16.13.41:672][  0]LogInit:  - built for x86_64-pc-win32
[2015.11.25-16.13.41:672][  0]LogInit:  - supports SSL with WinSSL
[2015.11.25-16.13.41:672][  0]LogInit:  - other features:
[2015.11.25-16.13.41:672][  0]LogInit:      CURL_VERSION_SSL
[2015.11.25-16.13.41:672][  0]LogInit:      CURL_VERSION_IPV6
[2015.11.25-16.13.41:672][  0]LogInit:      CURL_VERSION_ASYNCHDNS
[2015.11.25-16.13.41:672][  0]LogInit:      CURL_VERSION_LARGEFILE
[2015.11.25-16.13.41:672][  0]LogInit:      CURL_VERSION_IDN
[2015.11.25-16.13.41:672][  0]LogInit:  CurlRequestOptions (configurable via config and command line):
[2015.11.25-16.13.41:672][  0]LogInit:  - bVerifyPeer = true  - Libcurl will verify peer certificate
[2015.11.25-16.13.41:672][  0]LogInit:  - bUseHttpProxy = false  - Libcurl will NOT use HTTP proxy
[2015.11.25-16.13.41:672][  0]LogInit:  - bDontReuseConnections = false  - Libcurl will reuse connections
[2015.11.25-16.13.41:672][  0]LogInit:  - CertBundlePath = nullptr  - Libcurl will use whatever was configured at build time.
[2015.11.25-16.13.41:680][  0]LogInit: Presizing for 0 objects not considered by GC, pre-allocating 0 bytes.
[2015.11.25-16.13.41:686][  0]LogInit: Object subsystem initialized
[2015.11.25-16.13.41:687][  0]LogInit: Selected Device Profile: [Windows]
[2015.11.25-16.13.41:687][  0]LogInit: Applying CVar settings loaded from the selected device profile: [Windows]
[2015.11.25-16.13.41:694][  0]LogInit: Computer: FIDUS
[2015.11.25-16.13.41:694][  0]LogInit: User: Niclas
[2015.11.25-16.13.41:694][  0]LogInit: CPU Page size=4096, Cores=4
[2015.11.25-16.13.41:694][  0]LogInit: High frequency timer resolution =3.386479 MHz
[2015.11.25-16.13.41:694][  0]LogMemory: Memory total: Physical=15.9GB (16GB approx)
[2015.11.25-16.13.41:694][  0]LogMemory: Platform Memory Stats for Windows
[2015.11.25-16.13.41:694][  0]LogMemory: Process Physical Memory: 54.09 MB used, 54.09 MB peak
[2015.11.25-16.13.41:694][  0]LogMemory: Process Virtual Memory: 57.28 MB used, 57.28 MB peak
[2015.11.25-16.13.41:694][  0]LogMemory: Physical Memory: 4803.10 MB used, 16332.28 MB total
[2015.11.25-16.13.41:694][  0]LogMemory: Virtual Memory: 366.22 MB used, 134217728.00 MB total
[2015.11.25-16.13.41:724][  0]LogTextLocalizationManager: No translations for ('sv-SE') exist, falling back to 'en' for localization and internationalization data.
[2015.11.25-16.13.45:556][  0]LogD3D11RHI: Found D3D11 adapter 0: AMD Radeon HD 7800 Series (Feature Level 11_0)
[2015.11.25-16.13.45:556][  0]LogD3D11RHI: Adapter has 2026MB of dedicated video memory, 0MB of dedicated system memory, and 8166MB of shared system memory, 1 output[s]
[2015.11.25-16.13.45:558][  0]LogD3D11RHI: Found D3D11 adapter 1: Microsoft Basic Render Driver (Feature Level 11_0)
[2015.11.25-16.13.45:558][  0]LogD3D11RHI: Adapter has 0MB of dedicated video memory, 0MB of dedicated system memory, and 8166MB of shared system memory, 0 output[s]
[2015.11.25-16.13.45:558][  0]LogD3D11RHI: Chosen D3D11 Adapter Id = 0
[2015.11.25-16.13.45:566][  0]LogD3D11RHI: !Direct3DDevice
[2015.11.25-16.13.45:566][  0]LogRHI: Texture pool is 1361 MB (70% of 1945 MB)
[2015.11.25-16.13.45:573][  0]LogD3D11RHI: Async texture creation disabled: no driver support
[2015.11.25-16.13.45:585][  0]LogShaderCompilers: Guid format shader working directory is 14 characters bigger than the processId version (../../../../../../Users/Niclas/Documents/GitHub/StarFox/StarFox/Intermediate/Shaders/WorkingDirectory/33588/).
[2015.11.25-16.13.45:585][  0]LogShaderCompilers: Cleaned the shader compiler working directory '../../../../../../Users/Niclas/Documents/GitHub/StarFox/StarFox/Intermediate/Shaders/tmp/7851E23542F8559AB8BEF1BD1FCE1B30/'.
[2015.11.25-16.13.45:585][  0]LogShaderCompilers:Display: Using Local Shader Compiler.
[2015.11.25-16.13.46:536][  0]LogTemp:Display: Loaded TP AllDesktopTargetPlatform
[2015.11.25-16.13.46:541][  0]LogTemp:Display: Loaded TP WindowsClientTargetPlatform
[2015.11.25-16.13.46:546][  0]LogTemp:Display: Loaded TP WindowsNoEditorTargetPlatform
[2015.11.25-16.13.46:551][  0]LogTemp:Display: Loaded TP WindowsServerTargetPlatform
[2015.11.25-16.13.46:556][  0]LogTemp:Display: Loaded TP WindowsTargetPlatform
[2015.11.25-16.13.46:559][  0]LogTemp:Display: Loaded TP AndroidTargetPlatform
[2015.11.25-16.13.46:562][  0]LogTemp:Display: Loaded TP Android_ASTCTargetPlatform
[2015.11.25-16.13.46:565][  0]LogTemp:Display: Loaded TP Android_ATCTargetPlatform
[2015.11.25-16.13.46:568][  0]LogTemp:Display: Loaded TP Android_DXTTargetPlatform
[2015.11.25-16.13.46:571][  0]LogTemp:Display: Loaded TP Android_ETC1TargetPlatform
[2015.11.25-16.13.46:574][  0]LogTemp:Display: Loaded TP Android_ETC2TargetPlatform
[2015.11.25-16.13.46:578][  0]LogTemp:Display: Loaded TP Android_PVRTCTargetPlatform
[2015.11.25-16.13.46:578][  0]LogTemp:Display: Loaded TP HTML5TargetPlatform
[2015.11.25-16.13.46:596][  0]LogTemp:Display: Loaded TP IOSTargetPlatform
[2015.11.25-16.13.46:599][  0]LogTemp:Display: Loaded TP LinuxNoEditorTargetPlatform
[2015.11.25-16.13.46:601][  0]LogTemp:Display: Loaded TP LinuxServerTargetPlatform
[2015.11.25-16.13.46:605][  0]LogTemp:Display: Loaded TP LinuxTargetPlatform
[2015.11.25-16.13.46:605][  0]LogTargetPlatformManager:Display: Building Assets For Windows
[2015.11.25-16.13.46:697][  0]LogDerivedDataCache:Display: Max Cache Size: 512 MB
[2015.11.25-16.13.46:733][  0]LogDerivedDataCache: Loaded boot cache 0.04s 42MB C:/Users/Niclas/AppData/Local/UnrealEngine/4.9/DerivedDataCache/Boot.ddc.
[2015.11.25-16.13.46:733][  0]LogDerivedDataCache:Display: Loaded Boot cache: C:/Users/Niclas/AppData/Local/UnrealEngine/4.9/DerivedDataCache/Boot.ddc
[2015.11.25-16.13.46:733][  0]LogDerivedDataCache: FDerivedDataBackendGraph:  Pak pak cache file ../../../../../../Users/Niclas/Documents/GitHub/StarFox/StarFox/DerivedDataCache/DDC.ddp not found, will not use a pak cache.
[2015.11.25-16.13.46:733][  0]LogDerivedDataCache: Unable to find inner node Pak for hierarchical cache Hierarchy.
[2015.11.25-16.13.46:733][  0]LogDerivedDataCache: FDerivedDataBackendGraph:  CompressedPak pak cache file ../../../../../../Users/Niclas/Documents/GitHub/StarFox/StarFox/DerivedDataCache/Compressed.ddp not found, will not use a pak cache.
[2015.11.25-16.13.46:733][  0]LogDerivedDataCache: Unable to find inner node CompressedPak for hierarchical cache Hierarchy.
[2015.11.25-16.13.46:852][  0]LogDerivedDataCache:Display: Pak cache opened for reading ../../../Engine/DerivedDataCache/Compressed.ddp.
[2015.11.25-16.13.46:864][  0]LogDerivedDataCache: Using Local data cache path C:/Users/Niclas/AppData/Local/UnrealEngine/Common/DerivedDataCache: Writable
[2015.11.25-16.13.47:079][  0]LogInit: Selected Device Profile: [Windows]
[2015.11.25-16.13.47:081][  0]LogContentStreaming: Texture pool size is 0.000000MB
[2015.11.25-16.13.47:185][  0]LogMeshUtilities: No automatic mesh reduction module available
[2015.11.25-16.13.47:185][  0]LogMeshUtilities: No automatic mesh merging module available
[2015.11.25-16.13.47:397][  0]LogInit: WinSock: version 1.1 (2.2), MaxSocks=32767, MaxUdp=65467
[2015.11.25-16.13.48:134][  0]UdpMessaging: Initializing bridge on interface 0.0.0.0:0 to multicast group 230.0.0.1:6666.
[2015.11.25-16.13.48:279][  0]LogAssetRegistry: FAssetRegistry took 0.0108 seconds to start up
[2015.11.25-16.13.48:432][  0]SourceControl: Info Source control is disabled
[2015.11.25-16.13.48:443][  0]SourceControl: Info Source control is disabled
[2015.11.25-16.13.48:456][  0]SourceControl: Info Source control is disabled
[2015.11.25-16.13.48:470][  0]SourceControl: Info Source control is disabled
[2015.11.25-16.13.48:639][  0]LogLinker:Warning: Asset '../../../Engine/Plugins/Runtime/LeapMotionController/Content/LM_PassthroughMaterial.uasset' has been saved with empty engine version. The asset will be loaded but may be incompatible.
[2015.11.25-16.13.48:751][  0]LogObj: 28377 objects as part of root set at end of initial load.
[2015.11.25-16.13.48:751][  0]LogUObjectAllocator: 6046184 out of 0 bytes used by permanent object pool.
[2015.11.25-16.13.48:813][  0]LogEngine: Initializing Engine...
[2015.11.25-16.13.48:815][  0]LogHMD: Can't find Oculus library dev build: is proper Runtime installed? Version: 0.7.0.0
[2015.11.25-16.13.48:816][  0]LogHMD: SteamVR failed to initialize.  Err: 110
[2015.11.25-16.13.48:920][  0]LogAIModule: Creating AISystem for world NewWorld
[2015.11.25-16.13.48:934][  0]LogInit: XAudio2 using 'Högtalare (2- Logitech G35 Gaming Headset)' : 2 channels at 44.1 kHz using 16 bits per sample (channel mask 0x3)
[2015.11.25-16.13.48:962][  0]LogInit: FAudioDevice initialized.
[2015.11.25-16.13.48:981][  0]LogDerivedDataCache: Saved boot cache 0.02s 42MB C:/Users/Niclas/AppData/Local/UnrealEngine/4.9/DerivedDataCache/Boot.ddc.
[2015.11.25-16.13.48:984][  0]LogInit: Texture streaming: Enabled
[2015.11.25-16.13.49:003][  0]LogAnalytics: Creating configured Analytics provider AnalyticsET
[2015.11.25-16.13.49:003][  0]LogAnalytics: [UEEditor.Rocket.Release] APIServer = http://et2.epicgames.com/ET2/. AppVersion = 4.9.2-2707645+++depot+UE4-Releases+4.9
[2015.11.25-16.13.49:003][  0]LogAnalytics: [UEEditor.Rocket.Release] SetUserId 8d5f2d8b4e520712a8f1e688fed765ab|99f216c1865e471987722078da7bde5f|50f43dcd-c54f-4aa6-a5c1-e948023fc359
[2015.11.25-16.13.49:003][  0]LogAnalytics: [UEEditor.Rocket.Release] AnalyticsET::StartSession
[2015.11.25-16.13.49:037][  0]LogWindowsTextInputMethodSystem:Display: IME system now deactivated.
[2015.11.25-16.13.49:055][  0]LogInit: Transaction tracking system initialized
[2015.11.25-16.13.49:238][  0]BlueprintLog: New page: Editor Load
[2015.11.25-16.13.49:469][  0]LocalizationService: Info Localization service is disabled
[2015.11.25-16.13.49:549][  0]LogConsoleResponse:Display: 
[2015.11.25-16.13.49:655][  0]LogCook:Display: Done creating registry. It took  0.00s.
[2015.11.25-16.13.49:738][  0]LogFileCache: Scanning file cache for directory 'C:/Users/Niclas/Documents/GitHub/StarFox/StarFox/Content/' took 0.02s
[2015.11.25-16.13.49:738][  0]SourceControl: Info Source control is disabled
[2015.11.25-16.13.49:738][  0]Cmd: MAP LOAD FILE="../../../../../../Users/Niclas/Documents/GitHub/StarFox/StarFox/Content/StarterContent/Maps/Minimal_Default.umap" TEMPLATE=0 SHOWPROGRESS=1 FEATURELEVEL=3
[2015.11.25-16.13.49:738][  0]LightingResults: New page: Lighting Build
[2015.11.25-16.13.49:741][  0]MapCheck: New page: Map Check
[2015.11.25-16.13.49:741][  0]LightingResults: New page: Lighting Build
[2015.11.25-16.13.49:749][  0]LogParticles: Destroying 0 GPU particle simulations for FXSystem 0x000000D7954584A0
[2015.11.25-16.13.50:274][  0]LogAIModule: Creating AISystem for world Minimal_Default
[2015.11.25-16.13.50:716][  0]LogEditorServer: Finished looking for orphan Actors (0.000 secs)
[2015.11.25-16.13.50:716][  0]Cmd: MAP CHECKDEP NOCLEARLOG
[2015.11.25-16.13.50:767][  0]MapCheck: Info Map check complete: 0 Error(s), 0 Warning(s), took 50.511ms to complete.
[2015.11.25-16.13.50:767][  0]LogFileHelpers: Loading map 'Minimal_Default' took 1.029
[2015.11.25-16.13.50:870][  0]LogCollectionManager: Loaded 0 collections in 0.002077 seconds
[2015.11.25-16.13.50:911][  0]LogFileCache: Scanning file cache for directory 'C:/Users/Niclas/Documents/GitHub/StarFox/StarFox/Saved/Collections/' took 0.01s
[2015.11.25-16.13.50:911][  0]LogFileCache: Scanning file cache for directory 'C:/Users/Niclas/Documents/GitHub/StarFox/StarFox/Content/Developers/Niclas/Collections/' took 0.01s
[2015.11.25-16.13.50:911][  0]LogFileCache: Scanning file cache for directory 'C:/Users/Niclas/Documents/GitHub/StarFox/StarFox/Content/Collections/' took 0.01s
[2015.11.25-16.13.50:911][  0]LogContentBrowser: Native class hierarchy populated in 0.0072 seconds. Added 1869 classes and 335 folders.
[2015.11.25-16.13.50:916][  0]LogCollectionManager: Rebuilt the GUID cache for 0 collections in 0.000002 seconds
[2015.11.25-16.13.50:923][  0]LogContentBrowser: Native class hierarchy updated for 'WidgetCarousel' in 0.0014 seconds. Added 0 classes and 0 folders.
[2015.11.25-16.13.50:974][  0]LogContentBrowser: Native class hierarchy updated for 'AddContentDialog' in 0.0013 seconds. Added 0 classes and 0 folders.
[2015.11.25-16.13.50:979][  0]LogContentBrowser: Native class hierarchy updated for 'SceneOutliner' in 0.0013 seconds. Added 1 classes and 2 folders.
[2015.11.25-16.13.51:000][  0]LogCrashTracker: Crashtracker disabled due to settings.
[2015.11.25-16.13.51:003][  0]LogUObjectGlobals:Warning: Failed to find object 'Class None.'
[2015.11.25-16.13.51:025][  0]LogLoad: Full Startup: 10.20 seconds (BP compile: 0.04 seconds)
[2015.11.25-16.13.51:086][  0]LogContentStreaming: Texture pool size now 1000 MB
[2015.11.25-16.13.51:191][  0]LogRenderer: Reallocating scene render targets to support 1208x576 (Frame:2).
[2015.11.25-16.13.51:434][  1]Cmd: UpdateLandscapeEditorData -warnings
[2015.11.25-16.13.51:509][  2]LogAssetRegistry: Asset discovery search completed in 3.2413 seconds
[2015.11.25-16.13.51:509][  2]LogCollectionManager: Rebuilt the object cache for 0 collections in 0.000001 seconds (found 0 objects)
[2015.11.25-16.13.51:509][  2]LogCollectionManager: Fixed up redirectors for 0 collections in 0.000021 seconds (updated 0 objects)
[2015.11.25-16.13.52:972][151]LogBlueprintUserMessages: Early PlayInEditor Detection: Level '/Game/StarterContent/Maps/Minimal_Default.Minimal_Default:PersistentLevel' has LevelScriptBlueprint '/Game/StarterContent/Maps/Minimal_Default.Minimal_Default:PersistentLevel.Minimal_Default' with GeneratedClass '/Game/StarterContent/Maps/Minimal_Default.Minimal_Default_C' with ClassGeneratedBy '/Game/StarterContent/Maps/Minimal_Default.Minimal_Default:PersistentLevel.Minimal_Default'
[2015.11.25-16.13.52:972][151]LogPlayLevel: PlayLevel: No blueprints needed recompiling
[2015.11.25-16.13.52:972][151]PIE: New page: PIE session: Minimal_Default (Nov 25, 2015, 6:13:52 PM)
[2015.11.25-16.13.52:972][151]LogPlayLevel: Creating play world package: /Game/StarterContent/Maps/UEDPIE_0_Minimal_Default
[2015.11.25-16.13.53:065][151]LogPlayLevel: PIE: StaticDuplicateObject took: (0.092545s)
[2015.11.25-16.13.53:066][151]LogAIModule: Creating AISystem for world Minimal_Default
[2015.11.25-16.13.53:066][151]LogPlayLevel: PIE: World Init took: (0.000730s)
[2015.11.25-16.13.53:066][151]LogPlayLevel: PIE: Created PIE world by copying editor world from /Game/StarterContent/Maps/Minimal_Default.Minimal_Default to /Game/StarterContent/Maps/UEDPIE_0_Minimal_Default.Minimal_Default (0.093487s)
[2015.11.25-16.13.53:092][151]LogInit: XAudio2 using 'Högtalare (2- Logitech G35 Gaming Headset)' : 2 channels at 44.1 kHz using 16 bits per sample (channel mask 0x3)
[2015.11.25-16.13.53:106][151]LogInit: FAudioDevice initialized.
[2015.11.25-16.13.53:154][151]LogWorld: Game class is 'StarFoxGameMode'
[2015.11.25-16.13.53:291][151]LogWorld: Bringing World /Game/StarterContent/Maps/UEDPIE_0_Minimal_Default.Minimal_Default up for play (max tick rate 0) at 2015.11.25-17.13.53
[2015.11.25-16.13.53:291][151]LogActor:Warning: GameSession /Game/StarterContent/Maps/UEDPIE_0_Minimal_Default.Minimal_Default:PersistentLevel.GameSession_0 has natively added scene component(s), but none of them were set as the actor's RootComponent - picking one arbitrarily
[2015.11.25-16.13.53:291][151]LogActor:Warning: GameNetworkManager /Game/StarterContent/Maps/UEDPIE_0_Minimal_Default.Minimal_Default:PersistentLevel.GameNetworkManager_0 has natively added scene component(s), but none of them were set as the actor's RootComponent - picking one arbitrarily
[2015.11.25-16.13.53:293][151]LogWorld: Bringing up level for play took: 0.138020
[2015.11.25-16.13.53:294][151]PIE: Info Play in editor start time for /Game/StarterContent/Maps/UEDPIE_0_Minimal_Default 0.186
[2015.11.25-16.13.53:294][151]LogBlueprintUserMessages: Late PlayInEditor Detection: Level '/Game/StarterContent/Maps/Minimal_Default.Minimal_Default:PersistentLevel' has LevelScriptBlueprint '/Game/StarterContent/Maps/Minimal_Default.Minimal_Default:PersistentLevel.Minimal_Default' with GeneratedClass '/Game/StarterContent/Maps/Minimal_Default.Minimal_Default_C' with ClassGeneratedBy '/Game/StarterContent/Maps/Minimal_Default.Minimal_Default:PersistentLevel.Minimal_Default'
[2015.11.25-16.14.22:184][461]LogBlueprintUserMessages: Early EndPlayMap Detection: Level '/Game/StarterContent/Maps/Minimal_Default.Minimal_Default:PersistentLevel' has LevelScriptBlueprint '/Game/StarterContent/Maps/Minimal_Default.Minimal_Default:PersistentLevel.Minimal_Default' with GeneratedClass '/Game/StarterContent/Maps/Minimal_Default.Minimal_Default_C' with ClassGeneratedBy '/Game/StarterContent/Maps/Minimal_Default.Minimal_Default:PersistentLevel.Minimal_Default'
[2015.11.25-16.14.22:219][461]LogBlueprintUserMessages: Late EndPlayMap Detection: Level '/Game/StarterContent/Maps/Minimal_Default.Minimal_Default:PersistentLevel' has LevelScriptBlueprint '/Game/StarterContent/Maps/Minimal_Default.Minimal_Default:PersistentLevel.Minimal_Default' with GeneratedClass '/Game/StarterContent/Maps/Minimal_Default.Minimal_Default_C' with ClassGeneratedBy '/Game/StarterContent/Maps/Minimal_Default.Minimal_Default:PersistentLevel.Minimal_Default'
[2015.11.25-16.14.22:234][461]LogParticles: Destroying 0 GPU particle simulations for FXSystem 0x000000D7A5AB74C0
[2015.11.25-16.14.29:642][792]LogVSAccessor:Warning: Couldn't goto line number '0' in 'C:/Users/Niclas/Documents/GitHub/StarFox/StarFox/Source/StarFox/PawnWithCamera.h'
[2015.11.25-16.14.29:721][792]LogVSAccessor:Warning: Couldn't goto line number '0' in 'C:/Users/Niclas/Documents/GitHub/StarFox/StarFox/Source/StarFox/PawnWithCamera.cpp'
[2015.11.25-16.15.21:856][  4]Recompiling StarFox...
[2015.11.25-16.15.21:856][  4]Launching UnrealBuildTool... [C:/Program Files/Epic Games/4.9/Engine/Binaries/DotNET/UnrealBuildTool.exe StarFox -ModuleWithSuffix StarFox 3275 Win64 Development -editorrecompile -canskiplink "C:/Users/Niclas/Documents/GitHub/StarFox/StarFox/StarFox.uproject" -rocket  -rocket]
[2015.11.25-16.15.21:858][  4]Warning: Starting HotReload took  0.0s.
[2015.11.25-16.16.26:656][706]CompilerResultsLog: New page: Compilation - Nov 25, 2015, 6:16:26 PM
[2015.11.25-16.16.26:656][706]CompilerResultsLog: Info Performing full C++ include scan (hot reloading a new target)
[2015.11.25-16.16.26:656][706]CompilerResultsLog: Info Creating makefile for hot reloading StarFox (game project files are newer)
[2015.11.25-16.16.26:656][706]CompilerResultsLog: Info Compiling game modules for hot reload
[2015.11.25-16.16.26:656][706]CompilerResultsLog: Info Parsing headers for StarFoxEditor
[2015.11.25-16.16.26:656][706]CompilerResultsLog: Info   Running UnrealHeaderTool "C:/Users/Niclas/Documents/GitHub/StarFox/StarFox/StarFox.uproject" "C:\Users\Niclas\Documents\GitHub\StarFox\StarFox\Intermediate\Build\Win64\StarFoxEditor\Development\UnrealHeaderTool.manifest" -LogCmds="loginit warning, logexit warning, logdatabase error" -rocket -installed
[2015.11.25-16.16.26:656][706]CompilerResultsLog: Info Reflection code generated for StarFoxEditor in 8,4016998 seconds
[2015.11.25-16.16.26:656][706]CompilerResultsLog: Info Performing 8 actions (4 in parallel)
[2015.11.25-16.16.26:656][706]CompilerResultsLog: Info [3/8] Resource ModuleVersionResource.rc.inl
[2015.11.25-16.16.26:656][706]CompilerResultsLog: Info [2/8] Resource PCLaunch.rc
[2015.11.25-16.16.26:657][706]CompilerResultsLog: Info PCH.StarFox.h.cpp
[2015.11.25-16.16.26:657][706]CompilerResultsLog: Info StarFoxGameMode.cpp
[2015.11.25-16.16.26:657][706]CompilerResultsLog: Info StarFox.generated.cpp
[2015.11.25-16.16.26:657][706]CompilerResultsLog: Info PawnWithCamera.cpp
[2015.11.25-16.16.26:657][706]CompilerResultsLog: Info StarFox.cpp
[2015.11.25-16.16.26:657][706]CompilerResultsLog:Error: Error C:\Users\Niclas\Documents\GitHub\StarFox\StarFox\Source\StarFox\PawnWithCamera.cpp(98)  : warning C4996: 'FVector2D::SafeNormal': Deprecated due to unclear name, use GetSafeNormal instead. Please update your code to the new API before upgrading to the next release, otherwise your project will no longer compile.
[2015.11.25-16.16.26:657][706]CompilerResultsLog: Info          c:\program files\epic games\4.9\engine\source\runtime\core\public\math\Vector2D.h(389)  : see declaration of 'FVector2D::SafeNormal'
[2015.11.25-16.16.26:657][706]CompilerResultsLog: Info [8/8] Link UE4Editor-StarFox-3275.dll
[2015.11.25-16.16.26:657][706]CompilerResultsLog: Info    Creating library C:\Users\Niclas\Documents\GitHub\StarFox\StarFox\Intermediate/Build/Win64\UE4Editor\Development\UE4Editor-StarFox-3275.lib and object C:\Users\Niclas\Documents\GitHub\StarFox\StarFox\Intermediate/Build/Win64\UE4Editor\Development\UE4Editor-StarFox-3275.exp
[2015.11.25-16.16.26:657][706]CompilerResultsLog: Info -------- End Detailed Actions Stats -----------------------------------------------------------
[2015.11.25-16.16.26:657][706]CompilerResultsLog: Info Total build time: 64,73 seconds
[2015.11.25-16.16.26:657][706]LogMainFrame: MainFrame: Module compiling took 64.806 seconds
[2015.11.25-16.16.26:681][706]LogClass: Could not find existing class PawnWithCamera in package /Script/StarFox for HotReload, assuming new class
[2015.11.25-16.16.26:683][706]LogHotReload: Re-instancing PawnWithCamera after hot-reload.
[2015.11.25-16.16.26:684][706]LogUObjectGlobals:Warning: Guid is in use by SceneComponent /Game/StarterContent/Maps/Minimal_Default.Minimal_Default:PersistentLevel.PawnWithCamera_2.RootComponent and SceneComponent /Game/StarterContent/Maps/Minimal_Default.Minimal_Default:PersistentLevel.PawnWithCamera_0.RootComponent, which should never happen in the editor but could happen at runtime with duplicate level loading or PIE
[2015.11.25-16.16.26:684][706]LogUObjectGlobals:Warning: Guid is in use by SpringArmComponent /Game/StarterContent/Maps/Minimal_Default.Minimal_Default:PersistentLevel.PawnWithCamera_2.CameraSpringArm and SpringArmComponent /Game/StarterContent/Maps/Minimal_Default.Minimal_Default:PersistentLevel.PawnWithCamera_0.CameraSpringArm, which should never happen in the editor but could happen at runtime with duplicate level loading or PIE
[2015.11.25-16.16.26:684][706]LogUObjectGlobals:Warning: Guid is in use by CameraComponent /Game/StarterContent/Maps/Minimal_Default.Minimal_Default:PersistentLevel.PawnWithCamera_2.GameCamera and CameraComponent /Game/StarterContent/Maps/Minimal_Default.Minimal_Default:PersistentLevel.PawnWithCamera_0.GameCamera, which should never happen in the editor but could happen at runtime with duplicate level loading or PIE
[2015.11.25-16.16.26:709][706]LogContentBrowser: Native class hierarchy updated for 'StarFox' in 0.0015 seconds. Added 2 classes and 2 folders.
[2015.11.25-16.16.26:710][706]Warning: HotReload successful (0 functions remapped  0 scriptstructs remapped)
[2015.11.25-16.16.26:756][706]LogContentBrowser: Native class hierarchy populated in 0.0077 seconds. Added 1870 classes and 337 folders.
[2015.11.25-16.16.52:871][453]LogBlueprintUserMessages: Early PlayInEditor Detection: Level '/Game/StarterContent/Maps/Minimal_Default.Minimal_Default:PersistentLevel' has LevelScriptBlueprint '/Game/StarterContent/Maps/Minimal_Default.Minimal_Default:PersistentLevel.Minimal_Default' with GeneratedClass '/Game/StarterContent/Maps/Minimal_Default.Minimal_Default_C' with ClassGeneratedBy '/Game/StarterContent/Maps/Minimal_Default.Minimal_Default:PersistentLevel.Minimal_Default'
[2015.11.25-16.16.52:871][453]LogPlayLevel: PlayLevel: No blueprints needed recompiling
[2015.11.25-16.16.52:871][453]PIE: New page: PIE session: Minimal_Default (Nov 25, 2015, 6:16:52 PM)
[2015.11.25-16.16.52:871][453]LogPlayLevel: Creating play world package: /Game/StarterContent/Maps/UEDPIE_0_Minimal_Default
[2015.11.25-16.16.52:956][453]LogPlayLevel: PIE: StaticDuplicateObject took: (0.084974s)
[2015.11.25-16.16.52:957][453]LogAIModule: Creating AISystem for world Minimal_Default
[2015.11.25-16.16.52:957][453]LogPlayLevel: PIE: World Init took: (0.001008s)
[2015.11.25-16.16.52:957][453]LogPlayLevel: PIE: Created PIE world by copying editor world from /Game/StarterContent/Maps/Minimal_Default.Minimal_Default to /Game/StarterContent/Maps/UEDPIE_0_Minimal_Default.Minimal_Default (0.086153s)
[2015.11.25-16.16.52:980][453]LogInit: XAudio2 using 'Högtalare (2- Logitech G35 Gaming Headset)' : 2 channels at 44.1 kHz using 16 bits per sample (channel mask 0x3)
[2015.11.25-16.16.52:998][453]LogInit: FAudioDevice initialized.
[2015.11.25-16.16.53:030][453]LogWorld: Game class is 'StarFoxGameMode'
[2015.11.25-16.16.53:166][453]LogWorld: Bringing World /Game/StarterContent/Maps/UEDPIE_0_Minimal_Default.Minimal_Default up for play (max tick rate 0) at 2015.11.25-17.16.53
[2015.11.25-16.16.53:166][453]LogActor:Warning: GameSession /Game/StarterContent/Maps/UEDPIE_0_Minimal_Default.Minimal_Default:PersistentLevel.GameSession_1 has natively added scene component(s), but none of them were set as the actor's RootComponent - picking one arbitrarily
[2015.11.25-16.16.53:166][453]LogActor:Warning: GameNetworkManager /Game/StarterContent/Maps/UEDPIE_0_Minimal_Default.Minimal_Default:PersistentLevel.GameNetworkManager_1 has natively added scene component(s), but none of them were set as the actor's RootComponent - picking one arbitrarily
[2015.11.25-16.16.53:167][453]LogWorld: Bringing up level for play took: 0.135928
[2015.11.25-16.16.53:168][453]PIE: Info Play in editor start time for /Game/StarterContent/Maps/UEDPIE_0_Minimal_Default 0.061
[2015.11.25-16.16.53:168][453]LogBlueprintUserMessages: Late PlayInEditor Detection: Level '/Game/StarterContent/Maps/Minimal_Default.Minimal_Default:PersistentLevel' has LevelScriptBlueprint '/Game/StarterContent/Maps/Minimal_Default.Minimal_Default:PersistentLevel.Minimal_Default' with GeneratedClass '/Game/StarterContent/Maps/Minimal_Default.Minimal_Default_C' with ClassGeneratedBy '/Game/StarterContent/Maps/Minimal_Default.Minimal_Default:PersistentLevel.Minimal_Default'
[2015.11.25-16.17.05:273][876]LogBlueprintUserMessages: Early EndPlayMap Detection: Level '/Game/StarterContent/Maps/Minimal_Default.Minimal_Default:PersistentLevel' has LevelScriptBlueprint '/Game/StarterContent/Maps/Minimal_Default.Minimal_Default:PersistentLevel.Minimal_Default' with GeneratedClass '/Game/StarterContent/Maps/Minimal_Default.Minimal_Default_C' with ClassGeneratedBy '/Game/StarterContent/Maps/Minimal_Default.Minimal_Default:PersistentLevel.Minimal_Default'
[2015.11.25-16.17.05:307][876]LogBlueprintUserMessages: Late EndPlayMap Detection: Level '/Game/StarterContent/Maps/Minimal_Default.Minimal_Default:PersistentLevel' has LevelScriptBlueprint '/Game/StarterContent/Maps/Minimal_Default.Minimal_Default:PersistentLevel.Minimal_Default' with GeneratedClass '/Game/StarterContent/Maps/Minimal_Default.Minimal_Default_C' with ClassGeneratedBy '/Game/StarterContent/Maps/Minimal_Default.Minimal_Default:PersistentLevel.Minimal_Default'
[2015.11.25-16.17.05:333][877]LogParticles: Destroying 0 GPU particle simulations for FXSystem 0x000000D7AC437EC0
[2015.11.25-16.17.14:901][116]LogBlueprintUserMessages: Early PlayInEditor Detection: Level '/Game/StarterContent/Maps/Minimal_Default.Minimal_Default:PersistentLevel' has LevelScriptBlueprint '/Game/StarterContent/Maps/Minimal_Default.Minimal_Default:PersistentLevel.Minimal_Default' with GeneratedClass '/Game/StarterContent/Maps/Minimal_Default.Minimal_Default_C' with ClassGeneratedBy '/Game/StarterContent/Maps/Minimal_Default.Minimal_Default:PersistentLevel.Minimal_Default'
[2015.11.25-16.17.14:901][116]LogPlayLevel: PlayLevel: No blueprints needed recompiling
[2015.11.25-16.17.14:901][116]PIE: New page: PIE session: Minimal_Default (Nov 25, 2015, 6:17:14 PM)
[2015.11.25-16.17.14:901][116]LogPlayLevel: Creating play world package: /Game/StarterContent/Maps/UEDPIE_0_Minimal_Default
[2015.11.25-16.17.14:982][116]LogPlayLevel: PIE: StaticDuplicateObject took: (0.081173s)
[2015.11.25-16.17.14:983][116]LogAIModule: Creating AISystem for world Minimal_Default
[2015.11.25-16.17.14:983][116]LogPlayLevel: PIE: World Init took: (0.000661s)
[2015.11.25-16.17.14:983][116]LogPlayLevel: PIE: Created PIE world by copying editor world from /Game/StarterContent/Maps/Minimal_Default.Minimal_Default to /Game/StarterContent/Maps/UEDPIE_0_Minimal_Default.Minimal_Default (0.082022s)
[2015.11.25-16.17.15:006][116]LogInit: XAudio2 using 'Högtalare (2- Logitech G35 Gaming Headset)' : 2 channels at 44.1 kHz using 16 bits per sample (channel mask 0x3)
[2015.11.25-16.17.15:021][116]LogInit: FAudioDevice initialized.
[2015.11.25-16.17.15:056][116]LogWorld: Game class is 'StarFoxGameMode'
[2015.11.25-16.17.15:191][116]LogWorld: Bringing World /Game/StarterContent/Maps/UEDPIE_0_Minimal_Default.Minimal_Default up for play (max tick rate 0) at 2015.11.25-17.17.15
[2015.11.25-16.17.15:191][116]LogActor:Warning: GameSession /Game/StarterContent/Maps/UEDPIE_0_Minimal_Default.Minimal_Default:PersistentLevel.GameSession_2 has natively added scene component(s), but none of them were set as the actor's RootComponent - picking one arbitrarily
[2015.11.25-16.17.15:191][116]LogActor:Warning: GameNetworkManager /Game/StarterContent/Maps/UEDPIE_0_Minimal_Default.Minimal_Default:PersistentLevel.GameNetworkManager_2 has natively added scene component(s), but none of them were set as the actor's RootComponent - picking one arbitrarily
[2015.11.25-16.17.15:192][116]LogWorld: Bringing up level for play took: 0.135588
[2015.11.25-16.17.15:193][116]PIE: Info Play in editor start time for /Game/StarterContent/Maps/UEDPIE_0_Minimal_Default 0.085
[2015.11.25-16.17.15:193][116]LogBlueprintUserMessages: Late PlayInEditor Detection: Level '/Game/StarterContent/Maps/Minimal_Default.Minimal_Default:PersistentLevel' has LevelScriptBlueprint '/Game/StarterContent/Maps/Minimal_Default.Minimal_Default:PersistentLevel.Minimal_Default' with GeneratedClass '/Game/StarterContent/Maps/Minimal_Default.Minimal_Default_C' with ClassGeneratedBy '/Game/StarterContent/Maps/Minimal_Default.Minimal_Default:PersistentLevel.Minimal_Default'
[2015.11.25-16.17.17:309][366]LogBlueprintUserMessages: Early EndPlayMap Detection: Level '/Game/StarterContent/Maps/Minimal_Default.Minimal_Default:PersistentLevel' has LevelScriptBlueprint '/Game/StarterContent/Maps/Minimal_Default.Minimal_Default:PersistentLevel.Minimal_Default' with GeneratedClass '/Game/StarterContent/Maps/Minimal_Default.Minimal_Default_C' with ClassGeneratedBy '/Game/StarterContent/Maps/Minimal_Default.Minimal_Default:PersistentLevel.Minimal_Default'
[2015.11.25-16.17.17:339][366]LogBlueprintUserMessages: Late EndPlayMap Detection: Level '/Game/StarterContent/Maps/Minimal_Default.Minimal_Default:PersistentLevel' has LevelScriptBlueprint '/Game/StarterContent/Maps/Minimal_Default.Minimal_Default:PersistentLevel.Minimal_Default' with GeneratedClass '/Game/StarterContent/Maps/Minimal_Default.Minimal_Default_C' with ClassGeneratedBy '/Game/StarterContent/Maps/Minimal_Default.Minimal_Default:PersistentLevel.Minimal_Default'
[2015.11.25-16.17.17:366][367]LogParticles: Destroying 0 GPU particle simulations for FXSystem 0x000000D7D6C2DE40
[2015.11.25-16.17.18:666][502]Recompiling StarFox...
[2015.11.25-16.17.18:666][502]Launching UnrealBuildTool... [C:/Program Files/Epic Games/4.9/Engine/Binaries/DotNET/UnrealBuildTool.exe StarFox -ModuleWithSuffix StarFox 7939 Win64 Development -editorrecompile -canskiplink "C:/Users/Niclas/Documents/GitHub/StarFox/StarFox/StarFox.uproject" -rocket  -rocket]
[2015.11.25-16.17.18:668][502]Warning: Starting HotReload took  0.0s.
[2015.11.25-16.17.22:172][856]CompilerResultsLog: New page: Compilation - Nov 25, 2015, 6:17:22 PM
[2015.11.25-16.17.22:172][856]CompilerResultsLog: Info Compiling game modules for hot reload
[2015.11.25-16.17.22:172][856]CompilerResultsLog: Info Performing 2 actions (4 in parallel)
[2015.11.25-16.17.22:172][856]CompilerResultsLog: Info PawnWithCamera.cpp
[2015.11.25-16.17.22:172][856]CompilerResultsLog:Error: Error C:\Users\Niclas\Documents\GitHub\StarFox\StarFox\Source\StarFox\PawnWithCamera.cpp(98)  : warning C4996: 'FVector2D::SafeNormal': Deprecated due to unclear name, use GetSafeNormal instead. Please update your code to the new API before upgrading to the next release, otherwise your project will no longer compile.
[2015.11.25-16.17.22:172][856]CompilerResultsLog: Info          c:\program files\epic games\4.9\engine\source\runtime\core\public\math\Vector2D.h(389)  : see declaration of 'FVector2D::SafeNormal'
[2015.11.25-16.17.22:172][856]CompilerResultsLog: Info [2/2] Link UE4Editor-StarFox-7939.dll
[2015.11.25-16.17.22:172][856]CompilerResultsLog: Info    Creating library C:\Users\Niclas\Documents\GitHub\StarFox\StarFox\Intermediate/Build/Win64\UE4Editor\Development\UE4Editor-StarFox-7939.lib and object C:\Users\Niclas\Documents\GitHub\StarFox\StarFox\Intermediate/Build/Win64\UE4Editor\Development\UE4Editor-StarFox-7939.exp
[2015.11.25-16.17.22:172][856]CompilerResultsLog: Info -------- End Detailed Actions Stats -----------------------------------------------------------
[2015.11.25-16.17.22:172][856]CompilerResultsLog: Info Total build time: 3,45 seconds
[2015.11.25-16.17.22:172][856]LogMainFrame: MainFrame: Module compiling took 3.511 seconds
[2015.11.25-16.17.22:198][856]LogContentBrowser: Native class hierarchy updated for 'StarFox' in 0.0015 seconds. Added 2 classes and 2 folders.
[2015.11.25-16.17.22:199][856]Warning: HotReload successful (0 functions remapped  0 scriptstructs remapped)
[2015.11.25-16.17.22:248][856]LogContentBrowser: Native class hierarchy populated in 0.0075 seconds. Added 1870 classes and 337 folders.
[2015.11.25-16.54.14:927][155]LogBlueprintUserMessages: Early PlayInEditor Detection: Level '/Game/StarterContent/Maps/Minimal_Default.Minimal_Default:PersistentLevel' has LevelScriptBlueprint '/Game/StarterContent/Maps/Minimal_Default.Minimal_Default:PersistentLevel.Minimal_Default' with GeneratedClass '/Game/StarterContent/Maps/Minimal_Default.Minimal_Default_C' with ClassGeneratedBy '/Game/StarterContent/Maps/Minimal_Default.Minimal_Default:PersistentLevel.Minimal_Default'
[2015.11.25-16.54.14:927][155]LogPlayLevel: PlayLevel: No blueprints needed recompiling
[2015.11.25-16.54.14:927][155]PIE: New page: PIE session: Minimal_Default (Nov 25, 2015, 6:54:14 PM)
[2015.11.25-16.54.14:927][155]LogPlayLevel: Creating play world package: /Game/StarterContent/Maps/UEDPIE_0_Minimal_Default
[2015.11.25-16.54.15:020][155]LogPlayLevel: PIE: StaticDuplicateObject took: (0.092230s)
[2015.11.25-16.54.15:021][155]LogAIModule: Creating AISystem for world Minimal_Default
[2015.11.25-16.54.15:021][155]LogPlayLevel: PIE: World Init took: (0.001492s)
[2015.11.25-16.54.15:021][155]LogPlayLevel: PIE: Created PIE world by copying editor world from /Game/StarterContent/Maps/Minimal_Default.Minimal_Default to /Game/StarterContent/Maps/UEDPIE_0_Minimal_Default.Minimal_Default (0.093921s)
[2015.11.25-16.54.15:046][155]LogInit: XAudio2 using 'Högtalare (2- Logitech G35 Gaming Headset)' : 2 channels at 44.1 kHz using 16 bits per sample (channel mask 0x3)
[2015.11.25-16.54.15:063][155]LogInit: FAudioDevice initialized.
[2015.11.25-16.54.15:099][155]LogWorld: Game class is 'StarFoxGameMode'
[2015.11.25-16.54.15:235][155]LogWorld: Bringing World /Game/StarterContent/Maps/UEDPIE_0_Minimal_Default.Minimal_Default up for play (max tick rate 0) at 2015.11.25-17.54.15
[2015.11.25-16.54.15:235][155]LogActor:Warning: GameSession /Game/StarterContent/Maps/UEDPIE_0_Minimal_Default.Minimal_Default:PersistentLevel.GameSession_3 has natively added scene component(s), but none of them were set as the actor's RootComponent - picking one arbitrarily
[2015.11.25-16.54.15:235][155]LogActor:Warning: GameNetworkManager /Game/StarterContent/Maps/UEDPIE_0_Minimal_Default.Minimal_Default:PersistentLevel.GameNetworkManager_3 has natively added scene component(s), but none of them were set as the actor's RootComponent - picking one arbitrarily
[2015.11.25-16.54.15:237][155]LogWorld: Bringing up level for play took: 0.137452
[2015.11.25-16.54.15:238][155]PIE: Info Play in editor start time for /Game/StarterContent/Maps/UEDPIE_0_Minimal_Default 0.13
[2015.11.25-16.54.15:238][155]LogBlueprintUserMessages: Late PlayInEditor Detection: Level '/Game/StarterContent/Maps/Minimal_Default.Minimal_Default:PersistentLevel' has LevelScriptBlueprint '/Game/StarterContent/Maps/Minimal_Default.Minimal_Default:PersistentLevel.Minimal_Default' with GeneratedClass '/Game/StarterContent/Maps/Minimal_Default.Minimal_Default_C' with ClassGeneratedBy '/Game/StarterContent/Maps/Minimal_Default.Minimal_Default:PersistentLevel.Minimal_Default'
[2015.11.25-16.54.20:460][773]LogBlueprintUserMessages: Early EndPlayMap Detection: Level '/Game/StarterContent/Maps/Minimal_Default.Minimal_Default:PersistentLevel' has LevelScriptBlueprint '/Game/StarterContent/Maps/Minimal_Default.Minimal_Default:PersistentLevel.Minimal_Default' with GeneratedClass '/Game/StarterContent/Maps/Minimal_Default.Minimal_Default_C' with ClassGeneratedBy '/Game/StarterContent/Maps/Minimal_Default.Minimal_Default:PersistentLevel.Minimal_Default'
[2015.11.25-16.54.20:493][773]LogBlueprintUserMessages: Late EndPlayMap Detection: Level '/Game/StarterContent/Maps/Minimal_Default.Minimal_Default:PersistentLevel' has LevelScriptBlueprint '/Game/StarterContent/Maps/Minimal_Default.Minimal_Default:PersistentLevel.Minimal_Default' with GeneratedClass '/Game/StarterContent/Maps/Minimal_Default.Minimal_Default_C' with ClassGeneratedBy '/Game/StarterContent/Maps/Minimal_Default.Minimal_Default:PersistentLevel.Minimal_Default'
[2015.11.25-16.54.20:507][773]LogParticles: Destroying 0 GPU particle simulations for FXSystem 0x000000D7A5628EA0
[2015.11.25-17.05.27:501][108]LogWindowsTextInputMethodSystem:Display: IME system now deactivated.
[2015.11.25-17.05.27:760][109]Cmd: QUIT_EDITOR
[2015.11.25-17.05.28:191][109]LogExit: Preparing to exit.
[2015.11.25-17.05.28:466][109]LogExit: Editor shut down
[2015.11.25-17.05.28:466][109]LogExit: Transaction tracking system shut down
[2015.11.25-17.05.28:468][109]LogParticles: Destroying 0 GPU particle simulations for FXSystem 0x000000D782417240
[2015.11.25-17.05.28:585][109]LogParticles: Destroying 0 GPU particle simulations for FXSystem 0x000000D7A5D53880
[2015.11.25-17.05.28:586][109]LogParticles: Destroying 0 GPU particle simulations for FXSystem 0x000000D7AC3818A0
[2015.11.25-17.05.28:586][109]LogExit: Object subsystem successfully closed.
[2015.11.25-17.05.28:609][109]LogD3D11RHI: Shutdown
[2015.11.25-17.05.28:609][109]LogD3D11RHI: CleanupD3DDevice
[2015.11.25-17.05.28:612][109]LogD3D11RHI: ~FD3D11DynamicRHI
[2015.11.25-17.05.28:633][109]LogModuleManager: Shutting down and abandoning module CrashTracker (198)
[2015.11.25-17.05.28:633][109]LogModuleManager: Shutting down and abandoning module SceneOutliner (197)
[2015.11.25-17.05.28:633][109]LogModuleManager: Shutting down and abandoning module SuperSearch (196)
[2015.11.25-17.05.28:633][109]LogModuleManager: Shutting down and abandoning module WidgetCarousel (195)
[2015.11.25-17.05.28:633][109]LogModuleManager: Shutting down and abandoning module AddContentDialog (194)
[2015.11.25-17.05.28:635][109]LogModuleManager: Shutting down and abandoning module EditorWidgets (193)
[2015.11.25-17.05.28:635][109]LogModuleManager: Shutting down and abandoning module CollectionManager (192)
[2015.11.25-17.05.28:635][109]LogModuleManager: Shutting down and abandoning module StatsViewer (191)
[2015.11.25-17.05.28:635][109]LogModuleManager: Shutting down and abandoning module FoliageEdit (190)
[2015.11.25-17.05.28:635][109]LogModuleManager: Shutting down and abandoning module LandscapeEditor (189)
[2015.11.25-17.05.28:636][109]LogModuleManager: Shutting down and abandoning module ActorPickerMode (188)
[2015.11.25-17.05.28:636][109]LogModuleManager: Shutting down and abandoning module GeometryMode (187)
[2015.11.25-17.05.28:636][109]LogModuleManager: Shutting down and abandoning module TextureAlignMode (186)
[2015.11.25-17.05.28:636][109]LogModuleManager: Shutting down and abandoning module BspMode (185)
[2015.11.25-17.05.28:636][109]LogModuleManager: Shutting down and abandoning module PlacementMode (184)
[2015.11.25-17.05.28:636][109]LogModuleManager: Shutting down and abandoning module AutomationWorker (183)
[2015.11.25-17.05.28:636][109]LogModuleManager: Shutting down and abandoning module CharacterAI (182)
[2015.11.25-17.05.28:636][109]LogModuleManager: Shutting down and abandoning module SmartSnapping (181)
[2015.11.25-17.05.28:636][109]LogModuleManager: Shutting down and abandoning module ViewportSnapping (180)
[2015.11.25-17.05.28:636][109]LogModuleManager: Shutting down and abandoning module LogVisualizer (179)
[2015.11.25-17.05.28:636][109]LogModuleManager: Shutting down and abandoning module GameProjectGeneration (178)
[2015.11.25-17.05.28:636][109]LogModuleManager: Shutting down and abandoning module IntroTutorials (177)
[2015.11.25-17.05.28:636][109]LogModuleManager: Shutting down and abandoning module EditorLiveStreaming (176)
[2015.11.25-17.05.28:636][109]LogModuleManager: Shutting down and abandoning module IOSPlatformEditor (175)
[2015.11.25-17.05.28:636][109]LogModuleManager: Shutting down and abandoning module HTML5PlatformEditor (174)
[2015.11.25-17.05.28:636][109]LogModuleManager: Shutting down and abandoning module AndroidDeviceDetection (173)
[2015.11.25-17.05.28:999][109]LogModuleManager: Shutting down and abandoning module AndroidPlatformEditor (172)
[2015.11.25-17.05.28:999][109]LogModuleManager: Shutting down and abandoning module IOSRuntimeSettings (171)
[2015.11.25-17.05.28:999][109]LogModuleManager: Shutting down and abandoning module AndroidRuntimeSettings (170)
[2015.11.25-17.05.28:999][109]LogModuleManager: Shutting down and abandoning module MergeActors (169)
[2015.11.25-17.05.28:999][109]LogModuleManager: Shutting down and abandoning module SizeMap (168)
[2015.11.25-17.05.28:999][109]LogModuleManager: Shutting down and abandoning module TreeMap (167)
[2015.11.25-17.05.28:999][109]LogModuleManager: Shutting down and abandoning module ReferenceViewer (166)
[2015.11.25-17.05.28:999][109]LogModuleManager: Shutting down and abandoning module LocalizationService (165)
[2015.11.25-17.05.28:999][109]LogModuleManager: Shutting down and abandoning module LocalizationDashboard (164)
[2015.11.25-17.05.28:999][109]LogModuleManager: Shutting down and abandoning module HardwareTargeting (163)
[2015.11.25-17.05.28:999][109]LogModuleManager: Shutting down and abandoning module DeviceProfileEditor (162)
[2015.11.25-17.05.28:999][109]LogModuleManager: Shutting down and abandoning module UndoHistory (161)
[2015.11.25-17.05.28:999][109]LogModuleManager: Shutting down and abandoning module GameplayTagsEditor (160)
[2015.11.25-17.05.28:999][109]LogModuleManager: Shutting down and abandoning module UserFeedback (159)
[2015.11.25-17.05.28:999][109]LogModuleManager: Shutting down and abandoning module XmlParser (158)
[2015.11.25-17.05.28:999][109]LogModuleManager: Shutting down and abandoning module Blutility (157)
[2015.11.25-17.05.28:999][109]LogModuleManager: Shutting down and abandoning module ProjectTargetPlatformEditor (156)
[2015.11.25-17.05.28:999][109]LogModuleManager: Shutting down and abandoning module ProjectSettingsViewer (155)
[2015.11.25-17.05.28:999][109]LogModuleManager: Shutting down and abandoning module InputBindingEditor (154)
[2015.11.25-17.05.28:999][109]LogModuleManager: Shutting down and abandoning module EditorSettingsViewer (153)
[2015.11.25-17.05.28:999][109]LogModuleManager: Shutting down and abandoning module SettingsEditor (152)
[2015.11.25-17.05.28:999][109]LogModuleManager: Shutting down and abandoning module ProjectLauncher (151)
[2015.11.25-17.05.28:999][109]LogModuleManager: Shutting down and abandoning module SessionFrontend (150)
[2015.11.25-17.05.28:999][109]LogModuleManager: Shutting down and abandoning module ProfilerClient (149)
[2015.11.25-17.05.28:999][109]LogModuleManager: Shutting down and abandoning module TargetDeviceServices (148)
[2015.11.25-17.05.28:999][109]LogModuleManager: Shutting down and abandoning module DeviceManager (147)
[2015.11.25-17.05.28:999][109]LogModuleManager: Shutting down and abandoning module AutomationController (146)
[2015.11.25-17.05.28:999][109]LogModuleManager: Shutting down and abandoning module AutomationWindow (145)
[2015.11.25-17.05.29:000][109]LogModuleManager: Shutting down and abandoning module Layers (144)
[2015.11.25-17.05.29:000][109]LogModuleManager: Shutting down and abandoning module ComponentVisualizers (143)
[2015.11.25-17.05.29:000][109]LogModuleManager: Shutting down and abandoning module DetailCustomizations (142)
[2015.11.25-17.05.29:000][109]LogModuleManager: Shutting down and abandoning module PackagesDialog (141)
[2015.11.25-17.05.29:000][109]LogModuleManager: Shutting down and abandoning module Persona (140)
[2015.11.25-17.05.29:000][109]LogModuleManager: Shutting down and abandoning module Kismet (139)
[2015.11.25-17.05.29:000][109]LogModuleManager: Shutting down and abandoning module GraphEditor (138)
[2015.11.25-17.05.29:000][109]LogModuleManager: Shutting down and abandoning module ClassViewer (137)
[2015.11.25-17.05.29:000][109]LogModuleManager: Shutting down and abandoning module Toolbox (136)
[2015.11.25-17.05.29:000][109]LogModuleManager: Shutting down and abandoning module ModuleUI (135)
[2015.11.25-17.05.29:000][109]LogModuleManager: Shutting down and abandoning module MovieSceneTools (134)
[2015.11.25-17.05.29:000][109]LogModuleManager: Shutting down and abandoning module OutputLog (133)
[2015.11.25-17.05.29:000][109]LogModuleManager: Shutting down and abandoning module GammaUI (132)
[2015.11.25-17.05.29:000][109]LogModuleManager: Shutting down and abandoning module Documentation (131)
[2015.11.25-17.05.29:000][109]LogModuleManager: Shutting down and abandoning module GameLiveStreaming (130)
[2015.11.25-17.05.29:000][109]LogModuleManager: Shutting down and abandoning module StreamingPauseRendering (129)
[2015.11.25-17.05.29:000][109]LogModuleManager: Shutting down and abandoning module AnalyticsET (128)
[2015.11.25-17.05.29:000][109]LogModuleManager: Shutting down and abandoning module Analytics (127)
[2015.11.25-17.05.29:000][109]LogModuleManager: Shutting down and abandoning module AITestSuite (126)
[2015.11.25-17.05.29:000][109]LogModuleManager: Shutting down and abandoning module GameplayDebugger (125)
[2015.11.25-17.05.29:000][109]LogModuleManager: Shutting down and abandoning module AIModule (124)
[2015.11.25-17.05.29:000][109]LogModuleManager: Shutting down and abandoning module ProfilerService (123)
[2015.11.25-17.05.29:131][109]LogModuleManager: Shutting down and abandoning module TaskGraph (122)
[2015.11.25-17.05.29:131][109]LogModuleManager: Shutting down and abandoning module SlateRemote (121)
[2015.11.25-17.05.29:131][109]LogModuleManager: Shutting down and abandoning module SteamVRController (120)
[2015.11.25-17.05.29:131][109]LogModuleManager: Shutting down and abandoning module SteamVR (119)
[2015.11.25-17.05.29:131][109]LogModuleManager: Shutting down and abandoning module ProceduralMeshComponent (118)
[2015.11.25-17.05.29:131][109]LogModuleManager: Shutting down and abandoning module OculusRift (117)
[2015.11.25-17.05.29:131][109]LogModuleManager: Shutting down and abandoning module OculusLibrary (116)
[2015.11.25-17.05.29:131][109]LogModuleManager: Shutting down and abandoning module LeapMotionController (115)
[2015.11.25-17.05.29:154][109]LogModuleManager: Shutting down and abandoning module CustomMeshComponent (114)
[2015.11.25-17.05.29:154][109]LogModuleManager: Shutting down and abandoning module CableComponent (113)
[2015.11.25-17.05.29:154][109]LogModuleManager: Shutting down and abandoning module ArchVisCharacter (112)
[2015.11.25-17.05.29:154][109]LogModuleManager: Shutting down and abandoning module MessagingDebugger (111)
[2015.11.25-17.05.29:154][109]LogModuleManager: Shutting down and abandoning module MediaPlayerEditor (110)
[2015.11.25-17.05.29:155][109]LogModuleManager: Shutting down and abandoning module HTML5Networking (109)
[2015.11.25-17.05.29:155][109]LogModuleManager: Shutting down and abandoning module SpeedTreeImporter (108)
[2015.11.25-17.05.29:155][109]LogModuleManager: Shutting down and abandoning module PluginBrowser (107)
[2015.11.25-17.05.29:155][109]LogModuleManager: Shutting down and abandoning module EpicSurvey (106)
[2015.11.25-17.05.29:155][109]LogModuleManager: Shutting down and abandoning module DesktopPlatform (105)
[2015.11.25-17.05.29:155][109]LogModuleManager: Shutting down and abandoning module VisualStudioSourceCodeAccess (104)
[2015.11.25-17.05.29:155][109]LogModuleManager: Shutting down and abandoning module UObjectPlugin (103)
[2015.11.25-17.05.29:155][109]LogModuleManager: Shutting down and abandoning module SubversionSourceControl (102)
[2015.11.25-17.05.29:155][109]LogModuleManager: Shutting down and abandoning module PerforceSourceControl (101)
[2015.11.25-17.05.29:155][109]LogModuleManager: Shutting down and abandoning module SourceControl (100)
[2015.11.25-17.05.29:155][109]LogModuleManager: Shutting down and abandoning module GitSourceControl (99)
[2015.11.25-17.05.29:155][109]LogModuleManager: Shutting down and abandoning module LightPropagationVolumeEditor (98)
[2015.11.25-17.05.29:155][109]LogModuleManager: Shutting down and abandoning module PaperTiledImporter (97)
[2015.11.25-17.05.29:155][109]LogModuleManager: Shutting down and abandoning module PaperSpriteSheetImporter (96)
[2015.11.25-17.05.29:155][109]LogModuleManager: Shutting down and abandoning module MeshPaint (95)
[2015.11.25-17.05.29:155][109]LogModuleManager: Shutting down and abandoning module SlateReflector (94)
[2015.11.25-17.05.29:155][109]LogModuleManager: Shutting down and abandoning module HotReload (93)
[2015.11.25-17.05.29:155][109]LogModuleManager: Shutting down and abandoning module MainFrame (92)
[2015.11.25-17.05.29:155][109]LogModuleManager: Shutting down and abandoning module LevelEditor (91)
[2015.11.25-17.05.29:156][109]LogModuleManager: Shutting down and abandoning module DirectoryWatcher (90)
[2015.11.25-17.05.29:158][109]LogModuleManager: Shutting down and abandoning module AssetRegistry (89)
[2015.11.25-17.05.29:260][109]LogModuleManager: Shutting down and abandoning module ContentBrowser (88)
[2015.11.25-17.05.29:260][109]LogModuleManager: Shutting down and abandoning module Paper2DEditor (87)
[2015.11.25-17.05.29:261][109]LogModuleManager: Shutting down and abandoning module StarFox (86)
[2015.11.25-17.05.29:261][109]LogModuleManager: Shutting down and abandoning module UdpMessaging (85)
[2015.11.25-17.05.29:362][109]LogModuleManager: Shutting down and abandoning module LightPropagationVolumeRuntime (84)
[2015.11.25-17.05.29:362][109]LogModuleManager: Shutting down and abandoning module Paper2D (83)
[2015.11.25-17.05.29:362][109]LogModuleManager: Shutting down and abandoning module WindowsMoviePlayer (82)
[2015.11.25-17.05.29:364][109]LogModuleManager: Shutting down and abandoning module Media (81)
[2015.11.25-17.05.29:364][109]LogModuleManager: Shutting down and abandoning module WmfMedia (80)
[2015.11.25-17.05.29:364][109]LogModuleManager: Shutting down and abandoning module OnlineBlueprintSupport (79)
[2015.11.25-17.05.29:364][109]LogModuleManager: Shutting down and abandoning module GameplayTasksEditor (78)
[2015.11.25-17.05.29:364][109]LogModuleManager: Shutting down and abandoning module PropertyEditor (77)
[2015.11.25-17.05.29:364][109]LogModuleManager: Shutting down and abandoning module BehaviorTreeEditor (76)
[2015.11.25-17.05.29:364][109]LogModuleManager: Shutting down and abandoning module FunctionalTesting (75)
[2015.11.25-17.05.29:364][109]LogModuleManager: Shutting down and abandoning module CollisionAnalyzer (74)
[2015.11.25-17.05.29:364][109]LogModuleManager: Shutting down and abandoning module WorkspaceMenuStructure (73)
[2015.11.25-17.05.29:364][109]LogModuleManager: Shutting down and abandoning module MessageLog (72)
[2015.11.25-17.05.29:364][109]LogModuleManager: Shutting down and abandoning module Sequencer (71)
[2015.11.25-17.05.29:364][109]LogModuleManager: Shutting down and abandoning module AssetTools (70)
[2015.11.25-17.05.29:364][109]LogModuleManager: Shutting down and abandoning module UMGEditor (69)
[2015.11.25-17.05.29:364][109]LogModuleManager: Shutting down and abandoning module UMG (68)
[2015.11.25-17.05.29:364][109]LogModuleManager: Shutting down and abandoning module Slate (67)
[2015.11.25-17.05.29:364][109]LogModuleManager: Shutting down and abandoning module EditorStyle (66)
[2015.11.25-17.05.29:368][109]LogModuleManager: Shutting down and abandoning module SessionServices (65)
[2015.11.25-17.05.29:368][109]LogModuleManager: Shutting down and abandoning module SourceCodeAccess (64)
[2015.11.25-17.05.29:368][109]LogModuleManager: Shutting down and abandoning module HeadMountedDisplay (63)
[2015.11.25-17.05.29:368][109]LogModuleManager: Shutting down and abandoning module XAudio2 (62)
[2015.11.25-17.05.29:368][109]LogModuleManager: Shutting down and abandoning module Networking (60)
[2015.11.25-17.05.29:368][109]LogModuleManager: Shutting down and abandoning module Core (59)
[2015.11.25-17.05.29:368][109]LogModuleManager: Shutting down and abandoning module KismetCompiler (58)
[2015.11.25-17.05.29:368][109]LogModuleManager: Shutting down and abandoning module PhysXFormats (57)
[2015.11.25-17.05.29:368][109]LogModuleManager: Shutting down and abandoning module MeshUtilities (56)
[2015.11.25-17.05.29:368][109]LogModuleManager: Shutting down and abandoning module CookingStats (55)
[2015.11.25-17.05.29:371][109]LogModuleManager: Shutting down and abandoning module DerivedDataCache (54)
[2015.11.25-17.05.29:437][109]LogDerivedDataCache: Shutdown
[2015.11.25-17.05.29:437][109]LogModuleManager: Shutting down and abandoning module ShaderFormatOpenGL (53)
[2015.11.25-17.05.29:437][109]LogModuleManager: Shutting down and abandoning module ShaderFormatD3D (52)
[2015.11.25-17.05.29:437][109]LogModuleManager: Shutting down and abandoning module MetalShaderFormat (51)
[2015.11.25-17.05.29:437][109]LogModuleManager: Shutting down and abandoning module TextureFormatUncompressed (50)
[2015.11.25-17.05.29:437][109]LogModuleManager: Shutting down and abandoning module TextureFormatPVR (49)
[2015.11.25-17.05.29:437][109]LogModuleManager: Shutting down and abandoning module TextureFormatIntelISPCTexComp (48)
[2015.11.25-17.05.29:437][109]LogModuleManager: Shutting down and abandoning module TextureFormatDXT (47)
[2015.11.25-17.05.29:437][109]LogModuleManager: Shutting down and abandoning module ImageWrapper (46)
[2015.11.25-17.05.29:437][109]LogModuleManager: Shutting down and abandoning module TextureFormatASTC (45)
[2015.11.25-17.05.29:437][109]LogModuleManager: Shutting down and abandoning module TextureFormatAndroid (44)
[2015.11.25-17.05.29:437][109]LogModuleManager: Shutting down and abandoning module AudioFormatOpus (43)
[2015.11.25-17.05.29:437][109]LogModuleManager: Shutting down and abandoning module AudioFormatOgg (42)
[2015.11.25-17.05.29:437][109]LogModuleManager: Shutting down and abandoning module AudioFormatADPCM (41)
[2015.11.25-17.05.29:437][109]LogModuleManager: Shutting down and abandoning module LinuxTargetPlatform (40)
[2015.11.25-17.05.29:437][109]LogModuleManager: Shutting down and abandoning module LinuxServerTargetPlatform (39)
[2015.11.25-17.05.29:437][109]LogModuleManager: Shutting down and abandoning module LinuxNoEditorTargetPlatform (38)
[2015.11.25-17.05.29:437][109]LogModuleManager: Shutting down and abandoning module Messaging (37)
[2015.11.25-17.05.29:437][109]LogModuleManager: Shutting down and abandoning module IOSTargetPlatform (36)
[2015.11.25-17.05.29:437][109]LogModuleManager: Shutting down and abandoning module HTML5TargetPlatform (35)
[2015.11.25-17.05.29:437][109]LogModuleManager: Shutting down and abandoning module Android_PVRTCTargetPlatform (34)
[2015.11.25-17.05.29:437][109]LogModuleManager: Shutting down and abandoning module Android_ETC2TargetPlatform (33)
[2015.11.25-17.05.29:438][109]LogModuleManager: Shutting down and abandoning module Android_ETC1TargetPlatform (32)
[2015.11.25-17.05.29:438][109]LogModuleManager: Shutting down and abandoning module Android_DXTTargetPlatform (31)
[2015.11.25-17.05.29:438][109]LogModuleManager: Shutting down and abandoning module Android_ATCTargetPlatform (30)
[2015.11.25-17.05.29:438][109]LogModuleManager: Shutting down and abandoning module Android_ASTCTargetPlatform (29)
[2015.11.25-17.05.29:438][109]LogModuleManager: Shutting down and abandoning module AndroidTargetPlatform (28)
[2015.11.25-17.05.29:438][109]LogModuleManager: Shutting down and abandoning module WindowsTargetPlatform (27)
[2015.11.25-17.05.29:438][109]LogModuleManager: Shutting down and abandoning module WindowsServerTargetPlatform (26)
[2015.11.25-17.05.29:438][109]LogModuleManager: Shutting down and abandoning module WindowsNoEditorTargetPlatform (25)
[2015.11.25-17.05.29:438][109]LogModuleManager: Shutting down and abandoning module WindowsClientTargetPlatform (24)
[2015.11.25-17.05.29:438][109]LogModuleManager: Shutting down and abandoning module AllDesktopTargetPlatform (23)
[2015.11.25-17.05.29:438][109]LogModuleManager: Shutting down and abandoning module TargetPlatform (22)
[2015.11.25-17.05.29:438][109]LogModuleManager: Shutting down and abandoning module InputCore (21)
[2015.11.25-17.05.29:438][109]LogModuleManager: Shutting down and abandoning module Settings (20)
[2015.11.25-17.05.29:438][109]LogModuleManager: Shutting down and abandoning module OnlineSubsystem (18)
[2015.11.25-17.05.29:438][109]LogModuleManager: Shutting down and abandoning module HTTP (17)
[2015.11.25-17.05.30:439][109]LogModuleManager: Shutting down and abandoning module XMPP (16)
[2015.11.25-17.05.30:439][109]LogModuleManager: Shutting down and abandoning module ExampleDeviceProfileSelector (15)
[2015.11.25-17.05.30:439][109]LogModuleManager: Shutting down and abandoning module TextureCompressor (14)
[2015.11.25-17.05.30:439][109]LogModuleManager: Shutting down and abandoning module ShaderCore (13)
[2015.11.25-17.05.30:439][109]LogModuleManager: Shutting down and abandoning module Landscape (12)
[2015.11.25-17.05.30:439][109]LogModuleManager: Shutting down and abandoning module SlateRHIRenderer (11)
[2015.11.25-17.05.30:440][109]LogModuleManager: Shutting down and abandoning module OpenGLDrv (10)
[2015.11.25-17.05.30:440][109]LogModuleManager: Shutting down and abandoning module D3D11RHI (9)
[2015.11.25-17.05.30:440][109]LogModuleManager: Shutting down and abandoning module AnimGraphRuntime (8)
[2015.11.25-17.05.30:440][109]LogModuleManager: Shutting down and abandoning module Renderer (7)
[2015.11.25-17.05.30:440][109]LogModuleManager: Shutting down and abandoning module Engine (6)
[2015.11.25-17.05.30:440][109]LogModuleManager: Shutting down and abandoning module CoreUObject (5)
[2015.11.25-17.05.30:440][109]LogModuleManager: Shutting down and abandoning module NetworkFile (4)
[2015.11.25-17.05.30:440][109]LogModuleManager: Shutting down and abandoning module StreamingFile (3)
[2015.11.25-17.05.30:440][109]LogModuleManager: Shutting down and abandoning module SandboxFile (2)
[2015.11.25-17.05.30:440][109]LogModuleManager: Shutting down and abandoning module PakFile (1)
[2015.11.25-17.05.30:440][109]LogExit: Exiting.
[2015.11.25-17.05.30:441][109]Log file closed, 11/25/15 18:05:30
