[2015.11.24-14.24.56:673][  0]Log file open, 11/24/15 15:24:56
[2015.11.24-14.24.56:673][  0]LogInit:Display: Running engine for game: StarFox
[2015.11.24-14.24.56:673][  0]LogInit:Display: RandInit(-1097999762) SRandInit(-1097999762).
[2015.11.24-14.24.56:673][  0]LogTaskGraph: Started task graph with 4 named threads and 7 total threads.
[2015.11.24-14.24.56:673][  0]LogStats: Stats thread started at 0.076042
[2015.11.24-14.24.56:673][  0]LogInit: Version: 4.9.2-2707645+++depot+UE4-Releases+4.9
[2015.11.24-14.24.56:673][  0]LogInit: API Version: 2672455
[2015.11.24-14.24.56:673][  0]LogInit: Compiled (64-bit): Sep 28 2015 10:25:44
[2015.11.24-14.24.56:673][  0]LogInit: Compiled with Visual C++: 18.00.21005.01
[2015.11.24-14.24.56:673][  0]LogInit: Build Configuration: Development
[2015.11.24-14.24.56:673][  0]LogInit: Branch Name: ++depot+UE4-Releases+4.9
[2015.11.24-14.24.56:673][  0]LogInit: Command line:  
[2015.11.24-14.24.56:673][  0]LogInit: Base directory: C:/Program Files/Epic Games/4.9/Engine/Binaries/Win64/
[2015.11.24-14.24.56:673][  0]LogInit: Rocket: 1
[2015.11.24-14.24.56:681][  0]LogInit: Using libcurl 7.41.0
[2015.11.24-14.24.56:681][  0]LogInit:  - built for x86_64-pc-win32
[2015.11.24-14.24.56:681][  0]LogInit:  - supports SSL with WinSSL
[2015.11.24-14.24.56:681][  0]LogInit:  - other features:
[2015.11.24-14.24.56:681][  0]LogInit:      CURL_VERSION_SSL
[2015.11.24-14.24.56:681][  0]LogInit:      CURL_VERSION_IPV6
[2015.11.24-14.24.56:681][  0]LogInit:      CURL_VERSION_ASYNCHDNS
[2015.11.24-14.24.56:681][  0]LogInit:      CURL_VERSION_LARGEFILE
[2015.11.24-14.24.56:681][  0]LogInit:      CURL_VERSION_IDN
[2015.11.24-14.24.56:681][  0]LogInit:  CurlRequestOptions (configurable via config and command line):
[2015.11.24-14.24.56:681][  0]LogInit:  - bVerifyPeer = true  - Libcurl will verify peer certificate
[2015.11.24-14.24.56:681][  0]LogInit:  - bUseHttpProxy = false  - Libcurl will NOT use HTTP proxy
[2015.11.24-14.24.56:681][  0]LogInit:  - bDontReuseConnections = false  - Libcurl will reuse connections
[2015.11.24-14.24.56:681][  0]LogInit:  - CertBundlePath = nullptr  - Libcurl will use whatever was configured at build time.
[2015.11.24-14.24.56:687][  0]LogInit: Presizing for 0 objects not considered by GC, pre-allocating 0 bytes.
[2015.11.24-14.24.56:693][  0]LogInit: Object subsystem initialized
[2015.11.24-14.24.56:695][  0]LogInit: Selected Device Profile: [Windows]
[2015.11.24-14.24.56:695][  0]LogInit: Applying CVar settings loaded from the selected device profile: [Windows]
[2015.11.24-14.24.56:704][  0]LogInit: Computer: SpellabbA333-04
[2015.11.24-14.24.56:704][  0]LogInit: User: Spellabbet
[2015.11.24-14.24.56:704][  0]LogInit: CPU Page size=4096, Cores=4
[2015.11.24-14.24.56:704][  0]LogInit: High frequency timer resolution =3.507518 MHz
[2015.11.24-14.24.56:704][  0]LogMemory: Memory total: Physical=15.9GB (16GB approx)
[2015.11.24-14.24.56:704][  0]LogMemory: Platform Memory Stats for Windows
[2015.11.24-14.24.56:704][  0]LogMemory: Process Physical Memory: 52.23 MB used, 52.23 MB peak
[2015.11.24-14.24.56:704][  0]LogMemory: Process Virtual Memory: 55.97 MB used, 55.97 MB peak
[2015.11.24-14.24.56:704][  0]LogMemory: Physical Memory: 5475.00 MB used, 16318.82 MB total
[2015.11.24-14.24.56:704][  0]LogMemory: Virtual Memory: 348.31 MB used, 134217728.00 MB total
[2015.11.24-14.24.56:733][  0]LogTextLocalizationManager: No translations for ('sv-SE') exist, falling back to 'en' for localization and internationalization data.
[2015.11.24-14.24.57:327][  0]LogD3D11RHI: Found D3D11 adapter 0: NVIDIA GeForce GTX 960 (Feature Level 11_0)
[2015.11.24-14.24.57:327][  0]LogD3D11RHI: Adapter has 1965MB of dedicated video memory, 0MB of dedicated system memory, and 2048MB of shared system memory, 1 output[s]
[2015.11.24-14.24.57:328][  0]LogD3D11RHI: Found D3D11 adapter 1: Microsoft Basic Render Driver (Feature Level 11_0)
[2015.11.24-14.24.57:328][  0]LogD3D11RHI: Adapter has 0MB of dedicated video memory, 0MB of dedicated system memory, and 256MB of shared system memory, 0 output[s]
[2015.11.24-14.24.57:328][  0]LogD3D11RHI: Chosen D3D11 Adapter Id = 0
[2015.11.24-14.24.57:331][  0]LogD3D11RHI: !Direct3DDevice
[2015.11.24-14.24.57:331][  0]LogRHI: Texture pool is 1361 MB (70% of 1945 MB)
[2015.11.24-14.24.57:341][  0]LogD3D11RHI: Async texture creation enabled
[2015.11.24-14.24.57:358][  0]LogShaderCompilers: Guid format shader working directory is 15 characters bigger than the processId version (../../../../../../Users/Spellabbet/Documents/Unreal Projects/StarFox/Intermediate/Shaders/WorkingDirectory/6512/).
[2015.11.24-14.24.57:358][  0]LogShaderCompilers: Cleaned the shader compiler working directory '../../../../../../Users/Spellabbet/Documents/Unreal Projects/StarFox/Intermediate/Shaders/tmp/F077EA3B42D41436CCD5BCAE39B72D84/'.
[2015.11.24-14.24.57:358][  0]LogShaderCompilers:Display: Using Local Shader Compiler.
[2015.11.24-14.24.58:392][  0]LogTemp:Display: Loaded TP AllDesktopTargetPlatform
[2015.11.24-14.24.58:400][  0]LogTemp:Display: Loaded TP WindowsClientTargetPlatform
[2015.11.24-14.24.58:406][  0]LogTemp:Display: Loaded TP WindowsNoEditorTargetPlatform
[2015.11.24-14.24.58:412][  0]LogTemp:Display: Loaded TP WindowsServerTargetPlatform
[2015.11.24-14.24.58:417][  0]LogTemp:Display: Loaded TP WindowsTargetPlatform
[2015.11.24-14.24.58:420][  0]LogTemp:Display: Loaded TP AndroidTargetPlatform
[2015.11.24-14.24.58:423][  0]LogTemp:Display: Loaded TP Android_ASTCTargetPlatform
[2015.11.24-14.24.58:426][  0]LogTemp:Display: Loaded TP Android_ATCTargetPlatform
[2015.11.24-14.24.58:429][  0]LogTemp:Display: Loaded TP Android_DXTTargetPlatform
[2015.11.24-14.24.58:434][  0]LogTemp:Display: Loaded TP Android_ETC1TargetPlatform
[2015.11.24-14.24.58:439][  0]LogTemp:Display: Loaded TP Android_ETC2TargetPlatform
[2015.11.24-14.24.58:443][  0]LogTemp:Display: Loaded TP Android_PVRTCTargetPlatform
[2015.11.24-14.24.58:443][  0]LogTemp:Display: Loaded TP HTML5TargetPlatform
[2015.11.24-14.24.58:461][  0]LogTemp:Display: Loaded TP IOSTargetPlatform
[2015.11.24-14.24.58:464][  0]LogTemp:Display: Loaded TP LinuxNoEditorTargetPlatform
[2015.11.24-14.24.58:467][  0]LogTemp:Display: Loaded TP LinuxServerTargetPlatform
[2015.11.24-14.24.58:470][  0]LogTemp:Display: Loaded TP LinuxTargetPlatform
[2015.11.24-14.24.58:470][  0]LogTargetPlatformManager:Display: Building Assets For Windows
[2015.11.24-14.24.58:589][  0]LogDerivedDataCache:Display: Max Cache Size: 512 MB
[2015.11.24-14.24.58:777][  0]LogDerivedDataCache: Loaded boot cache 0.04s 42MB C:/Users/Spellabbet/AppData/Local/UnrealEngine/4.9/DerivedDataCache/Boot.ddc.
[2015.11.24-14.24.58:778][  0]LogDerivedDataCache:Display: Loaded Boot cache: C:/Users/Spellabbet/AppData/Local/UnrealEngine/4.9/DerivedDataCache/Boot.ddc
[2015.11.24-14.24.58:778][  0]LogDerivedDataCache: FDerivedDataBackendGraph:  Pak pak cache file ../../../../../../Users/Spellabbet/Documents/Unreal Projects/StarFox/DerivedDataCache/DDC.ddp not found, will not use a pak cache.
[2015.11.24-14.24.58:778][  0]LogDerivedDataCache: Unable to find inner node Pak for hierarchical cache Hierarchy.
[2015.11.24-14.24.58:778][  0]LogDerivedDataCache: FDerivedDataBackendGraph:  CompressedPak pak cache file ../../../../../../Users/Spellabbet/Documents/Unreal Projects/StarFox/DerivedDataCache/Compressed.ddp not found, will not use a pak cache.
[2015.11.24-14.24.58:778][  0]LogDerivedDataCache: Unable to find inner node CompressedPak for hierarchical cache Hierarchy.
[2015.11.24-14.24.58:917][  0]LogDerivedDataCache:Display: Pak cache opened for reading ../../../Engine/DerivedDataCache/Compressed.ddp.
[2015.11.24-14.24.58:929][  0]LogDerivedDataCache: Using Local data cache path C:/Users/Spellabbet/AppData/Local/UnrealEngine/Common/DerivedDataCache: Writable
[2015.11.24-14.24.59:099][  0]LogInit: Selected Device Profile: [Windows]
[2015.11.24-14.24.59:102][  0]LogContentStreaming: Texture pool size is 0.000000MB
[2015.11.24-14.24.59:226][  0]LogMeshUtilities: No automatic mesh reduction module available
[2015.11.24-14.24.59:226][  0]LogMeshUtilities: No automatic mesh merging module available
[2015.11.24-14.24.59:440][  0]LogInit: WinSock: version 1.1 (2.2), MaxSocks=32767, MaxUdp=65467
[2015.11.24-14.25.00:106][  0]UdpMessaging: Initializing bridge on interface 0.0.0.0:0 to multicast group 230.0.0.1:6666.
[2015.11.24-14.25.00:250][  0]LogAssetRegistry: FAssetRegistry took 0.0113 seconds to start up
[2015.11.24-14.25.00:461][  0]SourceControl: Info Source control is disabled
[2015.11.24-14.25.00:467][  0]SourceControl: Info Source control is disabled
[2015.11.24-14.25.00:488][  0]SourceControl: Info Source control is disabled
[2015.11.24-14.25.00:508][  0]SourceControl: Info Source control is disabled
[2015.11.24-14.25.00:786][  0]LogLinker:Warning: Asset '../../../Engine/Plugins/Runtime/LeapMotionController/Content/LM_PassthroughMaterial.uasset' has been saved with empty engine version. The asset will be loaded but may be incompatible.
[2015.11.24-14.25.00:937][  0]LogObj: 28377 objects as part of root set at end of initial load.
[2015.11.24-14.25.00:937][  0]LogUObjectAllocator: 6046184 out of 0 bytes used by permanent object pool.
[2015.11.24-14.25.00:986][  0]LogEngine: Initializing Engine...
[2015.11.24-14.25.00:988][  0]LogHMD: Can't find Oculus library dev build: is proper Runtime installed? Version: 0.7.0.0
[2015.11.24-14.25.00:989][  0]LogHMD: SteamVR failed to initialize.  Err: 110
[2015.11.24-14.25.01:101][  0]LogAIModule: Creating AISystem for world NewWorld
[2015.11.24-14.25.01:106][  0]LogInit: XAudio2 using 'Speakers (4- High Definition Audio Device)' : 2 channels at 44.1 kHz using 16 bits per sample (channel mask 0x3)
[2015.11.24-14.25.01:113][  0]LogInit: FAudioDevice initialized.
[2015.11.24-14.25.01:132][  0]LogDerivedDataCache: Saved boot cache 0.02s 42MB C:/Users/Spellabbet/AppData/Local/UnrealEngine/4.9/DerivedDataCache/Boot.ddc.
[2015.11.24-14.25.01:135][  0]LogInit: Texture streaming: Enabled
[2015.11.24-14.25.01:143][  0]LogAnalytics: Creating configured Analytics provider AnalyticsET
[2015.11.24-14.25.01:143][  0]LogAnalytics: [UEEditor.Rocket.Release] APIServer = http://et2.epicgames.com/ET2/. AppVersion = 4.9.2-2707645+++depot+UE4-Releases+4.9
[2015.11.24-14.25.01:143][  0]LogAnalytics: [UEEditor.Rocket.Release] SetUserId 7e3fa46547d3e524ffb1328701b2a07b|99f216c1865e471987722078da7bde5f|060e5e79-a789-49c4-8abd-5d8b330400a7
[2015.11.24-14.25.01:143][  0]LogAnalytics: [UEEditor.Rocket.Release] AnalyticsET::StartSession
[2015.11.24-14.25.01:162][  0]LogInit: Transaction tracking system initialized
[2015.11.24-14.25.01:189][  0]BlueprintLog: New page: Editor Load
[2015.11.24-14.25.01:259][  0]LocalizationService: Info Localization service is disabled
[2015.11.24-14.25.01:359][  0]LogConsoleResponse:Display: 
[2015.11.24-14.25.01:463][  0]LogCook:Display: Done creating registry. It took  0.00s.
[2015.11.24-14.25.01:541][  0]LogFileCache: Scanning file cache for directory 'C:/Users/Spellabbet/Documents/Unreal Projects/StarFox/Content/' took 0.01s
[2015.11.24-14.25.01:541][  0]SourceControl: Info Source control is disabled
[2015.11.24-14.25.07:549][  0]LogWindowsTextInputMethodSystem:Display: IME system now deactivated.
[2015.11.24-14.25.07:552][  0]LogWindowsTextInputMethodSystem:Display: IME system now deactivated.
[2015.11.24-14.25.09:212][  0]LogWindowsTextInputMethodSystem:Display: IME system now deactivated.
[2015.11.24-14.25.09:231][  0]LogWindowsTextInputMethodSystem:Display: IME system now deactivated.
[2015.11.24-14.25.09:231][  0]Cmd: MAP LOAD FILE="../../../../../../Users/Spellabbet/Documents/Unreal Projects/StarFox/Content/StarterContent/Maps/Minimal_Default.umap" TEMPLATE=0 SHOWPROGRESS=1 FEATURELEVEL=3
[2015.11.24-14.25.09:232][  0]LightingResults: New page: Lighting Build
[2015.11.24-14.25.09:236][  0]MapCheck: New page: Map Check
[2015.11.24-14.25.09:236][  0]LightingResults: New page: Lighting Build
[2015.11.24-14.25.09:252][  0]LogParticles: Destroying 0 GPU particle simulations for FXSystem 0x0000009859A10400
[2015.11.24-14.25.09:816][  0]LogAIModule: Creating AISystem for world Minimal_Default
[2015.11.24-14.25.10:146][  0]LogEditorServer: Finished looking for orphan Actors (0.000 secs)
[2015.11.24-14.25.10:147][  0]Cmd: MAP CHECKDEP NOCLEARLOG
[2015.11.24-14.25.10:194][  0]MapCheck: Info Map check complete: 0 Error(s), 0 Warning(s), took 46.633ms to complete.
[2015.11.24-14.25.10:194][  0]LogFileHelpers: Loading map 'Minimal_Default' took 0.962
[2015.11.24-14.25.10:196][  0]LogWindowsTextInputMethodSystem:Display: IME system now deactivated.
[2015.11.24-14.25.10:249][  0]LogCollectionManager: Loaded 0 collections in 0.002403 seconds
[2015.11.24-14.25.10:292][  0]LogFileCache: Scanning file cache for directory 'C:/Users/Spellabbet/Documents/Unreal Projects/StarFox/Saved/Collections/' took 0.01s
[2015.11.24-14.25.10:292][  0]LogFileCache: Scanning file cache for directory 'C:/Users/Spellabbet/Documents/Unreal Projects/StarFox/Content/Developers/Spellabbet/Collections/' took 0.01s
[2015.11.24-14.25.10:292][  0]LogFileCache: Scanning file cache for directory 'C:/Users/Spellabbet/Documents/Unreal Projects/StarFox/Content/Collections/' took 0.01s
[2015.11.24-14.25.10:292][  0]LogContentBrowser: Native class hierarchy populated in 0.0092 seconds. Added 1869 classes and 335 folders.
[2015.11.24-14.25.10:297][  0]LogCollectionManager: Rebuilt the GUID cache for 0 collections in 0.000003 seconds
[2015.11.24-14.25.10:305][  0]LogContentBrowser: Native class hierarchy updated for 'WidgetCarousel' in 0.0010 seconds. Added 0 classes and 0 folders.
[2015.11.24-14.25.10:340][  0]LogContentBrowser: Native class hierarchy updated for 'AddContentDialog' in 0.0009 seconds. Added 0 classes and 0 folders.
[2015.11.24-14.25.10:345][  0]LogContentBrowser: Native class hierarchy updated for 'SceneOutliner' in 0.0008 seconds. Added 1 classes and 2 folders.
[2015.11.24-14.25.10:367][  0]LogCrashTracker: Crashtracker disabled due to settings.
[2015.11.24-14.25.10:370][  0]LogUObjectGlobals:Warning: Failed to find object 'Class None.'
[2015.11.24-14.25.10:393][  0]LogStats:Warning: MetaData mismatch. Did you assign a stat to two groups? New //STATGROUP_Threads//SplashScreenThread///Thread_c8_0///####STATCAT_Advanced#### old //STATGROUP_Threads//SplashScreenThread///Thread_1b1c_0///####STATCAT_Advanced####
[2015.11.24-14.25.10:393][  0]LogLoad: Full Startup: 14.95 seconds (BP compile: 0.05 seconds)
[2015.11.24-14.25.10:454][  0]LogContentStreaming: Texture pool size now 1000 MB
[2015.11.24-14.25.10:562][  0]LogRenderer: Reallocating scene render targets to support 1208x556 (Frame:2).
[2015.11.24-14.25.10:614][  1]Cmd: UpdateLandscapeEditorData -warnings
[2015.11.24-14.25.10:675][  2]LogAssetRegistry: Asset discovery search completed in 10.4372 seconds
[2015.11.24-14.25.10:675][  2]LogCollectionManager: Rebuilt the object cache for 0 collections in 0.000001 seconds (found 0 objects)
[2015.11.24-14.25.10:675][  2]LogCollectionManager: Fixed up redirectors for 0 collections in 0.000017 seconds (updated 0 objects)
[2015.11.24-14.25.12:705][234]LogBlueprintUserMessages: Early PlayInEditor Detection: Level '/Game/StarterContent/Maps/Minimal_Default.Minimal_Default:PersistentLevel' has LevelScriptBlueprint '/Game/StarterContent/Maps/Minimal_Default.Minimal_Default:PersistentLevel.Minimal_Default' with GeneratedClass '/Game/StarterContent/Maps/Minimal_Default.Minimal_Default_C' with ClassGeneratedBy '/Game/StarterContent/Maps/Minimal_Default.Minimal_Default:PersistentLevel.Minimal_Default'
[2015.11.24-14.25.12:705][234]LogPlayLevel: PlayLevel: No blueprints needed recompiling
[2015.11.24-14.25.12:706][234]PIE: New page: PIE session: Minimal_Default (Nov 24, 2015, 4:25:12 PM)
[2015.11.24-14.25.12:706][234]LogPlayLevel: Creating play world package: /Game/StarterContent/Maps/UEDPIE_0_Minimal_Default
[2015.11.24-14.25.12:799][234]LogPlayLevel: PIE: StaticDuplicateObject took: (0.093541s)
[2015.11.24-14.25.12:800][234]LogAIModule: Creating AISystem for world Minimal_Default
[2015.11.24-14.25.12:800][234]LogPlayLevel: PIE: World Init took: (0.000788s)
[2015.11.24-14.25.12:800][234]LogPlayLevel: PIE: Created PIE world by copying editor world from /Game/StarterContent/Maps/Minimal_Default.Minimal_Default to /Game/StarterContent/Maps/UEDPIE_0_Minimal_Default.Minimal_Default (0.094582s)
[2015.11.24-14.25.12:821][234]LogInit: XAudio2 using 'Speakers (4- High Definition Audio Device)' : 2 channels at 44.1 kHz using 16 bits per sample (channel mask 0x3)
[2015.11.24-14.25.12:826][234]LogInit: FAudioDevice initialized.
[2015.11.24-14.25.12:874][234]LogWorld: Game class is 'StarFoxGameMode'
[2015.11.24-14.25.12:979][234]LogWorld: Bringing World /Game/StarterContent/Maps/UEDPIE_0_Minimal_Default.Minimal_Default up for play (max tick rate 0) at 2015.11.24-15.25.12
[2015.11.24-14.25.12:979][234]LogActor:Warning: GameSession /Game/StarterContent/Maps/UEDPIE_0_Minimal_Default.Minimal_Default:PersistentLevel.GameSession_0 has natively added scene component(s), but none of them were set as the actor's RootComponent - picking one arbitrarily
[2015.11.24-14.25.12:979][234]LogActor:Warning: GameNetworkManager /Game/StarterContent/Maps/UEDPIE_0_Minimal_Default.Minimal_Default:PersistentLevel.GameNetworkManager_0 has natively added scene component(s), but none of them were set as the actor's RootComponent - picking one arbitrarily
[2015.11.24-14.25.12:980][234]LogWorld: Bringing up level for play took: 0.104818
[2015.11.24-14.25.12:982][234]PIE: Info Play in editor start time for /Game/StarterContent/Maps/UEDPIE_0_Minimal_Default -0.003
[2015.11.24-14.25.12:982][234]LogBlueprintUserMessages: Late PlayInEditor Detection: Level '/Game/StarterContent/Maps/Minimal_Default.Minimal_Default:PersistentLevel' has LevelScriptBlueprint '/Game/StarterContent/Maps/Minimal_Default.Minimal_Default:PersistentLevel.Minimal_Default' with GeneratedClass '/Game/StarterContent/Maps/Minimal_Default.Minimal_Default_C' with ClassGeneratedBy '/Game/StarterContent/Maps/Minimal_Default.Minimal_Default:PersistentLevel.Minimal_Default'
[2015.11.24-14.25.14:695][434]LogBlueprintUserMessages: Early EndPlayMap Detection: Level '/Game/StarterContent/Maps/Minimal_Default.Minimal_Default:PersistentLevel' has LevelScriptBlueprint '/Game/StarterContent/Maps/Minimal_Default.Minimal_Default:PersistentLevel.Minimal_Default' with GeneratedClass '/Game/StarterContent/Maps/Minimal_Default.Minimal_Default_C' with ClassGeneratedBy '/Game/StarterContent/Maps/Minimal_Default.Minimal_Default:PersistentLevel.Minimal_Default'
[2015.11.24-14.25.14:731][434]LogBlueprintUserMessages: Late EndPlayMap Detection: Level '/Game/StarterContent/Maps/Minimal_Default.Minimal_Default:PersistentLevel' has LevelScriptBlueprint '/Game/StarterContent/Maps/Minimal_Default.Minimal_Default:PersistentLevel.Minimal_Default' with GeneratedClass '/Game/StarterContent/Maps/Minimal_Default.Minimal_Default_C' with ClassGeneratedBy '/Game/StarterContent/Maps/Minimal_Default.Minimal_Default:PersistentLevel.Minimal_Default'
[2015.11.24-14.25.14:748][434]LogParticles: Destroying 0 GPU particle simulations for FXSystem 0x000000986B6AF060
[2015.11.24-14.25.36:826][494]LogVSAccessor:Warning: Visual Studio is open but could not be queried - it may be blocked by a modal operation
[2015.11.24-14.25.37:806][495]LogVSAccessor:Warning: Couldn't goto line number '0' in 'C:/Users/Spellabbet/Documents/Unreal Projects/StarFox/Source/StarFox/PawnWithCamera.h'
[2015.11.24-14.25.37:831][495]LogVSAccessor:Warning: Couldn't goto line number '0' in 'C:/Users/Spellabbet/Documents/Unreal Projects/StarFox/Source/StarFox/PawnWithCamera.cpp'
[2015.11.24-14.25.46:666][634]Recompiling StarFox...
[2015.11.24-14.25.46:666][634]Launching UnrealBuildTool... [C:/Program Files/Epic Games/4.9/Engine/Binaries/DotNET/UnrealBuildTool.exe StarFox -ModuleWithSuffix StarFox 5160 Win64 Development -editorrecompile -canskiplink "C:/Users/Spellabbet/Documents/Unreal Projects/StarFox/StarFox.uproject" -rocket  -rocket]
[2015.11.24-14.25.46:667][634]Warning: Starting HotReload took  0.2s.
[2015.11.24-14.25.49:969][ 11]CompilerResultsLog: New page: Compilation - Nov 24, 2015, 4:25:49 PM
[2015.11.24-14.25.49:969][ 11]CompilerResultsLog: Info Compiling game modules for hot reload
[2015.11.24-14.25.49:970][ 11]CompilerResultsLog: Info Performing 2 actions (4 in parallel)
[2015.11.24-14.25.49:970][ 11]CompilerResultsLog: Info PawnWithCamera.cpp
[2015.11.24-14.25.49:970][ 11]CompilerResultsLog:Error: Error C:\Users\Spellabbet\Documents\Unreal Projects\StarFox\Source\StarFox\PawnWithCamera.cpp(98)  : warning C4996: 'FVector2D::SafeNormal': Deprecated due to unclear name, use GetSafeNormal instead. Please update your code to the new API before upgrading to the next release, otherwise your project will no longer compile.
[2015.11.24-14.25.49:970][ 11]CompilerResultsLog: Info          c:\program files\epic games\4.9\engine\source\runtime\core\public\math\Vector2D.h(389)  : see declaration of 'FVector2D::SafeNormal'
[2015.11.24-14.25.49:970][ 11]CompilerResultsLog: Info [2/2] Link UE4Editor-StarFox-5160.dll
[2015.11.24-14.25.49:970][ 11]CompilerResultsLog: Info    Creating library C:\Users\Spellabbet\Documents\Unreal Projects\StarFox\Intermediate/Build/Win64\UE4Editor\Development\UE4Editor-StarFox-5160.lib and object C:\Users\Spellabbet\Documents\Unreal Projects\StarFox\Intermediate/Build/Win64\UE4Editor\Development\UE4Editor-StarFox-5160.exp
[2015.11.24-14.25.49:970][ 11]CompilerResultsLog: Info -------- End Detailed Actions Stats -----------------------------------------------------------
[2015.11.24-14.25.49:970][ 11]CompilerResultsLog: Info Total build time: 3,27 seconds
[2015.11.24-14.25.49:970][ 11]LogMainFrame: MainFrame: Module compiling took 3.305 seconds
[2015.11.24-14.25.50:007][ 11]LogContentBrowser: Native class hierarchy updated for 'StarFox' in 0.0009 seconds. Added 2 classes and 2 folders.
[2015.11.24-14.25.50:008][ 11]Warning: HotReload successful (0 functions remapped  0 scriptstructs remapped)
[2015.11.24-14.25.50:054][ 11]LogContentBrowser: Native class hierarchy populated in 0.0068 seconds. Added 1870 classes and 337 folders.
[2015.11.24-14.25.51:052][114]LogBlueprintUserMessages: Early PlayInEditor Detection: Level '/Game/StarterContent/Maps/Minimal_Default.Minimal_Default:PersistentLevel' has LevelScriptBlueprint '/Game/StarterContent/Maps/Minimal_Default.Minimal_Default:PersistentLevel.Minimal_Default' with GeneratedClass '/Game/StarterContent/Maps/Minimal_Default.Minimal_Default_C' with ClassGeneratedBy '/Game/StarterContent/Maps/Minimal_Default.Minimal_Default:PersistentLevel.Minimal_Default'
[2015.11.24-14.25.51:052][114]LogPlayLevel: PlayLevel: No blueprints needed recompiling
[2015.11.24-14.25.51:052][114]PIE: New page: PIE session: Minimal_Default (Nov 24, 2015, 4:25:51 PM)
[2015.11.24-14.25.51:052][114]LogPlayLevel: Creating play world package: /Game/StarterContent/Maps/UEDPIE_0_Minimal_Default
[2015.11.24-14.25.51:133][114]LogPlayLevel: PIE: StaticDuplicateObject took: (0.081084s)
[2015.11.24-14.25.51:135][114]LogAIModule: Creating AISystem for world Minimal_Default
[2015.11.24-14.25.51:135][114]LogPlayLevel: PIE: World Init took: (0.001809s)
[2015.11.24-14.25.51:135][114]LogPlayLevel: PIE: Created PIE world by copying editor world from /Game/StarterContent/Maps/Minimal_Default.Minimal_Default to /Game/StarterContent/Maps/UEDPIE_0_Minimal_Default.Minimal_Default (0.083114s)
[2015.11.24-14.25.51:153][114]LogInit: XAudio2 using 'Speakers (4- High Definition Audio Device)' : 2 channels at 44.1 kHz using 16 bits per sample (channel mask 0x3)
[2015.11.24-14.25.51:158][114]LogInit: FAudioDevice initialized.
[2015.11.24-14.25.51:192][114]LogWorld: Game class is 'StarFoxGameMode'
[2015.11.24-14.25.51:281][114]LogWorld: Bringing World /Game/StarterContent/Maps/UEDPIE_0_Minimal_Default.Minimal_Default up for play (max tick rate 0) at 2015.11.24-15.25.51
[2015.11.24-14.25.51:281][114]LogActor:Warning: GameSession /Game/StarterContent/Maps/UEDPIE_0_Minimal_Default.Minimal_Default:PersistentLevel.GameSession_1 has natively added scene component(s), but none of them were set as the actor's RootComponent - picking one arbitrarily
[2015.11.24-14.25.51:281][114]LogActor:Warning: GameNetworkManager /Game/StarterContent/Maps/UEDPIE_0_Minimal_Default.Minimal_Default:PersistentLevel.GameNetworkManager_1 has natively added scene component(s), but none of them were set as the actor's RootComponent - picking one arbitrarily
[2015.11.24-14.25.51:282][114]LogWorld: Bringing up level for play took: 0.089409
[2015.11.24-14.25.51:284][114]PIE: Info Play in editor start time for /Game/StarterContent/Maps/UEDPIE_0_Minimal_Default 0.299
[2015.11.24-14.25.51:284][114]LogBlueprintUserMessages: Late PlayInEditor Detection: Level '/Game/StarterContent/Maps/Minimal_Default.Minimal_Default:PersistentLevel' has LevelScriptBlueprint '/Game/StarterContent/Maps/Minimal_Default.Minimal_Default:PersistentLevel.Minimal_Default' with GeneratedClass '/Game/StarterContent/Maps/Minimal_Default.Minimal_Default_C' with ClassGeneratedBy '/Game/StarterContent/Maps/Minimal_Default.Minimal_Default:PersistentLevel.Minimal_Default'
[2015.11.24-14.25.52:555][263]LogBlueprintUserMessages: Early EndPlayMap Detection: Level '/Game/StarterContent/Maps/Minimal_Default.Minimal_Default:PersistentLevel' has LevelScriptBlueprint '/Game/StarterContent/Maps/Minimal_Default.Minimal_Default:PersistentLevel.Minimal_Default' with GeneratedClass '/Game/StarterContent/Maps/Minimal_Default.Minimal_Default_C' with ClassGeneratedBy '/Game/StarterContent/Maps/Minimal_Default.Minimal_Default:PersistentLevel.Minimal_Default'
[2015.11.24-14.25.52:585][263]LogBlueprintUserMessages: Late EndPlayMap Detection: Level '/Game/StarterContent/Maps/Minimal_Default.Minimal_Default:PersistentLevel' has LevelScriptBlueprint '/Game/StarterContent/Maps/Minimal_Default.Minimal_Default:PersistentLevel.Minimal_Default' with GeneratedClass '/Game/StarterContent/Maps/Minimal_Default.Minimal_Default_C' with ClassGeneratedBy '/Game/StarterContent/Maps/Minimal_Default.Minimal_Default:PersistentLevel.Minimal_Default'
[2015.11.24-14.25.52:616][264]LogParticles: Destroying 0 GPU particle simulations for FXSystem 0x000000986B9554E0
[2015.11.24-14.26.47:118][345]LogBlueprintUserMessages: Early PlayInEditor Detection: Level '/Game/StarterContent/Maps/Minimal_Default.Minimal_Default:PersistentLevel' has LevelScriptBlueprint '/Game/StarterContent/Maps/Minimal_Default.Minimal_Default:PersistentLevel.Minimal_Default' with GeneratedClass '/Game/StarterContent/Maps/Minimal_Default.Minimal_Default_C' with ClassGeneratedBy '/Game/StarterContent/Maps/Minimal_Default.Minimal_Default:PersistentLevel.Minimal_Default'
[2015.11.24-14.26.47:118][345]LogPlayLevel: PlayLevel: No blueprints needed recompiling
[2015.11.24-14.26.47:119][345]PIE: New page: PIE session: Minimal_Default (Nov 24, 2015, 4:26:47 PM)
[2015.11.24-14.26.47:119][345]LogPlayLevel: Creating play world package: /Game/StarterContent/Maps/UEDPIE_0_Minimal_Default
[2015.11.24-14.26.47:190][345]LogPlayLevel: PIE: StaticDuplicateObject took: (0.071746s)
[2015.11.24-14.26.47:192][345]LogAIModule: Creating AISystem for world Minimal_Default
[2015.11.24-14.26.47:192][345]LogPlayLevel: PIE: World Init took: (0.001624s)
[2015.11.24-14.26.47:192][345]LogPlayLevel: PIE: Created PIE world by copying editor world from /Game/StarterContent/Maps/Minimal_Default.Minimal_Default to /Game/StarterContent/Maps/UEDPIE_0_Minimal_Default.Minimal_Default (0.073516s)
[2015.11.24-14.26.47:229][345]LogInit: XAudio2 using 'Speakers (4- High Definition Audio Device)' : 2 channels at 44.1 kHz using 16 bits per sample (channel mask 0x3)
[2015.11.24-14.26.47:234][345]LogInit: FAudioDevice initialized.
[2015.11.24-14.26.47:266][345]LogWorld: Game class is 'StarFoxGameMode'
[2015.11.24-14.26.47:348][345]LogWorld: Bringing World /Game/StarterContent/Maps/UEDPIE_0_Minimal_Default.Minimal_Default up for play (max tick rate 0) at 2015.11.24-15.26.47
[2015.11.24-14.26.47:348][345]LogActor:Warning: GameSession /Game/StarterContent/Maps/UEDPIE_0_Minimal_Default.Minimal_Default:PersistentLevel.GameSession_2 has natively added scene component(s), but none of them were set as the actor's RootComponent - picking one arbitrarily
[2015.11.24-14.26.47:348][345]LogActor:Warning: GameNetworkManager /Game/StarterContent/Maps/UEDPIE_0_Minimal_Default.Minimal_Default:PersistentLevel.GameNetworkManager_2 has natively added scene component(s), but none of them were set as the actor's RootComponent - picking one arbitrarily
[2015.11.24-14.26.47:349][345]LogWorld: Bringing up level for play took: 0.082190
[2015.11.24-14.26.47:350][345]PIE: Info Play in editor start time for /Game/StarterContent/Maps/UEDPIE_0_Minimal_Default 0.366
[2015.11.24-14.26.47:350][345]LogBlueprintUserMessages: Late PlayInEditor Detection: Level '/Game/StarterContent/Maps/Minimal_Default.Minimal_Default:PersistentLevel' has LevelScriptBlueprint '/Game/StarterContent/Maps/Minimal_Default.Minimal_Default:PersistentLevel.Minimal_Default' with GeneratedClass '/Game/StarterContent/Maps/Minimal_Default.Minimal_Default_C' with ClassGeneratedBy '/Game/StarterContent/Maps/Minimal_Default.Minimal_Default:PersistentLevel.Minimal_Default'
[2015.11.24-14.26.50:136][676]LogBlueprintUserMessages: Early EndPlayMap Detection: Level '/Game/StarterContent/Maps/Minimal_Default.Minimal_Default:PersistentLevel' has LevelScriptBlueprint '/Game/StarterContent/Maps/Minimal_Default.Minimal_Default:PersistentLevel.Minimal_Default' with GeneratedClass '/Game/StarterContent/Maps/Minimal_Default.Minimal_Default_C' with ClassGeneratedBy '/Game/StarterContent/Maps/Minimal_Default.Minimal_Default:PersistentLevel.Minimal_Default'
[2015.11.24-14.26.50:189][676]LogBlueprintUserMessages: Late EndPlayMap Detection: Level '/Game/StarterContent/Maps/Minimal_Default.Minimal_Default:PersistentLevel' has LevelScriptBlueprint '/Game/StarterContent/Maps/Minimal_Default.Minimal_Default:PersistentLevel.Minimal_Default' with GeneratedClass '/Game/StarterContent/Maps/Minimal_Default.Minimal_Default_C' with ClassGeneratedBy '/Game/StarterContent/Maps/Minimal_Default.Minimal_Default:PersistentLevel.Minimal_Default'
[2015.11.24-14.26.50:204][676]LogParticles: Destroying 0 GPU particle simulations for FXSystem 0x000000981E0BD6C0
[2015.11.24-14.26.55:320][255]Cmd: SELECT NONE
[2015.11.24-14.26.56:039][338]Cmd: SELECT NONE
[2015.11.24-14.27.16:296][750]LogBlueprintUserMessages: Early PlayInEditor Detection: Level '/Game/StarterContent/Maps/Minimal_Default.Minimal_Default:PersistentLevel' has LevelScriptBlueprint '/Game/StarterContent/Maps/Minimal_Default.Minimal_Default:PersistentLevel.Minimal_Default' with GeneratedClass '/Game/StarterContent/Maps/Minimal_Default.Minimal_Default_C' with ClassGeneratedBy '/Game/StarterContent/Maps/Minimal_Default.Minimal_Default:PersistentLevel.Minimal_Default'
[2015.11.24-14.27.16:296][750]LogPlayLevel: PlayLevel: No blueprints needed recompiling
[2015.11.24-14.27.16:296][750]PIE: New page: PIE session: Minimal_Default (Nov 24, 2015, 4:27:16 PM)
[2015.11.24-14.27.16:296][750]LogPlayLevel: Creating play world package: /Game/StarterContent/Maps/UEDPIE_0_Minimal_Default
[2015.11.24-14.27.16:368][750]LogPlayLevel: PIE: StaticDuplicateObject took: (0.072072s)
[2015.11.24-14.27.16:369][750]LogAIModule: Creating AISystem for world Minimal_Default
[2015.11.24-14.27.16:369][750]LogPlayLevel: PIE: World Init took: (0.000856s)
[2015.11.24-14.27.16:369][750]LogPlayLevel: PIE: Created PIE world by copying editor world from /Game/StarterContent/Maps/Minimal_Default.Minimal_Default to /Game/StarterContent/Maps/UEDPIE_0_Minimal_Default.Minimal_Default (0.073142s)
[2015.11.24-14.27.16:409][750]LogInit: XAudio2 using 'Speakers (4- High Definition Audio Device)' : 2 channels at 44.1 kHz using 16 bits per sample (channel mask 0x3)
[2015.11.24-14.27.16:413][750]LogInit: FAudioDevice initialized.
[2015.11.24-14.27.16:444][750]LogWorld: Game class is 'StarFoxGameMode'
[2015.11.24-14.27.16:525][750]LogWorld: Bringing World /Game/StarterContent/Maps/UEDPIE_0_Minimal_Default.Minimal_Default up for play (max tick rate 0) at 2015.11.24-15.27.16
[2015.11.24-14.27.16:525][750]LogActor:Warning: GameSession /Game/StarterContent/Maps/UEDPIE_0_Minimal_Default.Minimal_Default:PersistentLevel.GameSession_3 has natively added scene component(s), but none of them were set as the actor's RootComponent - picking one arbitrarily
[2015.11.24-14.27.16:525][750]LogActor:Warning: GameNetworkManager /Game/StarterContent/Maps/UEDPIE_0_Minimal_Default.Minimal_Default:PersistentLevel.GameNetworkManager_3 has natively added scene component(s), but none of them were set as the actor's RootComponent - picking one arbitrarily
[2015.11.24-14.27.16:526][750]LogWorld: Bringing up level for play took: 0.080955
[2015.11.24-14.27.16:527][750]PIE: Info Play in editor start time for /Game/StarterContent/Maps/UEDPIE_0_Minimal_Default -0.458
[2015.11.24-14.27.16:527][750]LogBlueprintUserMessages: Late PlayInEditor Detection: Level '/Game/StarterContent/Maps/Minimal_Default.Minimal_Default:PersistentLevel' has LevelScriptBlueprint '/Game/StarterContent/Maps/Minimal_Default.Minimal_Default:PersistentLevel.Minimal_Default' with GeneratedClass '/Game/StarterContent/Maps/Minimal_Default.Minimal_Default_C' with ClassGeneratedBy '/Game/StarterContent/Maps/Minimal_Default.Minimal_Default:PersistentLevel.Minimal_Default'
[2015.11.24-14.27.18:199][948]LogBlueprintUserMessages: Early EndPlayMap Detection: Level '/Game/StarterContent/Maps/Minimal_Default.Minimal_Default:PersistentLevel' has LevelScriptBlueprint '/Game/StarterContent/Maps/Minimal_Default.Minimal_Default:PersistentLevel.Minimal_Default' with GeneratedClass '/Game/StarterContent/Maps/Minimal_Default.Minimal_Default_C' with ClassGeneratedBy '/Game/StarterContent/Maps/Minimal_Default.Minimal_Default:PersistentLevel.Minimal_Default'
[2015.11.24-14.27.18:254][948]LogBlueprintUserMessages: Late EndPlayMap Detection: Level '/Game/StarterContent/Maps/Minimal_Default.Minimal_Default:PersistentLevel' has LevelScriptBlueprint '/Game/StarterContent/Maps/Minimal_Default.Minimal_Default:PersistentLevel.Minimal_Default' with GeneratedClass '/Game/StarterContent/Maps/Minimal_Default.Minimal_Default_C' with ClassGeneratedBy '/Game/StarterContent/Maps/Minimal_Default.Minimal_Default:PersistentLevel.Minimal_Default'
[2015.11.24-14.27.18:271][948]LogParticles: Destroying 0 GPU particle simulations for FXSystem 0x00000098207D9EE0
[2015.11.24-14.27.31:113][603]Recompiling StarFox...
[2015.11.24-14.27.31:113][603]Launching UnrealBuildTool... [C:/Program Files/Epic Games/4.9/Engine/Binaries/DotNET/UnrealBuildTool.exe StarFox -ModuleWithSuffix StarFox 6139 Win64 Development -editorrecompile -canskiplink "C:/Users/Spellabbet/Documents/Unreal Projects/StarFox/StarFox.uproject" -rocket  -rocket]
[2015.11.24-14.27.31:114][603]Warning: Starting HotReload took  0.0s.
[2015.11.24-14.27.44:259][ 86]CompilerResultsLog: New page: Compilation - Nov 24, 2015, 4:27:44 PM
[2015.11.24-14.27.44:259][ 86]CompilerResultsLog: Info Compiling game modules for hot reload
[2015.11.24-14.27.44:259][ 86]CompilerResultsLog: Info Parsing headers for StarFoxEditor
[2015.11.24-14.27.44:259][ 86]CompilerResultsLog: Info   Running UnrealHeaderTool "C:/Users/Spellabbet/Documents/Unreal Projects/StarFox/StarFox.uproject" "C:\Users\Spellabbet\Documents\Unreal Projects\StarFox\Intermediate\Build\Win64\StarFoxEditor\Development\UnrealHeaderTool.manifest" -LogCmds="loginit warning, logexit warning, logdatabase error" -rocket -installed
[2015.11.24-14.27.44:259][ 86]CompilerResultsLog: Info Reflection code generated for StarFoxEditor in 9,3274075 seconds
[2015.11.24-14.27.44:259][ 86]CompilerResultsLog: Info Performing 3 actions (4 in parallel)
[2015.11.24-14.27.44:259][ 86]CompilerResultsLog: Info PawnWithCamera.cpp
[2015.11.24-14.27.44:259][ 86]CompilerResultsLog: Info StarFox.generated.cpp
[2015.11.24-14.27.44:259][ 86]CompilerResultsLog:Error: Error C:\Users\Spellabbet\Documents\Unreal Projects\StarFox\Source\StarFox\PawnWithCamera.cpp(98)  : warning C4996: 'FVector2D::SafeNormal': Deprecated due to unclear name, use GetSafeNormal instead. Please update your code to the new API before upgrading to the next release, otherwise your project will no longer compile.
[2015.11.24-14.27.44:259][ 86]CompilerResultsLog: Info          c:\program files\epic games\4.9\engine\source\runtime\core\public\math\Vector2D.h(389)  : see declaration of 'FVector2D::SafeNormal'
[2015.11.24-14.27.44:259][ 86]CompilerResultsLog: Info [3/3] Link UE4Editor-StarFox-6139.dll
[2015.11.24-14.27.44:259][ 86]CompilerResultsLog: Info    Creating library C:\Users\Spellabbet\Documents\Unreal Projects\StarFox\Intermediate/Build/Win64\UE4Editor\Development\UE4Editor-StarFox-6139.lib and object C:\Users\Spellabbet\Documents\Unreal Projects\StarFox\Intermediate/Build/Win64\UE4Editor\Development\UE4Editor-StarFox-6139.exp
[2015.11.24-14.27.44:259][ 86]CompilerResultsLog: Info -------- End Detailed Actions Stats -----------------------------------------------------------
[2015.11.24-14.27.44:259][ 86]CompilerResultsLog: Info Total build time: 13,11 seconds
[2015.11.24-14.27.44:259][ 86]LogMainFrame: MainFrame: Module compiling took 13.149 seconds
[2015.11.24-14.27.44:333][ 86]LogClass: Could not find existing class PawnWithCamera in package /Script/StarFox for HotReload, assuming new class
[2015.11.24-14.27.44:335][ 86]LogHotReload: Re-instancing PawnWithCamera after hot-reload.
[2015.11.24-14.27.44:336][ 86]LogUObjectGlobals:Warning: Guid is in use by SceneComponent /Game/StarterContent/Maps/Minimal_Default.Minimal_Default:PersistentLevel.PawnWithCamera_12.RootComponent and SceneComponent /Game/StarterContent/Maps/Minimal_Default.Minimal_Default:PersistentLevel.PawnWithCamera_0.RootComponent, which should never happen in the editor but could happen at runtime with duplicate level loading or PIE
[2015.11.24-14.27.44:336][ 86]LogUObjectGlobals:Warning: Guid is in use by SpringArmComponent /Game/StarterContent/Maps/Minimal_Default.Minimal_Default:PersistentLevel.PawnWithCamera_12.CameraSpringArm and SpringArmComponent /Game/StarterContent/Maps/Minimal_Default.Minimal_Default:PersistentLevel.PawnWithCamera_0.CameraSpringArm, which should never happen in the editor but could happen at runtime with duplicate level loading or PIE
[2015.11.24-14.27.44:336][ 86]LogUObjectGlobals:Warning: Guid is in use by CameraComponent /Game/StarterContent/Maps/Minimal_Default.Minimal_Default:PersistentLevel.PawnWithCamera_12.GameCamera and CameraComponent /Game/StarterContent/Maps/Minimal_Default.Minimal_Default:PersistentLevel.PawnWithCamera_0.GameCamera, which should never happen in the editor but could happen at runtime with duplicate level loading or PIE
[2015.11.24-14.27.44:398][ 86]LogContentBrowser: Native class hierarchy updated for 'StarFox' in 0.0008 seconds. Added 2 classes and 2 folders.
[2015.11.24-14.27.44:399][ 86]Warning: HotReload successful (0 functions remapped  0 scriptstructs remapped)
[2015.11.24-14.27.44:440][ 86]LogContentBrowser: Native class hierarchy populated in 0.0069 seconds. Added 1870 classes and 337 folders.
[2015.11.24-14.27.46:604][337]LogBlueprintUserMessages: Early PlayInEditor Detection: Level '/Game/StarterContent/Maps/Minimal_Default.Minimal_Default:PersistentLevel' has LevelScriptBlueprint '/Game/StarterContent/Maps/Minimal_Default.Minimal_Default:PersistentLevel.Minimal_Default' with GeneratedClass '/Game/StarterContent/Maps/Minimal_Default.Minimal_Default_C' with ClassGeneratedBy '/Game/StarterContent/Maps/Minimal_Default.Minimal_Default:PersistentLevel.Minimal_Default'
[2015.11.24-14.27.46:604][337]LogPlayLevel: PlayLevel: No blueprints needed recompiling
[2015.11.24-14.27.46:604][337]PIE: New page: PIE session: Minimal_Default (Nov 24, 2015, 4:27:46 PM)
[2015.11.24-14.27.46:604][337]LogPlayLevel: Creating play world package: /Game/StarterContent/Maps/UEDPIE_0_Minimal_Default
[2015.11.24-14.27.46:694][337]LogPlayLevel: PIE: StaticDuplicateObject took: (0.090376s)
[2015.11.24-14.27.46:695][337]LogAIModule: Creating AISystem for world Minimal_Default
[2015.11.24-14.27.46:695][337]LogPlayLevel: PIE: World Init took: (0.001019s)
[2015.11.24-14.27.46:695][337]LogPlayLevel: PIE: Created PIE world by copying editor world from /Game/StarterContent/Maps/Minimal_Default.Minimal_Default to /Game/StarterContent/Maps/UEDPIE_0_Minimal_Default.Minimal_Default (0.091651s)
[2015.11.24-14.27.46:736][337]LogInit: XAudio2 using 'Speakers (4- High Definition Audio Device)' : 2 channels at 44.1 kHz using 16 bits per sample (channel mask 0x3)
[2015.11.24-14.27.46:742][337]LogInit: FAudioDevice initialized.
[2015.11.24-14.27.46:779][337]LogWorld: Game class is 'StarFoxGameMode'
[2015.11.24-14.27.46:874][337]LogWorld: Bringing World /Game/StarterContent/Maps/UEDPIE_0_Minimal_Default.Minimal_Default up for play (max tick rate 0) at 2015.11.24-15.27.46
[2015.11.24-14.27.46:875][337]LogActor:Warning: GameSession /Game/StarterContent/Maps/UEDPIE_0_Minimal_Default.Minimal_Default:PersistentLevel.GameSession_4 has natively added scene component(s), but none of them were set as the actor's RootComponent - picking one arbitrarily
[2015.11.24-14.27.46:875][337]LogActor:Warning: GameNetworkManager /Game/StarterContent/Maps/UEDPIE_0_Minimal_Default.Minimal_Default:PersistentLevel.GameNetworkManager_4 has natively added scene component(s), but none of them were set as the actor's RootComponent - picking one arbitrarily
[2015.11.24-14.27.46:876][337]LogWorld: Bringing up level for play took: 0.096551
[2015.11.24-14.27.46:877][337]PIE: Info Play in editor start time for /Game/StarterContent/Maps/UEDPIE_0_Minimal_Default -0.108
[2015.11.24-14.27.46:877][337]LogBlueprintUserMessages: Late PlayInEditor Detection: Level '/Game/StarterContent/Maps/Minimal_Default.Minimal_Default:PersistentLevel' has LevelScriptBlueprint '/Game/StarterContent/Maps/Minimal_Default.Minimal_Default:PersistentLevel.Minimal_Default' with GeneratedClass '/Game/StarterContent/Maps/Minimal_Default.Minimal_Default_C' with ClassGeneratedBy '/Game/StarterContent/Maps/Minimal_Default.Minimal_Default:PersistentLevel.Minimal_Default'
[2015.11.24-14.27.48:330][508]LogBlueprintUserMessages: Early EndPlayMap Detection: Level '/Game/StarterContent/Maps/Minimal_Default.Minimal_Default:PersistentLevel' has LevelScriptBlueprint '/Game/StarterContent/Maps/Minimal_Default.Minimal_Default:PersistentLevel.Minimal_Default' with GeneratedClass '/Game/StarterContent/Maps/Minimal_Default.Minimal_Default_C' with ClassGeneratedBy '/Game/StarterContent/Maps/Minimal_Default.Minimal_Default:PersistentLevel.Minimal_Default'
[2015.11.24-14.27.48:373][508]LogBlueprintUserMessages: Late EndPlayMap Detection: Level '/Game/StarterContent/Maps/Minimal_Default.Minimal_Default:PersistentLevel' has LevelScriptBlueprint '/Game/StarterContent/Maps/Minimal_Default.Minimal_Default:PersistentLevel.Minimal_Default' with GeneratedClass '/Game/StarterContent/Maps/Minimal_Default.Minimal_Default_C' with ClassGeneratedBy '/Game/StarterContent/Maps/Minimal_Default.Minimal_Default:PersistentLevel.Minimal_Default'
[2015.11.24-14.27.48:390][508]LogParticles: Destroying 0 GPU particle simulations for FXSystem 0x000000981E02F380
[2015.11.24-14.27.55:571][355]LogBlueprintUserMessages: Early PlayInEditor Detection: Level '/Game/StarterContent/Maps/Minimal_Default.Minimal_Default:PersistentLevel' has LevelScriptBlueprint '/Game/StarterContent/Maps/Minimal_Default.Minimal_Default:PersistentLevel.Minimal_Default' with GeneratedClass '/Game/StarterContent/Maps/Minimal_Default.Minimal_Default_C' with ClassGeneratedBy '/Game/StarterContent/Maps/Minimal_Default.Minimal_Default:PersistentLevel.Minimal_Default'
[2015.11.24-14.27.55:571][355]LogPlayLevel: PlayLevel: No blueprints needed recompiling
[2015.11.24-14.27.55:571][355]PIE: New page: PIE session: Minimal_Default (Nov 24, 2015, 4:27:55 PM)
[2015.11.24-14.27.55:571][355]LogPlayLevel: Creating play world package: /Game/StarterContent/Maps/UEDPIE_0_Minimal_Default
[2015.11.24-14.27.55:642][355]LogPlayLevel: PIE: StaticDuplicateObject took: (0.071496s)
[2015.11.24-14.27.55:643][355]LogAIModule: Creating AISystem for world Minimal_Default
[2015.11.24-14.27.55:643][355]LogPlayLevel: PIE: World Init took: (0.000802s)
[2015.11.24-14.27.55:643][355]LogPlayLevel: PIE: Created PIE world by copying editor world from /Game/StarterContent/Maps/Minimal_Default.Minimal_Default to /Game/StarterContent/Maps/UEDPIE_0_Minimal_Default.Minimal_Default (0.072503s)
[2015.11.24-14.27.55:685][355]LogInit: XAudio2 using 'Speakers (4- High Definition Audio Device)' : 2 channels at 44.1 kHz using 16 bits per sample (channel mask 0x3)
[2015.11.24-14.27.55:690][355]LogInit: FAudioDevice initialized.
[2015.11.24-14.27.55:721][355]LogWorld: Game class is 'StarFoxGameMode'
[2015.11.24-14.27.55:801][355]LogWorld: Bringing World /Game/StarterContent/Maps/UEDPIE_0_Minimal_Default.Minimal_Default up for play (max tick rate 0) at 2015.11.24-15.27.55
[2015.11.24-14.27.55:801][355]LogActor:Warning: GameSession /Game/StarterContent/Maps/UEDPIE_0_Minimal_Default.Minimal_Default:PersistentLevel.GameSession_5 has natively added scene component(s), but none of them were set as the actor's RootComponent - picking one arbitrarily
[2015.11.24-14.27.55:801][355]LogActor:Warning: GameNetworkManager /Game/StarterContent/Maps/UEDPIE_0_Minimal_Default.Minimal_Default:PersistentLevel.GameNetworkManager_5 has natively added scene component(s), but none of them were set as the actor's RootComponent - picking one arbitrarily
[2015.11.24-14.27.55:802][355]LogWorld: Bringing up level for play took: 0.080514
[2015.11.24-14.27.55:803][355]PIE: Info Play in editor start time for /Game/StarterContent/Maps/UEDPIE_0_Minimal_Default 0.819
[2015.11.24-14.27.55:803][355]LogBlueprintUserMessages: Late PlayInEditor Detection: Level '/Game/StarterContent/Maps/Minimal_Default.Minimal_Default:PersistentLevel' has LevelScriptBlueprint '/Game/StarterContent/Maps/Minimal_Default.Minimal_Default:PersistentLevel.Minimal_Default' with GeneratedClass '/Game/StarterContent/Maps/Minimal_Default.Minimal_Default_C' with ClassGeneratedBy '/Game/StarterContent/Maps/Minimal_Default.Minimal_Default:PersistentLevel.Minimal_Default'
[2015.11.24-14.27.57:683][577]LogBlueprintUserMessages: Early EndPlayMap Detection: Level '/Game/StarterContent/Maps/Minimal_Default.Minimal_Default:PersistentLevel' has LevelScriptBlueprint '/Game/StarterContent/Maps/Minimal_Default.Minimal_Default:PersistentLevel.Minimal_Default' with GeneratedClass '/Game/StarterContent/Maps/Minimal_Default.Minimal_Default_C' with ClassGeneratedBy '/Game/StarterContent/Maps/Minimal_Default.Minimal_Default:PersistentLevel.Minimal_Default'
[2015.11.24-14.27.57:724][577]LogBlueprintUserMessages: Late EndPlayMap Detection: Level '/Game/StarterContent/Maps/Minimal_Default.Minimal_Default:PersistentLevel' has LevelScriptBlueprint '/Game/StarterContent/Maps/Minimal_Default.Minimal_Default:PersistentLevel.Minimal_Default' with GeneratedClass '/Game/StarterContent/Maps/Minimal_Default.Minimal_Default_C' with ClassGeneratedBy '/Game/StarterContent/Maps/Minimal_Default.Minimal_Default:PersistentLevel.Minimal_Default'
[2015.11.24-14.27.57:751][577]LogParticles: Destroying 0 GPU particle simulations for FXSystem 0x000000980529A3E0
[2015.11.24-14.28.10:926][103]LogBlueprintUserMessages: Early PlayInEditor Detection: Level '/Game/StarterContent/Maps/Minimal_Default.Minimal_Default:PersistentLevel' has LevelScriptBlueprint '/Game/StarterContent/Maps/Minimal_Default.Minimal_Default:PersistentLevel.Minimal_Default' with GeneratedClass '/Game/StarterContent/Maps/Minimal_Default.Minimal_Default_C' with ClassGeneratedBy '/Game/StarterContent/Maps/Minimal_Default.Minimal_Default:PersistentLevel.Minimal_Default'
[2015.11.24-14.28.10:926][103]LogPlayLevel: PlayLevel: No blueprints needed recompiling
[2015.11.24-14.28.10:926][103]PIE: New page: PIE session: Minimal_Default (Nov 24, 2015, 4:28:10 PM)
[2015.11.24-14.28.10:926][103]LogPlayLevel: Creating play world package: /Game/StarterContent/Maps/UEDPIE_0_Minimal_Default
[2015.11.24-14.28.11:001][103]LogPlayLevel: PIE: StaticDuplicateObject took: (0.075768s)
[2015.11.24-14.28.11:002][103]LogAIModule: Creating AISystem for world Minimal_Default
[2015.11.24-14.28.11:002][103]LogPlayLevel: PIE: World Init took: (0.000768s)
[2015.11.24-14.28.11:002][103]LogPlayLevel: PIE: Created PIE world by copying editor world from /Game/StarterContent/Maps/Minimal_Default.Minimal_Default to /Game/StarterContent/Maps/UEDPIE_0_Minimal_Default.Minimal_Default (0.076767s)
[2015.11.24-14.28.11:043][103]LogInit: XAudio2 using 'Speakers (4- High Definition Audio Device)' : 2 channels at 44.1 kHz using 16 bits per sample (channel mask 0x3)
[2015.11.24-14.28.11:048][103]LogInit: FAudioDevice initialized.
[2015.11.24-14.28.11:078][103]LogWorld: Game class is 'StarFoxGameMode'
[2015.11.24-14.28.11:159][103]LogWorld: Bringing World /Game/StarterContent/Maps/UEDPIE_0_Minimal_Default.Minimal_Default up for play (max tick rate 0) at 2015.11.24-15.28.11
[2015.11.24-14.28.11:159][103]LogActor:Warning: GameSession /Game/StarterContent/Maps/UEDPIE_0_Minimal_Default.Minimal_Default:PersistentLevel.GameSession_6 has natively added scene component(s), but none of them were set as the actor's RootComponent - picking one arbitrarily
[2015.11.24-14.28.11:160][103]LogActor:Warning: GameNetworkManager /Game/StarterContent/Maps/UEDPIE_0_Minimal_Default.Minimal_Default:PersistentLevel.GameNetworkManager_6 has natively added scene component(s), but none of them were set as the actor's RootComponent - picking one arbitrarily
[2015.11.24-14.28.11:161][103]LogWorld: Bringing up level for play took: 0.082132
[2015.11.24-14.28.11:162][103]PIE: Info Play in editor start time for /Game/StarterContent/Maps/UEDPIE_0_Minimal_Default 0.177
[2015.11.24-14.28.11:162][103]LogBlueprintUserMessages: Late PlayInEditor Detection: Level '/Game/StarterContent/Maps/Minimal_Default.Minimal_Default:PersistentLevel' has LevelScriptBlueprint '/Game/StarterContent/Maps/Minimal_Default.Minimal_Default:PersistentLevel.Minimal_Default' with GeneratedClass '/Game/StarterContent/Maps/Minimal_Default.Minimal_Default_C' with ClassGeneratedBy '/Game/StarterContent/Maps/Minimal_Default.Minimal_Default:PersistentLevel.Minimal_Default'
[2015.11.24-14.28.15:184][583]LogBlueprintUserMessages: Early EndPlayMap Detection: Level '/Game/StarterContent/Maps/Minimal_Default.Minimal_Default:PersistentLevel' has LevelScriptBlueprint '/Game/StarterContent/Maps/Minimal_Default.Minimal_Default:PersistentLevel.Minimal_Default' with GeneratedClass '/Game/StarterContent/Maps/Minimal_Default.Minimal_Default_C' with ClassGeneratedBy '/Game/StarterContent/Maps/Minimal_Default.Minimal_Default:PersistentLevel.Minimal_Default'
[2015.11.24-14.28.15:229][583]LogBlueprintUserMessages: Late EndPlayMap Detection: Level '/Game/StarterContent/Maps/Minimal_Default.Minimal_Default:PersistentLevel' has LevelScriptBlueprint '/Game/StarterContent/Maps/Minimal_Default.Minimal_Default:PersistentLevel.Minimal_Default' with GeneratedClass '/Game/StarterContent/Maps/Minimal_Default.Minimal_Default_C' with ClassGeneratedBy '/Game/StarterContent/Maps/Minimal_Default.Minimal_Default:PersistentLevel.Minimal_Default'
[2015.11.24-14.28.15:254][583]LogParticles: Destroying 0 GPU particle simulations for FXSystem 0x000000981F229120
[2015.11.24-14.28.27:040][961]LogBlueprintUserMessages: Early PlayInEditor Detection: Level '/Game/StarterContent/Maps/Minimal_Default.Minimal_Default:PersistentLevel' has LevelScriptBlueprint '/Game/StarterContent/Maps/Minimal_Default.Minimal_Default:PersistentLevel.Minimal_Default' with GeneratedClass '/Game/StarterContent/Maps/Minimal_Default.Minimal_Default_C' with ClassGeneratedBy '/Game/StarterContent/Maps/Minimal_Default.Minimal_Default:PersistentLevel.Minimal_Default'
[2015.11.24-14.28.27:040][961]LogPlayLevel: PlayLevel: No blueprints needed recompiling
[2015.11.24-14.28.27:040][961]PIE: New page: PIE session: Minimal_Default (Nov 24, 2015, 4:28:27 PM)
[2015.11.24-14.28.27:040][961]LogPlayLevel: Creating play world package: /Game/StarterContent/Maps/UEDPIE_0_Minimal_Default
[2015.11.24-14.28.27:112][961]LogPlayLevel: PIE: StaticDuplicateObject took: (0.071824s)
[2015.11.24-14.28.27:113][961]LogAIModule: Creating AISystem for world Minimal_Default
[2015.11.24-14.28.27:113][961]LogPlayLevel: PIE: World Init took: (0.001317s)
[2015.11.24-14.28.27:114][961]LogPlayLevel: PIE: Created PIE world by copying editor world from /Game/StarterContent/Maps/Minimal_Default.Minimal_Default to /Game/StarterContent/Maps/UEDPIE_0_Minimal_Default.Minimal_Default (0.073347s)
[2015.11.24-14.28.27:153][961]LogInit: XAudio2 using 'Speakers (4- High Definition Audio Device)' : 2 channels at 44.1 kHz using 16 bits per sample (channel mask 0x3)
[2015.11.24-14.28.27:158][961]LogInit: FAudioDevice initialized.
[2015.11.24-14.28.27:195][961]LogWorld: Game class is 'StarFoxGameMode'
[2015.11.24-14.28.27:275][961]LogWorld: Bringing World /Game/StarterContent/Maps/UEDPIE_0_Minimal_Default.Minimal_Default up for play (max tick rate 0) at 2015.11.24-15.28.27
[2015.11.24-14.28.27:275][961]LogActor:Warning: GameSession /Game/StarterContent/Maps/UEDPIE_0_Minimal_Default.Minimal_Default:PersistentLevel.GameSession_7 has natively added scene component(s), but none of them were set as the actor's RootComponent - picking one arbitrarily
[2015.11.24-14.28.27:275][961]LogActor:Warning: GameNetworkManager /Game/StarterContent/Maps/UEDPIE_0_Minimal_Default.Minimal_Default:PersistentLevel.GameNetworkManager_7 has natively added scene component(s), but none of them were set as the actor's RootComponent - picking one arbitrarily
[2015.11.24-14.28.27:277][961]LogWorld: Bringing up level for play took: 0.081448
[2015.11.24-14.28.27:278][961]PIE: Info Play in editor start time for /Game/StarterContent/Maps/UEDPIE_0_Minimal_Default 0.293
[2015.11.24-14.28.27:278][961]LogBlueprintUserMessages: Late PlayInEditor Detection: Level '/Game/StarterContent/Maps/Minimal_Default.Minimal_Default:PersistentLevel' has LevelScriptBlueprint '/Game/StarterContent/Maps/Minimal_Default.Minimal_Default:PersistentLevel.Minimal_Default' with GeneratedClass '/Game/StarterContent/Maps/Minimal_Default.Minimal_Default_C' with ClassGeneratedBy '/Game/StarterContent/Maps/Minimal_Default.Minimal_Default:PersistentLevel.Minimal_Default'
[2015.11.24-14.28.28:073][ 53]LogSelection:Warning: PIE object was selected: "PawnWithCamera /Game/StarterContent/Maps/UEDPIE_0_Minimal_Default.Minimal_Default:PersistentLevel.PawnWithCamera_0"
[2015.11.24-14.28.32:709][379]Cmd: SELECT NONE
[2015.11.24-14.28.34:296][554]LogBlueprintUserMessages: Early EndPlayMap Detection: Level '/Game/StarterContent/Maps/Minimal_Default.Minimal_Default:PersistentLevel' has LevelScriptBlueprint '/Game/StarterContent/Maps/Minimal_Default.Minimal_Default:PersistentLevel.Minimal_Default' with GeneratedClass '/Game/StarterContent/Maps/Minimal_Default.Minimal_Default_C' with ClassGeneratedBy '/Game/StarterContent/Maps/Minimal_Default.Minimal_Default:PersistentLevel.Minimal_Default'
[2015.11.24-14.28.34:344][554]LogBlueprintUserMessages: Late EndPlayMap Detection: Level '/Game/StarterContent/Maps/Minimal_Default.Minimal_Default:PersistentLevel' has LevelScriptBlueprint '/Game/StarterContent/Maps/Minimal_Default.Minimal_Default:PersistentLevel.Minimal_Default' with GeneratedClass '/Game/StarterContent/Maps/Minimal_Default.Minimal_Default_C' with ClassGeneratedBy '/Game/StarterContent/Maps/Minimal_Default.Minimal_Default:PersistentLevel.Minimal_Default'
[2015.11.24-14.28.34:368][554]LogParticles: Destroying 0 GPU particle simulations for FXSystem 0x00000098208F8180
[2015.11.24-14.28.48:830][217]LogBlueprintUserMessages: Early PlayInEditor Detection: Level '/Game/StarterContent/Maps/Minimal_Default.Minimal_Default:PersistentLevel' has LevelScriptBlueprint '/Game/StarterContent/Maps/Minimal_Default.Minimal_Default:PersistentLevel.Minimal_Default' with GeneratedClass '/Game/StarterContent/Maps/Minimal_Default.Minimal_Default_C' with ClassGeneratedBy '/Game/StarterContent/Maps/Minimal_Default.Minimal_Default:PersistentLevel.Minimal_Default'
[2015.11.24-14.28.48:830][217]LogPlayLevel: PlayLevel: No blueprints needed recompiling
[2015.11.24-14.28.48:830][217]PIE: New page: PIE session: Minimal_Default (Nov 24, 2015, 4:28:48 PM)
[2015.11.24-14.28.48:830][217]LogPlayLevel: Creating play world package: /Game/StarterContent/Maps/UEDPIE_0_Minimal_Default
[2015.11.24-14.28.48:902][217]LogPlayLevel: PIE: StaticDuplicateObject took: (0.071963s)
[2015.11.24-14.28.48:903][217]LogAIModule: Creating AISystem for world Minimal_Default
[2015.11.24-14.28.48:903][217]LogPlayLevel: PIE: World Init took: (0.001270s)
[2015.11.24-14.28.48:903][217]LogPlayLevel: PIE: Created PIE world by copying editor world from /Game/StarterContent/Maps/Minimal_Default.Minimal_Default to /Game/StarterContent/Maps/UEDPIE_0_Minimal_Default.Minimal_Default (0.073433s)
[2015.11.24-14.28.48:943][217]LogInit: XAudio2 using 'Speakers (4- High Definition Audio Device)' : 2 channels at 44.1 kHz using 16 bits per sample (channel mask 0x3)
[2015.11.24-14.28.48:947][217]LogInit: FAudioDevice initialized.
[2015.11.24-14.28.48:978][217]LogWorld: Game class is 'StarFoxGameMode'
[2015.11.24-14.28.49:059][217]LogWorld: Bringing World /Game/StarterContent/Maps/UEDPIE_0_Minimal_Default.Minimal_Default up for play (max tick rate 0) at 2015.11.24-15.28.49
[2015.11.24-14.28.49:059][217]LogActor:Warning: GameSession /Game/StarterContent/Maps/UEDPIE_0_Minimal_Default.Minimal_Default:PersistentLevel.GameSession_8 has natively added scene component(s), but none of them were set as the actor's RootComponent - picking one arbitrarily
[2015.11.24-14.28.49:059][217]LogActor:Warning: GameNetworkManager /Game/StarterContent/Maps/UEDPIE_0_Minimal_Default.Minimal_Default:PersistentLevel.GameNetworkManager_8 has natively added scene component(s), but none of them were set as the actor's RootComponent - picking one arbitrarily
[2015.11.24-14.28.49:060][217]LogWorld: Bringing up level for play took: 0.081561
[2015.11.24-14.28.49:061][217]PIE: Info Play in editor start time for /Game/StarterContent/Maps/UEDPIE_0_Minimal_Default 0.076
[2015.11.24-14.28.49:061][217]LogBlueprintUserMessages: Late PlayInEditor Detection: Level '/Game/StarterContent/Maps/Minimal_Default.Minimal_Default:PersistentLevel' has LevelScriptBlueprint '/Game/StarterContent/Maps/Minimal_Default.Minimal_Default:PersistentLevel.Minimal_Default' with GeneratedClass '/Game/StarterContent/Maps/Minimal_Default.Minimal_Default_C' with ClassGeneratedBy '/Game/StarterContent/Maps/Minimal_Default.Minimal_Default:PersistentLevel.Minimal_Default'
[2015.11.24-14.28.54:277][840]LogBlueprintUserMessages: Early EndPlayMap Detection: Level '/Game/StarterContent/Maps/Minimal_Default.Minimal_Default:PersistentLevel' has LevelScriptBlueprint '/Game/StarterContent/Maps/Minimal_Default.Minimal_Default:PersistentLevel.Minimal_Default' with GeneratedClass '/Game/StarterContent/Maps/Minimal_Default.Minimal_Default_C' with ClassGeneratedBy '/Game/StarterContent/Maps/Minimal_Default.Minimal_Default:PersistentLevel.Minimal_Default'
[2015.11.24-14.28.54:318][840]LogBlueprintUserMessages: Late EndPlayMap Detection: Level '/Game/StarterContent/Maps/Minimal_Default.Minimal_Default:PersistentLevel' has LevelScriptBlueprint '/Game/StarterContent/Maps/Minimal_Default.Minimal_Default:PersistentLevel.Minimal_Default' with GeneratedClass '/Game/StarterContent/Maps/Minimal_Default.Minimal_Default_C' with ClassGeneratedBy '/Game/StarterContent/Maps/Minimal_Default.Minimal_Default:PersistentLevel.Minimal_Default'
[2015.11.24-14.28.54:349][840]LogParticles: Destroying 0 GPU particle simulations for FXSystem 0x000000980529A8E0
[2015.11.24-14.28.59:768][479]LogBlueprintUserMessages: Early PlayInEditor Detection: Level '/Game/StarterContent/Maps/Minimal_Default.Minimal_Default:PersistentLevel' has LevelScriptBlueprint '/Game/StarterContent/Maps/Minimal_Default.Minimal_Default:PersistentLevel.Minimal_Default' with GeneratedClass '/Game/StarterContent/Maps/Minimal_Default.Minimal_Default_C' with ClassGeneratedBy '/Game/StarterContent/Maps/Minimal_Default.Minimal_Default:PersistentLevel.Minimal_Default'
[2015.11.24-14.28.59:768][479]LogPlayLevel: PlayLevel: No blueprints needed recompiling
[2015.11.24-14.28.59:768][479]PIE: New page: PIE session: Minimal_Default (Nov 24, 2015, 4:28:59 PM)
[2015.11.24-14.28.59:769][479]LogPlayLevel: Creating play world package: /Game/StarterContent/Maps/UEDPIE_0_Minimal_Default
[2015.11.24-14.28.59:843][479]LogPlayLevel: PIE: StaticDuplicateObject took: (0.074677s)
[2015.11.24-14.28.59:844][479]LogAIModule: Creating AISystem for world Minimal_Default
[2015.11.24-14.28.59:844][479]LogPlayLevel: PIE: World Init took: (0.000978s)
[2015.11.24-14.28.59:844][479]LogPlayLevel: PIE: Created PIE world by copying editor world from /Game/StarterContent/Maps/Minimal_Default.Minimal_Default to /Game/StarterContent/Maps/UEDPIE_0_Minimal_Default.Minimal_Default (0.075886s)
[2015.11.24-14.28.59:884][479]LogInit: XAudio2 using 'Speakers (4- High Definition Audio Device)' : 2 channels at 44.1 kHz using 16 bits per sample (channel mask 0x3)
[2015.11.24-14.28.59:888][479]LogInit: FAudioDevice initialized.
[2015.11.24-14.28.59:918][479]LogWorld: Game class is 'StarFoxGameMode'
[2015.11.24-14.28.59:997][479]LogWorld: Bringing World /Game/StarterContent/Maps/UEDPIE_0_Minimal_Default.Minimal_Default up for play (max tick rate 0) at 2015.11.24-15.28.59
[2015.11.24-14.28.59:997][479]LogActor:Warning: GameSession /Game/StarterContent/Maps/UEDPIE_0_Minimal_Default.Minimal_Default:PersistentLevel.GameSession_9 has natively added scene component(s), but none of them were set as the actor's RootComponent - picking one arbitrarily
[2015.11.24-14.28.59:997][479]LogActor:Warning: GameNetworkManager /Game/StarterContent/Maps/UEDPIE_0_Minimal_Default.Minimal_Default:PersistentLevel.GameNetworkManager_9 has natively added scene component(s), but none of them were set as the actor's RootComponent - picking one arbitrarily
[2015.11.24-14.28.59:999][479]LogWorld: Bringing up level for play took: 0.080375
[2015.11.24-14.29.00:000][479]PIE: Info Play in editor start time for /Game/StarterContent/Maps/UEDPIE_0_Minimal_Default 1.015
[2015.11.24-14.29.00:000][479]LogBlueprintUserMessages: Late PlayInEditor Detection: Level '/Game/StarterContent/Maps/Minimal_Default.Minimal_Default:PersistentLevel' has LevelScriptBlueprint '/Game/StarterContent/Maps/Minimal_Default.Minimal_Default:PersistentLevel.Minimal_Default' with GeneratedClass '/Game/StarterContent/Maps/Minimal_Default.Minimal_Default_C' with ClassGeneratedBy '/Game/StarterContent/Maps/Minimal_Default.Minimal_Default:PersistentLevel.Minimal_Default'
[2015.11.24-14.29.06:758][287]LogBlueprintUserMessages: Early EndPlayMap Detection: Level '/Game/StarterContent/Maps/Minimal_Default.Minimal_Default:PersistentLevel' has LevelScriptBlueprint '/Game/StarterContent/Maps/Minimal_Default.Minimal_Default:PersistentLevel.Minimal_Default' with GeneratedClass '/Game/StarterContent/Maps/Minimal_Default.Minimal_Default_C' with ClassGeneratedBy '/Game/StarterContent/Maps/Minimal_Default.Minimal_Default:PersistentLevel.Minimal_Default'
[2015.11.24-14.29.06:803][287]LogBlueprintUserMessages: Late EndPlayMap Detection: Level '/Game/StarterContent/Maps/Minimal_Default.Minimal_Default:PersistentLevel' has LevelScriptBlueprint '/Game/StarterContent/Maps/Minimal_Default.Minimal_Default:PersistentLevel.Minimal_Default' with GeneratedClass '/Game/StarterContent/Maps/Minimal_Default.Minimal_Default_C' with ClassGeneratedBy '/Game/StarterContent/Maps/Minimal_Default.Minimal_Default:PersistentLevel.Minimal_Default'
[2015.11.24-14.29.06:835][287]LogParticles: Destroying 0 GPU particle simulations for FXSystem 0x000000980E6774C0
[2015.11.24-14.29.12:937][  9]LogBlueprintUserMessages: Early PlayInEditor Detection: Level '/Game/StarterContent/Maps/Minimal_Default.Minimal_Default:PersistentLevel' has LevelScriptBlueprint '/Game/StarterContent/Maps/Minimal_Default.Minimal_Default:PersistentLevel.Minimal_Default' with GeneratedClass '/Game/StarterContent/Maps/Minimal_Default.Minimal_Default_C' with ClassGeneratedBy '/Game/StarterContent/Maps/Minimal_Default.Minimal_Default:PersistentLevel.Minimal_Default'
[2015.11.24-14.29.12:937][  9]LogPlayLevel: PlayLevel: No blueprints needed recompiling
[2015.11.24-14.29.12:937][  9]PIE: New page: PIE session: Minimal_Default (Nov 24, 2015, 4:29:12 PM)
[2015.11.24-14.29.12:937][  9]LogPlayLevel: Creating play world package: /Game/StarterContent/Maps/UEDPIE_0_Minimal_Default
[2015.11.24-14.29.13:009][  9]LogPlayLevel: PIE: StaticDuplicateObject took: (0.072365s)
[2015.11.24-14.29.13:010][  9]LogAIModule: Creating AISystem for world Minimal_Default
[2015.11.24-14.29.13:010][  9]LogPlayLevel: PIE: World Init took: (0.000775s)
[2015.11.24-14.29.13:010][  9]LogPlayLevel: PIE: Created PIE world by copying editor world from /Game/StarterContent/Maps/Minimal_Default.Minimal_Default to /Game/StarterContent/Maps/UEDPIE_0_Minimal_Default.Minimal_Default (0.073408s)
[2015.11.24-14.29.13:052][  9]LogInit: XAudio2 using 'Speakers (4- High Definition Audio Device)' : 2 channels at 44.1 kHz using 16 bits per sample (channel mask 0x3)
[2015.11.24-14.29.13:057][  9]LogInit: FAudioDevice initialized.
[2015.11.24-14.29.13:090][  9]LogWorld: Game class is 'StarFoxGameMode'
[2015.11.24-14.29.13:173][  9]LogWorld: Bringing World /Game/StarterContent/Maps/UEDPIE_0_Minimal_Default.Minimal_Default up for play (max tick rate 0) at 2015.11.24-15.29.13
[2015.11.24-14.29.13:173][  9]LogActor:Warning: GameSession /Game/StarterContent/Maps/UEDPIE_0_Minimal_Default.Minimal_Default:PersistentLevel.GameSession_10 has natively added scene component(s), but none of them were set as the actor's RootComponent - picking one arbitrarily
[2015.11.24-14.29.13:173][  9]LogActor:Warning: GameNetworkManager /Game/StarterContent/Maps/UEDPIE_0_Minimal_Default.Minimal_Default:PersistentLevel.GameNetworkManager_10 has natively added scene component(s), but none of them were set as the actor's RootComponent - picking one arbitrarily
[2015.11.24-14.29.13:174][  9]LogWorld: Bringing up level for play took: 0.082740
[2015.11.24-14.29.13:175][  9]PIE: Info Play in editor start time for /Game/StarterContent/Maps/UEDPIE_0_Minimal_Default 0.19
[2015.11.24-14.29.13:175][  9]LogBlueprintUserMessages: Late PlayInEditor Detection: Level '/Game/StarterContent/Maps/Minimal_Default.Minimal_Default:PersistentLevel' has LevelScriptBlueprint '/Game/StarterContent/Maps/Minimal_Default.Minimal_Default:PersistentLevel.Minimal_Default' with GeneratedClass '/Game/StarterContent/Maps/Minimal_Default.Minimal_Default_C' with ClassGeneratedBy '/Game/StarterContent/Maps/Minimal_Default.Minimal_Default:PersistentLevel.Minimal_Default'
[2015.11.24-14.29.17:022][468]LogBlueprintUserMessages: Early EndPlayMap Detection: Level '/Game/StarterContent/Maps/Minimal_Default.Minimal_Default:PersistentLevel' has LevelScriptBlueprint '/Game/StarterContent/Maps/Minimal_Default.Minimal_Default:PersistentLevel.Minimal_Default' with GeneratedClass '/Game/StarterContent/Maps/Minimal_Default.Minimal_Default_C' with ClassGeneratedBy '/Game/StarterContent/Maps/Minimal_Default.Minimal_Default:PersistentLevel.Minimal_Default'
[2015.11.24-14.29.17:068][468]LogBlueprintUserMessages: Late EndPlayMap Detection: Level '/Game/StarterContent/Maps/Minimal_Default.Minimal_Default:PersistentLevel' has LevelScriptBlueprint '/Game/StarterContent/Maps/Minimal_Default.Minimal_Default:PersistentLevel.Minimal_Default' with GeneratedClass '/Game/StarterContent/Maps/Minimal_Default.Minimal_Default_C' with ClassGeneratedBy '/Game/StarterContent/Maps/Minimal_Default.Minimal_Default:PersistentLevel.Minimal_Default'
[2015.11.24-14.29.17:101][468]LogParticles: Destroying 0 GPU particle simulations for FXSystem 0x000000981E0BC0E0
[2015.11.24-14.29.19:715][778]Cmd: TRANSACTION UNDO
[2015.11.24-14.29.19:715][778]LogEditorTransaction: Undo Attach Component
[2015.11.24-14.29.19:993][806]Cmd: TRANSACTION UNDO
[2015.11.24-14.29.19:993][806]LogEditorTransaction: Undo Clicking on Component (tree view)
[2015.11.24-14.29.20:245][822]Cmd: TRANSACTION UNDO
[2015.11.24-14.29.20:245][822]LogEditorTransaction: Undo Attach Component
[2015.11.24-14.29.20:486][850]Cmd: TRANSACTION UNDO
[2015.11.24-14.29.20:486][850]LogEditorTransaction: Undo Clicking on Component (tree view)
[2015.11.24-14.29.20:740][880]Cmd: TRANSACTION UNDO
[2015.11.24-14.29.20:740][880]LogEditorTransaction: Undo Move Components
[2015.11.24-14.29.20:986][909]Cmd: TRANSACTION UNDO
[2015.11.24-14.29.20:986][909]LogEditorTransaction: Undo Clicking on Component (tree view)
[2015.11.24-14.29.21:204][935]Cmd: TRANSACTION UNDO
[2015.11.24-14.29.21:204][935]LogEditorTransaction: Undo Clicking on Component (tree view)
[2015.11.24-14.29.21:422][961]Cmd: TRANSACTION UNDO
[2015.11.24-14.29.21:422][961]LogEditorTransaction: Undo Edit Static Mesh
[2015.11.24-14.29.21:641][987]Cmd: TRANSACTION UNDO
[2015.11.24-14.29.21:641][987]LogEditorTransaction: Undo Add Component
[2015.11.24-14.29.21:868][ 14]Cmd: TRANSACTION UNDO
[2015.11.24-14.29.21:868][ 14]LogEditorTransaction: Undo Clicking on Component (tree view)
[2015.11.24-14.29.22:102][ 40]Cmd: TRANSACTION UNDO
[2015.11.24-14.29.22:102][ 40]LogEditorTransaction: Undo Clicking on Component (tree view)
[2015.11.24-14.29.22:522][ 88]Cmd: TRANSACTION UNDO
[2015.11.24-14.29.22:522][ 88]LogEditorTransaction: Undo Clicking on Component (tree view)
[2015.11.24-14.29.22:890][130]Cmd: TRANSACTION UNDO
[2015.11.24-14.29.22:890][130]LogEditorTransaction: Undo Remove Components
[2015.11.24-14.29.23:208][165]Cmd: TRANSACTION UNDO
[2015.11.24-14.29.23:208][165]LogEditorTransaction: Undo Clicking on Component (tree view)
[2015.11.24-14.29.24:079][267]Cmd: TRANSACTION UNDO
[2015.11.24-14.29.24:079][267]LogEditorTransaction: Undo Clicking on Component (tree view)
[2015.11.24-14.29.24:598][329]Cmd: TRANSACTION UNDO
[2015.11.24-14.29.24:598][329]LogEditorTransaction: Undo Clicking on Component (tree view)
[2015.11.24-14.29.24:866][361]Cmd: TRANSACTION UNDO
[2015.11.24-14.29.24:866][361]LogEditorTransaction: Undo Rename Component Variable
[2015.11.24-14.29.25:143][394]Cmd: TRANSACTION UNDO
[2015.11.24-14.29.25:143][394]LogEditorTransaction: Undo Attach Component
[2015.11.24-14.29.25:379][422]Cmd: TRANSACTION UNDO
[2015.11.24-14.29.25:379][422]LogEditorTransaction: Undo Clicking on Component (tree view)
[2015.11.24-14.29.26:436][546]Cmd: TRANSACTION UNDO
[2015.11.24-14.29.26:436][546]LogEditorTransaction: Undo Clicking on Component (tree view)
[2015.11.24-14.29.26:780][585]Cmd: TRANSACTION UNDO
[2015.11.24-14.29.26:780][585]LogEditorTransaction: Undo Clicking on Actors
[2015.11.24-14.29.27:354][651]Cmd: TRANSACTION UNDO
[2015.11.24-14.29.27:354][651]LogEditorTransaction: Undo Select None
[2015.11.24-14.29.27:829][708]Cmd: TRANSACTION UNDO
[2015.11.24-14.29.27:829][708]LogEditorTransaction: Undo Select None
[2015.11.24-14.29.28:442][776]Cmd: TRANSACTION UNDO
[2015.11.24-14.29.28:442][776]LogEditorTransaction: Undo Move Components
[2015.11.24-14.29.28:442][776]LogWindows:Error: Windows GetLastError: The operation completed successfully. (0)
[2015.11.24-14.29.28:686][776]LogCrashTracker: 


[2015.11.24-14.29.28:690][776]LogCrashTracker: 


[2015.11.24-14.29.28:690][776]LogWindows: === Critical error: ===
Assertion failed: (Index >= 0) & (Index < ArrayNum) [File:D:\BuildFarm\buildmachine_++depot+UE4-Releases+4.9\Engine\Source\Runtime\Core\Public\Containers\Array.h] [Line: 678] 
Array index out of bounds: 1115684864 from an array of size 12




[2015.11.24-14.29.28:784][776]LogExit: Executing StaticShutdownAfterError
[2015.11.24-14.29.28:791][776]LogPhysics:Warning: PHYSX: ..\..\PhysX\src\NpScene.cpp (2946) 8 : PxScene::unlockWrite() called without matching call to PxScene::lockWrite(), behaviour will be undefined.
[2015.11.24-14.29.28:791][776]LogPhysics:Warning: PHYSX: ..\..\PhysX\src\NpScene.cpp (2946) 8 : PxScene::unlockWrite() called without matching call to PxScene::lockWrite(), behaviour will be undefined.
[2015.11.24-14.29.28:791][776]LogWindows: FPlatformMisc::RequestExit(1)
[2015.11.24-14.29.28:791][776]Log file closed, 11/24/15 15:29:28
