[2015.11.24-14.24.41:806][  0]Log file open, 11/24/15 15:24:41
[2015.11.24-14.24.41:806][  0]LogInit:Display: Running engine for game: StarFox
[2015.11.24-14.24.41:806][  0]LogInit:Display: RandInit(-1149827579) SRandInit(-1149827579).
[2015.11.24-14.24.41:806][  0]LogTaskGraph: Started task graph with 4 named threads and 7 total threads.
[2015.11.24-14.24.41:806][  0]LogStats: Stats thread started at 0.074110
[2015.11.24-14.24.41:806][  0]LogInit: Version: 4.9.2-2707645+++depot+UE4-Releases+4.9
[2015.11.24-14.24.41:806][  0]LogInit: API Version: 2672455
[2015.11.24-14.24.41:806][  0]LogInit: Compiled (64-bit): Sep 28 2015 10:25:44
[2015.11.24-14.24.41:806][  0]LogInit: Compiled with Visual C++: 18.00.21005.01
[2015.11.24-14.24.41:806][  0]LogInit: Build Configuration: Development
[2015.11.24-14.24.41:806][  0]LogInit: Branch Name: ++depot+UE4-Releases+4.9
[2015.11.24-14.24.41:806][  0]LogInit: Command line:  
[2015.11.24-14.24.41:806][  0]LogInit: Base directory: C:/Program Files/Epic Games/4.9/Engine/Binaries/Win64/
[2015.11.24-14.24.41:806][  0]LogInit: Rocket: 1
[2015.11.24-14.24.41:812][  0]LogInit: Using libcurl 7.41.0
[2015.11.24-14.24.41:812][  0]LogInit:  - built for x86_64-pc-win32
[2015.11.24-14.24.41:812][  0]LogInit:  - supports SSL with WinSSL
[2015.11.24-14.24.41:812][  0]LogInit:  - other features:
[2015.11.24-14.24.41:812][  0]LogInit:      CURL_VERSION_SSL
[2015.11.24-14.24.41:812][  0]LogInit:      CURL_VERSION_IPV6
[2015.11.24-14.24.41:812][  0]LogInit:      CURL_VERSION_ASYNCHDNS
[2015.11.24-14.24.41:812][  0]LogInit:      CURL_VERSION_LARGEFILE
[2015.11.24-14.24.41:812][  0]LogInit:      CURL_VERSION_IDN
[2015.11.24-14.24.41:812][  0]LogInit:  CurlRequestOptions (configurable via config and command line):
[2015.11.24-14.24.41:812][  0]LogInit:  - bVerifyPeer = true  - Libcurl will verify peer certificate
[2015.11.24-14.24.41:812][  0]LogInit:  - bUseHttpProxy = false  - Libcurl will NOT use HTTP proxy
[2015.11.24-14.24.41:812][  0]LogInit:  - bDontReuseConnections = false  - Libcurl will reuse connections
[2015.11.24-14.24.41:812][  0]LogInit:  - CertBundlePath = nullptr  - Libcurl will use whatever was configured at build time.
[2015.11.24-14.24.41:818][  0]LogInit: Presizing for 0 objects not considered by GC, pre-allocating 0 bytes.
[2015.11.24-14.24.41:823][  0]LogInit: Object subsystem initialized
[2015.11.24-14.24.41:824][  0]LogInit: Selected Device Profile: [Windows]
[2015.11.24-14.24.41:824][  0]LogInit: Applying CVar settings loaded from the selected device profile: [Windows]
[2015.11.24-14.24.41:831][  0]LogInit: Computer: SpellabbA333-04
[2015.11.24-14.24.41:831][  0]LogInit: User: Spellabbet
[2015.11.24-14.24.41:831][  0]LogInit: CPU Page size=4096, Cores=4
[2015.11.24-14.24.41:831][  0]LogInit: High frequency timer resolution =3.507518 MHz
[2015.11.24-14.24.41:831][  0]LogMemory: Memory total: Physical=15.9GB (16GB approx)
[2015.11.24-14.24.41:831][  0]LogMemory: Platform Memory Stats for Windows
[2015.11.24-14.24.41:831][  0]LogMemory: Process Physical Memory: 52.22 MB used, 52.22 MB peak
[2015.11.24-14.24.41:831][  0]LogMemory: Process Virtual Memory: 56.96 MB used, 56.96 MB peak
[2015.11.24-14.24.41:831][  0]LogMemory: Physical Memory: 4749.74 MB used, 16318.82 MB total
[2015.11.24-14.24.41:831][  0]LogMemory: Virtual Memory: 349.31 MB used, 134217728.00 MB total
[2015.11.24-14.24.41:859][  0]LogTextLocalizationManager: No translations for ('sv-SE') exist, falling back to 'en' for localization and internationalization data.
[2015.11.24-14.24.42:468][  0]LogD3D11RHI: Found D3D11 adapter 0: NVIDIA GeForce GTX 960 (Feature Level 11_0)
[2015.11.24-14.24.42:468][  0]LogD3D11RHI: Adapter has 1965MB of dedicated video memory, 0MB of dedicated system memory, and 2048MB of shared system memory, 1 output[s]
[2015.11.24-14.24.42:469][  0]LogD3D11RHI: Found D3D11 adapter 1: Microsoft Basic Render Driver (Feature Level 11_0)
[2015.11.24-14.24.42:469][  0]LogD3D11RHI: Adapter has 0MB of dedicated video memory, 0MB of dedicated system memory, and 256MB of shared system memory, 0 output[s]
[2015.11.24-14.24.42:469][  0]LogD3D11RHI: Chosen D3D11 Adapter Id = 0
[2015.11.24-14.24.42:472][  0]LogD3D11RHI: !Direct3DDevice
[2015.11.24-14.24.42:472][  0]LogRHI: Texture pool is 1361 MB (70% of 1945 MB)
[2015.11.24-14.24.42:480][  0]LogD3D11RHI: Async texture creation enabled
[2015.11.24-14.24.42:496][  0]LogShaderCompilers: Guid format shader working directory is 15 characters bigger than the processId version (../../../../../../Users/Spellabbet/Documents/Unreal Projects/StarFox/Intermediate/Shaders/WorkingDirectory/4272/).
[2015.11.24-14.24.42:496][  0]LogShaderCompilers: Cleaned the shader compiler working directory '../../../../../../Users/Spellabbet/Documents/Unreal Projects/StarFox/Intermediate/Shaders/tmp/207EB5D248A753E112BB6F98C63C189C/'.
[2015.11.24-14.24.42:496][  0]LogShaderCompilers:Display: Using Local Shader Compiler.
[2015.11.24-14.24.43:385][  0]LogTemp:Display: Loaded TP AllDesktopTargetPlatform
[2015.11.24-14.24.43:390][  0]LogTemp:Display: Loaded TP WindowsClientTargetPlatform
[2015.11.24-14.24.43:394][  0]LogTemp:Display: Loaded TP WindowsNoEditorTargetPlatform
[2015.11.24-14.24.43:398][  0]LogTemp:Display: Loaded TP WindowsServerTargetPlatform
[2015.11.24-14.24.43:403][  0]LogTemp:Display: Loaded TP WindowsTargetPlatform
[2015.11.24-14.24.43:405][  0]LogTemp:Display: Loaded TP AndroidTargetPlatform
[2015.11.24-14.24.43:408][  0]LogTemp:Display: Loaded TP Android_ASTCTargetPlatform
[2015.11.24-14.24.43:411][  0]LogTemp:Display: Loaded TP Android_ATCTargetPlatform
[2015.11.24-14.24.43:414][  0]LogTemp:Display: Loaded TP Android_DXTTargetPlatform
[2015.11.24-14.24.43:417][  0]LogTemp:Display: Loaded TP Android_ETC1TargetPlatform
[2015.11.24-14.24.43:420][  0]LogTemp:Display: Loaded TP Android_ETC2TargetPlatform
[2015.11.24-14.24.43:422][  0]LogTemp:Display: Loaded TP Android_PVRTCTargetPlatform
[2015.11.24-14.24.43:423][  0]LogTemp:Display: Loaded TP HTML5TargetPlatform
[2015.11.24-14.24.43:439][  0]LogTemp:Display: Loaded TP IOSTargetPlatform
[2015.11.24-14.24.43:441][  0]LogTemp:Display: Loaded TP LinuxNoEditorTargetPlatform
[2015.11.24-14.24.43:444][  0]LogTemp:Display: Loaded TP LinuxServerTargetPlatform
[2015.11.24-14.24.43:447][  0]LogTemp:Display: Loaded TP LinuxTargetPlatform
[2015.11.24-14.24.43:447][  0]LogTargetPlatformManager:Display: Building Assets For Windows
[2015.11.24-14.24.43:548][  0]LogDerivedDataCache:Display: Max Cache Size: 512 MB
[2015.11.24-14.24.43:584][  0]LogDerivedDataCache: Loaded boot cache 0.04s 42MB C:/Users/Spellabbet/AppData/Local/UnrealEngine/4.9/DerivedDataCache/Boot.ddc.
[2015.11.24-14.24.43:584][  0]LogDerivedDataCache:Display: Loaded Boot cache: C:/Users/Spellabbet/AppData/Local/UnrealEngine/4.9/DerivedDataCache/Boot.ddc
[2015.11.24-14.24.43:584][  0]LogDerivedDataCache: FDerivedDataBackendGraph:  Pak pak cache file ../../../../../../Users/Spellabbet/Documents/Unreal Projects/StarFox/DerivedDataCache/DDC.ddp not found, will not use a pak cache.
[2015.11.24-14.24.43:584][  0]LogDerivedDataCache: Unable to find inner node Pak for hierarchical cache Hierarchy.
[2015.11.24-14.24.43:584][  0]LogDerivedDataCache: FDerivedDataBackendGraph:  CompressedPak pak cache file ../../../../../../Users/Spellabbet/Documents/Unreal Projects/StarFox/DerivedDataCache/Compressed.ddp not found, will not use a pak cache.
[2015.11.24-14.24.43:584][  0]LogDerivedDataCache: Unable to find inner node CompressedPak for hierarchical cache Hierarchy.
[2015.11.24-14.24.43:699][  0]LogDerivedDataCache:Display: Pak cache opened for reading ../../../Engine/DerivedDataCache/Compressed.ddp.
[2015.11.24-14.24.43:711][  0]LogDerivedDataCache: Using Local data cache path C:/Users/Spellabbet/AppData/Local/UnrealEngine/Common/DerivedDataCache: Writable
[2015.11.24-14.24.43:863][  0]LogInit: Selected Device Profile: [Windows]
[2015.11.24-14.24.43:865][  0]LogContentStreaming: Texture pool size is 0.000000MB
[2015.11.24-14.24.43:973][  0]LogMeshUtilities: No automatic mesh reduction module available
[2015.11.24-14.24.43:973][  0]LogMeshUtilities: No automatic mesh merging module available
[2015.11.24-14.24.44:166][  0]LogInit: WinSock: version 1.1 (2.2), MaxSocks=32767, MaxUdp=65467
[2015.11.24-14.24.44:764][  0]UdpMessaging: Initializing bridge on interface 0.0.0.0:0 to multicast group 230.0.0.1:6666.
[2015.11.24-14.24.44:896][  0]LogAssetRegistry: FAssetRegistry took 0.0107 seconds to start up
[2015.11.24-14.24.45:068][  0]SourceControl: Info Source control is disabled
[2015.11.24-14.24.45:074][  0]SourceControl: Info Source control is disabled
[2015.11.24-14.24.45:094][  0]SourceControl: Info Source control is disabled
[2015.11.24-14.24.45:114][  0]SourceControl: Info Source control is disabled
[2015.11.24-14.24.45:357][  0]LogLinker:Warning: Asset '../../../Engine/Plugins/Runtime/LeapMotionController/Content/LM_PassthroughMaterial.uasset' has been saved with empty engine version. The asset will be loaded but may be incompatible.
[2015.11.24-14.24.45:484][  0]LogObj: 28377 objects as part of root set at end of initial load.
[2015.11.24-14.24.45:484][  0]LogUObjectAllocator: 6046184 out of 0 bytes used by permanent object pool.
[2015.11.24-14.24.45:531][  0]LogEngine: Initializing Engine...
[2015.11.24-14.24.45:533][  0]LogHMD: Can't find Oculus library dev build: is proper Runtime installed? Version: 0.7.0.0
[2015.11.24-14.24.45:533][  0]LogHMD: SteamVR failed to initialize.  Err: 110
[2015.11.24-14.24.45:623][  0]LogAIModule: Creating AISystem for world NewWorld
[2015.11.24-14.24.45:628][  0]LogInit: XAudio2 using 'Speakers (4- High Definition Audio Device)' : 2 channels at 44.1 kHz using 16 bits per sample (channel mask 0x3)
[2015.11.24-14.24.45:638][  0]LogInit: FAudioDevice initialized.
[2015.11.24-14.24.45:656][  0]LogDerivedDataCache: Saved boot cache 0.02s 42MB C:/Users/Spellabbet/AppData/Local/UnrealEngine/4.9/DerivedDataCache/Boot.ddc.
[2015.11.24-14.24.45:726][  0]LogInit: Texture streaming: Enabled
[2015.11.24-14.24.45:731][  0]LogAnalytics: Creating configured Analytics provider AnalyticsET
[2015.11.24-14.24.45:731][  0]LogAnalytics: [UEEditor.Rocket.Release] APIServer = http://et2.epicgames.com/ET2/. AppVersion = 4.9.2-2707645+++depot+UE4-Releases+4.9
[2015.11.24-14.24.45:731][  0]LogAnalytics: [UEEditor.Rocket.Release] SetUserId 7e3fa46547d3e524ffb1328701b2a07b|99f216c1865e471987722078da7bde5f|060e5e79-a789-49c4-8abd-5d8b330400a7
[2015.11.24-14.24.45:731][  0]LogAnalytics: [UEEditor.Rocket.Release] AnalyticsET::StartSession
[2015.11.24-14.24.45:748][  0]LogInit: Transaction tracking system initialized
[2015.11.24-14.24.45:772][  0]BlueprintLog: New page: Editor Load
[2015.11.24-14.24.45:837][  0]LocalizationService: Info Localization service is disabled
[2015.11.24-14.24.45:924][  0]LogConsoleResponse:Display: 
[2015.11.24-14.24.46:010][  0]LogCook:Display: Done creating registry. It took  0.00s.
[2015.11.24-14.24.46:172][  0]LogFileCache: Scanning file cache for directory 'C:/Users/Spellabbet/Documents/Unreal Projects/StarFox/Content/' took 0.01s
[2015.11.24-14.24.46:172][  0]SourceControl: Info Source control is disabled
[2015.11.24-14.25.31:765][  0]LogWindowsTextInputMethodSystem:Display: IME system now deactivated.
[2015.11.24-14.25.31:767][  0]Cmd: MAP LOAD FILE="../../../../../../Users/Spellabbet/Documents/Unreal Projects/StarFox/Content/StarterContent/Maps/Minimal_Default.umap" TEMPLATE=0 SHOWPROGRESS=1 FEATURELEVEL=3
[2015.11.24-14.25.31:768][  0]LightingResults: New page: Lighting Build
[2015.11.24-14.25.31:772][  0]MapCheck: New page: Map Check
[2015.11.24-14.25.31:772][  0]LightingResults: New page: Lighting Build
[2015.11.24-14.25.31:784][  0]LogParticles: Destroying 0 GPU particle simulations for FXSystem 0x000000B40A6E0400
[2015.11.24-14.25.32:267][  0]LogAIModule: Creating AISystem for world Minimal_Default
[2015.11.24-14.25.32:569][  0]LogEditorServer: Finished looking for orphan Actors (0.000 secs)
[2015.11.24-14.25.32:569][  0]Cmd: MAP CHECKDEP NOCLEARLOG
[2015.11.24-14.25.32:615][  0]MapCheck: Info Map check complete: 0 Error(s), 0 Warning(s), took 45.415ms to complete.
[2015.11.24-14.25.32:615][  0]LogFileHelpers: Loading map 'Minimal_Default' took 0.848
[2015.11.24-14.25.32:671][  0]LogCollectionManager: Loaded 0 collections in 0.002520 seconds
[2015.11.24-14.25.32:712][  0]LogFileCache: Scanning file cache for directory 'C:/Users/Spellabbet/Documents/Unreal Projects/StarFox/Saved/Collections/' took 0.01s
[2015.11.24-14.25.32:712][  0]LogFileCache: Scanning file cache for directory 'C:/Users/Spellabbet/Documents/Unreal Projects/StarFox/Content/Developers/Spellabbet/Collections/' took 0.01s
[2015.11.24-14.25.32:712][  0]LogFileCache: Scanning file cache for directory 'C:/Users/Spellabbet/Documents/Unreal Projects/StarFox/Content/Collections/' took 0.01s
[2015.11.24-14.25.32:712][  0]LogContentBrowser: Native class hierarchy populated in 0.0070 seconds. Added 1869 classes and 335 folders.
[2015.11.24-14.25.32:717][  0]LogCollectionManager: Rebuilt the GUID cache for 0 collections in 0.000003 seconds
[2015.11.24-14.25.32:723][  0]LogContentBrowser: Native class hierarchy updated for 'WidgetCarousel' in 0.0008 seconds. Added 0 classes and 0 folders.
[2015.11.24-14.25.32:755][  0]LogContentBrowser: Native class hierarchy updated for 'AddContentDialog' in 0.0013 seconds. Added 0 classes and 0 folders.
[2015.11.24-14.25.32:760][  0]LogContentBrowser: Native class hierarchy updated for 'SceneOutliner' in 0.0008 seconds. Added 1 classes and 2 folders.
[2015.11.24-14.25.32:785][  0]LogCrashTracker: Crashtracker disabled due to settings.
[2015.11.24-14.25.32:789][  0]LogUObjectGlobals:Warning: Failed to find object 'Class None.'
[2015.11.24-14.25.32:811][  0]LogStats:Warning: MetaData mismatch. Did you assign a stat to two groups? New //STATGROUP_Threads//SplashScreenThread///Thread_1ad0_0///####STATCAT_Advanced#### old //STATGROUP_Threads//SplashScreenThread///Thread_11b8_0///####STATCAT_Advanced####
[2015.11.24-14.25.32:811][  0]LogLoad: Full Startup: 52.14 seconds (BP compile: 0.03 seconds)
[2015.11.24-14.25.33:204][  0]LogContentStreaming: Texture pool size now 1000 MB
[2015.11.24-14.25.33:321][  0]LogRenderer: Reallocating scene render targets to support 1208x556 (Frame:2).
[2015.11.24-14.25.33:390][  1]Cmd: UpdateLandscapeEditorData -warnings
[2015.11.24-14.25.33:829][  2]LogAssetRegistry: Asset discovery search completed in 48.9439 seconds
[2015.11.24-14.25.33:829][  2]LogCollectionManager: Rebuilt the object cache for 0 collections in 0.000001 seconds (found 0 objects)
[2015.11.24-14.25.33:829][  2]LogCollectionManager: Fixed up redirectors for 0 collections in 0.000019 seconds (updated 0 objects)
[2015.11.24-14.25.49:151][ 48]LogHotReload: New module detected: UE4Editor-StarFox-5160.dll
[2015.11.24-14.25.50:158][ 52]LogHotReload: Starting Hot-Reload from IDE
[2015.11.24-14.25.50:225][ 52]LogContentBrowser: Native class hierarchy updated for 'StarFox' in 0.0012 seconds. Added 2 classes and 2 folders.
[2015.11.24-14.25.50:228][ 52]Warning: HotReload successful (0 functions remapped  0 scriptstructs remapped)
[2015.11.24-14.25.50:287][ 52]LogContentBrowser: Native class hierarchy populated in 0.0098 seconds. Added 1870 classes and 337 folders.
[2015.11.24-14.27.43:484][391]LogHotReload: New module detected: UE4Editor-StarFox-6139.dll
[2015.11.24-14.27.44:490][395]LogHotReload: Starting Hot-Reload from IDE
[2015.11.24-14.27.44:541][395]LogClass: Could not find existing class PawnWithCamera in package /Script/StarFox for HotReload, assuming new class
[2015.11.24-14.27.44:544][395]LogHotReload: Re-instancing PawnWithCamera after hot-reload.
[2015.11.24-14.27.44:545][395]LogUObjectGlobals:Warning: Guid is in use by SceneComponent /Game/StarterContent/Maps/Minimal_Default.Minimal_Default:PersistentLevel.PawnWithCamera_12.RootComponent and SceneComponent /Game/StarterContent/Maps/Minimal_Default.Minimal_Default:PersistentLevel.PawnWithCamera_0.RootComponent, which should never happen in the editor but could happen at runtime with duplicate level loading or PIE
[2015.11.24-14.27.44:545][395]LogUObjectGlobals:Warning: Guid is in use by SpringArmComponent /Game/StarterContent/Maps/Minimal_Default.Minimal_Default:PersistentLevel.PawnWithCamera_12.CameraSpringArm and SpringArmComponent /Game/StarterContent/Maps/Minimal_Default.Minimal_Default:PersistentLevel.PawnWithCamera_0.CameraSpringArm, which should never happen in the editor but could happen at runtime with duplicate level loading or PIE
[2015.11.24-14.27.44:582][395]LogContentBrowser: Native class hierarchy updated for 'StarFox' in 0.0015 seconds. Added 2 classes and 2 folders.
[2015.11.24-14.27.44:585][395]Warning: HotReload successful (0 functions remapped  0 scriptstructs remapped)
[2015.11.24-14.27.44:645][395]LogContentBrowser: Native class hierarchy populated in 0.0091 seconds. Added 1870 classes and 337 folders.
[2015.11.24-14.29.35:810][728]LogWindowsTextInputMethodSystem:Display: IME system now deactivated.
[2015.11.24-14.29.37:339][906]LogEditorViewport: Clicking on Actor (LMB): Landscape (Landscape)
[2015.11.24-14.29.41:284][352]LogBlueprintUserMessages: Early PlayInEditor Detection: Level '/Game/StarterContent/Maps/Minimal_Default.Minimal_Default:PersistentLevel' has LevelScriptBlueprint '/Game/StarterContent/Maps/Minimal_Default.Minimal_Default:PersistentLevel.Minimal_Default' with GeneratedClass '/Game/StarterContent/Maps/Minimal_Default.Minimal_Default_C' with ClassGeneratedBy '/Game/StarterContent/Maps/Minimal_Default.Minimal_Default:PersistentLevel.Minimal_Default'
[2015.11.24-14.29.41:284][352]LogPlayLevel: PlayLevel: No blueprints needed recompiling
[2015.11.24-14.29.41:285][352]PIE: New page: PIE session: Minimal_Default (Nov 24, 2015, 4:29:41 PM)
[2015.11.24-14.29.41:285][352]LogPlayLevel: Creating play world package: /Game/StarterContent/Maps/UEDPIE_0_Minimal_Default
[2015.11.24-14.29.41:371][352]LogPlayLevel: PIE: StaticDuplicateObject took: (0.086492s)
[2015.11.24-14.29.41:373][352]LogAIModule: Creating AISystem for world Minimal_Default
[2015.11.24-14.29.41:373][352]LogPlayLevel: PIE: World Init took: (0.001785s)
[2015.11.24-14.29.41:373][352]LogPlayLevel: PIE: Created PIE world by copying editor world from /Game/StarterContent/Maps/Minimal_Default.Minimal_Default to /Game/StarterContent/Maps/UEDPIE_0_Minimal_Default.Minimal_Default (0.088514s)
[2015.11.24-14.29.41:390][352]LogInit: XAudio2 using 'Speakers (4- High Definition Audio Device)' : 2 channels at 44.1 kHz using 16 bits per sample (channel mask 0x3)
[2015.11.24-14.29.41:394][352]LogInit: FAudioDevice initialized.
[2015.11.24-14.29.41:444][352]LogWorld: Game class is 'StarFoxGameMode'
[2015.11.24-14.29.41:550][352]LogWorld: Bringing World /Game/StarterContent/Maps/UEDPIE_0_Minimal_Default.Minimal_Default up for play (max tick rate 0) at 2015.11.24-15.29.41
[2015.11.24-14.29.41:550][352]LogActor:Warning: GameSession /Game/StarterContent/Maps/UEDPIE_0_Minimal_Default.Minimal_Default:PersistentLevel.GameSession_0 has natively added scene component(s), but none of them were set as the actor's RootComponent - picking one arbitrarily
[2015.11.24-14.29.41:550][352]LogActor:Warning: GameNetworkManager /Game/StarterContent/Maps/UEDPIE_0_Minimal_Default.Minimal_Default:PersistentLevel.GameNetworkManager_0 has natively added scene component(s), but none of them were set as the actor's RootComponent - picking one arbitrarily
[2015.11.24-14.29.41:551][352]LogWorld: Bringing up level for play took: 0.106482
[2015.11.24-14.29.41:552][352]PIE: Info Play in editor start time for /Game/StarterContent/Maps/UEDPIE_0_Minimal_Default 0.568
[2015.11.24-14.29.41:553][352]LogBlueprintUserMessages: Late PlayInEditor Detection: Level '/Game/StarterContent/Maps/Minimal_Default.Minimal_Default:PersistentLevel' has LevelScriptBlueprint '/Game/StarterContent/Maps/Minimal_Default.Minimal_Default:PersistentLevel.Minimal_Default' with GeneratedClass '/Game/StarterContent/Maps/Minimal_Default.Minimal_Default_C' with ClassGeneratedBy '/Game/StarterContent/Maps/Minimal_Default.Minimal_Default:PersistentLevel.Minimal_Default'
[2015.11.24-14.29.44:920][746]LogBlueprintUserMessages: Early EndPlayMap Detection: Level '/Game/StarterContent/Maps/Minimal_Default.Minimal_Default:PersistentLevel' has LevelScriptBlueprint '/Game/StarterContent/Maps/Minimal_Default.Minimal_Default:PersistentLevel.Minimal_Default' with GeneratedClass '/Game/StarterContent/Maps/Minimal_Default.Minimal_Default_C' with ClassGeneratedBy '/Game/StarterContent/Maps/Minimal_Default.Minimal_Default:PersistentLevel.Minimal_Default'
[2015.11.24-14.29.44:963][746]LogBlueprintUserMessages: Late EndPlayMap Detection: Level '/Game/StarterContent/Maps/Minimal_Default.Minimal_Default:PersistentLevel' has LevelScriptBlueprint '/Game/StarterContent/Maps/Minimal_Default.Minimal_Default:PersistentLevel.Minimal_Default' with GeneratedClass '/Game/StarterContent/Maps/Minimal_Default.Minimal_Default_C' with ClassGeneratedBy '/Game/StarterContent/Maps/Minimal_Default.Minimal_Default:PersistentLevel.Minimal_Default'
[2015.11.24-14.29.45:014][747]LogParticles: Destroying 0 GPU particle simulations for FXSystem 0x000000B4400C6700
[2015.11.24-14.29.47:106][992]Recompiling StarFox...
[2015.11.24-14.29.47:106][992]Launching UnrealBuildTool... [C:/Program Files/Epic Games/4.9/Engine/Binaries/DotNET/UnrealBuildTool.exe StarFox -ModuleWithSuffix StarFox 8868 Win64 Development -editorrecompile -canskiplink "C:/Users/Spellabbet/Documents/Unreal Projects/StarFox/StarFox.uproject" -rocket  -rocket]
[2015.11.24-14.29.47:107][992]Warning: Starting HotReload took  0.0s.
[2015.11.24-14.30.00:178][497]CompilerResultsLog: New page: Compilation - Nov 24, 2015, 4:30:00 PM
[2015.11.24-14.30.00:178][497]CompilerResultsLog: Info Compiling game modules for hot reload
[2015.11.24-14.30.00:178][497]CompilerResultsLog: Info Parsing headers for StarFoxEditor
[2015.11.24-14.30.00:178][497]CompilerResultsLog: Info   Running UnrealHeaderTool "C:/Users/Spellabbet/Documents/Unreal Projects/StarFox/StarFox.uproject" "C:\Users\Spellabbet\Documents\Unreal Projects\StarFox\Intermediate\Build\Win64\StarFoxEditor\Development\UnrealHeaderTool.manifest" -LogCmds="loginit warning, logexit warning, logdatabase error" -rocket -installed
[2015.11.24-14.30.00:178][497]CompilerResultsLog: Info Reflection code generated for StarFoxEditor in 9,4444738 seconds
[2015.11.24-14.30.00:178][497]CompilerResultsLog: Info Performing 3 actions (4 in parallel)
[2015.11.24-14.30.00:178][497]CompilerResultsLog: Info StarFox.generated.cpp
[2015.11.24-14.30.00:178][497]CompilerResultsLog: Info PawnWithCamera.cpp
[2015.11.24-14.30.00:178][497]CompilerResultsLog:Error: Error C:\Users\Spellabbet\Documents\Unreal Projects\StarFox\Source\StarFox\PawnWithCamera.cpp(98)  : warning C4996: 'FVector2D::SafeNormal': Deprecated due to unclear name, use GetSafeNormal instead. Please update your code to the new API before upgrading to the next release, otherwise your project will no longer compile.
[2015.11.24-14.30.00:179][497]CompilerResultsLog: Info          c:\program files\epic games\4.9\engine\source\runtime\core\public\math\Vector2D.h(389)  : see declaration of 'FVector2D::SafeNormal'
[2015.11.24-14.30.00:179][497]CompilerResultsLog: Info [3/3] Link UE4Editor-StarFox-8868.dll
[2015.11.24-14.30.00:179][497]CompilerResultsLog: Info    Creating library C:\Users\Spellabbet\Documents\Unreal Projects\StarFox\Intermediate/Build/Win64\UE4Editor\Development\UE4Editor-StarFox-8868.lib and object C:\Users\Spellabbet\Documents\Unreal Projects\StarFox\Intermediate/Build/Win64\UE4Editor\Development\UE4Editor-StarFox-8868.exp
[2015.11.24-14.30.00:179][497]CompilerResultsLog: Info -------- End Detailed Actions Stats -----------------------------------------------------------
[2015.11.24-14.30.00:179][497]CompilerResultsLog: Info Total build time: 13,04 seconds
[2015.11.24-14.30.00:179][497]LogMainFrame: MainFrame: Module compiling took 13.075 seconds
[2015.11.24-14.30.00:227][497]LogContentBrowser: Native class hierarchy updated for 'StarFox' in 0.0012 seconds. Added 2 classes and 2 folders.
[2015.11.24-14.30.00:228][497]Warning: HotReload successful (0 functions remapped  0 scriptstructs remapped)
[2015.11.24-14.30.00:280][497]LogContentBrowser: Native class hierarchy populated in 0.0068 seconds. Added 1870 classes and 337 folders.
[2015.11.24-14.30.01:563][648]LogBlueprintUserMessages: Early PlayInEditor Detection: Level '/Game/StarterContent/Maps/Minimal_Default.Minimal_Default:PersistentLevel' has LevelScriptBlueprint '/Game/StarterContent/Maps/Minimal_Default.Minimal_Default:PersistentLevel.Minimal_Default' with GeneratedClass '/Game/StarterContent/Maps/Minimal_Default.Minimal_Default_C' with ClassGeneratedBy '/Game/StarterContent/Maps/Minimal_Default.Minimal_Default:PersistentLevel.Minimal_Default'
[2015.11.24-14.30.01:563][648]LogPlayLevel: PlayLevel: No blueprints needed recompiling
[2015.11.24-14.30.01:564][648]PIE: New page: PIE session: Minimal_Default (Nov 24, 2015, 4:30:01 PM)
[2015.11.24-14.30.01:564][648]LogPlayLevel: Creating play world package: /Game/StarterContent/Maps/UEDPIE_0_Minimal_Default
[2015.11.24-14.30.01:649][648]LogPlayLevel: PIE: StaticDuplicateObject took: (0.085455s)
[2015.11.24-14.30.01:650][648]LogAIModule: Creating AISystem for world Minimal_Default
[2015.11.24-14.30.01:650][648]LogPlayLevel: PIE: World Init took: (0.001144s)
[2015.11.24-14.30.01:650][648]LogPlayLevel: PIE: Created PIE world by copying editor world from /Game/StarterContent/Maps/Minimal_Default.Minimal_Default to /Game/StarterContent/Maps/UEDPIE_0_Minimal_Default.Minimal_Default (0.086816s)
[2015.11.24-14.30.01:667][648]LogInit: XAudio2 using 'Speakers (4- High Definition Audio Device)' : 2 channels at 44.1 kHz using 16 bits per sample (channel mask 0x3)
[2015.11.24-14.30.01:671][648]LogInit: FAudioDevice initialized.
[2015.11.24-14.30.01:708][648]LogWorld: Game class is 'StarFoxGameMode'
[2015.11.24-14.30.01:799][648]LogWorld: Bringing World /Game/StarterContent/Maps/UEDPIE_0_Minimal_Default.Minimal_Default up for play (max tick rate 0) at 2015.11.24-15.30.01
[2015.11.24-14.30.01:799][648]LogActor:Warning: GameSession /Game/StarterContent/Maps/UEDPIE_0_Minimal_Default.Minimal_Default:PersistentLevel.GameSession_1 has natively added scene component(s), but none of them were set as the actor's RootComponent - picking one arbitrarily
[2015.11.24-14.30.01:799][648]LogActor:Warning: GameNetworkManager /Game/StarterContent/Maps/UEDPIE_0_Minimal_Default.Minimal_Default:PersistentLevel.GameNetworkManager_1 has natively added scene component(s), but none of them were set as the actor's RootComponent - picking one arbitrarily
[2015.11.24-14.30.01:800][648]LogWorld: Bringing up level for play took: 0.091683
[2015.11.24-14.30.01:801][648]PIE: Info Play in editor start time for /Game/StarterContent/Maps/UEDPIE_0_Minimal_Default 0.816
[2015.11.24-14.30.01:801][648]LogBlueprintUserMessages: Late PlayInEditor Detection: Level '/Game/StarterContent/Maps/Minimal_Default.Minimal_Default:PersistentLevel' has LevelScriptBlueprint '/Game/StarterContent/Maps/Minimal_Default.Minimal_Default:PersistentLevel.Minimal_Default' with GeneratedClass '/Game/StarterContent/Maps/Minimal_Default.Minimal_Default_C' with ClassGeneratedBy '/Game/StarterContent/Maps/Minimal_Default.Minimal_Default:PersistentLevel.Minimal_Default'
[2015.11.24-14.30.04:144][926]LogBlueprintUserMessages: Early EndPlayMap Detection: Level '/Game/StarterContent/Maps/Minimal_Default.Minimal_Default:PersistentLevel' has LevelScriptBlueprint '/Game/StarterContent/Maps/Minimal_Default.Minimal_Default:PersistentLevel.Minimal_Default' with GeneratedClass '/Game/StarterContent/Maps/Minimal_Default.Minimal_Default_C' with ClassGeneratedBy '/Game/StarterContent/Maps/Minimal_Default.Minimal_Default:PersistentLevel.Minimal_Default'
[2015.11.24-14.30.04:186][926]LogBlueprintUserMessages: Late EndPlayMap Detection: Level '/Game/StarterContent/Maps/Minimal_Default.Minimal_Default:PersistentLevel' has LevelScriptBlueprint '/Game/StarterContent/Maps/Minimal_Default.Minimal_Default:PersistentLevel.Minimal_Default' with GeneratedClass '/Game/StarterContent/Maps/Minimal_Default.Minimal_Default_C' with ClassGeneratedBy '/Game/StarterContent/Maps/Minimal_Default.Minimal_Default:PersistentLevel.Minimal_Default'
[2015.11.24-14.30.04:201][926]LogParticles: Destroying 0 GPU particle simulations for FXSystem 0x000000B4201E5D00
[2015.11.24-14.30.07:501][302]LogEditorViewport: Clicking on Actor (LMB): PawnWithCamera (PawnWithCamera1)
[2015.11.24-14.30.30:813][880]LogBlueprintUserMessages: Early PlayInEditor Detection: Level '/Game/StarterContent/Maps/Minimal_Default.Minimal_Default:PersistentLevel' has LevelScriptBlueprint '/Game/StarterContent/Maps/Minimal_Default.Minimal_Default:PersistentLevel.Minimal_Default' with GeneratedClass '/Game/StarterContent/Maps/Minimal_Default.Minimal_Default_C' with ClassGeneratedBy '/Game/StarterContent/Maps/Minimal_Default.Minimal_Default:PersistentLevel.Minimal_Default'
[2015.11.24-14.30.30:813][880]LogPlayLevel: PlayLevel: No blueprints needed recompiling
[2015.11.24-14.30.30:813][880]PIE: New page: PIE session: Minimal_Default (Nov 24, 2015, 4:30:30 PM)
[2015.11.24-14.30.30:813][880]LogPlayLevel: Creating play world package: /Game/StarterContent/Maps/UEDPIE_0_Minimal_Default
[2015.11.24-14.30.30:883][880]LogPlayLevel: PIE: StaticDuplicateObject took: (0.070619s)
[2015.11.24-14.30.30:884][880]LogAIModule: Creating AISystem for world Minimal_Default
[2015.11.24-14.30.30:884][880]LogPlayLevel: PIE: World Init took: (0.000747s)
[2015.11.24-14.30.30:884][880]LogPlayLevel: PIE: Created PIE world by copying editor world from /Game/StarterContent/Maps/Minimal_Default.Minimal_Default to /Game/StarterContent/Maps/UEDPIE_0_Minimal_Default.Minimal_Default (0.071558s)
[2015.11.24-14.30.30:922][880]LogInit: XAudio2 using 'Speakers (4- High Definition Audio Device)' : 2 channels at 44.1 kHz using 16 bits per sample (channel mask 0x3)
[2015.11.24-14.30.30:927][880]LogInit: FAudioDevice initialized.
[2015.11.24-14.30.30:959][880]LogWorld: Game class is 'StarFoxGameMode'
[2015.11.24-14.30.31:039][880]LogWorld: Bringing World /Game/StarterContent/Maps/UEDPIE_0_Minimal_Default.Minimal_Default up for play (max tick rate 0) at 2015.11.24-15.30.31
[2015.11.24-14.30.31:040][880]LogActor:Warning: GameSession /Game/StarterContent/Maps/UEDPIE_0_Minimal_Default.Minimal_Default:PersistentLevel.GameSession_2 has natively added scene component(s), but none of them were set as the actor's RootComponent - picking one arbitrarily
[2015.11.24-14.30.31:040][880]LogActor:Warning: GameNetworkManager /Game/StarterContent/Maps/UEDPIE_0_Minimal_Default.Minimal_Default:PersistentLevel.GameNetworkManager_2 has natively added scene component(s), but none of them were set as the actor's RootComponent - picking one arbitrarily
[2015.11.24-14.30.31:041][880]LogWorld: Bringing up level for play took: 0.080775
[2015.11.24-14.30.31:042][880]PIE: Info Play in editor start time for /Game/StarterContent/Maps/UEDPIE_0_Minimal_Default 0.057
[2015.11.24-14.30.31:042][880]LogBlueprintUserMessages: Late PlayInEditor Detection: Level '/Game/StarterContent/Maps/Minimal_Default.Minimal_Default:PersistentLevel' has LevelScriptBlueprint '/Game/StarterContent/Maps/Minimal_Default.Minimal_Default:PersistentLevel.Minimal_Default' with GeneratedClass '/Game/StarterContent/Maps/Minimal_Default.Minimal_Default_C' with ClassGeneratedBy '/Game/StarterContent/Maps/Minimal_Default.Minimal_Default:PersistentLevel.Minimal_Default'
[2015.11.24-14.30.34:381][277]LogBlueprintUserMessages: Early EndPlayMap Detection: Level '/Game/StarterContent/Maps/Minimal_Default.Minimal_Default:PersistentLevel' has LevelScriptBlueprint '/Game/StarterContent/Maps/Minimal_Default.Minimal_Default:PersistentLevel.Minimal_Default' with GeneratedClass '/Game/StarterContent/Maps/Minimal_Default.Minimal_Default_C' with ClassGeneratedBy '/Game/StarterContent/Maps/Minimal_Default.Minimal_Default:PersistentLevel.Minimal_Default'
[2015.11.24-14.30.34:425][277]LogBlueprintUserMessages: Late EndPlayMap Detection: Level '/Game/StarterContent/Maps/Minimal_Default.Minimal_Default:PersistentLevel' has LevelScriptBlueprint '/Game/StarterContent/Maps/Minimal_Default.Minimal_Default:PersistentLevel.Minimal_Default' with GeneratedClass '/Game/StarterContent/Maps/Minimal_Default.Minimal_Default_C' with ClassGeneratedBy '/Game/StarterContent/Maps/Minimal_Default.Minimal_Default:PersistentLevel.Minimal_Default'
[2015.11.24-14.30.34:440][277]LogParticles: Destroying 0 GPU particle simulations for FXSystem 0x000000B44BECC360
[2015.11.24-14.35.58:709][219]LogBlueprintUserMessages: Early PlayInEditor Detection: Level '/Game/StarterContent/Maps/Minimal_Default.Minimal_Default:PersistentLevel' has LevelScriptBlueprint '/Game/StarterContent/Maps/Minimal_Default.Minimal_Default:PersistentLevel.Minimal_Default' with GeneratedClass '/Game/StarterContent/Maps/Minimal_Default.Minimal_Default_C' with ClassGeneratedBy '/Game/StarterContent/Maps/Minimal_Default.Minimal_Default:PersistentLevel.Minimal_Default'
[2015.11.24-14.35.58:709][219]LogPlayLevel: PlayLevel: No blueprints needed recompiling
[2015.11.24-14.35.58:710][219]PIE: New page: PIE session: Minimal_Default (Nov 24, 2015, 4:35:58 PM)
[2015.11.24-14.35.58:710][219]LogPlayLevel: Creating play world package: /Game/StarterContent/Maps/UEDPIE_0_Minimal_Default
[2015.11.24-14.35.58:778][219]LogPlayLevel: PIE: StaticDuplicateObject took: (0.068492s)
[2015.11.24-14.35.58:779][219]LogAIModule: Creating AISystem for world Minimal_Default
[2015.11.24-14.35.58:779][219]LogPlayLevel: PIE: World Init took: (0.000807s)
[2015.11.24-14.35.58:779][219]LogPlayLevel: PIE: Created PIE world by copying editor world from /Game/StarterContent/Maps/Minimal_Default.Minimal_Default to /Game/StarterContent/Maps/UEDPIE_0_Minimal_Default.Minimal_Default (0.069497s)
[2015.11.24-14.35.58:821][219]LogInit: XAudio2 using 'Speakers (4- High Definition Audio Device)' : 2 channels at 44.1 kHz using 16 bits per sample (channel mask 0x3)
[2015.11.24-14.35.58:826][219]LogInit: FAudioDevice initialized.
[2015.11.24-14.35.58:857][219]LogWorld: Game class is 'StarFoxGameMode'
[2015.11.24-14.35.58:936][219]LogWorld: Bringing World /Game/StarterContent/Maps/UEDPIE_0_Minimal_Default.Minimal_Default up for play (max tick rate 0) at 2015.11.24-15.35.58
[2015.11.24-14.35.58:936][219]LogActor:Warning: GameSession /Game/StarterContent/Maps/UEDPIE_0_Minimal_Default.Minimal_Default:PersistentLevel.GameSession_3 has natively added scene component(s), but none of them were set as the actor's RootComponent - picking one arbitrarily
[2015.11.24-14.35.58:936][219]LogActor:Warning: GameNetworkManager /Game/StarterContent/Maps/UEDPIE_0_Minimal_Default.Minimal_Default:PersistentLevel.GameNetworkManager_3 has natively added scene component(s), but none of them were set as the actor's RootComponent - picking one arbitrarily
[2015.11.24-14.35.58:938][219]LogWorld: Bringing up level for play took: 0.079599
[2015.11.24-14.35.58:939][219]PIE: Info Play in editor start time for /Game/StarterContent/Maps/UEDPIE_0_Minimal_Default -0.046
[2015.11.24-14.35.58:939][219]LogBlueprintUserMessages: Late PlayInEditor Detection: Level '/Game/StarterContent/Maps/Minimal_Default.Minimal_Default:PersistentLevel' has LevelScriptBlueprint '/Game/StarterContent/Maps/Minimal_Default.Minimal_Default:PersistentLevel.Minimal_Default' with GeneratedClass '/Game/StarterContent/Maps/Minimal_Default.Minimal_Default_C' with ClassGeneratedBy '/Game/StarterContent/Maps/Minimal_Default.Minimal_Default:PersistentLevel.Minimal_Default'
[2015.11.24-14.36.02:004][583]LogBlueprintUserMessages: Early EndPlayMap Detection: Level '/Game/StarterContent/Maps/Minimal_Default.Minimal_Default:PersistentLevel' has LevelScriptBlueprint '/Game/StarterContent/Maps/Minimal_Default.Minimal_Default:PersistentLevel.Minimal_Default' with GeneratedClass '/Game/StarterContent/Maps/Minimal_Default.Minimal_Default_C' with ClassGeneratedBy '/Game/StarterContent/Maps/Minimal_Default.Minimal_Default:PersistentLevel.Minimal_Default'
[2015.11.24-14.36.02:049][583]LogBlueprintUserMessages: Late EndPlayMap Detection: Level '/Game/StarterContent/Maps/Minimal_Default.Minimal_Default:PersistentLevel' has LevelScriptBlueprint '/Game/StarterContent/Maps/Minimal_Default.Minimal_Default:PersistentLevel.Minimal_Default' with GeneratedClass '/Game/StarterContent/Maps/Minimal_Default.Minimal_Default_C' with ClassGeneratedBy '/Game/StarterContent/Maps/Minimal_Default.Minimal_Default:PersistentLevel.Minimal_Default'
[2015.11.24-14.36.02:077][583]LogParticles: Destroying 0 GPU particle simulations for FXSystem 0x000000B44BE17BA0
[2015.11.24-14.36.25:378][750]LogVSAccessor:Warning: Visual Studio is open but could not be queried - it may be blocked by a modal operation
[2015.11.24-14.36.26:350][751]LogVSAccessor:Warning: Couldn't goto line number '0' in 'C:/Users/Spellabbet/Documents/Unreal Projects/StarFox/Source/StarFox/PawnWithCamera.h'
[2015.11.24-14.36.26:374][751]LogVSAccessor:Warning: Couldn't goto line number '0' in 'C:/Users/Spellabbet/Documents/Unreal Projects/StarFox/Source/StarFox/PawnWithCamera.cpp'
[2015.11.24-14.36.41:016][907]LogBlueprintUserMessages: Early PlayInEditor Detection: Level '/Game/StarterContent/Maps/Minimal_Default.Minimal_Default:PersistentLevel' has LevelScriptBlueprint '/Game/StarterContent/Maps/Minimal_Default.Minimal_Default:PersistentLevel.Minimal_Default' with GeneratedClass '/Game/StarterContent/Maps/Minimal_Default.Minimal_Default_C' with ClassGeneratedBy '/Game/StarterContent/Maps/Minimal_Default.Minimal_Default:PersistentLevel.Minimal_Default'
[2015.11.24-14.36.41:016][907]LogPlayLevel: PlayLevel: No blueprints needed recompiling
[2015.11.24-14.36.41:017][907]PIE: New page: PIE session: Minimal_Default (Nov 24, 2015, 4:36:41 PM)
[2015.11.24-14.36.41:017][907]LogPlayLevel: Creating play world package: /Game/StarterContent/Maps/UEDPIE_0_Minimal_Default
[2015.11.24-14.36.41:086][907]LogPlayLevel: PIE: StaticDuplicateObject took: (0.069691s)
[2015.11.24-14.36.41:087][907]LogAIModule: Creating AISystem for world Minimal_Default
[2015.11.24-14.36.41:087][907]LogPlayLevel: PIE: World Init took: (0.000842s)
[2015.11.24-14.36.41:087][907]LogPlayLevel: PIE: Created PIE world by copying editor world from /Game/StarterContent/Maps/Minimal_Default.Minimal_Default to /Game/StarterContent/Maps/UEDPIE_0_Minimal_Default.Minimal_Default (0.070769s)
[2015.11.24-14.36.41:132][907]LogInit: XAudio2 using 'Speakers (4- High Definition Audio Device)' : 2 channels at 44.1 kHz using 16 bits per sample (channel mask 0x3)
[2015.11.24-14.36.41:137][907]LogInit: FAudioDevice initialized.
[2015.11.24-14.36.41:169][907]LogWorld: Game class is 'StarFoxGameMode'
[2015.11.24-14.36.41:249][907]LogWorld: Bringing World /Game/StarterContent/Maps/UEDPIE_0_Minimal_Default.Minimal_Default up for play (max tick rate 0) at 2015.11.24-15.36.41
[2015.11.24-14.36.41:249][907]LogActor:Warning: GameSession /Game/StarterContent/Maps/UEDPIE_0_Minimal_Default.Minimal_Default:PersistentLevel.GameSession_4 has natively added scene component(s), but none of them were set as the actor's RootComponent - picking one arbitrarily
[2015.11.24-14.36.41:249][907]LogActor:Warning: GameNetworkManager /Game/StarterContent/Maps/UEDPIE_0_Minimal_Default.Minimal_Default:PersistentLevel.GameNetworkManager_4 has natively added scene component(s), but none of them were set as the actor's RootComponent - picking one arbitrarily
[2015.11.24-14.36.41:251][907]LogWorld: Bringing up level for play took: 0.080916
[2015.11.24-14.36.41:252][907]PIE: Info Play in editor start time for /Game/StarterContent/Maps/UEDPIE_0_Minimal_Default 0.267
[2015.11.24-14.36.41:252][907]LogBlueprintUserMessages: Late PlayInEditor Detection: Level '/Game/StarterContent/Maps/Minimal_Default.Minimal_Default:PersistentLevel' has LevelScriptBlueprint '/Game/StarterContent/Maps/Minimal_Default.Minimal_Default:PersistentLevel.Minimal_Default' with GeneratedClass '/Game/StarterContent/Maps/Minimal_Default.Minimal_Default_C' with ClassGeneratedBy '/Game/StarterContent/Maps/Minimal_Default.Minimal_Default:PersistentLevel.Minimal_Default'
[2015.11.24-14.36.42:538][ 58]LogBlueprintUserMessages: Early EndPlayMap Detection: Level '/Game/StarterContent/Maps/Minimal_Default.Minimal_Default:PersistentLevel' has LevelScriptBlueprint '/Game/StarterContent/Maps/Minimal_Default.Minimal_Default:PersistentLevel.Minimal_Default' with GeneratedClass '/Game/StarterContent/Maps/Minimal_Default.Minimal_Default_C' with ClassGeneratedBy '/Game/StarterContent/Maps/Minimal_Default.Minimal_Default:PersistentLevel.Minimal_Default'
[2015.11.24-14.36.42:581][ 58]LogBlueprintUserMessages: Late EndPlayMap Detection: Level '/Game/StarterContent/Maps/Minimal_Default.Minimal_Default:PersistentLevel' has LevelScriptBlueprint '/Game/StarterContent/Maps/Minimal_Default.Minimal_Default:PersistentLevel.Minimal_Default' with GeneratedClass '/Game/StarterContent/Maps/Minimal_Default.Minimal_Default_C' with ClassGeneratedBy '/Game/StarterContent/Maps/Minimal_Default.Minimal_Default:PersistentLevel.Minimal_Default'
[2015.11.24-14.36.42:613][ 58]LogParticles: Destroying 0 GPU particle simulations for FXSystem 0x000000B42EEC68E0
[2015.11.24-14.36.43:327][139]Recompiling StarFox...
[2015.11.24-14.36.43:327][139]Launching UnrealBuildTool... [C:/Program Files/Epic Games/4.9/Engine/Binaries/DotNET/UnrealBuildTool.exe StarFox -ModuleWithSuffix StarFox 9327 Win64 Development -editorrecompile -canskiplink "C:/Users/Spellabbet/Documents/Unreal Projects/StarFox/StarFox.uproject" -rocket  -rocket]
[2015.11.24-14.36.43:328][139]Warning: Starting HotReload took  0.0s.
[2015.11.24-14.36.46:405][487]CompilerResultsLog: New page: Compilation - Nov 24, 2015, 4:36:46 PM
[2015.11.24-14.36.46:405][487]CompilerResultsLog: Info Compiling game modules for hot reload
[2015.11.24-14.36.46:405][487]CompilerResultsLog: Info Performing 2 actions (4 in parallel)
[2015.11.24-14.36.46:405][487]CompilerResultsLog: Info PawnWithCamera.cpp
[2015.11.24-14.36.46:405][487]CompilerResultsLog:Error: Error C:\Users\Spellabbet\Documents\Unreal Projects\StarFox\Source\StarFox\PawnWithCamera.cpp(98)  : warning C4996: 'FVector2D::SafeNormal': Deprecated due to unclear name, use GetSafeNormal instead. Please update your code to the new API before upgrading to the next release, otherwise your project will no longer compile.
[2015.11.24-14.36.46:405][487]CompilerResultsLog: Info          c:\program files\epic games\4.9\engine\source\runtime\core\public\math\Vector2D.h(389)  : see declaration of 'FVector2D::SafeNormal'
[2015.11.24-14.36.46:405][487]CompilerResultsLog: Info [2/2] Link UE4Editor-StarFox-9327.dll
[2015.11.24-14.36.46:405][487]CompilerResultsLog: Info    Creating library C:\Users\Spellabbet\Documents\Unreal Projects\StarFox\Intermediate/Build/Win64\UE4Editor\Development\UE4Editor-StarFox-9327.lib and object C:\Users\Spellabbet\Documents\Unreal Projects\StarFox\Intermediate/Build/Win64\UE4Editor\Development\UE4Editor-StarFox-9327.exp
[2015.11.24-14.36.46:405][487]CompilerResultsLog: Info -------- End Detailed Actions Stats -----------------------------------------------------------
[2015.11.24-14.36.46:405][487]CompilerResultsLog: Info Total build time: 3,05 seconds
[2015.11.24-14.36.46:405][487]LogMainFrame: MainFrame: Module compiling took 3.080 seconds
[2015.11.24-14.36.46:452][487]LogHotReload: Re-instancing PawnWithCamera after hot-reload.
[2015.11.24-14.36.46:453][487]LogUObjectGlobals:Warning: Guid is in use by SceneComponent /Game/StarterContent/Maps/Minimal_Default.Minimal_Default:PersistentLevel.PawnWithCamera_0.RootComponent and SceneComponent /Game/StarterContent/Maps/Minimal_Default.Minimal_Default:PersistentLevel.PawnWithCamera_6.RootComponent, which should never happen in the editor but could happen at runtime with duplicate level loading or PIE
[2015.11.24-14.36.46:453][487]LogUObjectGlobals:Warning: Guid is in use by SpringArmComponent /Game/StarterContent/Maps/Minimal_Default.Minimal_Default:PersistentLevel.PawnWithCamera_0.CameraSpringArm and SpringArmComponent /Game/StarterContent/Maps/Minimal_Default.Minimal_Default:PersistentLevel.PawnWithCamera_6.CameraSpringArm, which should never happen in the editor but could happen at runtime with duplicate level loading or PIE
[2015.11.24-14.36.46:529][487]LogContentBrowser: Native class hierarchy updated for 'StarFox' in 0.0013 seconds. Added 2 classes and 2 folders.
[2015.11.24-14.36.46:531][487]Warning: HotReload successful (0 functions remapped  0 scriptstructs remapped)
[2015.11.24-14.36.46:575][487]LogContentBrowser: Native class hierarchy populated in 0.0069 seconds. Added 1870 classes and 337 folders.
[2015.11.24-14.36.48:710][737]LogBlueprintUserMessages: Early PlayInEditor Detection: Level '/Game/StarterContent/Maps/Minimal_Default.Minimal_Default:PersistentLevel' has LevelScriptBlueprint '/Game/StarterContent/Maps/Minimal_Default.Minimal_Default:PersistentLevel.Minimal_Default' with GeneratedClass '/Game/StarterContent/Maps/Minimal_Default.Minimal_Default_C' with ClassGeneratedBy '/Game/StarterContent/Maps/Minimal_Default.Minimal_Default:PersistentLevel.Minimal_Default'
[2015.11.24-14.36.48:710][737]LogPlayLevel: PlayLevel: No blueprints needed recompiling
[2015.11.24-14.36.48:710][737]PIE: New page: PIE session: Minimal_Default (Nov 24, 2015, 4:36:48 PM)
[2015.11.24-14.36.48:710][737]LogPlayLevel: Creating play world package: /Game/StarterContent/Maps/UEDPIE_0_Minimal_Default
[2015.11.24-14.36.48:782][737]LogPlayLevel: PIE: StaticDuplicateObject took: (0.071462s)
[2015.11.24-14.36.48:783][737]LogAIModule: Creating AISystem for world Minimal_Default
[2015.11.24-14.36.48:783][737]LogPlayLevel: PIE: World Init took: (0.000991s)
[2015.11.24-14.36.48:783][737]LogPlayLevel: PIE: Created PIE world by copying editor world from /Game/StarterContent/Maps/Minimal_Default.Minimal_Default to /Game/StarterContent/Maps/UEDPIE_0_Minimal_Default.Minimal_Default (0.072689s)
[2015.11.24-14.36.48:827][737]LogInit: XAudio2 using 'Speakers (4- High Definition Audio Device)' : 2 channels at 44.1 kHz using 16 bits per sample (channel mask 0x3)
[2015.11.24-14.36.48:833][737]LogInit: FAudioDevice initialized.
[2015.11.24-14.36.48:867][737]LogWorld: Game class is 'StarFoxGameMode'
[2015.11.24-14.36.48:974][737]LogWorld: Bringing World /Game/StarterContent/Maps/UEDPIE_0_Minimal_Default.Minimal_Default up for play (max tick rate 0) at 2015.11.24-15.36.48
[2015.11.24-14.36.48:974][737]LogActor:Warning: GameSession /Game/StarterContent/Maps/UEDPIE_0_Minimal_Default.Minimal_Default:PersistentLevel.GameSession_5 has natively added scene component(s), but none of them were set as the actor's RootComponent - picking one arbitrarily
[2015.11.24-14.36.48:975][737]LogActor:Warning: GameNetworkManager /Game/StarterContent/Maps/UEDPIE_0_Minimal_Default.Minimal_Default:PersistentLevel.GameNetworkManager_5 has natively added scene component(s), but none of them were set as the actor's RootComponent - picking one arbitrarily
[2015.11.24-14.36.48:977][737]LogWorld: Bringing up level for play took: 0.109066
[2015.11.24-14.36.48:978][737]PIE: Info Play in editor start time for /Game/StarterContent/Maps/UEDPIE_0_Minimal_Default -0.006
[2015.11.24-14.36.48:979][737]LogBlueprintUserMessages: Late PlayInEditor Detection: Level '/Game/StarterContent/Maps/Minimal_Default.Minimal_Default:PersistentLevel' has LevelScriptBlueprint '/Game/StarterContent/Maps/Minimal_Default.Minimal_Default:PersistentLevel.Minimal_Default' with GeneratedClass '/Game/StarterContent/Maps/Minimal_Default.Minimal_Default_C' with ClassGeneratedBy '/Game/StarterContent/Maps/Minimal_Default.Minimal_Default:PersistentLevel.Minimal_Default'
[2015.11.24-14.36.52:700][180]LogBlueprintUserMessages: Early EndPlayMap Detection: Level '/Game/StarterContent/Maps/Minimal_Default.Minimal_Default:PersistentLevel' has LevelScriptBlueprint '/Game/StarterContent/Maps/Minimal_Default.Minimal_Default:PersistentLevel.Minimal_Default' with GeneratedClass '/Game/StarterContent/Maps/Minimal_Default.Minimal_Default_C' with ClassGeneratedBy '/Game/StarterContent/Maps/Minimal_Default.Minimal_Default:PersistentLevel.Minimal_Default'
[2015.11.24-14.36.52:745][180]LogBlueprintUserMessages: Late EndPlayMap Detection: Level '/Game/StarterContent/Maps/Minimal_Default.Minimal_Default:PersistentLevel' has LevelScriptBlueprint '/Game/StarterContent/Maps/Minimal_Default.Minimal_Default:PersistentLevel.Minimal_Default' with GeneratedClass '/Game/StarterContent/Maps/Minimal_Default.Minimal_Default_C' with ClassGeneratedBy '/Game/StarterContent/Maps/Minimal_Default.Minimal_Default:PersistentLevel.Minimal_Default'
[2015.11.24-14.36.52:761][180]LogParticles: Destroying 0 GPU particle simulations for FXSystem 0x000000B44B907060
[2015.11.24-14.37.12:798][574]LogBlueprintUserMessages: Early PlayInEditor Detection: Level '/Game/StarterContent/Maps/Minimal_Default.Minimal_Default:PersistentLevel' has LevelScriptBlueprint '/Game/StarterContent/Maps/Minimal_Default.Minimal_Default:PersistentLevel.Minimal_Default' with GeneratedClass '/Game/StarterContent/Maps/Minimal_Default.Minimal_Default_C' with ClassGeneratedBy '/Game/StarterContent/Maps/Minimal_Default.Minimal_Default:PersistentLevel.Minimal_Default'
[2015.11.24-14.37.12:798][574]LogPlayLevel: PlayLevel: No blueprints needed recompiling
[2015.11.24-14.37.12:798][574]PIE: New page: PIE session: Minimal_Default (Nov 24, 2015, 4:37:12 PM)
[2015.11.24-14.37.12:798][574]LogPlayLevel: Creating play world package: /Game/StarterContent/Maps/UEDPIE_0_Minimal_Default
[2015.11.24-14.37.12:868][574]LogPlayLevel: PIE: StaticDuplicateObject took: (0.070663s)
[2015.11.24-14.37.12:869][574]LogAIModule: Creating AISystem for world Minimal_Default
[2015.11.24-14.37.12:869][574]LogPlayLevel: PIE: World Init took: (0.000713s)
[2015.11.24-14.37.12:869][574]LogPlayLevel: PIE: Created PIE world by copying editor world from /Game/StarterContent/Maps/Minimal_Default.Minimal_Default to /Game/StarterContent/Maps/UEDPIE_0_Minimal_Default.Minimal_Default (0.071587s)
[2015.11.24-14.37.12:906][574]LogInit: XAudio2 using 'Speakers (4- High Definition Audio Device)' : 2 channels at 44.1 kHz using 16 bits per sample (channel mask 0x3)
[2015.11.24-14.37.12:911][574]LogInit: FAudioDevice initialized.
[2015.11.24-14.37.12:942][574]LogWorld: Game class is 'StarFoxGameMode'
[2015.11.24-14.37.13:021][574]LogWorld: Bringing World /Game/StarterContent/Maps/UEDPIE_0_Minimal_Default.Minimal_Default up for play (max tick rate 0) at 2015.11.24-15.37.13
[2015.11.24-14.37.13:021][574]LogActor:Warning: GameSession /Game/StarterContent/Maps/UEDPIE_0_Minimal_Default.Minimal_Default:PersistentLevel.GameSession_6 has natively added scene component(s), but none of them were set as the actor's RootComponent - picking one arbitrarily
[2015.11.24-14.37.13:022][574]LogActor:Warning: GameNetworkManager /Game/StarterContent/Maps/UEDPIE_0_Minimal_Default.Minimal_Default:PersistentLevel.GameNetworkManager_6 has natively added scene component(s), but none of them were set as the actor's RootComponent - picking one arbitrarily
[2015.11.24-14.37.13:023][574]LogWorld: Bringing up level for play took: 0.079744
[2015.11.24-14.37.13:024][574]PIE: Info Play in editor start time for /Game/StarterContent/Maps/UEDPIE_0_Minimal_Default 0.039
[2015.11.24-14.37.13:024][574]LogBlueprintUserMessages: Late PlayInEditor Detection: Level '/Game/StarterContent/Maps/Minimal_Default.Minimal_Default:PersistentLevel' has LevelScriptBlueprint '/Game/StarterContent/Maps/Minimal_Default.Minimal_Default:PersistentLevel.Minimal_Default' with GeneratedClass '/Game/StarterContent/Maps/Minimal_Default.Minimal_Default_C' with ClassGeneratedBy '/Game/StarterContent/Maps/Minimal_Default.Minimal_Default:PersistentLevel.Minimal_Default'
[2015.11.24-14.37.14:563][755]LogBlueprintUserMessages: Early EndPlayMap Detection: Level '/Game/StarterContent/Maps/Minimal_Default.Minimal_Default:PersistentLevel' has LevelScriptBlueprint '/Game/StarterContent/Maps/Minimal_Default.Minimal_Default:PersistentLevel.Minimal_Default' with GeneratedClass '/Game/StarterContent/Maps/Minimal_Default.Minimal_Default_C' with ClassGeneratedBy '/Game/StarterContent/Maps/Minimal_Default.Minimal_Default:PersistentLevel.Minimal_Default'
[2015.11.24-14.37.14:605][755]LogBlueprintUserMessages: Late EndPlayMap Detection: Level '/Game/StarterContent/Maps/Minimal_Default.Minimal_Default:PersistentLevel' has LevelScriptBlueprint '/Game/StarterContent/Maps/Minimal_Default.Minimal_Default:PersistentLevel.Minimal_Default' with GeneratedClass '/Game/StarterContent/Maps/Minimal_Default.Minimal_Default_C' with ClassGeneratedBy '/Game/StarterContent/Maps/Minimal_Default.Minimal_Default:PersistentLevel.Minimal_Default'
[2015.11.24-14.37.14:631][755]LogParticles: Destroying 0 GPU particle simulations for FXSystem 0x000000B42316FEC0
[2015.11.24-14.37.21:605][584]LogBlueprintUserMessages: Early PlayInEditor Detection: Level '/Game/StarterContent/Maps/Minimal_Default.Minimal_Default:PersistentLevel' has LevelScriptBlueprint '/Game/StarterContent/Maps/Minimal_Default.Minimal_Default:PersistentLevel.Minimal_Default' with GeneratedClass '/Game/StarterContent/Maps/Minimal_Default.Minimal_Default_C' with ClassGeneratedBy '/Game/StarterContent/Maps/Minimal_Default.Minimal_Default:PersistentLevel.Minimal_Default'
[2015.11.24-14.37.21:605][584]LogPlayLevel: PlayLevel: No blueprints needed recompiling
[2015.11.24-14.37.21:605][584]PIE: New page: PIE session: Minimal_Default (Nov 24, 2015, 4:37:21 PM)
[2015.11.24-14.37.21:605][584]LogPlayLevel: Creating play world package: /Game/StarterContent/Maps/UEDPIE_0_Minimal_Default
[2015.11.24-14.37.21:675][584]LogPlayLevel: PIE: StaticDuplicateObject took: (0.069728s)
[2015.11.24-14.37.21:676][584]LogAIModule: Creating AISystem for world Minimal_Default
[2015.11.24-14.37.21:676][584]LogPlayLevel: PIE: World Init took: (0.001141s)
[2015.11.24-14.37.21:676][584]LogPlayLevel: PIE: Created PIE world by copying editor world from /Game/StarterContent/Maps/Minimal_Default.Minimal_Default to /Game/StarterContent/Maps/UEDPIE_0_Minimal_Default.Minimal_Default (0.071093s)
[2015.11.24-14.37.21:713][584]LogInit: XAudio2 using 'Speakers (4- High Definition Audio Device)' : 2 channels at 44.1 kHz using 16 bits per sample (channel mask 0x3)
[2015.11.24-14.37.21:717][584]LogInit: FAudioDevice initialized.
[2015.11.24-14.37.21:749][584]LogWorld: Game class is 'StarFoxGameMode'
[2015.11.24-14.37.21:828][584]LogWorld: Bringing World /Game/StarterContent/Maps/UEDPIE_0_Minimal_Default.Minimal_Default up for play (max tick rate 0) at 2015.11.24-15.37.21
[2015.11.24-14.37.21:828][584]LogActor:Warning: GameSession /Game/StarterContent/Maps/UEDPIE_0_Minimal_Default.Minimal_Default:PersistentLevel.GameSession_7 has natively added scene component(s), but none of them were set as the actor's RootComponent - picking one arbitrarily
[2015.11.24-14.37.21:828][584]LogActor:Warning: GameNetworkManager /Game/StarterContent/Maps/UEDPIE_0_Minimal_Default.Minimal_Default:PersistentLevel.GameNetworkManager_7 has natively added scene component(s), but none of them were set as the actor's RootComponent - picking one arbitrarily
[2015.11.24-14.37.21:829][584]LogWorld: Bringing up level for play took: 0.079228
[2015.11.24-14.37.21:830][584]PIE: Info Play in editor start time for /Game/StarterContent/Maps/UEDPIE_0_Minimal_Default 0.845
[2015.11.24-14.37.21:830][584]LogBlueprintUserMessages: Late PlayInEditor Detection: Level '/Game/StarterContent/Maps/Minimal_Default.Minimal_Default:PersistentLevel' has LevelScriptBlueprint '/Game/StarterContent/Maps/Minimal_Default.Minimal_Default:PersistentLevel.Minimal_Default' with GeneratedClass '/Game/StarterContent/Maps/Minimal_Default.Minimal_Default_C' with ClassGeneratedBy '/Game/StarterContent/Maps/Minimal_Default.Minimal_Default:PersistentLevel.Minimal_Default'
[2015.11.24-14.37.23:710][806]LogBlueprintUserMessages: Early EndPlayMap Detection: Level '/Game/StarterContent/Maps/Minimal_Default.Minimal_Default:PersistentLevel' has LevelScriptBlueprint '/Game/StarterContent/Maps/Minimal_Default.Minimal_Default:PersistentLevel.Minimal_Default' with GeneratedClass '/Game/StarterContent/Maps/Minimal_Default.Minimal_Default_C' with ClassGeneratedBy '/Game/StarterContent/Maps/Minimal_Default.Minimal_Default:PersistentLevel.Minimal_Default'
[2015.11.24-14.37.23:751][806]LogBlueprintUserMessages: Late EndPlayMap Detection: Level '/Game/StarterContent/Maps/Minimal_Default.Minimal_Default:PersistentLevel' has LevelScriptBlueprint '/Game/StarterContent/Maps/Minimal_Default.Minimal_Default:PersistentLevel.Minimal_Default' with GeneratedClass '/Game/StarterContent/Maps/Minimal_Default.Minimal_Default_C' with ClassGeneratedBy '/Game/StarterContent/Maps/Minimal_Default.Minimal_Default:PersistentLevel.Minimal_Default'
[2015.11.24-14.37.23:779][806]LogParticles: Destroying 0 GPU particle simulations for FXSystem 0x000000B4206A9440
[2015.11.24-14.37.24:678][910]LogEditorViewport: Clicking on Actor (LMB): PawnWithCamera (PawnWithCamera1)
[2015.11.24-14.38.31:250][899]Recompiling StarFox...
[2015.11.24-14.38.31:250][899]Launching UnrealBuildTool... [C:/Program Files/Epic Games/4.9/Engine/Binaries/DotNET/UnrealBuildTool.exe StarFox -ModuleWithSuffix StarFox 8125 Win64 Development -editorrecompile -canskiplink "C:/Users/Spellabbet/Documents/Unreal Projects/StarFox/StarFox.uproject" -rocket  -rocket]
[2015.11.24-14.38.31:251][899]Warning: Starting HotReload took  0.0s.
[2015.11.24-14.38.41:457][100]CompilerResultsLog: New page: Compilation - Nov 24, 2015, 4:38:41 PM
[2015.11.24-14.38.41:457][100]CompilerResultsLog: Info Compiling game modules for hot reload
[2015.11.24-14.38.41:457][100]CompilerResultsLog: Info Parsing headers for StarFoxEditor
[2015.11.24-14.38.41:457][100]CompilerResultsLog: Info   Running UnrealHeaderTool "C:/Users/Spellabbet/Documents/Unreal Projects/StarFox/StarFox.uproject" "C:\Users\Spellabbet\Documents\Unreal Projects\StarFox\Intermediate\Build\Win64\StarFoxEditor\Development\UnrealHeaderTool.manifest" -LogCmds="loginit warning, logexit warning, logdatabase error" -rocket -installed
[2015.11.24-14.38.41:457][100]CompilerResultsLog: Info Reflection code generated for StarFoxEditor in 7,0493662 seconds
[2015.11.24-14.38.41:457][100]CompilerResultsLog: Info Performing 3 actions (4 in parallel)
[2015.11.24-14.38.41:457][100]CompilerResultsLog: Info PawnWithCamera.cpp
[2015.11.24-14.38.41:457][100]CompilerResultsLog: Info StarFox.generated.cpp
[2015.11.24-14.38.41:457][100]CompilerResultsLog:Error: Error C:\Users\Spellabbet\Documents\Unreal Projects\StarFox\Source\StarFox\PawnWithCamera.cpp(98)  : warning C4996: 'FVector2D::SafeNormal': Deprecated due to unclear name, use GetSafeNormal instead. Please update your code to the new API before upgrading to the next release, otherwise your project will no longer compile.
[2015.11.24-14.38.41:457][100]CompilerResultsLog: Info          c:\program files\epic games\4.9\engine\source\runtime\core\public\math\Vector2D.h(389)  : see declaration of 'FVector2D::SafeNormal'
[2015.11.24-14.38.41:457][100]CompilerResultsLog: Info [3/3] Link UE4Editor-StarFox-8125.dll
[2015.11.24-14.38.41:457][100]CompilerResultsLog: Info    Creating library C:\Users\Spellabbet\Documents\Unreal Projects\StarFox\Intermediate/Build/Win64\UE4Editor\Development\UE4Editor-StarFox-8125.lib and object C:\Users\Spellabbet\Documents\Unreal Projects\StarFox\Intermediate/Build/Win64\UE4Editor\Development\UE4Editor-StarFox-8125.exp
[2015.11.24-14.38.41:457][100]CompilerResultsLog: Info -------- End Detailed Actions Stats -----------------------------------------------------------
[2015.11.24-14.38.41:457][100]CompilerResultsLog: Info Total build time: 10,18 seconds
[2015.11.24-14.38.41:457][100]LogMainFrame: MainFrame: Module compiling took 10.209 seconds
[2015.11.24-14.38.41:555][100]LogClass: Could not find existing class PawnWithCamera in package /Script/StarFox for HotReload, assuming new class
[2015.11.24-14.38.41:557][100]LogHotReload: Re-instancing PawnWithCamera after hot-reload.
[2015.11.24-14.38.41:558][100]LogUObjectGlobals:Warning: Guid is in use by SceneComponent /Game/StarterContent/Maps/Minimal_Default.Minimal_Default:PersistentLevel.PawnWithCamera_6.RootComponent and SceneComponent /Game/StarterContent/Maps/Minimal_Default.Minimal_Default:PersistentLevel.PawnWithCamera_1.RootComponent, which should never happen in the editor but could happen at runtime with duplicate level loading or PIE
[2015.11.24-14.38.41:558][100]LogUObjectGlobals:Warning: Guid is in use by SpringArmComponent /Game/StarterContent/Maps/Minimal_Default.Minimal_Default:PersistentLevel.PawnWithCamera_6.CameraSpringArm and SpringArmComponent /Game/StarterContent/Maps/Minimal_Default.Minimal_Default:PersistentLevel.PawnWithCamera_1.CameraSpringArm, which should never happen in the editor but could happen at runtime with duplicate level loading or PIE
[2015.11.24-14.38.41:612][100]LogContentBrowser: Native class hierarchy updated for 'StarFox' in 0.0009 seconds. Added 2 classes and 2 folders.
[2015.11.24-14.38.41:613][100]Warning: HotReload successful (0 functions remapped  0 scriptstructs remapped)
[2015.11.24-14.38.41:654][100]LogContentBrowser: Native class hierarchy populated in 0.0066 seconds. Added 1870 classes and 337 folders.
[2015.11.24-14.38.41:664][100]LogSCSEditor:Warning: Calling UpdateTree() from Tick() more frequently than expected due to invalid tree node state. This might be a performance issue.
[2015.11.24-14.38.47:743][818]LogBlueprintUserMessages: Early PlayInEditor Detection: Level '/Game/StarterContent/Maps/Minimal_Default.Minimal_Default:PersistentLevel' has LevelScriptBlueprint '/Game/StarterContent/Maps/Minimal_Default.Minimal_Default:PersistentLevel.Minimal_Default' with GeneratedClass '/Game/StarterContent/Maps/Minimal_Default.Minimal_Default_C' with ClassGeneratedBy '/Game/StarterContent/Maps/Minimal_Default.Minimal_Default:PersistentLevel.Minimal_Default'
[2015.11.24-14.38.47:743][818]LogPlayLevel: PlayLevel: No blueprints needed recompiling
[2015.11.24-14.38.47:743][818]PIE: New page: PIE session: Minimal_Default (Nov 24, 2015, 4:38:47 PM)
[2015.11.24-14.38.47:743][818]LogPlayLevel: Creating play world package: /Game/StarterContent/Maps/UEDPIE_0_Minimal_Default
[2015.11.24-14.38.47:818][818]LogPlayLevel: PIE: StaticDuplicateObject took: (0.075053s)
[2015.11.24-14.38.47:819][818]LogAIModule: Creating AISystem for world Minimal_Default
[2015.11.24-14.38.47:819][818]LogPlayLevel: PIE: World Init took: (0.001092s)
[2015.11.24-14.38.47:819][818]LogPlayLevel: PIE: Created PIE world by copying editor world from /Game/StarterContent/Maps/Minimal_Default.Minimal_Default to /Game/StarterContent/Maps/UEDPIE_0_Minimal_Default.Minimal_Default (0.076360s)
[2015.11.24-14.38.47:836][818]LogInit: XAudio2 using 'Speakers (4- High Definition Audio Device)' : 2 channels at 44.1 kHz using 16 bits per sample (channel mask 0x3)
[2015.11.24-14.38.47:841][818]LogInit: FAudioDevice initialized.
[2015.11.24-14.38.47:873][818]LogWorld: Game class is 'StarFoxGameMode'
[2015.11.24-14.38.47:953][818]LogWorld: Bringing World /Game/StarterContent/Maps/UEDPIE_0_Minimal_Default.Minimal_Default up for play (max tick rate 0) at 2015.11.24-15.38.47
[2015.11.24-14.38.47:953][818]LogActor:Warning: GameSession /Game/StarterContent/Maps/UEDPIE_0_Minimal_Default.Minimal_Default:PersistentLevel.GameSession_8 has natively added scene component(s), but none of them were set as the actor's RootComponent - picking one arbitrarily
[2015.11.24-14.38.47:953][818]LogActor:Warning: GameNetworkManager /Game/StarterContent/Maps/UEDPIE_0_Minimal_Default.Minimal_Default:PersistentLevel.GameNetworkManager_8 has natively added scene component(s), but none of them were set as the actor's RootComponent - picking one arbitrarily
[2015.11.24-14.38.47:954][818]LogWorld: Bringing up level for play took: 0.080684
[2015.11.24-14.38.47:956][818]PIE: Info Play in editor start time for /Game/StarterContent/Maps/UEDPIE_0_Minimal_Default 0.971
[2015.11.24-14.38.47:956][818]LogBlueprintUserMessages: Late PlayInEditor Detection: Level '/Game/StarterContent/Maps/Minimal_Default.Minimal_Default:PersistentLevel' has LevelScriptBlueprint '/Game/StarterContent/Maps/Minimal_Default.Minimal_Default:PersistentLevel.Minimal_Default' with GeneratedClass '/Game/StarterContent/Maps/Minimal_Default.Minimal_Default_C' with ClassGeneratedBy '/Game/StarterContent/Maps/Minimal_Default.Minimal_Default:PersistentLevel.Minimal_Default'
[2015.11.24-14.38.49:380][985]LogBlueprintUserMessages: Early EndPlayMap Detection: Level '/Game/StarterContent/Maps/Minimal_Default.Minimal_Default:PersistentLevel' has LevelScriptBlueprint '/Game/StarterContent/Maps/Minimal_Default.Minimal_Default:PersistentLevel.Minimal_Default' with GeneratedClass '/Game/StarterContent/Maps/Minimal_Default.Minimal_Default_C' with ClassGeneratedBy '/Game/StarterContent/Maps/Minimal_Default.Minimal_Default:PersistentLevel.Minimal_Default'
[2015.11.24-14.38.49:437][985]LogBlueprintUserMessages: Late EndPlayMap Detection: Level '/Game/StarterContent/Maps/Minimal_Default.Minimal_Default:PersistentLevel' has LevelScriptBlueprint '/Game/StarterContent/Maps/Minimal_Default.Minimal_Default:PersistentLevel.Minimal_Default' with GeneratedClass '/Game/StarterContent/Maps/Minimal_Default.Minimal_Default_C' with ClassGeneratedBy '/Game/StarterContent/Maps/Minimal_Default.Minimal_Default:PersistentLevel.Minimal_Default'
[2015.11.24-14.38.49:468][985]LogParticles: Destroying 0 GPU particle simulations for FXSystem 0x000000B42C285F80
[2015.11.24-14.39.07:329][163]LogSavePackage: Save=935.240540ms
[2015.11.24-14.39.07:329][163]LogSavePackage: Moving '../../../../../../Users/Spellabbet/Documents/Unreal Projects/StarFox/Saved/Minimal_Default_Auto1E3E8750D4BA8F4C997931F858C350173.tmp' to '../../../../../../Users/Spellabbet/Documents/Unreal Projects/StarFox/Saved/Autosaves/Game/StarterContent/Maps/Minimal_Default_Auto1.umap'
[2015.11.24-14.39.07:331][163]LogSavePackage: Total save time: 950.070105ms
[2015.11.24-14.39.07:331][163]LogSavePackage:Warning: Finished SavePackage ../../../../../../Users/Spellabbet/Documents/Unreal Projects/StarFox/Saved/Autosaves/Game/StarterContent/Maps/Minimal_Default_Auto1.umap
[2015.11.24-14.39.07:333][163]LogFileHelpers: Editor autosave (incl. sublevels) for '/Game/StarterContent/Maps/Minimal_Default' took 0.965
[2015.11.24-14.39.07:333][163]LogFileHelpers: Editor autosave (incl. sublevels) for all levels took 0.965
[2015.11.24-14.40.02:433][530]Cmd: TRANSACTION UNDO
[2015.11.24-14.40.02:433][530]LogEditorTransaction: Undo Clicking on Component (tree view)
[2015.11.24-14.40.02:821][564]Cmd: TRANSACTION UNDO
[2015.11.24-14.40.02:821][564]LogEditorTransaction: Undo Clicking on Component (tree view)
[2015.11.24-14.40.03:133][593]Cmd: TRANSACTION UNDO
[2015.11.24-14.40.03:133][593]LogEditorTransaction: Undo Clicking on Component (tree view)
[2015.11.24-14.40.03:404][622]Cmd: TRANSACTION UNDO
[2015.11.24-14.40.03:404][622]LogEditorTransaction: Undo Clicking on Component (tree view)
[2015.11.24-14.40.03:648][651]Cmd: TRANSACTION UNDO
[2015.11.24-14.40.03:648][651]LogEditorTransaction: Undo Clicking on Component (tree view)
[2015.11.24-14.40.03:866][677]Cmd: TRANSACTION UNDO
[2015.11.24-14.40.03:866][677]LogEditorTransaction: Undo Clicking on Component (tree view)
[2015.11.24-14.40.04:083][703]Cmd: TRANSACTION UNDO
[2015.11.24-14.40.04:083][703]LogEditorTransaction: Undo Clicking on Component (tree view)
[2015.11.24-14.40.04:310][730]Cmd: TRANSACTION UNDO
[2015.11.24-14.40.04:310][730]LogEditorTransaction: Undo Clicking on Actors
[2015.11.24-14.40.04:515][754]Cmd: TRANSACTION UNDO
[2015.11.24-14.40.04:515][754]LogEditorTransaction: Undo Edit Current Forward Speed
[2015.11.24-14.40.04:516][754]LogWindows:Error: Windows GetLastError: The operation completed successfully. (0)
[2015.11.24-14.40.04:654][754]LogCrashTracker: 


[2015.11.24-14.40.04:654][754]LogCrashTracker: 


[2015.11.24-14.40.04:654][754]LogWindows: === Critical error: ===
Assertion failed: (Index >= 0) & (Index < ArrayNum) [File:D:\BuildFarm\buildmachine_++depot+UE4-Releases+4.9\Engine\Source\Runtime\Core\Public\Containers\Array.h] [Line: 678] 
Array index out of bounds: 1140457472 from an array of size 5




[2015.11.24-14.40.04:746][754]LogExit: Executing StaticShutdownAfterError
[2015.11.24-14.40.04:754][754]LogPhysics:Warning: PHYSX: ..\..\PhysX\src\NpScene.cpp (2946) 8 : PxScene::unlockWrite() called without matching call to PxScene::lockWrite(), behaviour will be undefined.
[2015.11.24-14.40.04:754][754]LogPhysics:Warning: PHYSX: ..\..\PhysX\src\NpScene.cpp (2946) 8 : PxScene::unlockWrite() called without matching call to PxScene::lockWrite(), behaviour will be undefined.
[2015.11.24-14.40.04:754][754]LogWindows: FPlatformMisc::RequestExit(1)
[2015.11.24-14.40.04:754][754]Log file closed, 11/24/15 15:40:04
