[2015.11.26-19.06.38:930][  0]Log file open, 11/26/15 20:06:38
[2015.11.26-19.06.38:930][  0]LogInit:Display: Running engine for game: StarFox
[2015.11.26-19.06.38:930][  0]LogInit:Display: RandInit(689979064) SRandInit(689979064).
[2015.11.26-19.06.38:930][  0]LogTaskGraph: Started task graph with 4 named threads and 7 total threads.
[2015.11.26-19.06.38:930][  0]LogStats: Stats thread started at 0.077138
[2015.11.26-19.06.38:930][  0]LogInit: Version: 4.9.2-2707645+++depot+UE4-Releases+4.9
[2015.11.26-19.06.38:930][  0]LogInit: API Version: 2672455
[2015.11.26-19.06.38:930][  0]LogInit: Compiled (64-bit): Sep 28 2015 10:25:44
[2015.11.26-19.06.38:930][  0]LogInit: Compiled with Visual C++: 18.00.21005.01
[2015.11.26-19.06.38:930][  0]LogInit: Build Configuration: Development
[2015.11.26-19.06.38:930][  0]LogInit: Branch Name: ++depot+UE4-Releases+4.9
[2015.11.26-19.06.38:930][  0]LogInit: Command line:  
[2015.11.26-19.06.38:930][  0]LogInit: Base directory: C:/Program Files/Epic Games/4.9/Engine/Binaries/Win64/
[2015.11.26-19.06.38:930][  0]LogInit: Rocket: 1
[2015.11.26-19.06.38:939][  0]LogInit: Using libcurl 7.41.0
[2015.11.26-19.06.38:939][  0]LogInit:  - built for x86_64-pc-win32
[2015.11.26-19.06.38:939][  0]LogInit:  - supports SSL with WinSSL
[2015.11.26-19.06.38:939][  0]LogInit:  - other features:
[2015.11.26-19.06.38:939][  0]LogInit:      CURL_VERSION_SSL
[2015.11.26-19.06.38:939][  0]LogInit:      CURL_VERSION_IPV6
[2015.11.26-19.06.38:939][  0]LogInit:      CURL_VERSION_ASYNCHDNS
[2015.11.26-19.06.38:939][  0]LogInit:      CURL_VERSION_LARGEFILE
[2015.11.26-19.06.38:939][  0]LogInit:      CURL_VERSION_IDN
[2015.11.26-19.06.38:939][  0]LogInit:  CurlRequestOptions (configurable via config and command line):
[2015.11.26-19.06.38:939][  0]LogInit:  - bVerifyPeer = true  - Libcurl will verify peer certificate
[2015.11.26-19.06.38:939][  0]LogInit:  - bUseHttpProxy = false  - Libcurl will NOT use HTTP proxy
[2015.11.26-19.06.38:939][  0]LogInit:  - bDontReuseConnections = false  - Libcurl will reuse connections
[2015.11.26-19.06.38:939][  0]LogInit:  - CertBundlePath = nullptr  - Libcurl will use whatever was configured at build time.
[2015.11.26-19.06.38:946][  0]LogInit: Presizing for 0 objects not considered by GC, pre-allocating 0 bytes.
[2015.11.26-19.06.38:953][  0]LogInit: Object subsystem initialized
[2015.11.26-19.06.38:954][  0]LogInit: Selected Device Profile: [Windows]
[2015.11.26-19.06.38:954][  0]LogInit: Applying CVar settings loaded from the selected device profile: [Windows]
[2015.11.26-19.06.38:960][  0]LogInit: Computer: FIDUS
[2015.11.26-19.06.38:960][  0]LogInit: User: Niclas
[2015.11.26-19.06.38:960][  0]LogInit: CPU Page size=4096, Cores=4
[2015.11.26-19.06.38:960][  0]LogInit: High frequency timer resolution =3.386479 MHz
[2015.11.26-19.06.38:960][  0]LogMemory: Memory total: Physical=15.9GB (16GB approx)
[2015.11.26-19.06.38:960][  0]LogMemory: Platform Memory Stats for Windows
[2015.11.26-19.06.38:960][  0]LogMemory: Process Physical Memory: 54.20 MB used, 54.20 MB peak
[2015.11.26-19.06.38:960][  0]LogMemory: Process Virtual Memory: 56.32 MB used, 56.32 MB peak
[2015.11.26-19.06.38:960][  0]LogMemory: Physical Memory: 6916.32 MB used, 16332.28 MB total
[2015.11.26-19.06.38:960][  0]LogMemory: Virtual Memory: 366.22 MB used, 134217728.00 MB total
[2015.11.26-19.06.38:990][  0]LogTextLocalizationManager: No translations for ('sv-SE') exist, falling back to 'en' for localization and internationalization data.
[2015.11.26-19.06.39:603][  0]LogD3D11RHI: Found D3D11 adapter 0: AMD Radeon HD 7800 Series (Feature Level 11_0)
[2015.11.26-19.06.39:603][  0]LogD3D11RHI: Adapter has 2026MB of dedicated video memory, 0MB of dedicated system memory, and 8166MB of shared system memory, 1 output[s]
[2015.11.26-19.06.39:604][  0]LogD3D11RHI: Found D3D11 adapter 1: Microsoft Basic Render Driver (Feature Level 11_0)
[2015.11.26-19.06.39:604][  0]LogD3D11RHI: Adapter has 0MB of dedicated video memory, 0MB of dedicated system memory, and 8166MB of shared system memory, 0 output[s]
[2015.11.26-19.06.39:604][  0]LogD3D11RHI: Chosen D3D11 Adapter Id = 0
[2015.11.26-19.06.39:615][  0]LogD3D11RHI: !Direct3DDevice
[2015.11.26-19.06.39:615][  0]LogRHI: Texture pool is 1361 MB (70% of 1945 MB)
[2015.11.26-19.06.39:621][  0]LogD3D11RHI: Async texture creation disabled: no driver support
[2015.11.26-19.06.39:632][  0]LogShaderCompilers: Guid format shader working directory is 14 characters bigger than the processId version (../../../../../../Users/Niclas/Documents/GitHub/Staroxurur/StarFox/Intermediate/Shaders/WorkingDirectory/50124/).
[2015.11.26-19.06.39:632][  0]LogShaderCompilers: Cleaned the shader compiler working directory '../../../../../../Users/Niclas/Documents/GitHub/Staroxurur/StarFox/Intermediate/Shaders/tmp/1FBF93D14D387379CDF1258E6285288A/'.
[2015.11.26-19.06.39:632][  0]LogShaderCompilers:Display: Using Local Shader Compiler.
[2015.11.26-19.06.40:532][  0]LogTemp:Display: Loaded TP AllDesktopTargetPlatform
[2015.11.26-19.06.40:538][  0]LogTemp:Display: Loaded TP WindowsClientTargetPlatform
[2015.11.26-19.06.40:543][  0]LogTemp:Display: Loaded TP WindowsNoEditorTargetPlatform
[2015.11.26-19.06.40:548][  0]LogTemp:Display: Loaded TP WindowsServerTargetPlatform
[2015.11.26-19.06.40:553][  0]LogTemp:Display: Loaded TP WindowsTargetPlatform
[2015.11.26-19.06.40:556][  0]LogTemp:Display: Loaded TP AndroidTargetPlatform
[2015.11.26-19.06.40:559][  0]LogTemp:Display: Loaded TP Android_ASTCTargetPlatform
[2015.11.26-19.06.40:562][  0]LogTemp:Display: Loaded TP Android_ATCTargetPlatform
[2015.11.26-19.06.40:565][  0]LogTemp:Display: Loaded TP Android_DXTTargetPlatform
[2015.11.26-19.06.40:568][  0]LogTemp:Display: Loaded TP Android_ETC1TargetPlatform
[2015.11.26-19.06.40:572][  0]LogTemp:Display: Loaded TP Android_ETC2TargetPlatform
[2015.11.26-19.06.40:575][  0]LogTemp:Display: Loaded TP Android_PVRTCTargetPlatform
[2015.11.26-19.06.40:576][  0]LogTemp:Display: Loaded TP HTML5TargetPlatform
[2015.11.26-19.06.40:593][  0]LogTemp:Display: Loaded TP IOSTargetPlatform
[2015.11.26-19.06.40:596][  0]LogTemp:Display: Loaded TP LinuxNoEditorTargetPlatform
[2015.11.26-19.06.40:599][  0]LogTemp:Display: Loaded TP LinuxServerTargetPlatform
[2015.11.26-19.06.40:602][  0]LogTemp:Display: Loaded TP LinuxTargetPlatform
[2015.11.26-19.06.40:602][  0]LogTargetPlatformManager:Display: Building Assets For Windows
[2015.11.26-19.06.40:694][  0]LogDerivedDataCache:Display: Max Cache Size: 512 MB
[2015.11.26-19.06.40:729][  0]LogDerivedDataCache: Loaded boot cache 0.04s 41MB C:/Users/Niclas/AppData/Local/UnrealEngine/4.9/DerivedDataCache/Boot.ddc.
[2015.11.26-19.06.40:729][  0]LogDerivedDataCache:Display: Loaded Boot cache: C:/Users/Niclas/AppData/Local/UnrealEngine/4.9/DerivedDataCache/Boot.ddc
[2015.11.26-19.06.40:729][  0]LogDerivedDataCache: FDerivedDataBackendGraph:  Pak pak cache file ../../../../../../Users/Niclas/Documents/GitHub/Staroxurur/StarFox/DerivedDataCache/DDC.ddp not found, will not use a pak cache.
[2015.11.26-19.06.40:729][  0]LogDerivedDataCache: Unable to find inner node Pak for hierarchical cache Hierarchy.
[2015.11.26-19.06.40:729][  0]LogDerivedDataCache: FDerivedDataBackendGraph:  CompressedPak pak cache file ../../../../../../Users/Niclas/Documents/GitHub/Staroxurur/StarFox/DerivedDataCache/Compressed.ddp not found, will not use a pak cache.
[2015.11.26-19.06.40:729][  0]LogDerivedDataCache: Unable to find inner node CompressedPak for hierarchical cache Hierarchy.
[2015.11.26-19.06.40:849][  0]LogDerivedDataCache:Display: Pak cache opened for reading ../../../Engine/DerivedDataCache/Compressed.ddp.
[2015.11.26-19.06.40:861][  0]LogDerivedDataCache: Using Local data cache path C:/Users/Niclas/AppData/Local/UnrealEngine/Common/DerivedDataCache: Writable
[2015.11.26-19.06.41:032][  0]LogInit: Selected Device Profile: [Windows]
[2015.11.26-19.06.41:034][  0]LogContentStreaming: Texture pool size is 0.000000MB
[2015.11.26-19.06.41:136][  0]LogMeshUtilities: No automatic mesh reduction module available
[2015.11.26-19.06.41:136][  0]LogMeshUtilities: No automatic mesh merging module available
[2015.11.26-19.06.41:345][  0]LogInit: WinSock: version 1.1 (2.2), MaxSocks=32767, MaxUdp=65467
[2015.11.26-19.06.41:944][  0]UdpMessaging: Initializing bridge on interface 0.0.0.0:0 to multicast group 230.0.0.1:6666.
[2015.11.26-19.06.42:064][  0]LogAssetRegistry: FAssetRegistry took 0.0107 seconds to start up
[2015.11.26-19.06.42:223][  0]SourceControl: Info Source control is disabled
[2015.11.26-19.06.42:223][  0]SourceControl: Info Source control is disabled
[2015.11.26-19.06.42:236][  0]SourceControl: Info Source control is disabled
[2015.11.26-19.06.42:249][  0]SourceControl: Info Source control is disabled
[2015.11.26-19.06.42:417][  0]LogLinker:Warning: Asset '../../../Engine/Plugins/Runtime/LeapMotionController/Content/LM_PassthroughMaterial.uasset' has been saved with empty engine version. The asset will be loaded but may be incompatible.
[2015.11.26-19.06.42:509][  0]LogObj: 28378 objects as part of root set at end of initial load.
[2015.11.26-19.06.42:509][  0]LogUObjectAllocator: 6047272 out of 0 bytes used by permanent object pool.
[2015.11.26-19.06.42:558][  0]LogEngine: Initializing Engine...
[2015.11.26-19.06.42:561][  0]LogHMD: Can't find Oculus library dev build: is proper Runtime installed? Version: 0.7.0.0
[2015.11.26-19.06.42:561][  0]LogHMD: SteamVR failed to initialize.  Err: 110
[2015.11.26-19.06.42:668][  0]LogAIModule: Creating AISystem for world NewWorld
[2015.11.26-19.06.42:685][  0]LogInit: XAudio2 using 'Högtalare (2- Logitech G35 Gaming Headset)' : 2 channels at 44.1 kHz using 16 bits per sample (channel mask 0x3)
[2015.11.26-19.06.42:715][  0]LogInit: FAudioDevice initialized.
[2015.11.26-19.06.42:733][  0]LogDerivedDataCache: Saved boot cache 0.02s 41MB C:/Users/Niclas/AppData/Local/UnrealEngine/4.9/DerivedDataCache/Boot.ddc.
[2015.11.26-19.06.42:736][  0]LogInit: Texture streaming: Enabled
[2015.11.26-19.06.42:742][  0]LogAnalytics: Creating configured Analytics provider AnalyticsET
[2015.11.26-19.06.42:742][  0]LogAnalytics: [UEEditor.Rocket.Release] APIServer = http://et2.epicgames.com/ET2/. AppVersion = 4.9.2-2707645+++depot+UE4-Releases+4.9
[2015.11.26-19.06.42:742][  0]LogAnalytics: [UEEditor.Rocket.Release] SetUserId 8d5f2d8b4e520712a8f1e688fed765ab|99f216c1865e471987722078da7bde5f|50f43dcd-c54f-4aa6-a5c1-e948023fc359
[2015.11.26-19.06.42:742][  0]LogAnalytics: [UEEditor.Rocket.Release] AnalyticsET::StartSession
[2015.11.26-19.06.42:777][  0]LogWindowsTextInputMethodSystem:Display: IME system now deactivated.
[2015.11.26-19.06.42:794][  0]LogInit: Transaction tracking system initialized
[2015.11.26-19.06.42:835][  0]BlueprintLog: New page: Editor Load
[2015.11.26-19.06.42:915][  0]LocalizationService: Info Localization service is disabled
[2015.11.26-19.06.42:997][  0]LogConsoleResponse:Display: 
[2015.11.26-19.06.43:112][  0]LogCook:Display: Done creating registry. It took  0.00s.
[2015.11.26-19.06.43:184][  0]LogFileCache: Scanning file cache for directory 'C:/Users/Niclas/Documents/GitHub/Staroxurur/StarFox/Content/' took 0.02s
[2015.11.26-19.06.43:184][  0]SourceControl: Info Source control is disabled
[2015.11.26-19.07.11:501][  0]LogWindowsTextInputMethodSystem:Display: IME system now deactivated.
[2015.11.26-19.07.11:507][  0]LogWindowsTextInputMethodSystem:Display: IME system now deactivated.
[2015.11.26-19.07.12:758][  0]LogWindowsTextInputMethodSystem:Display: IME system now deactivated.
[2015.11.26-19.07.12:763][  0]LogWindowsTextInputMethodSystem:Display: IME system now deactivated.
[2015.11.26-19.07.13:715][  0]LogWindowsTextInputMethodSystem:Display: IME system now deactivated.
[2015.11.26-19.07.13:717][  0]LogWindowsTextInputMethodSystem:Display: IME system now deactivated.
[2015.11.26-19.07.13:718][  0]Cmd: MAP LOAD FILE="../../../../../../Users/Niclas/Documents/GitHub/Staroxurur/StarFox/Content/StarterContent/Maps/Minimal_Default.umap" TEMPLATE=0 SHOWPROGRESS=1 FEATURELEVEL=3
[2015.11.26-19.07.13:720][  0]LightingResults: New page: Lighting Build
[2015.11.26-19.07.13:729][  0]MapCheck: New page: Map Check
[2015.11.26-19.07.13:729][  0]LightingResults: New page: Lighting Build
[2015.11.26-19.07.13:738][  0]LogParticles: Destroying 0 GPU particle simulations for FXSystem 0x000000F12CB7C400
[2015.11.26-19.07.14:045][  0]LogLinker:Error: Failed import: class 'SphereComponent' name 'RootComponent' outer 'PawnWithCamera_10'. There is another object (of 'StaticMeshComponent' class) at the path.
[2015.11.26-19.07.14:116][  0]LogProperty:Warning: Serialized Class /Script/Engine.SphereComponent for a property of Class /Script/Engine.StaticMeshComponent. Reference will be NULLed.
    Property = ObjectProperty /Script/StarFox.PawnWithCamera:CollisionSphere
    Item = SphereComponent /Game/StarterContent/Maps/Minimal_Default.Minimal_Default:PersistentLevel.PawnWithCamera_10.SphereComponent_1
[2015.11.26-19.07.14:116][  0]LogLinker:Error: Failed import: class 'SphereComponent' name 'RootComponent' outer 'PawnWithCamera_10'. There is another object (of 'StaticMeshComponent' class) at the path.
[2015.11.26-19.07.14:117][  0]LogLinker:Error: Failed import: class 'SphereComponent' name 'RootComponent' outer 'PawnWithCamera_10'. There is another object (of 'StaticMeshComponent' class) at the path.
[2015.11.26-19.07.14:117][  0]LogLinker:Error: Failed import: class 'SphereComponent' name 'RootComponent' outer 'PawnWithCamera_10'. There is another object (of 'StaticMeshComponent' class) at the path.
[2015.11.26-19.07.14:118][  0]LogLinker:Error: Failed import: class 'SphereComponent' name 'RootComponent' outer 'PawnWithCamera_10'. There is another object (of 'StaticMeshComponent' class) at the path.
[2015.11.26-19.07.14:302][  0]LogAIModule: Creating AISystem for world Minimal_Default
[2015.11.26-19.07.14:675][  0]LogEditorServer: Finished looking for orphan Actors (0.000 secs)
[2015.11.26-19.07.14:676][  0]Cmd: MAP CHECKDEP NOCLEARLOG
[2015.11.26-19.07.14:744][  0]MapCheck: Info Map check complete: 0 Error(s), 0 Warning(s), took 67.182ms to complete.
[2015.11.26-19.07.14:744][  0]LogFileHelpers: Loading map 'Minimal_Default' took 1.026
[2015.11.26-19.07.14:803][  0]LogCollectionManager: Loaded 0 collections in 0.002099 seconds
[2015.11.26-19.07.14:843][  0]LogFileCache: Scanning file cache for directory 'C:/Users/Niclas/Documents/GitHub/Staroxurur/StarFox/Saved/Collections/' took 0.01s
[2015.11.26-19.07.14:843][  0]LogFileCache: Scanning file cache for directory 'C:/Users/Niclas/Documents/GitHub/Staroxurur/StarFox/Content/Developers/Niclas/Collections/' took 0.01s
[2015.11.26-19.07.14:843][  0]LogFileCache: Scanning file cache for directory 'C:/Users/Niclas/Documents/GitHub/Staroxurur/StarFox/Content/Collections/' took 0.01s
[2015.11.26-19.07.14:843][  0]LogContentBrowser: Native class hierarchy populated in 0.0073 seconds. Added 1869 classes and 335 folders.
[2015.11.26-19.07.14:848][  0]LogCollectionManager: Rebuilt the GUID cache for 0 collections in 0.000002 seconds
[2015.11.26-19.07.14:856][  0]LogContentBrowser: Native class hierarchy updated for 'WidgetCarousel' in 0.0014 seconds. Added 0 classes and 0 folders.
[2015.11.26-19.07.14:900][  0]LogContentBrowser: Native class hierarchy updated for 'AddContentDialog' in 0.0014 seconds. Added 0 classes and 0 folders.
[2015.11.26-19.07.14:905][  0]LogContentBrowser: Native class hierarchy updated for 'SceneOutliner' in 0.0015 seconds. Added 1 classes and 2 folders.
[2015.11.26-19.07.14:927][  0]LogCrashTracker: Crashtracker disabled due to settings.
[2015.11.26-19.07.14:930][  0]LogUObjectGlobals:Warning: Failed to find object 'Class None.'
[2015.11.26-19.07.14:953][  0]LogStats:Warning: MetaData mismatch. Did you assign a stat to two groups? New //STATGROUP_Threads//SplashScreenThread///Thread_18154_0///####STATCAT_Advanced#### old //STATGROUP_Threads//SplashScreenThread///Thread_19bfc_0///####STATCAT_Advanced####
[2015.11.26-19.07.14:953][  0]LogLoad: Full Startup: 36.90 seconds (BP compile: 0.04 seconds)
[2015.11.26-19.07.15:013][  0]LogContentStreaming: Texture pool size now 1000 MB
[2015.11.26-19.07.15:117][  0]LogRenderer: Reallocating scene render targets to support 1208x576 (Frame:2).
[2015.11.26-19.07.15:357][  1]Cmd: UpdateLandscapeEditorData -warnings
[2015.11.26-19.07.15:430][  2]LogAssetRegistry: Asset discovery search completed in 33.3770 seconds
[2015.11.26-19.07.15:430][  2]LogCollectionManager: Rebuilt the object cache for 0 collections in 0.000001 seconds (found 0 objects)
[2015.11.26-19.07.15:430][  2]LogCollectionManager: Fixed up redirectors for 0 collections in 0.000024 seconds (updated 0 objects)
[2015.11.26-19.07.23:177][704]LogVSAccessor:Warning: Couldn't goto line number '0' in 'C:/Users/Niclas/Documents/GitHub/Staroxurur/StarFox/Source/StarFox/PawnWithCamera.h'
[2015.11.26-19.07.23:220][704]LogVSAccessor:Warning: Couldn't goto line number '0' in 'C:/Users/Niclas/Documents/GitHub/Staroxurur/StarFox/Source/StarFox/PawnWithCamera.cpp'
[2015.11.26-19.07.41:090][939]Recompiling StarFox...
[2015.11.26-19.07.41:090][939]Launching UnrealBuildTool... [C:/Program Files/Epic Games/4.9/Engine/Binaries/DotNET/UnrealBuildTool.exe StarFox -ModuleWithSuffix StarFox 886 Win64 Development -editorrecompile -canskiplink "C:/Users/Niclas/Documents/GitHub/Staroxurur/StarFox/StarFox.uproject" -rocket  -rocket]
[2015.11.26-19.07.41:092][939]Warning: Starting HotReload took  0.0s.
[2015.11.26-19.07.53:828][954]CompilerResultsLog: New page: Compilation - Nov 26, 2015, 9:07:53 PM
[2015.11.26-19.07.53:828][954]CompilerResultsLog: Info Compiling game modules for hot reload
[2015.11.26-19.07.53:828][954]CompilerResultsLog: Info Parsing headers for StarFoxEditor
[2015.11.26-19.07.53:828][954]CompilerResultsLog: Info   Running UnrealHeaderTool "C:/Users/Niclas/Documents/GitHub/Staroxurur/StarFox/StarFox.uproject" "C:\Users\Niclas\Documents\GitHub\Staroxurur\StarFox\Intermediate\Build\Win64\StarFoxEditor\Development\UnrealHeaderTool.manifest" -LogCmds="loginit warning, logexit warning, logdatabase error" -rocket -installed
[2015.11.26-19.07.53:828][954]CompilerResultsLog: Info Reflection code generated for StarFoxEditor in 8,2337979 seconds
[2015.11.26-19.07.53:828][954]CompilerResultsLog: Info Performing 3 actions (4 in parallel)
[2015.11.26-19.07.53:828][954]CompilerResultsLog: Info StarFox.generated.cpp
[2015.11.26-19.07.53:828][954]CompilerResultsLog: Info PawnWithCamera.cpp
[2015.11.26-19.07.53:828][954]CompilerResultsLog:Error: Error C:\Users\Niclas\Documents\GitHub\Staroxurur\StarFox\Source\StarFox\PawnWithCamera.cpp(95)  : warning C4996: 'FVector2D::SafeNormal': Deprecated due to unclear name, use GetSafeNormal instead. Please update your code to the new API before upgrading to the next release, otherwise your project will no longer compile.
[2015.11.26-19.07.53:828][954]CompilerResultsLog: Info          c:\program files\epic games\4.9\engine\source\runtime\core\public\math\Vector2D.h(389)  : see declaration of 'FVector2D::SafeNormal'
[2015.11.26-19.07.53:828][954]CompilerResultsLog: Info [3/3] Link UE4Editor-StarFox-886.dll
[2015.11.26-19.07.53:828][954]CompilerResultsLog: Info    Creating library C:\Users\Niclas\Documents\GitHub\Staroxurur\StarFox\Intermediate/Build/Win64\UE4Editor\Development\UE4Editor-StarFox-886.lib and object C:\Users\Niclas\Documents\GitHub\Staroxurur\StarFox\Intermediate/Build/Win64\UE4Editor\Development\UE4Editor-StarFox-886.exp
[2015.11.26-19.07.53:828][954]CompilerResultsLog: Info -------- End Detailed Actions Stats -----------------------------------------------------------
[2015.11.26-19.07.53:828][954]CompilerResultsLog: Info Total build time: 12,64 seconds
[2015.11.26-19.07.53:828][954]LogMainFrame: MainFrame: Module compiling took 12.742 seconds
[2015.11.26-19.07.53:862][954]LogClass: Could not find existing class PawnWithCamera in package /Script/StarFox for HotReload, assuming new class
[2015.11.26-19.07.53:864][954]LogHotReload: Re-instancing PawnWithCamera after hot-reload.
[2015.11.26-19.07.53:865][954]LogUObjectGlobals:Warning: Guid is in use by SpringArmComponent /Game/StarterContent/Maps/Minimal_Default.Minimal_Default:PersistentLevel.PawnWithCamera_10.CameraSpringArm and SpringArmComponent /Game/StarterContent/Maps/Minimal_Default.Minimal_Default:PersistentLevel.PawnWithCamera_0.CameraSpringArm, which should never happen in the editor but could happen at runtime with duplicate level loading or PIE
[2015.11.26-19.07.53:865][954]LogUObjectGlobals:Warning: Guid is in use by CameraComponent /Game/StarterContent/Maps/Minimal_Default.Minimal_Default:PersistentLevel.PawnWithCamera_10.GameCamera and CameraComponent /Game/StarterContent/Maps/Minimal_Default.Minimal_Default:PersistentLevel.PawnWithCamera_0.GameCamera, which should never happen in the editor but could happen at runtime with duplicate level loading or PIE
[2015.11.26-19.07.53:892][954]LogContentBrowser: Native class hierarchy updated for 'StarFox' in 0.0014 seconds. Added 2 classes and 2 folders.
[2015.11.26-19.07.53:894][954]Warning: HotReload successful (0 functions remapped  0 scriptstructs remapped)
[2015.11.26-19.07.53:937][954]LogContentBrowser: Native class hierarchy populated in 0.0075 seconds. Added 1870 classes and 337 folders.
[2015.11.26-19.07.55:586][109]LogBlueprintUserMessages: Early PlayInEditor Detection: Level '/Game/StarterContent/Maps/Minimal_Default.Minimal_Default:PersistentLevel' has LevelScriptBlueprint '/Game/StarterContent/Maps/Minimal_Default.Minimal_Default:PersistentLevel.Minimal_Default' with GeneratedClass '/Game/StarterContent/Maps/Minimal_Default.Minimal_Default_C' with ClassGeneratedBy '/Game/StarterContent/Maps/Minimal_Default.Minimal_Default:PersistentLevel.Minimal_Default'
[2015.11.26-19.07.55:586][109]LogPlayLevel: PlayLevel: No blueprints needed recompiling
[2015.11.26-19.07.55:586][109]PIE: New page: PIE session: Minimal_Default (Nov 26, 2015, 9:07:55 PM)
[2015.11.26-19.07.55:586][109]LogPlayLevel: Creating play world package: /Game/StarterContent/Maps/UEDPIE_0_Minimal_Default
[2015.11.26-19.07.55:682][109]LogPlayLevel: PIE: StaticDuplicateObject took: (0.096289s)
[2015.11.26-19.07.55:683][109]LogAIModule: Creating AISystem for world Minimal_Default
[2015.11.26-19.07.55:683][109]LogPlayLevel: PIE: World Init took: (0.000728s)
[2015.11.26-19.07.55:683][109]LogPlayLevel: PIE: Created PIE world by copying editor world from /Game/StarterContent/Maps/Minimal_Default.Minimal_Default to /Game/StarterContent/Maps/UEDPIE_0_Minimal_Default.Minimal_Default (0.097217s)
[2015.11.26-19.07.55:706][109]LogInit: XAudio2 using 'Högtalare (2- Logitech G35 Gaming Headset)' : 2 channels at 44.1 kHz using 16 bits per sample (channel mask 0x3)
[2015.11.26-19.07.55:720][109]LogInit: FAudioDevice initialized.
[2015.11.26-19.07.55:769][109]LogWorld: Game class is 'StarFoxGameMode'
[2015.11.26-19.07.55:909][109]LogWorld: Bringing World /Game/StarterContent/Maps/UEDPIE_0_Minimal_Default.Minimal_Default up for play (max tick rate 0) at 2015.11.26-20.07.55
[2015.11.26-19.07.55:909][109]LogActor:Warning: GameSession /Game/StarterContent/Maps/UEDPIE_0_Minimal_Default.Minimal_Default:PersistentLevel.GameSession_0 has natively added scene component(s), but none of them were set as the actor's RootComponent - picking one arbitrarily
[2015.11.26-19.07.55:909][109]LogActor:Warning: GameNetworkManager /Game/StarterContent/Maps/UEDPIE_0_Minimal_Default.Minimal_Default:PersistentLevel.GameNetworkManager_0 has natively added scene component(s), but none of them were set as the actor's RootComponent - picking one arbitrarily
[2015.11.26-19.07.55:910][109]LogWorld: Bringing up level for play took: 0.140415
[2015.11.26-19.07.55:912][109]PIE: Info Play in editor start time for /Game/StarterContent/Maps/UEDPIE_0_Minimal_Default 0.686
[2015.11.26-19.07.55:912][109]LogBlueprintUserMessages: Late PlayInEditor Detection: Level '/Game/StarterContent/Maps/Minimal_Default.Minimal_Default:PersistentLevel' has LevelScriptBlueprint '/Game/StarterContent/Maps/Minimal_Default.Minimal_Default:PersistentLevel.Minimal_Default' with GeneratedClass '/Game/StarterContent/Maps/Minimal_Default.Minimal_Default_C' with ClassGeneratedBy '/Game/StarterContent/Maps/Minimal_Default.Minimal_Default:PersistentLevel.Minimal_Default'
[2015.11.26-19.07.57:165][254]LogBlueprintUserMessages: Early EndPlayMap Detection: Level '/Game/StarterContent/Maps/Minimal_Default.Minimal_Default:PersistentLevel' has LevelScriptBlueprint '/Game/StarterContent/Maps/Minimal_Default.Minimal_Default:PersistentLevel.Minimal_Default' with GeneratedClass '/Game/StarterContent/Maps/Minimal_Default.Minimal_Default_C' with ClassGeneratedBy '/Game/StarterContent/Maps/Minimal_Default.Minimal_Default:PersistentLevel.Minimal_Default'
[2015.11.26-19.07.57:199][254]LogBlueprintUserMessages: Late EndPlayMap Detection: Level '/Game/StarterContent/Maps/Minimal_Default.Minimal_Default:PersistentLevel' has LevelScriptBlueprint '/Game/StarterContent/Maps/Minimal_Default.Minimal_Default:PersistentLevel.Minimal_Default' with GeneratedClass '/Game/StarterContent/Maps/Minimal_Default.Minimal_Default_C' with ClassGeneratedBy '/Game/StarterContent/Maps/Minimal_Default.Minimal_Default:PersistentLevel.Minimal_Default'
[2015.11.26-19.07.57:241][255]LogParticles: Destroying 0 GPU particle simulations for FXSystem 0x000000F10D322340
[2015.11.26-19.08.07:837][128]Cmd: DELETE
[2015.11.26-19.08.07:837][128]Cmd: ACTOR DELETE
[2015.11.26-19.08.07:839][128]LogEditorActor: Deleted Actor: PawnWithCamera
[2015.11.26-19.08.07:873][128]LogWindows:Error: Windows GetLastError: The operation completed successfully. (0)
[2015.11.26-19.08.09:589][294]LogEditor: Attempting to add actor of class 'PawnWithCamera' to level at 10222.73,36.16,-6332.76
[2015.11.26-19.08.10:026][314]LogCrashTracker: 


[2015.11.26-19.08.10:030][314]LogWindows:Error: Windows GetLastError: The operation completed successfully. (0)
[2015.11.26-19.08.10:030][314]LogCrashTracker: 


[2015.11.26-19.08.10:030][314]LogWindows: === Critical error: ===
Fatal error: [File:D:\BuildFarm\buildmachine_++depot+UE4-Releases+4.9\Engine\Source\Runtime\RenderCore\Private\RenderingThread.cpp] [Line: 675] 
Rendering thread exception:
Assertion failed: (Index >= 0) & (Index < ArrayNum) [File:D:\BuildFarm\buildmachine_++depot+UE4-Releases+4.9\Engine\Source\Runtime\Core\Public\Containers\Array.h] [Line: 678] 
Array index out of bounds: 0 from an array of size 0







[2015.11.26-19.08.10:130][314]LogExit: Executing StaticShutdownAfterError
[2015.11.26-19.08.10:136][314]LogPhysics:Warning: PHYSX: ..\..\PhysX\src\NpScene.cpp (2946) 8 : PxScene::unlockWrite() called without matching call to PxScene::lockWrite(), behaviour will be undefined.
[2015.11.26-19.08.10:136][314]LogPhysics:Warning: PHYSX: ..\..\PhysX\src\NpScene.cpp (2946) 8 : PxScene::unlockWrite() called without matching call to PxScene::lockWrite(), behaviour will be undefined.
[2015.11.26-19.08.10:136][314]LogWindows: FPlatformMisc::RequestExit(1)
[2015.11.26-19.08.10:136][314]Log file closed, 11/26/15 20:08:10
