[2015.11.26-19.06.50:288][  0]Log file open, 11/26/15 20:06:50
[2015.11.26-19.06.50:288][  0]LogInit:Display: Running engine for game: StarFox
[2015.11.26-19.06.50:288][  0]LogInit:Display: RandInit(727920117) SRandInit(727920118).
[2015.11.26-19.06.50:288][  0]LogTaskGraph: Started task graph with 4 named threads and 7 total threads.
[2015.11.26-19.06.50:288][  0]LogStats: Stats thread started at 0.080012
[2015.11.26-19.06.50:288][  0]LogInit: Version: 4.9.2-2707645+++depot+UE4-Releases+4.9
[2015.11.26-19.06.50:288][  0]LogInit: API Version: 2672455
[2015.11.26-19.06.50:288][  0]LogInit: Compiled (64-bit): Sep 28 2015 10:25:44
[2015.11.26-19.06.50:288][  0]LogInit: Compiled with Visual C++: 18.00.21005.01
[2015.11.26-19.06.50:288][  0]LogInit: Build Configuration: Development
[2015.11.26-19.06.50:288][  0]LogInit: Branch Name: ++depot+UE4-Releases+4.9
[2015.11.26-19.06.50:288][  0]LogInit: Command line:  
[2015.11.26-19.06.50:288][  0]LogInit: Base directory: C:/Program Files/Epic Games/4.9/Engine/Binaries/Win64/
[2015.11.26-19.06.50:288][  0]LogInit: Rocket: 1
[2015.11.26-19.06.50:300][  0]LogInit: Using libcurl 7.41.0
[2015.11.26-19.06.50:300][  0]LogInit:  - built for x86_64-pc-win32
[2015.11.26-19.06.50:300][  0]LogInit:  - supports SSL with WinSSL
[2015.11.26-19.06.50:300][  0]LogInit:  - other features:
[2015.11.26-19.06.50:300][  0]LogInit:      CURL_VERSION_SSL
[2015.11.26-19.06.50:300][  0]LogInit:      CURL_VERSION_IPV6
[2015.11.26-19.06.50:300][  0]LogInit:      CURL_VERSION_ASYNCHDNS
[2015.11.26-19.06.50:300][  0]LogInit:      CURL_VERSION_LARGEFILE
[2015.11.26-19.06.50:300][  0]LogInit:      CURL_VERSION_IDN
[2015.11.26-19.06.50:300][  0]LogInit:  CurlRequestOptions (configurable via config and command line):
[2015.11.26-19.06.50:300][  0]LogInit:  - bVerifyPeer = true  - Libcurl will verify peer certificate
[2015.11.26-19.06.50:300][  0]LogInit:  - bUseHttpProxy = false  - Libcurl will NOT use HTTP proxy
[2015.11.26-19.06.50:300][  0]LogInit:  - bDontReuseConnections = false  - Libcurl will reuse connections
[2015.11.26-19.06.50:300][  0]LogInit:  - CertBundlePath = nullptr  - Libcurl will use whatever was configured at build time.
[2015.11.26-19.06.50:309][  0]LogInit: Presizing for 0 objects not considered by GC, pre-allocating 0 bytes.
[2015.11.26-19.06.50:316][  0]LogInit: Object subsystem initialized
[2015.11.26-19.06.50:317][  0]LogInit: Selected Device Profile: [Windows]
[2015.11.26-19.06.50:317][  0]LogInit: Applying CVar settings loaded from the selected device profile: [Windows]
[2015.11.26-19.06.50:327][  0]LogInit: Computer: FIDUS
[2015.11.26-19.06.50:327][  0]LogInit: User: Niclas
[2015.11.26-19.06.50:327][  0]LogInit: CPU Page size=4096, Cores=4
[2015.11.26-19.06.50:327][  0]LogInit: High frequency timer resolution =3.386479 MHz
[2015.11.26-19.06.50:327][  0]LogMemory: Memory total: Physical=15.9GB (16GB approx)
[2015.11.26-19.06.50:327][  0]LogMemory: Platform Memory Stats for Windows
[2015.11.26-19.06.50:327][  0]LogMemory: Process Physical Memory: 54.20 MB used, 54.20 MB peak
[2015.11.26-19.06.50:327][  0]LogMemory: Process Virtual Memory: 57.30 MB used, 57.30 MB peak
[2015.11.26-19.06.50:327][  0]LogMemory: Physical Memory: 6637.63 MB used, 16332.28 MB total
[2015.11.26-19.06.50:327][  0]LogMemory: Virtual Memory: 366.22 MB used, 134217728.00 MB total
[2015.11.26-19.06.50:359][  0]LogTextLocalizationManager: No translations for ('sv-SE') exist, falling back to 'en' for localization and internationalization data.
[2015.11.26-19.06.51:004][  0]LogD3D11RHI: Found D3D11 adapter 0: AMD Radeon HD 7800 Series (Feature Level 11_0)
[2015.11.26-19.06.51:004][  0]LogD3D11RHI: Adapter has 2026MB of dedicated video memory, 0MB of dedicated system memory, and 8166MB of shared system memory, 1 output[s]
[2015.11.26-19.06.51:006][  0]LogD3D11RHI: Found D3D11 adapter 1: Microsoft Basic Render Driver (Feature Level 11_0)
[2015.11.26-19.06.51:006][  0]LogD3D11RHI: Adapter has 0MB of dedicated video memory, 0MB of dedicated system memory, and 8166MB of shared system memory, 0 output[s]
[2015.11.26-19.06.51:006][  0]LogD3D11RHI: Chosen D3D11 Adapter Id = 0
[2015.11.26-19.06.51:018][  0]LogD3D11RHI: !Direct3DDevice
[2015.11.26-19.06.51:018][  0]LogRHI: Texture pool is 1361 MB (70% of 1945 MB)
[2015.11.26-19.06.51:025][  0]LogD3D11RHI: Async texture creation disabled: no driver support
[2015.11.26-19.06.51:036][  0]LogShaderCompilers: Guid format shader working directory is 13 characters bigger than the processId version (../../../../../../Users/Niclas/Documents/GitHub/Staroxurur/StarFox/Intermediate/Shaders/WorkingDirectory/104672/).
[2015.11.26-19.06.51:036][  0]LogShaderCompilers: Cleaned the shader compiler working directory '../../../../../../Users/Niclas/Documents/GitHub/Staroxurur/StarFox/Intermediate/Shaders/tmp/22EA38B24B2F44710DA9258831AC95DA/'.
[2015.11.26-19.06.51:036][  0]LogShaderCompilers:Display: Using Local Shader Compiler.
[2015.11.26-19.06.52:072][  0]LogTemp:Display: Loaded TP AllDesktopTargetPlatform
[2015.11.26-19.06.52:078][  0]LogTemp:Display: Loaded TP WindowsClientTargetPlatform
[2015.11.26-19.06.52:083][  0]LogTemp:Display: Loaded TP WindowsNoEditorTargetPlatform
[2015.11.26-19.06.52:090][  0]LogTemp:Display: Loaded TP WindowsServerTargetPlatform
[2015.11.26-19.06.52:097][  0]LogTemp:Display: Loaded TP WindowsTargetPlatform
[2015.11.26-19.06.52:101][  0]LogTemp:Display: Loaded TP AndroidTargetPlatform
[2015.11.26-19.06.52:105][  0]LogTemp:Display: Loaded TP Android_ASTCTargetPlatform
[2015.11.26-19.06.52:109][  0]LogTemp:Display: Loaded TP Android_ATCTargetPlatform
[2015.11.26-19.06.52:114][  0]LogTemp:Display: Loaded TP Android_DXTTargetPlatform
[2015.11.26-19.06.52:118][  0]LogTemp:Display: Loaded TP Android_ETC1TargetPlatform
[2015.11.26-19.06.52:122][  0]LogTemp:Display: Loaded TP Android_ETC2TargetPlatform
[2015.11.26-19.06.52:127][  0]LogTemp:Display: Loaded TP Android_PVRTCTargetPlatform
[2015.11.26-19.06.52:128][  0]LogTemp:Display: Loaded TP HTML5TargetPlatform
[2015.11.26-19.06.52:147][  0]LogTemp:Display: Loaded TP IOSTargetPlatform
[2015.11.26-19.06.52:152][  0]LogTemp:Display: Loaded TP LinuxNoEditorTargetPlatform
[2015.11.26-19.06.52:157][  0]LogTemp:Display: Loaded TP LinuxServerTargetPlatform
[2015.11.26-19.06.52:160][  0]LogTemp:Display: Loaded TP LinuxTargetPlatform
[2015.11.26-19.06.52:161][  0]LogTargetPlatformManager:Display: Building Assets For Windows
[2015.11.26-19.06.52:265][  0]LogDerivedDataCache:Display: Max Cache Size: 512 MB
[2015.11.26-19.06.52:305][  0]LogDerivedDataCache: Loaded boot cache 0.04s 41MB C:/Users/Niclas/AppData/Local/UnrealEngine/4.9/DerivedDataCache/Boot.ddc.
[2015.11.26-19.06.52:306][  0]LogDerivedDataCache:Display: Loaded Boot cache: C:/Users/Niclas/AppData/Local/UnrealEngine/4.9/DerivedDataCache/Boot.ddc
[2015.11.26-19.06.52:306][  0]LogDerivedDataCache: FDerivedDataBackendGraph:  Pak pak cache file ../../../../../../Users/Niclas/Documents/GitHub/Staroxurur/StarFox/DerivedDataCache/DDC.ddp not found, will not use a pak cache.
[2015.11.26-19.06.52:306][  0]LogDerivedDataCache: Unable to find inner node Pak for hierarchical cache Hierarchy.
[2015.11.26-19.06.52:306][  0]LogDerivedDataCache: FDerivedDataBackendGraph:  CompressedPak pak cache file ../../../../../../Users/Niclas/Documents/GitHub/Staroxurur/StarFox/DerivedDataCache/Compressed.ddp not found, will not use a pak cache.
[2015.11.26-19.06.52:306][  0]LogDerivedDataCache: Unable to find inner node CompressedPak for hierarchical cache Hierarchy.
[2015.11.26-19.06.52:430][  0]LogDerivedDataCache:Display: Pak cache opened for reading ../../../Engine/DerivedDataCache/Compressed.ddp.
[2015.11.26-19.06.52:442][  0]LogDerivedDataCache: Using Local data cache path C:/Users/Niclas/AppData/Local/UnrealEngine/Common/DerivedDataCache: Writable
[2015.11.26-19.06.52:653][  0]LogInit: Selected Device Profile: [Windows]
[2015.11.26-19.06.52:657][  0]LogContentStreaming: Texture pool size is 0.000000MB
[2015.11.26-19.06.52:779][  0]LogMeshUtilities: No automatic mesh reduction module available
[2015.11.26-19.06.52:779][  0]LogMeshUtilities: No automatic mesh merging module available
[2015.11.26-19.06.53:028][  0]LogInit: WinSock: version 1.1 (2.2), MaxSocks=32767, MaxUdp=65467
[2015.11.26-19.06.53:755][  0]UdpMessaging: Initializing bridge on interface 0.0.0.0:0 to multicast group 230.0.0.1:6666.
[2015.11.26-19.06.53:878][  0]LogAssetRegistry: FAssetRegistry took 0.0106 seconds to start up
[2015.11.26-19.06.54:058][  0]SourceControl: Info Source control is disabled
[2015.11.26-19.06.54:059][  0]SourceControl: Info Source control is disabled
[2015.11.26-19.06.54:073][  0]SourceControl: Info Source control is disabled
[2015.11.26-19.06.54:087][  0]SourceControl: Info Source control is disabled
[2015.11.26-19.06.54:280][  0]LogLinker:Warning: Asset '../../../Engine/Plugins/Runtime/LeapMotionController/Content/LM_PassthroughMaterial.uasset' has been saved with empty engine version. The asset will be loaded but may be incompatible.
[2015.11.26-19.06.54:380][  0]LogObj: 28378 objects as part of root set at end of initial load.
[2015.11.26-19.06.54:380][  0]LogUObjectAllocator: 6047272 out of 0 bytes used by permanent object pool.
[2015.11.26-19.06.54:432][  0]LogEngine: Initializing Engine...
[2015.11.26-19.06.54:435][  0]LogHMD: Can't find Oculus library dev build: is proper Runtime installed? Version: 0.7.0.0
[2015.11.26-19.06.54:436][  0]LogHMD: SteamVR failed to initialize.  Err: 110
[2015.11.26-19.06.54:548][  0]LogAIModule: Creating AISystem for world NewWorld
[2015.11.26-19.06.54:566][  0]LogInit: XAudio2 using 'Högtalare (2- Logitech G35 Gaming Headset)' : 2 channels at 44.1 kHz using 16 bits per sample (channel mask 0x3)
[2015.11.26-19.06.54:592][  0]LogInit: FAudioDevice initialized.
[2015.11.26-19.06.54:611][  0]LogDerivedDataCache: Saved boot cache 0.02s 41MB C:/Users/Niclas/AppData/Local/UnrealEngine/4.9/DerivedDataCache/Boot.ddc.
[2015.11.26-19.06.54:614][  0]LogInit: Texture streaming: Enabled
[2015.11.26-19.06.54:621][  0]LogAnalytics: Creating configured Analytics provider AnalyticsET
[2015.11.26-19.06.54:622][  0]LogAnalytics: [UEEditor.Rocket.Release] APIServer = http://et2.epicgames.com/ET2/. AppVersion = 4.9.2-2707645+++depot+UE4-Releases+4.9
[2015.11.26-19.06.54:622][  0]LogAnalytics: [UEEditor.Rocket.Release] SetUserId 8d5f2d8b4e520712a8f1e688fed765ab|99f216c1865e471987722078da7bde5f|50f43dcd-c54f-4aa6-a5c1-e948023fc359
[2015.11.26-19.06.54:622][  0]LogAnalytics: [UEEditor.Rocket.Release] AnalyticsET::StartSession
[2015.11.26-19.06.54:659][  0]LogWindowsTextInputMethodSystem:Display: IME system now deactivated.
[2015.11.26-19.06.54:679][  0]LogInit: Transaction tracking system initialized
[2015.11.26-19.06.54:714][  0]BlueprintLog: New page: Editor Load
[2015.11.26-19.06.54:812][  0]LocalizationService: Info Localization service is disabled
[2015.11.26-19.06.54:902][  0]LogConsoleResponse:Display: 
[2015.11.26-19.06.55:014][  0]LogCook:Display: Done creating registry. It took  0.00s.
[2015.11.26-19.06.55:099][  0]LogFileCache: Scanning file cache for directory 'C:/Users/Niclas/Documents/GitHub/Staroxurur/StarFox/Content/' took 0.02s
[2015.11.26-19.06.55:099][  0]SourceControl: Info Source control is disabled
[2015.11.26-19.07.03:307][  0]LogWindowsTextInputMethodSystem:Display: IME system now deactivated.
[2015.11.26-19.07.03:318][  0]LogWindowsTextInputMethodSystem:Display: IME system now deactivated.
[2015.11.26-19.07.04:582][  0]LogWindowsTextInputMethodSystem:Display: IME system now deactivated.
[2015.11.26-19.07.04:600][  0]LogWindowsTextInputMethodSystem:Display: IME system now deactivated.
[2015.11.26-19.07.04:601][  0]Cmd: MAP LOAD FILE="../../../../../../Users/Niclas/Documents/GitHub/Staroxurur/StarFox/Content/StarterContent/Maps/Minimal_Default.umap" TEMPLATE=0 SHOWPROGRESS=1 FEATURELEVEL=3
[2015.11.26-19.07.04:601][  0]LightingResults: New page: Lighting Build
[2015.11.26-19.07.04:631][  0]MapCheck: New page: Map Check
[2015.11.26-19.07.04:631][  0]LightingResults: New page: Lighting Build
[2015.11.26-19.07.04:643][  0]LogParticles: Destroying 0 GPU particle simulations for FXSystem 0x000000393DEF4400
[2015.11.26-19.07.05:031][  0]LogLinker:Error: Failed import: class 'SphereComponent' name 'RootComponent' outer 'PawnWithCamera_10'. There is another object (of 'StaticMeshComponent' class) at the path.
[2015.11.26-19.07.05:111][  0]LogProperty:Warning: Serialized Class /Script/Engine.SphereComponent for a property of Class /Script/Engine.StaticMeshComponent. Reference will be NULLed.
    Property = ObjectProperty /Script/StarFox.PawnWithCamera:CollisionSphere
    Item = SphereComponent /Game/StarterContent/Maps/Minimal_Default.Minimal_Default:PersistentLevel.PawnWithCamera_10.SphereComponent_1
[2015.11.26-19.07.05:112][  0]LogLinker:Error: Failed import: class 'SphereComponent' name 'RootComponent' outer 'PawnWithCamera_10'. There is another object (of 'StaticMeshComponent' class) at the path.
[2015.11.26-19.07.05:116][  0]LogLinker:Error: Failed import: class 'SphereComponent' name 'RootComponent' outer 'PawnWithCamera_10'. There is another object (of 'StaticMeshComponent' class) at the path.
[2015.11.26-19.07.05:120][  0]LogLinker:Error: Failed import: class 'SphereComponent' name 'RootComponent' outer 'PawnWithCamera_10'. There is another object (of 'StaticMeshComponent' class) at the path.
[2015.11.26-19.07.05:122][  0]LogLinker:Error: Failed import: class 'SphereComponent' name 'RootComponent' outer 'PawnWithCamera_10'. There is another object (of 'StaticMeshComponent' class) at the path.
[2015.11.26-19.07.05:340][  0]LogAIModule: Creating AISystem for world Minimal_Default
[2015.11.26-19.07.05:808][  0]LogEditorServer: Finished looking for orphan Actors (0.001 secs)
[2015.11.26-19.07.05:813][  0]Cmd: MAP CHECKDEP NOCLEARLOG
[2015.11.26-19.07.05:889][  0]MapCheck: Info Map check complete: 0 Error(s), 0 Warning(s), took 75.77ms to complete.
[2015.11.26-19.07.05:889][  0]LogFileHelpers: Loading map 'Minimal_Default' took 1.288
[2015.11.26-19.07.05:948][  0]LogCollectionManager: Loaded 0 collections in 0.002727 seconds
[2015.11.26-19.07.05:989][  0]LogFileCache: Scanning file cache for directory 'C:/Users/Niclas/Documents/GitHub/Staroxurur/StarFox/Saved/Collections/' took 0.01s
[2015.11.26-19.07.05:989][  0]LogFileCache: Scanning file cache for directory 'C:/Users/Niclas/Documents/GitHub/Staroxurur/StarFox/Content/Developers/Niclas/Collections/' took 0.01s
[2015.11.26-19.07.05:989][  0]LogFileCache: Scanning file cache for directory 'C:/Users/Niclas/Documents/GitHub/Staroxurur/StarFox/Content/Collections/' took 0.01s
[2015.11.26-19.07.05:989][  0]LogContentBrowser: Native class hierarchy populated in 0.0078 seconds. Added 1869 classes and 335 folders.
[2015.11.26-19.07.05:996][  0]LogCollectionManager: Rebuilt the GUID cache for 0 collections in 0.000002 seconds
[2015.11.26-19.07.06:005][  0]LogContentBrowser: Native class hierarchy updated for 'WidgetCarousel' in 0.0017 seconds. Added 0 classes and 0 folders.
[2015.11.26-19.07.06:077][  0]LogContentBrowser: Native class hierarchy updated for 'AddContentDialog' in 0.0014 seconds. Added 0 classes and 0 folders.
[2015.11.26-19.07.06:084][  0]LogContentBrowser: Native class hierarchy updated for 'SceneOutliner' in 0.0014 seconds. Added 1 classes and 2 folders.
[2015.11.26-19.07.06:119][  0]LogCrashTracker: Crashtracker disabled due to settings.
[2015.11.26-19.07.06:126][  0]LogUObjectGlobals:Warning: Failed to find object 'Class None.'
[2015.11.26-19.07.06:149][  0]LogStats:Warning: MetaData mismatch. Did you assign a stat to two groups? New //STATGROUP_Threads//SplashScreenThread///Thread_19fc4_0///####STATCAT_Advanced#### old //STATGROUP_Threads//SplashScreenThread///Thread_19fd8_0///####STATCAT_Advanced####
[2015.11.26-19.07.06:149][  0]LogLoad: Full Startup: 16.90 seconds (BP compile: 0.05 seconds)
[2015.11.26-19.07.06:215][  0]LogContentStreaming: Texture pool size now 1000 MB
[2015.11.26-19.07.06:320][  0]LogRenderer: Reallocating scene render targets to support 1208x576 (Frame:2).
[2015.11.26-19.07.06:564][  1]Cmd: UpdateLandscapeEditorData -warnings
[2015.11.26-19.07.06:629][  2]LogAssetRegistry: Asset discovery search completed in 12.7617 seconds
[2015.11.26-19.07.06:629][  2]LogCollectionManager: Rebuilt the object cache for 0 collections in 0.000001 seconds (found 0 objects)
[2015.11.26-19.07.06:629][  2]LogCollectionManager: Fixed up redirectors for 0 collections in 0.000022 seconds (updated 0 objects)
[2015.11.26-19.07.43:478][318]LogWindowsTextInputMethodSystem:Display: IME system now deactivated.
[2015.11.26-19.07.43:707][319]Cmd: QUIT_EDITOR
[2015.11.26-19.07.47:327][319]LogExit: Preparing to exit.
[2015.11.26-19.07.48:416][319]LogExit: Editor shut down
[2015.11.26-19.07.48:416][319]LogExit: Transaction tracking system shut down
[2015.11.26-19.07.49:313][319]LogParticles: Destroying 0 GPU particle simulations for FXSystem 0x000000394EB10C20
[2015.11.26-19.07.49:523][319]LogParticles: Destroying 0 GPU particle simulations for FXSystem 0x000000395873B920
[2015.11.26-19.07.49:523][319]LogParticles: Destroying 0 GPU particle simulations for FXSystem 0x00000039592D63E0
[2015.11.26-19.07.51:175][319]LogExit: Object subsystem successfully closed.
[2015.11.26-19.07.51:198][319]LogD3D11RHI: Shutdown
[2015.11.26-19.07.51:198][319]LogD3D11RHI: CleanupD3DDevice
[2015.11.26-19.07.51:210][319]LogD3D11RHI: ~FD3D11DynamicRHI
[2015.11.26-19.07.51:249][319]LogModuleManager: Shutting down and abandoning module CrashTracker (198)
[2015.11.26-19.07.51:249][319]LogModuleManager: Shutting down and abandoning module SceneOutliner (197)
[2015.11.26-19.07.51:249][319]LogModuleManager: Shutting down and abandoning module SuperSearch (196)
[2015.11.26-19.07.51:249][319]LogModuleManager: Shutting down and abandoning module WidgetCarousel (195)
[2015.11.26-19.07.51:250][319]LogModuleManager: Shutting down and abandoning module AddContentDialog (194)
[2015.11.26-19.07.51:250][319]LogModuleManager: Shutting down and abandoning module EditorWidgets (193)
[2015.11.26-19.07.51:250][319]LogModuleManager: Shutting down and abandoning module CollectionManager (192)
[2015.11.26-19.07.51:250][319]LogModuleManager: Shutting down and abandoning module StatsViewer (191)
[2015.11.26-19.07.51:250][319]LogModuleManager: Shutting down and abandoning module FoliageEdit (190)
[2015.11.26-19.07.51:250][319]LogModuleManager: Shutting down and abandoning module LandscapeEditor (189)
[2015.11.26-19.07.51:251][319]LogModuleManager: Shutting down and abandoning module ActorPickerMode (188)
[2015.11.26-19.07.51:251][319]LogModuleManager: Shutting down and abandoning module GeometryMode (187)
[2015.11.26-19.07.51:251][319]LogModuleManager: Shutting down and abandoning module TextureAlignMode (186)
[2015.11.26-19.07.51:251][319]LogModuleManager: Shutting down and abandoning module BspMode (185)
[2015.11.26-19.07.51:251][319]LogModuleManager: Shutting down and abandoning module PlacementMode (184)
[2015.11.26-19.07.51:251][319]LogModuleManager: Shutting down and abandoning module AutomationWorker (183)
[2015.11.26-19.07.51:251][319]LogModuleManager: Shutting down and abandoning module CharacterAI (182)
[2015.11.26-19.07.51:251][319]LogModuleManager: Shutting down and abandoning module SmartSnapping (181)
[2015.11.26-19.07.51:251][319]LogModuleManager: Shutting down and abandoning module ViewportSnapping (180)
[2015.11.26-19.07.51:251][319]LogModuleManager: Shutting down and abandoning module LogVisualizer (179)
[2015.11.26-19.07.51:251][319]LogModuleManager: Shutting down and abandoning module GameProjectGeneration (178)
[2015.11.26-19.07.51:251][319]LogModuleManager: Shutting down and abandoning module IntroTutorials (177)
[2015.11.26-19.07.51:251][319]LogModuleManager: Shutting down and abandoning module EditorLiveStreaming (176)
[2015.11.26-19.07.51:251][319]LogModuleManager: Shutting down and abandoning module IOSPlatformEditor (175)
[2015.11.26-19.07.51:251][319]LogModuleManager: Shutting down and abandoning module HTML5PlatformEditor (174)
[2015.11.26-19.07.51:251][319]LogModuleManager: Shutting down and abandoning module AndroidDeviceDetection (173)
[2015.11.26-19.07.51:920][319]LogModuleManager: Shutting down and abandoning module AndroidPlatformEditor (172)
[2015.11.26-19.07.51:920][319]LogModuleManager: Shutting down and abandoning module IOSRuntimeSettings (171)
[2015.11.26-19.07.51:920][319]LogModuleManager: Shutting down and abandoning module AndroidRuntimeSettings (170)
[2015.11.26-19.07.51:920][319]LogModuleManager: Shutting down and abandoning module MergeActors (169)
[2015.11.26-19.07.51:920][319]LogModuleManager: Shutting down and abandoning module SizeMap (168)
[2015.11.26-19.07.51:920][319]LogModuleManager: Shutting down and abandoning module TreeMap (167)
[2015.11.26-19.07.51:920][319]LogModuleManager: Shutting down and abandoning module ReferenceViewer (166)
[2015.11.26-19.07.51:920][319]LogModuleManager: Shutting down and abandoning module LocalizationService (165)
[2015.11.26-19.07.51:920][319]LogModuleManager: Shutting down and abandoning module LocalizationDashboard (164)
[2015.11.26-19.07.51:920][319]LogModuleManager: Shutting down and abandoning module HardwareTargeting (163)
[2015.11.26-19.07.51:921][319]LogModuleManager: Shutting down and abandoning module DeviceProfileEditor (162)
[2015.11.26-19.07.51:921][319]LogModuleManager: Shutting down and abandoning module UndoHistory (161)
[2015.11.26-19.07.51:921][319]LogModuleManager: Shutting down and abandoning module GameplayTagsEditor (160)
[2015.11.26-19.07.51:921][319]LogModuleManager: Shutting down and abandoning module UserFeedback (159)
[2015.11.26-19.07.51:921][319]LogModuleManager: Shutting down and abandoning module XmlParser (158)
[2015.11.26-19.07.51:921][319]LogModuleManager: Shutting down and abandoning module Blutility (157)
[2015.11.26-19.07.51:921][319]LogModuleManager: Shutting down and abandoning module ProjectTargetPlatformEditor (156)
[2015.11.26-19.07.51:921][319]LogModuleManager: Shutting down and abandoning module ProjectSettingsViewer (155)
[2015.11.26-19.07.51:921][319]LogModuleManager: Shutting down and abandoning module InputBindingEditor (154)
[2015.11.26-19.07.51:921][319]LogModuleManager: Shutting down and abandoning module EditorSettingsViewer (153)
[2015.11.26-19.07.51:921][319]LogModuleManager: Shutting down and abandoning module SettingsEditor (152)
[2015.11.26-19.07.51:921][319]LogModuleManager: Shutting down and abandoning module ProjectLauncher (151)
[2015.11.26-19.07.51:921][319]LogModuleManager: Shutting down and abandoning module SessionFrontend (150)
[2015.11.26-19.07.51:921][319]LogModuleManager: Shutting down and abandoning module ProfilerClient (149)
[2015.11.26-19.07.51:921][319]LogModuleManager: Shutting down and abandoning module TargetDeviceServices (148)
[2015.11.26-19.07.51:921][319]LogModuleManager: Shutting down and abandoning module DeviceManager (147)
[2015.11.26-19.07.51:921][319]LogModuleManager: Shutting down and abandoning module AutomationController (146)
[2015.11.26-19.07.51:921][319]LogModuleManager: Shutting down and abandoning module AutomationWindow (145)
[2015.11.26-19.07.51:921][319]LogModuleManager: Shutting down and abandoning module Layers (144)
[2015.11.26-19.07.51:921][319]LogModuleManager: Shutting down and abandoning module ComponentVisualizers (143)
[2015.11.26-19.07.51:921][319]LogModuleManager: Shutting down and abandoning module DetailCustomizations (142)
[2015.11.26-19.07.51:921][319]LogModuleManager: Shutting down and abandoning module PackagesDialog (141)
[2015.11.26-19.07.51:921][319]LogModuleManager: Shutting down and abandoning module Persona (140)
[2015.11.26-19.07.51:921][319]LogModuleManager: Shutting down and abandoning module Kismet (139)
[2015.11.26-19.07.51:921][319]LogModuleManager: Shutting down and abandoning module GraphEditor (138)
[2015.11.26-19.07.51:921][319]LogModuleManager: Shutting down and abandoning module ClassViewer (137)
[2015.11.26-19.07.51:921][319]LogModuleManager: Shutting down and abandoning module Toolbox (136)
[2015.11.26-19.07.51:921][319]LogModuleManager: Shutting down and abandoning module ModuleUI (135)
[2015.11.26-19.07.51:921][319]LogModuleManager: Shutting down and abandoning module MovieSceneTools (134)
[2015.11.26-19.07.51:921][319]LogModuleManager: Shutting down and abandoning module OutputLog (133)
[2015.11.26-19.07.51:921][319]LogModuleManager: Shutting down and abandoning module GammaUI (132)
[2015.11.26-19.07.51:921][319]LogModuleManager: Shutting down and abandoning module Documentation (131)
[2015.11.26-19.07.51:921][319]LogModuleManager: Shutting down and abandoning module GameLiveStreaming (130)
[2015.11.26-19.07.51:921][319]LogModuleManager: Shutting down and abandoning module StreamingPauseRendering (129)
[2015.11.26-19.07.51:921][319]LogModuleManager: Shutting down and abandoning module AnalyticsET (128)
[2015.11.26-19.07.51:921][319]LogModuleManager: Shutting down and abandoning module Analytics (127)
[2015.11.26-19.07.51:921][319]LogModuleManager: Shutting down and abandoning module AITestSuite (126)
[2015.11.26-19.07.51:921][319]LogModuleManager: Shutting down and abandoning module GameplayDebugger (125)
[2015.11.26-19.07.51:921][319]LogModuleManager: Shutting down and abandoning module AIModule (124)
[2015.11.26-19.07.51:921][319]LogModuleManager: Shutting down and abandoning module ProfilerService (123)
[2015.11.26-19.07.52:016][319]LogModuleManager: Shutting down and abandoning module TaskGraph (122)
[2015.11.26-19.07.52:016][319]LogModuleManager: Shutting down and abandoning module SlateRemote (121)
[2015.11.26-19.07.52:016][319]LogModuleManager: Shutting down and abandoning module SteamVRController (120)
[2015.11.26-19.07.52:016][319]LogModuleManager: Shutting down and abandoning module SteamVR (119)
[2015.11.26-19.07.52:016][319]LogModuleManager: Shutting down and abandoning module ProceduralMeshComponent (118)
[2015.11.26-19.07.52:016][319]LogModuleManager: Shutting down and abandoning module OculusRift (117)
[2015.11.26-19.07.52:016][319]LogModuleManager: Shutting down and abandoning module OculusLibrary (116)
[2015.11.26-19.07.52:016][319]LogModuleManager: Shutting down and abandoning module LeapMotionController (115)
[2015.11.26-19.07.52:048][319]LogModuleManager: Shutting down and abandoning module CustomMeshComponent (114)
[2015.11.26-19.07.52:048][319]LogModuleManager: Shutting down and abandoning module CableComponent (113)
[2015.11.26-19.07.52:048][319]LogModuleManager: Shutting down and abandoning module ArchVisCharacter (112)
[2015.11.26-19.07.52:048][319]LogModuleManager: Shutting down and abandoning module MessagingDebugger (111)
[2015.11.26-19.07.52:048][319]LogModuleManager: Shutting down and abandoning module MediaPlayerEditor (110)
[2015.11.26-19.07.52:048][319]LogModuleManager: Shutting down and abandoning module HTML5Networking (109)
[2015.11.26-19.07.52:048][319]LogModuleManager: Shutting down and abandoning module SpeedTreeImporter (108)
[2015.11.26-19.07.52:048][319]LogModuleManager: Shutting down and abandoning module PluginBrowser (107)
[2015.11.26-19.07.52:048][319]LogModuleManager: Shutting down and abandoning module EpicSurvey (106)
[2015.11.26-19.07.52:048][319]LogModuleManager: Shutting down and abandoning module DesktopPlatform (105)
[2015.11.26-19.07.52:048][319]LogModuleManager: Shutting down and abandoning module VisualStudioSourceCodeAccess (104)
[2015.11.26-19.07.52:048][319]LogModuleManager: Shutting down and abandoning module UObjectPlugin (103)
[2015.11.26-19.07.52:048][319]LogModuleManager: Shutting down and abandoning module SubversionSourceControl (102)
[2015.11.26-19.07.52:048][319]LogModuleManager: Shutting down and abandoning module PerforceSourceControl (101)
[2015.11.26-19.07.52:048][319]LogModuleManager: Shutting down and abandoning module SourceControl (100)
[2015.11.26-19.07.52:048][319]LogModuleManager: Shutting down and abandoning module GitSourceControl (99)
[2015.11.26-19.07.52:048][319]LogModuleManager: Shutting down and abandoning module LightPropagationVolumeEditor (98)
[2015.11.26-19.07.52:048][319]LogModuleManager: Shutting down and abandoning module PaperTiledImporter (97)
[2015.11.26-19.07.52:048][319]LogModuleManager: Shutting down and abandoning module PaperSpriteSheetImporter (96)
[2015.11.26-19.07.52:048][319]LogModuleManager: Shutting down and abandoning module MeshPaint (95)
[2015.11.26-19.07.52:048][319]LogModuleManager: Shutting down and abandoning module SlateReflector (94)
[2015.11.26-19.07.52:048][319]LogModuleManager: Shutting down and abandoning module HotReload (93)
[2015.11.26-19.07.52:049][319]LogModuleManager: Shutting down and abandoning module MainFrame (92)
[2015.11.26-19.07.52:049][319]LogModuleManager: Shutting down and abandoning module LevelEditor (91)
[2015.11.26-19.07.52:050][319]LogModuleManager: Shutting down and abandoning module DirectoryWatcher (90)
[2015.11.26-19.07.52:050][319]LogModuleManager: Shutting down and abandoning module AssetRegistry (89)
[2015.11.26-19.07.52:126][319]LogModuleManager: Shutting down and abandoning module ContentBrowser (88)
[2015.11.26-19.07.52:126][319]LogModuleManager: Shutting down and abandoning module Paper2DEditor (87)
[2015.11.26-19.07.52:126][319]LogModuleManager: Shutting down and abandoning module StarFox (86)
[2015.11.26-19.07.52:126][319]LogModuleManager: Shutting down and abandoning module UdpMessaging (85)
[2015.11.26-19.07.52:257][319]LogModuleManager: Shutting down and abandoning module LightPropagationVolumeRuntime (84)
[2015.11.26-19.07.52:257][319]LogModuleManager: Shutting down and abandoning module Paper2D (83)
[2015.11.26-19.07.52:257][319]LogModuleManager: Shutting down and abandoning module WindowsMoviePlayer (82)
[2015.11.26-19.07.52:259][319]LogModuleManager: Shutting down and abandoning module Media (81)
[2015.11.26-19.07.52:259][319]LogModuleManager: Shutting down and abandoning module WmfMedia (80)
[2015.11.26-19.07.52:259][319]LogModuleManager: Shutting down and abandoning module OnlineBlueprintSupport (79)
[2015.11.26-19.07.52:259][319]LogModuleManager: Shutting down and abandoning module GameplayTasksEditor (78)
[2015.11.26-19.07.52:259][319]LogModuleManager: Shutting down and abandoning module PropertyEditor (77)
[2015.11.26-19.07.52:259][319]LogModuleManager: Shutting down and abandoning module BehaviorTreeEditor (76)
[2015.11.26-19.07.52:259][319]LogModuleManager: Shutting down and abandoning module FunctionalTesting (75)
[2015.11.26-19.07.52:259][319]LogModuleManager: Shutting down and abandoning module CollisionAnalyzer (74)
[2015.11.26-19.07.52:259][319]LogModuleManager: Shutting down and abandoning module WorkspaceMenuStructure (73)
[2015.11.26-19.07.52:259][319]LogModuleManager: Shutting down and abandoning module MessageLog (72)
[2015.11.26-19.07.52:259][319]LogModuleManager: Shutting down and abandoning module Sequencer (71)
[2015.11.26-19.07.52:259][319]LogModuleManager: Shutting down and abandoning module AssetTools (70)
[2015.11.26-19.07.52:259][319]LogModuleManager: Shutting down and abandoning module UMGEditor (69)
[2015.11.26-19.07.52:259][319]LogModuleManager: Shutting down and abandoning module UMG (68)
[2015.11.26-19.07.52:259][319]LogModuleManager: Shutting down and abandoning module Slate (67)
[2015.11.26-19.07.52:259][319]LogModuleManager: Shutting down and abandoning module EditorStyle (66)
[2015.11.26-19.07.52:267][319]LogModuleManager: Shutting down and abandoning module SessionServices (65)
[2015.11.26-19.07.52:267][319]LogModuleManager: Shutting down and abandoning module SourceCodeAccess (64)
[2015.11.26-19.07.52:267][319]LogModuleManager: Shutting down and abandoning module HeadMountedDisplay (63)
[2015.11.26-19.07.52:267][319]LogModuleManager: Shutting down and abandoning module XAudio2 (62)
[2015.11.26-19.07.52:267][319]LogModuleManager: Shutting down and abandoning module Networking (60)
[2015.11.26-19.07.52:267][319]LogModuleManager: Shutting down and abandoning module Core (59)
[2015.11.26-19.07.52:267][319]LogModuleManager: Shutting down and abandoning module KismetCompiler (58)
[2015.11.26-19.07.52:267][319]LogModuleManager: Shutting down and abandoning module PhysXFormats (57)
[2015.11.26-19.07.52:267][319]LogModuleManager: Shutting down and abandoning module MeshUtilities (56)
[2015.11.26-19.07.52:267][319]LogModuleManager: Shutting down and abandoning module CookingStats (55)
[2015.11.26-19.07.52:269][319]LogModuleManager: Shutting down and abandoning module DerivedDataCache (54)
[2015.11.26-19.07.52:270][319]LogDerivedDataCache: Shutdown
[2015.11.26-19.07.52:270][319]LogModuleManager: Shutting down and abandoning module ShaderFormatOpenGL (53)
[2015.11.26-19.07.52:270][319]LogModuleManager: Shutting down and abandoning module ShaderFormatD3D (52)
[2015.11.26-19.07.52:270][319]LogModuleManager: Shutting down and abandoning module MetalShaderFormat (51)
[2015.11.26-19.07.52:270][319]LogModuleManager: Shutting down and abandoning module TextureFormatUncompressed (50)
[2015.11.26-19.07.52:270][319]LogModuleManager: Shutting down and abandoning module TextureFormatPVR (49)
[2015.11.26-19.07.52:270][319]LogModuleManager: Shutting down and abandoning module TextureFormatIntelISPCTexComp (48)
[2015.11.26-19.07.52:270][319]LogModuleManager: Shutting down and abandoning module TextureFormatDXT (47)
[2015.11.26-19.07.52:270][319]LogModuleManager: Shutting down and abandoning module ImageWrapper (46)
[2015.11.26-19.07.52:270][319]LogModuleManager: Shutting down and abandoning module TextureFormatASTC (45)
[2015.11.26-19.07.52:270][319]LogModuleManager: Shutting down and abandoning module TextureFormatAndroid (44)
[2015.11.26-19.07.52:270][319]LogModuleManager: Shutting down and abandoning module AudioFormatOpus (43)
[2015.11.26-19.07.52:270][319]LogModuleManager: Shutting down and abandoning module AudioFormatOgg (42)
[2015.11.26-19.07.52:270][319]LogModuleManager: Shutting down and abandoning module AudioFormatADPCM (41)
[2015.11.26-19.07.52:270][319]LogModuleManager: Shutting down and abandoning module LinuxTargetPlatform (40)
[2015.11.26-19.07.52:270][319]LogModuleManager: Shutting down and abandoning module LinuxServerTargetPlatform (39)
[2015.11.26-19.07.52:270][319]LogModuleManager: Shutting down and abandoning module LinuxNoEditorTargetPlatform (38)
[2015.11.26-19.07.52:270][319]LogModuleManager: Shutting down and abandoning module Messaging (37)
[2015.11.26-19.07.52:270][319]LogModuleManager: Shutting down and abandoning module IOSTargetPlatform (36)
[2015.11.26-19.07.52:270][319]LogModuleManager: Shutting down and abandoning module HTML5TargetPlatform (35)
[2015.11.26-19.07.52:270][319]LogModuleManager: Shutting down and abandoning module Android_PVRTCTargetPlatform (34)
[2015.11.26-19.07.52:270][319]LogModuleManager: Shutting down and abandoning module Android_ETC2TargetPlatform (33)
[2015.11.26-19.07.52:270][319]LogModuleManager: Shutting down and abandoning module Android_ETC1TargetPlatform (32)
[2015.11.26-19.07.52:270][319]LogModuleManager: Shutting down and abandoning module Android_DXTTargetPlatform (31)
[2015.11.26-19.07.52:270][319]LogModuleManager: Shutting down and abandoning module Android_ATCTargetPlatform (30)
[2015.11.26-19.07.52:270][319]LogModuleManager: Shutting down and abandoning module Android_ASTCTargetPlatform (29)
[2015.11.26-19.07.52:270][319]LogModuleManager: Shutting down and abandoning module AndroidTargetPlatform (28)
[2015.11.26-19.07.52:270][319]LogModuleManager: Shutting down and abandoning module WindowsTargetPlatform (27)
[2015.11.26-19.07.52:270][319]LogModuleManager: Shutting down and abandoning module WindowsServerTargetPlatform (26)
[2015.11.26-19.07.52:270][319]LogModuleManager: Shutting down and abandoning module WindowsNoEditorTargetPlatform (25)
[2015.11.26-19.07.52:270][319]LogModuleManager: Shutting down and abandoning module WindowsClientTargetPlatform (24)
[2015.11.26-19.07.52:270][319]LogModuleManager: Shutting down and abandoning module AllDesktopTargetPlatform (23)
[2015.11.26-19.07.52:270][319]LogModuleManager: Shutting down and abandoning module TargetPlatform (22)
[2015.11.26-19.07.52:270][319]LogModuleManager: Shutting down and abandoning module InputCore (21)
[2015.11.26-19.07.52:270][319]LogModuleManager: Shutting down and abandoning module Settings (20)
[2015.11.26-19.07.52:270][319]LogModuleManager: Shutting down and abandoning module OnlineSubsystem (18)
[2015.11.26-19.07.52:270][319]LogModuleManager: Shutting down and abandoning module HTTP (17)
[2015.11.26-19.07.54:281][319]LogModuleManager: Shutting down and abandoning module XMPP (16)
[2015.11.26-19.07.54:281][319]LogModuleManager: Shutting down and abandoning module ExampleDeviceProfileSelector (15)
[2015.11.26-19.07.54:281][319]LogModuleManager: Shutting down and abandoning module TextureCompressor (14)
[2015.11.26-19.07.54:281][319]LogModuleManager: Shutting down and abandoning module ShaderCore (13)
[2015.11.26-19.07.54:281][319]LogModuleManager: Shutting down and abandoning module Landscape (12)
[2015.11.26-19.07.54:281][319]LogModuleManager: Shutting down and abandoning module SlateRHIRenderer (11)
[2015.11.26-19.07.54:281][319]LogModuleManager: Shutting down and abandoning module OpenGLDrv (10)
[2015.11.26-19.07.54:281][319]LogModuleManager: Shutting down and abandoning module D3D11RHI (9)
[2015.11.26-19.07.54:281][319]LogModuleManager: Shutting down and abandoning module AnimGraphRuntime (8)
[2015.11.26-19.07.54:281][319]LogModuleManager: Shutting down and abandoning module Renderer (7)
[2015.11.26-19.07.54:281][319]LogModuleManager: Shutting down and abandoning module Engine (6)
[2015.11.26-19.07.54:281][319]LogModuleManager: Shutting down and abandoning module CoreUObject (5)
[2015.11.26-19.07.54:281][319]LogModuleManager: Shutting down and abandoning module NetworkFile (4)
[2015.11.26-19.07.54:281][319]LogModuleManager: Shutting down and abandoning module StreamingFile (3)
[2015.11.26-19.07.54:281][319]LogModuleManager: Shutting down and abandoning module SandboxFile (2)
[2015.11.26-19.07.54:281][319]LogModuleManager: Shutting down and abandoning module PakFile (1)
[2015.11.26-19.07.54:282][319]LogExit: Exiting.
[2015.11.26-19.07.54:283][319]Log file closed, 11/26/15 20:07:54
