[2015.11.26-15.56.46:995][  0]Log file open, 11/26/15 16:56:46
[2015.11.26-15.56.46:995][  0]LogInit:Display: Running engine for game: StarFox
[2015.11.26-15.56.46:995][  0]LogInit:Display: RandInit(766255757) SRandInit(766255757).
[2015.11.26-15.56.46:995][  0]LogTaskGraph: Started task graph with 4 named threads and 7 total threads.
[2015.11.26-15.56.46:995][  0]LogStats: Stats thread started at 0.097186
[2015.11.26-15.56.46:995][  0]LogInit: Version: 4.9.2-2707645+++depot+UE4-Releases+4.9
[2015.11.26-15.56.46:995][  0]LogInit: API Version: 2672455
[2015.11.26-15.56.46:995][  0]LogInit: Compiled (64-bit): Sep 28 2015 10:25:44
[2015.11.26-15.56.46:995][  0]LogInit: Compiled with Visual C++: 18.00.21005.01
[2015.11.26-15.56.46:995][  0]LogInit: Build Configuration: Development
[2015.11.26-15.56.46:995][  0]LogInit: Branch Name: ++depot+UE4-Releases+4.9
[2015.11.26-15.56.46:995][  0]LogInit: Command line:  
[2015.11.26-15.56.46:995][  0]LogInit: Base directory: C:/Program Files/Epic Games/4.9/Engine/Binaries/Win64/
[2015.11.26-15.56.46:995][  0]LogInit: Rocket: 1
[2015.11.26-15.56.47:003][  0]LogInit: Using libcurl 7.41.0
[2015.11.26-15.56.47:003][  0]LogInit:  - built for x86_64-pc-win32
[2015.11.26-15.56.47:003][  0]LogInit:  - supports SSL with WinSSL
[2015.11.26-15.56.47:003][  0]LogInit:  - other features:
[2015.11.26-15.56.47:003][  0]LogInit:      CURL_VERSION_SSL
[2015.11.26-15.56.47:003][  0]LogInit:      CURL_VERSION_IPV6
[2015.11.26-15.56.47:003][  0]LogInit:      CURL_VERSION_ASYNCHDNS
[2015.11.26-15.56.47:003][  0]LogInit:      CURL_VERSION_LARGEFILE
[2015.11.26-15.56.47:003][  0]LogInit:      CURL_VERSION_IDN
[2015.11.26-15.56.47:003][  0]LogInit:  CurlRequestOptions (configurable via config and command line):
[2015.11.26-15.56.47:003][  0]LogInit:  - bVerifyPeer = true  - Libcurl will verify peer certificate
[2015.11.26-15.56.47:003][  0]LogInit:  - bUseHttpProxy = false  - Libcurl will NOT use HTTP proxy
[2015.11.26-15.56.47:003][  0]LogInit:  - bDontReuseConnections = false  - Libcurl will reuse connections
[2015.11.26-15.56.47:003][  0]LogInit:  - CertBundlePath = nullptr  - Libcurl will use whatever was configured at build time.
[2015.11.26-15.56.47:010][  0]LogInit: Presizing for 0 objects not considered by GC, pre-allocating 0 bytes.
[2015.11.26-15.56.47:017][  0]LogInit: Object subsystem initialized
[2015.11.26-15.56.47:018][  0]LogInit: Selected Device Profile: [Windows]
[2015.11.26-15.56.47:018][  0]LogInit: Applying CVar settings loaded from the selected device profile: [Windows]
[2015.11.26-15.56.47:024][  0]LogInit: Computer: FIDUS
[2015.11.26-15.56.47:024][  0]LogInit: User: Niclas
[2015.11.26-15.56.47:024][  0]LogInit: CPU Page size=4096, Cores=4
[2015.11.26-15.56.47:024][  0]LogInit: High frequency timer resolution =3.386479 MHz
[2015.11.26-15.56.47:024][  0]LogMemory: Memory total: Physical=15.9GB (16GB approx)
[2015.11.26-15.56.47:024][  0]LogMemory: Platform Memory Stats for Windows
[2015.11.26-15.56.47:024][  0]LogMemory: Process Physical Memory: 54.11 MB used, 54.11 MB peak
[2015.11.26-15.56.47:024][  0]LogMemory: Process Virtual Memory: 57.30 MB used, 57.30 MB peak
[2015.11.26-15.56.47:024][  0]LogMemory: Physical Memory: 4028.48 MB used, 16332.28 MB total
[2015.11.26-15.56.47:024][  0]LogMemory: Virtual Memory: 366.22 MB used, 134217728.00 MB total
[2015.11.26-15.56.47:053][  0]LogTextLocalizationManager: No translations for ('sv-SE') exist, falling back to 'en' for localization and internationalization data.
[2015.11.26-15.56.47:713][  0]LogD3D11RHI: Found D3D11 adapter 0: AMD Radeon HD 7800 Series (Feature Level 11_0)
[2015.11.26-15.56.47:713][  0]LogD3D11RHI: Adapter has 2026MB of dedicated video memory, 0MB of dedicated system memory, and 8166MB of shared system memory, 1 output[s]
[2015.11.26-15.56.47:721][  0]LogD3D11RHI: Found D3D11 adapter 1: Microsoft Basic Render Driver (Feature Level 11_0)
[2015.11.26-15.56.47:721][  0]LogD3D11RHI: Adapter has 0MB of dedicated video memory, 0MB of dedicated system memory, and 8166MB of shared system memory, 0 output[s]
[2015.11.26-15.56.47:721][  0]LogD3D11RHI: Chosen D3D11 Adapter Id = 0
[2015.11.26-15.56.47:733][  0]LogD3D11RHI: !Direct3DDevice
[2015.11.26-15.56.47:734][  0]LogRHI: Texture pool is 1361 MB (70% of 1945 MB)
[2015.11.26-15.56.47:740][  0]LogD3D11RHI: Async texture creation disabled: no driver support
[2015.11.26-15.56.47:776][  0]LogShaderCompilers: Guid format shader working directory is 14 characters bigger than the processId version (../../../../../../Users/Niclas/Documents/GitHub/Staroxurur/StarFox/Intermediate/Shaders/WorkingDirectory/95776/).
[2015.11.26-15.56.47:776][  0]LogShaderCompilers: Cleaned the shader compiler working directory '../../../../../../Users/Niclas/Documents/GitHub/Staroxurur/StarFox/Intermediate/Shaders/tmp/565B0A03408C0BBB68C471A949CC99F3/'.
[2015.11.26-15.56.47:777][  0]LogShaderCompilers:Display: Using Local Shader Compiler.
[2015.11.26-15.56.48:954][  0]LogTemp:Display: Loaded TP AllDesktopTargetPlatform
[2015.11.26-15.56.48:959][  0]LogTemp:Display: Loaded TP WindowsClientTargetPlatform
[2015.11.26-15.56.48:964][  0]LogTemp:Display: Loaded TP WindowsNoEditorTargetPlatform
[2015.11.26-15.56.48:970][  0]LogTemp:Display: Loaded TP WindowsServerTargetPlatform
[2015.11.26-15.56.48:977][  0]LogTemp:Display: Loaded TP WindowsTargetPlatform
[2015.11.26-15.56.48:982][  0]LogTemp:Display: Loaded TP AndroidTargetPlatform
[2015.11.26-15.56.48:986][  0]LogTemp:Display: Loaded TP Android_ASTCTargetPlatform
[2015.11.26-15.56.48:991][  0]LogTemp:Display: Loaded TP Android_ATCTargetPlatform
[2015.11.26-15.56.48:995][  0]LogTemp:Display: Loaded TP Android_DXTTargetPlatform
[2015.11.26-15.56.49:000][  0]LogTemp:Display: Loaded TP Android_ETC1TargetPlatform
[2015.11.26-15.56.49:005][  0]LogTemp:Display: Loaded TP Android_ETC2TargetPlatform
[2015.11.26-15.56.49:010][  0]LogTemp:Display: Loaded TP Android_PVRTCTargetPlatform
[2015.11.26-15.56.49:012][  0]LogTemp:Display: Loaded TP HTML5TargetPlatform
[2015.11.26-15.56.49:037][  0]LogTemp:Display: Loaded TP IOSTargetPlatform
[2015.11.26-15.56.49:041][  0]LogTemp:Display: Loaded TP LinuxNoEditorTargetPlatform
[2015.11.26-15.56.49:046][  0]LogTemp:Display: Loaded TP LinuxServerTargetPlatform
[2015.11.26-15.56.49:051][  0]LogTemp:Display: Loaded TP LinuxTargetPlatform
[2015.11.26-15.56.49:051][  0]LogTargetPlatformManager:Display: Building Assets For Windows
[2015.11.26-15.56.49:260][  0]LogDerivedDataCache:Display: Max Cache Size: 512 MB
[2015.11.26-15.56.49:416][  0]LogDerivedDataCache: Loaded boot cache 0.16s 42MB C:/Users/Niclas/AppData/Local/UnrealEngine/4.9/DerivedDataCache/Boot.ddc.
[2015.11.26-15.56.49:416][  0]LogDerivedDataCache:Display: Loaded Boot cache: C:/Users/Niclas/AppData/Local/UnrealEngine/4.9/DerivedDataCache/Boot.ddc
[2015.11.26-15.56.49:416][  0]LogDerivedDataCache: FDerivedDataBackendGraph:  Pak pak cache file ../../../../../../Users/Niclas/Documents/GitHub/Staroxurur/StarFox/DerivedDataCache/DDC.ddp not found, will not use a pak cache.
[2015.11.26-15.56.49:416][  0]LogDerivedDataCache: Unable to find inner node Pak for hierarchical cache Hierarchy.
[2015.11.26-15.56.49:416][  0]LogDerivedDataCache: FDerivedDataBackendGraph:  CompressedPak pak cache file ../../../../../../Users/Niclas/Documents/GitHub/Staroxurur/StarFox/DerivedDataCache/Compressed.ddp not found, will not use a pak cache.
[2015.11.26-15.56.49:416][  0]LogDerivedDataCache: Unable to find inner node CompressedPak for hierarchical cache Hierarchy.
[2015.11.26-15.56.49:543][  0]LogDerivedDataCache:Display: Pak cache opened for reading ../../../Engine/DerivedDataCache/Compressed.ddp.
[2015.11.26-15.56.49:556][  0]LogDerivedDataCache: Using Local data cache path C:/Users/Niclas/AppData/Local/UnrealEngine/Common/DerivedDataCache: Writable
[2015.11.26-15.56.50:371][  0]LogInit: Selected Device Profile: [Windows]
[2015.11.26-15.56.50:382][  0]LogContentStreaming: Texture pool size is 0.000000MB
[2015.11.26-15.56.50:590][  0]LogMeshUtilities: No automatic mesh reduction module available
[2015.11.26-15.56.50:590][  0]LogMeshUtilities: No automatic mesh merging module available
[2015.11.26-15.56.51:021][  0]LogInit: WinSock: version 1.1 (2.2), MaxSocks=32767, MaxUdp=65467
[2015.11.26-15.56.52:644][  0]UdpMessaging: Initializing bridge on interface 0.0.0.0:0 to multicast group 230.0.0.1:6666.
[2015.11.26-15.56.52:827][  0]LogAssetRegistry: FAssetRegistry took 0.0135 seconds to start up
[2015.11.26-15.56.53:152][  0]SourceControl: Info Source control is disabled
[2015.11.26-15.56.53:153][  0]SourceControl: Info Source control is disabled
[2015.11.26-15.56.53:168][  0]SourceControl: Info Source control is disabled
[2015.11.26-15.56.53:183][  0]SourceControl: Info Source control is disabled
[2015.11.26-15.56.53:407][  0]LogLinker:Warning: Asset '../../../Engine/Plugins/Runtime/LeapMotionController/Content/LM_PassthroughMaterial.uasset' has been saved with empty engine version. The asset will be loaded but may be incompatible.
[2015.11.26-15.56.53:530][  0]LogObj: 28378 objects as part of root set at end of initial load.
[2015.11.26-15.56.53:530][  0]LogUObjectAllocator: 6046328 out of 0 bytes used by permanent object pool.
[2015.11.26-15.56.53:650][  0]LogEngine: Initializing Engine...
[2015.11.26-15.56.53:654][  0]LogHMD: Can't find Oculus library dev build: is proper Runtime installed? Version: 0.7.0.0
[2015.11.26-15.56.53:656][  0]LogHMD: SteamVR failed to initialize.  Err: 110
[2015.11.26-15.56.53:818][  0]LogAIModule: Creating AISystem for world NewWorld
[2015.11.26-15.56.53:847][  0]LogInit: XAudio2 using 'Högtalare (2- Logitech G35 Gaming Headset)' : 2 channels at 44.1 kHz using 16 bits per sample (channel mask 0x3)
[2015.11.26-15.56.53:875][  0]LogInit: FAudioDevice initialized.
[2015.11.26-15.56.53:893][  0]LogDerivedDataCache: Saved boot cache 0.02s 41MB C:/Users/Niclas/AppData/Local/UnrealEngine/4.9/DerivedDataCache/Boot.ddc.
[2015.11.26-15.56.53:896][  0]LogInit: Texture streaming: Enabled
[2015.11.26-15.56.53:904][  0]LogAnalytics: Creating configured Analytics provider AnalyticsET
[2015.11.26-15.56.53:904][  0]LogAnalytics: [UEEditor.Rocket.Release] APIServer = http://et2.epicgames.com/ET2/. AppVersion = 4.9.2-2707645+++depot+UE4-Releases+4.9
[2015.11.26-15.56.53:904][  0]LogAnalytics: [UEEditor.Rocket.Release] SetUserId 8d5f2d8b4e520712a8f1e688fed765ab|99f216c1865e471987722078da7bde5f|50f43dcd-c54f-4aa6-a5c1-e948023fc359
[2015.11.26-15.56.53:905][  0]LogAnalytics: [UEEditor.Rocket.Release] AnalyticsET::StartSession
[2015.11.26-15.56.53:940][  0]LogWindowsTextInputMethodSystem:Display: IME system now deactivated.
[2015.11.26-15.56.53:963][  0]LogInit: Transaction tracking system initialized
[2015.11.26-15.56.54:079][  0]BlueprintLog: New page: Editor Load
[2015.11.26-15.56.54:360][  0]LocalizationService: Info Localization service is disabled
[2015.11.26-15.56.54:566][  0]LogConsoleResponse:Display: 
[2015.11.26-15.56.54:770][  0]LogFileCache: Scanning file cache for directory 'C:/Users/Niclas/Documents/GitHub/Staroxurur/StarFox/Content/' took 0.01s
[2015.11.26-15.56.54:770][  0]LogCook:Display: Done creating registry. It took  0.00s.
[2015.11.26-15.56.54:928][  0]SourceControl: Info Source control is disabled
[2015.11.26-15.56.54:930][  0]Cmd: MAP LOAD FILE="../../../../../../Users/Niclas/Documents/GitHub/Staroxurur/StarFox/Content/StarterContent/Maps/Minimal_Default.umap" TEMPLATE=0 SHOWPROGRESS=1 FEATURELEVEL=3
[2015.11.26-15.56.54:931][  0]LightingResults: New page: Lighting Build
[2015.11.26-15.56.54:947][  0]MapCheck: New page: Map Check
[2015.11.26-15.56.54:947][  0]LightingResults: New page: Lighting Build
[2015.11.26-15.56.54:970][  0]LogParticles: Destroying 0 GPU particle simulations for FXSystem 0x000000E31A7A0400
[2015.11.26-15.56.55:611][  0]LogAIModule: Creating AISystem for world Minimal_Default
[2015.11.26-15.56.56:810][  0]LogEditorServer: Finished looking for orphan Actors (0.000 secs)
[2015.11.26-15.56.56:812][  0]Cmd: MAP CHECKDEP NOCLEARLOG
[2015.11.26-15.56.56:866][  0]MapCheck: Info Map check complete: 0 Error(s), 0 Warning(s), took 53.243ms to complete.
[2015.11.26-15.56.56:866][  0]LogFileHelpers: Loading map 'Minimal_Default' took 1.937
[2015.11.26-15.56.57:022][  0]LogCollectionManager: Loaded 0 collections in 0.002428 seconds
[2015.11.26-15.56.57:075][  0]LogFileCache: Scanning file cache for directory 'C:/Users/Niclas/Documents/GitHub/Staroxurur/StarFox/Saved/Collections/' took 0.01s
[2015.11.26-15.56.57:075][  0]LogFileCache: Scanning file cache for directory 'C:/Users/Niclas/Documents/GitHub/Staroxurur/StarFox/Content/Developers/Niclas/Collections/' took 0.01s
[2015.11.26-15.56.57:075][  0]LogFileCache: Scanning file cache for directory 'C:/Users/Niclas/Documents/GitHub/Staroxurur/StarFox/Content/Collections/' took 0.01s
[2015.11.26-15.56.57:075][  0]LogContentBrowser: Native class hierarchy populated in 0.0110 seconds. Added 1869 classes and 335 folders.
[2015.11.26-15.56.57:092][  0]LogCollectionManager: Rebuilt the GUID cache for 0 collections in 0.000003 seconds
[2015.11.26-15.56.57:108][  0]LogContentBrowser: Native class hierarchy updated for 'WidgetCarousel' in 0.0013 seconds. Added 0 classes and 0 folders.
[2015.11.26-15.56.57:262][  0]LogContentBrowser: Native class hierarchy updated for 'AddContentDialog' in 0.0014 seconds. Added 0 classes and 0 folders.
[2015.11.26-15.56.57:275][  0]LogContentBrowser: Native class hierarchy updated for 'SceneOutliner' in 0.0014 seconds. Added 1 classes and 2 folders.
[2015.11.26-15.56.57:351][  0]LogCrashTracker: Crashtracker disabled due to settings.
[2015.11.26-15.56.57:363][  0]LogUObjectGlobals:Warning: Failed to find object 'Class None.'
[2015.11.26-15.56.57:389][  0]LogLoad: Full Startup: 11.26 seconds (BP compile: 0.08 seconds)
[2015.11.26-15.56.57:471][  0]LogContentStreaming: Texture pool size now 1000 MB
[2015.11.26-15.56.57:595][  0]LogRenderer: Reallocating scene render targets to support 1208x576 (Frame:2).
[2015.11.26-15.56.57:849][  1]Cmd: UpdateLandscapeEditorData -warnings
[2015.11.26-15.56.57:920][  2]LogAssetRegistry: Asset discovery search completed in 5.1049 seconds
[2015.11.26-15.56.57:920][  2]LogCollectionManager: Rebuilt the object cache for 0 collections in 0.000001 seconds (found 0 objects)
[2015.11.26-15.56.57:920][  2]LogCollectionManager: Fixed up redirectors for 0 collections in 0.000023 seconds (updated 0 objects)
[2015.11.26-15.57.04:606][709]LogBlueprintUserMessages: Early PlayInEditor Detection: Level '/Game/StarterContent/Maps/Minimal_Default.Minimal_Default:PersistentLevel' has LevelScriptBlueprint '/Game/StarterContent/Maps/Minimal_Default.Minimal_Default:PersistentLevel.Minimal_Default' with GeneratedClass '/Game/StarterContent/Maps/Minimal_Default.Minimal_Default_C' with ClassGeneratedBy '/Game/StarterContent/Maps/Minimal_Default.Minimal_Default:PersistentLevel.Minimal_Default'
[2015.11.26-15.57.04:606][709]LogPlayLevel: PlayLevel: No blueprints needed recompiling
[2015.11.26-15.57.04:607][709]PIE: New page: PIE session: Minimal_Default (Nov 26, 2015, 5:57:04 PM)
[2015.11.26-15.57.04:607][709]LogPlayLevel: Creating play world package: /Game/StarterContent/Maps/UEDPIE_0_Minimal_Default
[2015.11.26-15.57.04:704][709]LogPlayLevel: PIE: StaticDuplicateObject took: (0.097536s)
[2015.11.26-15.57.04:705][709]LogAIModule: Creating AISystem for world Minimal_Default
[2015.11.26-15.57.04:705][709]LogPlayLevel: PIE: World Init took: (0.000842s)
[2015.11.26-15.57.04:705][709]LogPlayLevel: PIE: Created PIE world by copying editor world from /Game/StarterContent/Maps/Minimal_Default.Minimal_Default to /Game/StarterContent/Maps/UEDPIE_0_Minimal_Default.Minimal_Default (0.098914s)
[2015.11.26-15.57.04:734][709]LogInit: XAudio2 using 'Högtalare (2- Logitech G35 Gaming Headset)' : 2 channels at 44.1 kHz using 16 bits per sample (channel mask 0x3)
[2015.11.26-15.57.04:749][709]LogInit: FAudioDevice initialized.
[2015.11.26-15.57.04:799][709]LogWorld: Game class is 'StarFoxGameMode'
[2015.11.26-15.57.04:938][709]LogWorld: Bringing World /Game/StarterContent/Maps/UEDPIE_0_Minimal_Default.Minimal_Default up for play (max tick rate 0) at 2015.11.26-16.57.04
[2015.11.26-15.57.04:938][709]LogActor:Warning: GameSession /Game/StarterContent/Maps/UEDPIE_0_Minimal_Default.Minimal_Default:PersistentLevel.GameSession_0 has natively added scene component(s), but none of them were set as the actor's RootComponent - picking one arbitrarily
[2015.11.26-15.57.04:938][709]LogActor:Warning: GameNetworkManager /Game/StarterContent/Maps/UEDPIE_0_Minimal_Default.Minimal_Default:PersistentLevel.GameNetworkManager_0 has natively added scene component(s), but none of them were set as the actor's RootComponent - picking one arbitrarily
[2015.11.26-15.57.04:940][709]LogWorld: Bringing up level for play took: 0.139266
[2015.11.26-15.57.04:945][709]PIE: Info Play in editor start time for /Game/StarterContent/Maps/UEDPIE_0_Minimal_Default -0.281
[2015.11.26-15.57.04:945][709]LogBlueprintUserMessages: Late PlayInEditor Detection: Level '/Game/StarterContent/Maps/Minimal_Default.Minimal_Default:PersistentLevel' has LevelScriptBlueprint '/Game/StarterContent/Maps/Minimal_Default.Minimal_Default:PersistentLevel.Minimal_Default' with GeneratedClass '/Game/StarterContent/Maps/Minimal_Default.Minimal_Default_C' with ClassGeneratedBy '/Game/StarterContent/Maps/Minimal_Default.Minimal_Default:PersistentLevel.Minimal_Default'
[2015.11.26-15.57.08:047][960]LogBlueprintUserMessages: Early EndPlayMap Detection: Level '/Game/StarterContent/Maps/Minimal_Default.Minimal_Default:PersistentLevel' has LevelScriptBlueprint '/Game/StarterContent/Maps/Minimal_Default.Minimal_Default:PersistentLevel.Minimal_Default' with GeneratedClass '/Game/StarterContent/Maps/Minimal_Default.Minimal_Default_C' with ClassGeneratedBy '/Game/StarterContent/Maps/Minimal_Default.Minimal_Default:PersistentLevel.Minimal_Default'
[2015.11.26-15.57.08:083][960]LogBlueprintUserMessages: Late EndPlayMap Detection: Level '/Game/StarterContent/Maps/Minimal_Default.Minimal_Default:PersistentLevel' has LevelScriptBlueprint '/Game/StarterContent/Maps/Minimal_Default.Minimal_Default:PersistentLevel.Minimal_Default' with GeneratedClass '/Game/StarterContent/Maps/Minimal_Default.Minimal_Default_C' with ClassGeneratedBy '/Game/StarterContent/Maps/Minimal_Default.Minimal_Default:PersistentLevel.Minimal_Default'
[2015.11.26-15.57.08:100][960]LogParticles: Destroying 0 GPU particle simulations for FXSystem 0x000000E32E6DFB00
[2015.11.26-15.57.10:189][137]LogWindowsTextInputMethodSystem:Display: IME system now deactivated.
[2015.11.26-15.57.10:422][138]Cmd: QUIT_EDITOR
[2015.11.26-15.57.11:389][138]LogExit: Preparing to exit.
[2015.11.26-15.57.11:777][138]LogExit: Editor shut down
[2015.11.26-15.57.11:777][138]LogExit: Transaction tracking system shut down
[2015.11.26-15.57.11:819][138]LogParticles: Destroying 0 GPU particle simulations for FXSystem 0x000000E30A54F7E0
[2015.11.26-15.57.11:989][138]LogParticles: Destroying 0 GPU particle simulations for FXSystem 0x000000E32E16B880
[2015.11.26-15.57.11:989][138]LogParticles: Destroying 0 GPU particle simulations for FXSystem 0x000000E331C858A0
[2015.11.26-15.57.11:989][138]LogExit: Object subsystem successfully closed.
[2015.11.26-15.57.12:020][138]LogD3D11RHI: Shutdown
[2015.11.26-15.57.12:020][138]LogD3D11RHI: CleanupD3DDevice
[2015.11.26-15.57.12:022][138]LogD3D11RHI: ~FD3D11DynamicRHI
[2015.11.26-15.57.12:050][138]LogModuleManager: Shutting down and abandoning module CrashTracker (198)
[2015.11.26-15.57.12:050][138]LogModuleManager: Shutting down and abandoning module SceneOutliner (197)
[2015.11.26-15.57.12:050][138]LogModuleManager: Shutting down and abandoning module SuperSearch (196)
[2015.11.26-15.57.12:050][138]LogModuleManager: Shutting down and abandoning module WidgetCarousel (195)
[2015.11.26-15.57.12:050][138]LogModuleManager: Shutting down and abandoning module AddContentDialog (194)
[2015.11.26-15.57.12:051][138]LogModuleManager: Shutting down and abandoning module EditorWidgets (193)
[2015.11.26-15.57.12:051][138]LogModuleManager: Shutting down and abandoning module CollectionManager (192)
[2015.11.26-15.57.12:052][138]LogModuleManager: Shutting down and abandoning module StatsViewer (191)
[2015.11.26-15.57.12:052][138]LogModuleManager: Shutting down and abandoning module FoliageEdit (190)
[2015.11.26-15.57.12:052][138]LogModuleManager: Shutting down and abandoning module LandscapeEditor (189)
[2015.11.26-15.57.12:053][138]LogModuleManager: Shutting down and abandoning module ActorPickerMode (188)
[2015.11.26-15.57.12:053][138]LogModuleManager: Shutting down and abandoning module GeometryMode (187)
[2015.11.26-15.57.12:053][138]LogModuleManager: Shutting down and abandoning module TextureAlignMode (186)
[2015.11.26-15.57.12:053][138]LogModuleManager: Shutting down and abandoning module BspMode (185)
[2015.11.26-15.57.12:053][138]LogModuleManager: Shutting down and abandoning module PlacementMode (184)
[2015.11.26-15.57.12:053][138]LogModuleManager: Shutting down and abandoning module AutomationWorker (183)
[2015.11.26-15.57.12:053][138]LogModuleManager: Shutting down and abandoning module CharacterAI (182)
[2015.11.26-15.57.12:053][138]LogModuleManager: Shutting down and abandoning module SmartSnapping (181)
[2015.11.26-15.57.12:053][138]LogModuleManager: Shutting down and abandoning module ViewportSnapping (180)
[2015.11.26-15.57.12:053][138]LogModuleManager: Shutting down and abandoning module LogVisualizer (179)
[2015.11.26-15.57.12:053][138]LogModuleManager: Shutting down and abandoning module GameProjectGeneration (178)
[2015.11.26-15.57.12:053][138]LogModuleManager: Shutting down and abandoning module IntroTutorials (177)
[2015.11.26-15.57.12:053][138]LogModuleManager: Shutting down and abandoning module EditorLiveStreaming (176)
[2015.11.26-15.57.12:053][138]LogModuleManager: Shutting down and abandoning module IOSPlatformEditor (175)
[2015.11.26-15.57.12:053][138]LogModuleManager: Shutting down and abandoning module HTML5PlatformEditor (174)
[2015.11.26-15.57.12:053][138]LogModuleManager: Shutting down and abandoning module AndroidDeviceDetection (173)
[2015.11.26-15.57.12:487][138]LogModuleManager: Shutting down and abandoning module AndroidPlatformEditor (172)
[2015.11.26-15.57.12:487][138]LogModuleManager: Shutting down and abandoning module IOSRuntimeSettings (171)
[2015.11.26-15.57.12:487][138]LogModuleManager: Shutting down and abandoning module AndroidRuntimeSettings (170)
[2015.11.26-15.57.12:487][138]LogModuleManager: Shutting down and abandoning module MergeActors (169)
[2015.11.26-15.57.12:487][138]LogModuleManager: Shutting down and abandoning module SizeMap (168)
[2015.11.26-15.57.12:487][138]LogModuleManager: Shutting down and abandoning module TreeMap (167)
[2015.11.26-15.57.12:487][138]LogModuleManager: Shutting down and abandoning module ReferenceViewer (166)
[2015.11.26-15.57.12:487][138]LogModuleManager: Shutting down and abandoning module LocalizationService (165)
[2015.11.26-15.57.12:487][138]LogModuleManager: Shutting down and abandoning module LocalizationDashboard (164)
[2015.11.26-15.57.12:488][138]LogModuleManager: Shutting down and abandoning module HardwareTargeting (163)
[2015.11.26-15.57.12:488][138]LogModuleManager: Shutting down and abandoning module DeviceProfileEditor (162)
[2015.11.26-15.57.12:488][138]LogModuleManager: Shutting down and abandoning module UndoHistory (161)
[2015.11.26-15.57.12:488][138]LogModuleManager: Shutting down and abandoning module GameplayTagsEditor (160)
[2015.11.26-15.57.12:488][138]LogModuleManager: Shutting down and abandoning module UserFeedback (159)
[2015.11.26-15.57.12:488][138]LogModuleManager: Shutting down and abandoning module XmlParser (158)
[2015.11.26-15.57.12:488][138]LogModuleManager: Shutting down and abandoning module Blutility (157)
[2015.11.26-15.57.12:488][138]LogModuleManager: Shutting down and abandoning module ProjectTargetPlatformEditor (156)
[2015.11.26-15.57.12:488][138]LogModuleManager: Shutting down and abandoning module ProjectSettingsViewer (155)
[2015.11.26-15.57.12:488][138]LogModuleManager: Shutting down and abandoning module InputBindingEditor (154)
[2015.11.26-15.57.12:489][138]LogModuleManager: Shutting down and abandoning module EditorSettingsViewer (153)
[2015.11.26-15.57.12:489][138]LogModuleManager: Shutting down and abandoning module SettingsEditor (152)
[2015.11.26-15.57.12:489][138]LogModuleManager: Shutting down and abandoning module ProjectLauncher (151)
[2015.11.26-15.57.12:489][138]LogModuleManager: Shutting down and abandoning module SessionFrontend (150)
[2015.11.26-15.57.12:489][138]LogModuleManager: Shutting down and abandoning module ProfilerClient (149)
[2015.11.26-15.57.12:490][138]LogModuleManager: Shutting down and abandoning module TargetDeviceServices (148)
[2015.11.26-15.57.12:490][138]LogModuleManager: Shutting down and abandoning module DeviceManager (147)
[2015.11.26-15.57.12:490][138]LogModuleManager: Shutting down and abandoning module AutomationController (146)
[2015.11.26-15.57.12:490][138]LogModuleManager: Shutting down and abandoning module AutomationWindow (145)
[2015.11.26-15.57.12:491][138]LogModuleManager: Shutting down and abandoning module Layers (144)
[2015.11.26-15.57.12:495][138]LogModuleManager: Shutting down and abandoning module ComponentVisualizers (143)
[2015.11.26-15.57.12:495][138]LogModuleManager: Shutting down and abandoning module DetailCustomizations (142)
[2015.11.26-15.57.12:496][138]LogModuleManager: Shutting down and abandoning module PackagesDialog (141)
[2015.11.26-15.57.12:496][138]LogModuleManager: Shutting down and abandoning module Persona (140)
[2015.11.26-15.57.12:496][138]LogModuleManager: Shutting down and abandoning module Kismet (139)
[2015.11.26-15.57.12:498][138]LogModuleManager: Shutting down and abandoning module GraphEditor (138)
[2015.11.26-15.57.12:501][138]LogModuleManager: Shutting down and abandoning module ClassViewer (137)
[2015.11.26-15.57.12:501][138]LogModuleManager: Shutting down and abandoning module Toolbox (136)
[2015.11.26-15.57.12:501][138]LogModuleManager: Shutting down and abandoning module ModuleUI (135)
[2015.11.26-15.57.12:502][138]LogModuleManager: Shutting down and abandoning module MovieSceneTools (134)
[2015.11.26-15.57.12:502][138]LogModuleManager: Shutting down and abandoning module OutputLog (133)
[2015.11.26-15.57.12:502][138]LogModuleManager: Shutting down and abandoning module GammaUI (132)
[2015.11.26-15.57.12:503][138]LogModuleManager: Shutting down and abandoning module Documentation (131)
[2015.11.26-15.57.12:503][138]LogModuleManager: Shutting down and abandoning module GameLiveStreaming (130)
[2015.11.26-15.57.12:503][138]LogModuleManager: Shutting down and abandoning module StreamingPauseRendering (129)
[2015.11.26-15.57.12:503][138]LogModuleManager: Shutting down and abandoning module AnalyticsET (128)
[2015.11.26-15.57.12:503][138]LogModuleManager: Shutting down and abandoning module Analytics (127)
[2015.11.26-15.57.12:503][138]LogModuleManager: Shutting down and abandoning module AITestSuite (126)
[2015.11.26-15.57.12:503][138]LogModuleManager: Shutting down and abandoning module GameplayDebugger (125)
[2015.11.26-15.57.12:503][138]LogModuleManager: Shutting down and abandoning module AIModule (124)
[2015.11.26-15.57.12:503][138]LogModuleManager: Shutting down and abandoning module ProfilerService (123)
[2015.11.26-15.57.12:587][138]LogModuleManager: Shutting down and abandoning module TaskGraph (122)
[2015.11.26-15.57.12:587][138]LogModuleManager: Shutting down and abandoning module SlateRemote (121)
[2015.11.26-15.57.12:587][138]LogModuleManager: Shutting down and abandoning module SteamVRController (120)
[2015.11.26-15.57.12:587][138]LogModuleManager: Shutting down and abandoning module SteamVR (119)
[2015.11.26-15.57.12:587][138]LogModuleManager: Shutting down and abandoning module ProceduralMeshComponent (118)
[2015.11.26-15.57.12:587][138]LogModuleManager: Shutting down and abandoning module OculusRift (117)
[2015.11.26-15.57.12:587][138]LogModuleManager: Shutting down and abandoning module OculusLibrary (116)
[2015.11.26-15.57.12:587][138]LogModuleManager: Shutting down and abandoning module LeapMotionController (115)
[2015.11.26-15.57.12:605][138]LogModuleManager: Shutting down and abandoning module CustomMeshComponent (114)
[2015.11.26-15.57.12:609][138]LogModuleManager: Shutting down and abandoning module CableComponent (113)
[2015.11.26-15.57.12:609][138]LogModuleManager: Shutting down and abandoning module ArchVisCharacter (112)
[2015.11.26-15.57.12:609][138]LogModuleManager: Shutting down and abandoning module MessagingDebugger (111)
[2015.11.26-15.57.12:609][138]LogModuleManager: Shutting down and abandoning module MediaPlayerEditor (110)
[2015.11.26-15.57.12:610][138]LogModuleManager: Shutting down and abandoning module HTML5Networking (109)
[2015.11.26-15.57.12:610][138]LogModuleManager: Shutting down and abandoning module SpeedTreeImporter (108)
[2015.11.26-15.57.12:610][138]LogModuleManager: Shutting down and abandoning module PluginBrowser (107)
[2015.11.26-15.57.12:610][138]LogModuleManager: Shutting down and abandoning module EpicSurvey (106)
[2015.11.26-15.57.12:610][138]LogModuleManager: Shutting down and abandoning module DesktopPlatform (105)
[2015.11.26-15.57.12:610][138]LogModuleManager: Shutting down and abandoning module VisualStudioSourceCodeAccess (104)
[2015.11.26-15.57.12:610][138]LogModuleManager: Shutting down and abandoning module UObjectPlugin (103)
[2015.11.26-15.57.12:610][138]LogModuleManager: Shutting down and abandoning module SubversionSourceControl (102)
[2015.11.26-15.57.12:610][138]LogModuleManager: Shutting down and abandoning module PerforceSourceControl (101)
[2015.11.26-15.57.12:610][138]LogModuleManager: Shutting down and abandoning module SourceControl (100)
[2015.11.26-15.57.12:610][138]LogModuleManager: Shutting down and abandoning module GitSourceControl (99)
[2015.11.26-15.57.12:610][138]LogModuleManager: Shutting down and abandoning module LightPropagationVolumeEditor (98)
[2015.11.26-15.57.12:610][138]LogModuleManager: Shutting down and abandoning module PaperTiledImporter (97)
[2015.11.26-15.57.12:610][138]LogModuleManager: Shutting down and abandoning module PaperSpriteSheetImporter (96)
[2015.11.26-15.57.12:610][138]LogModuleManager: Shutting down and abandoning module MeshPaint (95)
[2015.11.26-15.57.12:610][138]LogModuleManager: Shutting down and abandoning module SlateReflector (94)
[2015.11.26-15.57.12:611][138]LogModuleManager: Shutting down and abandoning module HotReload (93)
[2015.11.26-15.57.12:611][138]LogModuleManager: Shutting down and abandoning module MainFrame (92)
[2015.11.26-15.57.12:611][138]LogModuleManager: Shutting down and abandoning module LevelEditor (91)
[2015.11.26-15.57.12:612][138]LogModuleManager: Shutting down and abandoning module DirectoryWatcher (90)
[2015.11.26-15.57.12:612][138]LogModuleManager: Shutting down and abandoning module AssetRegistry (89)
[2015.11.26-15.57.12:698][138]LogModuleManager: Shutting down and abandoning module ContentBrowser (88)
[2015.11.26-15.57.12:699][138]LogModuleManager: Shutting down and abandoning module Paper2DEditor (87)
[2015.11.26-15.57.12:700][138]LogModuleManager: Shutting down and abandoning module StarFox (86)
[2015.11.26-15.57.12:700][138]LogModuleManager: Shutting down and abandoning module UdpMessaging (85)
[2015.11.26-15.57.12:801][138]LogModuleManager: Shutting down and abandoning module LightPropagationVolumeRuntime (84)
[2015.11.26-15.57.12:801][138]LogModuleManager: Shutting down and abandoning module Paper2D (83)
[2015.11.26-15.57.12:801][138]LogModuleManager: Shutting down and abandoning module WindowsMoviePlayer (82)
[2015.11.26-15.57.12:806][138]LogModuleManager: Shutting down and abandoning module Media (81)
[2015.11.26-15.57.12:806][138]LogModuleManager: Shutting down and abandoning module WmfMedia (80)
[2015.11.26-15.57.12:806][138]LogModuleManager: Shutting down and abandoning module OnlineBlueprintSupport (79)
[2015.11.26-15.57.12:806][138]LogModuleManager: Shutting down and abandoning module GameplayTasksEditor (78)
[2015.11.26-15.57.12:806][138]LogModuleManager: Shutting down and abandoning module PropertyEditor (77)
[2015.11.26-15.57.12:809][138]LogModuleManager: Shutting down and abandoning module BehaviorTreeEditor (76)
[2015.11.26-15.57.12:810][138]LogModuleManager: Shutting down and abandoning module FunctionalTesting (75)
[2015.11.26-15.57.12:810][138]LogModuleManager: Shutting down and abandoning module CollisionAnalyzer (74)
[2015.11.26-15.57.12:810][138]LogModuleManager: Shutting down and abandoning module WorkspaceMenuStructure (73)
[2015.11.26-15.57.12:810][138]LogModuleManager: Shutting down and abandoning module MessageLog (72)
[2015.11.26-15.57.12:810][138]LogModuleManager: Shutting down and abandoning module Sequencer (71)
[2015.11.26-15.57.12:810][138]LogModuleManager: Shutting down and abandoning module AssetTools (70)
[2015.11.26-15.57.12:818][138]LogModuleManager: Shutting down and abandoning module UMGEditor (69)
[2015.11.26-15.57.12:823][138]LogModuleManager: Shutting down and abandoning module UMG (68)
[2015.11.26-15.57.12:823][138]LogModuleManager: Shutting down and abandoning module Slate (67)
[2015.11.26-15.57.12:823][138]LogModuleManager: Shutting down and abandoning module EditorStyle (66)
[2015.11.26-15.57.12:825][138]LogModuleManager: Shutting down and abandoning module SessionServices (65)
[2015.11.26-15.57.12:825][138]LogModuleManager: Shutting down and abandoning module SourceCodeAccess (64)
[2015.11.26-15.57.12:825][138]LogModuleManager: Shutting down and abandoning module HeadMountedDisplay (63)
[2015.11.26-15.57.12:825][138]LogModuleManager: Shutting down and abandoning module XAudio2 (62)
[2015.11.26-15.57.12:825][138]LogModuleManager: Shutting down and abandoning module Networking (60)
[2015.11.26-15.57.12:825][138]LogModuleManager: Shutting down and abandoning module Core (59)
[2015.11.26-15.57.12:825][138]LogModuleManager: Shutting down and abandoning module KismetCompiler (58)
[2015.11.26-15.57.12:825][138]LogModuleManager: Shutting down and abandoning module PhysXFormats (57)
[2015.11.26-15.57.12:825][138]LogModuleManager: Shutting down and abandoning module MeshUtilities (56)
[2015.11.26-15.57.12:827][138]LogModuleManager: Shutting down and abandoning module CookingStats (55)
[2015.11.26-15.57.12:829][138]LogModuleManager: Shutting down and abandoning module DerivedDataCache (54)
[2015.11.26-15.57.13:059][138]LogDerivedDataCache: Shutdown
[2015.11.26-15.57.13:059][138]LogModuleManager: Shutting down and abandoning module ShaderFormatOpenGL (53)
[2015.11.26-15.57.13:059][138]LogModuleManager: Shutting down and abandoning module ShaderFormatD3D (52)
[2015.11.26-15.57.13:059][138]LogModuleManager: Shutting down and abandoning module MetalShaderFormat (51)
[2015.11.26-15.57.13:059][138]LogModuleManager: Shutting down and abandoning module TextureFormatUncompressed (50)
[2015.11.26-15.57.13:059][138]LogModuleManager: Shutting down and abandoning module TextureFormatPVR (49)
[2015.11.26-15.57.13:059][138]LogModuleManager: Shutting down and abandoning module TextureFormatIntelISPCTexComp (48)
[2015.11.26-15.57.13:059][138]LogModuleManager: Shutting down and abandoning module TextureFormatDXT (47)
[2015.11.26-15.57.13:059][138]LogModuleManager: Shutting down and abandoning module ImageWrapper (46)
[2015.11.26-15.57.13:059][138]LogModuleManager: Shutting down and abandoning module TextureFormatASTC (45)
[2015.11.26-15.57.13:059][138]LogModuleManager: Shutting down and abandoning module TextureFormatAndroid (44)
[2015.11.26-15.57.13:059][138]LogModuleManager: Shutting down and abandoning module AudioFormatOpus (43)
[2015.11.26-15.57.13:059][138]LogModuleManager: Shutting down and abandoning module AudioFormatOgg (42)
[2015.11.26-15.57.13:059][138]LogModuleManager: Shutting down and abandoning module AudioFormatADPCM (41)
[2015.11.26-15.57.13:059][138]LogModuleManager: Shutting down and abandoning module LinuxTargetPlatform (40)
[2015.11.26-15.57.13:059][138]LogModuleManager: Shutting down and abandoning module LinuxServerTargetPlatform (39)
[2015.11.26-15.57.13:059][138]LogModuleManager: Shutting down and abandoning module LinuxNoEditorTargetPlatform (38)
[2015.11.26-15.57.13:059][138]LogModuleManager: Shutting down and abandoning module Messaging (37)
[2015.11.26-15.57.13:059][138]LogModuleManager: Shutting down and abandoning module IOSTargetPlatform (36)
[2015.11.26-15.57.13:059][138]LogModuleManager: Shutting down and abandoning module HTML5TargetPlatform (35)
[2015.11.26-15.57.13:059][138]LogModuleManager: Shutting down and abandoning module Android_PVRTCTargetPlatform (34)
[2015.11.26-15.57.13:059][138]LogModuleManager: Shutting down and abandoning module Android_ETC2TargetPlatform (33)
[2015.11.26-15.57.13:059][138]LogModuleManager: Shutting down and abandoning module Android_ETC1TargetPlatform (32)
[2015.11.26-15.57.13:059][138]LogModuleManager: Shutting down and abandoning module Android_DXTTargetPlatform (31)
[2015.11.26-15.57.13:060][138]LogModuleManager: Shutting down and abandoning module Android_ATCTargetPlatform (30)
[2015.11.26-15.57.13:060][138]LogModuleManager: Shutting down and abandoning module Android_ASTCTargetPlatform (29)
[2015.11.26-15.57.13:060][138]LogModuleManager: Shutting down and abandoning module AndroidTargetPlatform (28)
[2015.11.26-15.57.13:060][138]LogModuleManager: Shutting down and abandoning module WindowsTargetPlatform (27)
[2015.11.26-15.57.13:060][138]LogModuleManager: Shutting down and abandoning module WindowsServerTargetPlatform (26)
[2015.11.26-15.57.13:060][138]LogModuleManager: Shutting down and abandoning module WindowsNoEditorTargetPlatform (25)
[2015.11.26-15.57.13:060][138]LogModuleManager: Shutting down and abandoning module WindowsClientTargetPlatform (24)
[2015.11.26-15.57.13:060][138]LogModuleManager: Shutting down and abandoning module AllDesktopTargetPlatform (23)
[2015.11.26-15.57.13:060][138]LogModuleManager: Shutting down and abandoning module TargetPlatform (22)
[2015.11.26-15.57.13:060][138]LogModuleManager: Shutting down and abandoning module InputCore (21)
[2015.11.26-15.57.13:060][138]LogModuleManager: Shutting down and abandoning module Settings (20)
[2015.11.26-15.57.13:060][138]LogModuleManager: Shutting down and abandoning module OnlineSubsystem (18)
[2015.11.26-15.57.13:060][138]LogModuleManager: Shutting down and abandoning module HTTP (17)
[2015.11.26-15.57.14:565][138]LogModuleManager: Shutting down and abandoning module XMPP (16)
[2015.11.26-15.57.14:585][138]LogModuleManager: Shutting down and abandoning module ExampleDeviceProfileSelector (15)
[2015.11.26-15.57.14:585][138]LogModuleManager: Shutting down and abandoning module TextureCompressor (14)
[2015.11.26-15.57.14:585][138]LogModuleManager: Shutting down and abandoning module ShaderCore (13)
[2015.11.26-15.57.14:585][138]LogModuleManager: Shutting down and abandoning module Landscape (12)
[2015.11.26-15.57.14:585][138]LogModuleManager: Shutting down and abandoning module SlateRHIRenderer (11)
[2015.11.26-15.57.14:586][138]LogModuleManager: Shutting down and abandoning module OpenGLDrv (10)
[2015.11.26-15.57.14:586][138]LogModuleManager: Shutting down and abandoning module D3D11RHI (9)
[2015.11.26-15.57.14:586][138]LogModuleManager: Shutting down and abandoning module AnimGraphRuntime (8)
[2015.11.26-15.57.14:586][138]LogModuleManager: Shutting down and abandoning module Renderer (7)
[2015.11.26-15.57.14:586][138]LogModuleManager: Shutting down and abandoning module Engine (6)
[2015.11.26-15.57.14:586][138]LogModuleManager: Shutting down and abandoning module CoreUObject (5)
[2015.11.26-15.57.14:586][138]LogModuleManager: Shutting down and abandoning module NetworkFile (4)
[2015.11.26-15.57.14:586][138]LogModuleManager: Shutting down and abandoning module StreamingFile (3)
[2015.11.26-15.57.14:586][138]LogModuleManager: Shutting down and abandoning module SandboxFile (2)
[2015.11.26-15.57.14:586][138]LogModuleManager: Shutting down and abandoning module PakFile (1)
[2015.11.26-15.57.14:589][138]LogExit: Exiting.
[2015.11.26-15.57.14:590][138]Log file closed, 11/26/15 16:57:14
