[2015.12.03-15.08.26:049][  0]Log file open, 12/03/15 16:08:26
[2015.12.03-15.08.26:049][  0]LogInit:Display: Running engine for game: StarFox
[2015.12.03-15.08.26:049][  0]LogInit:Display: RandInit(-938625794) SRandInit(-938625794).
[2015.12.03-15.08.26:049][  0]LogTaskGraph: Started task graph with 4 named threads and 7 total threads.
[2015.12.03-15.08.26:049][  0]LogStats: Stats thread started at 0.075192
[2015.12.03-15.08.26:049][  0]LogInit:Warning: Incompatible or missing module: UE4Editor-StarFox.dll
[2015.12.03-15.08.27:631][  0]Running C:/Program Files/Epic Games/4.9/Engine/Binaries/DotNET/UnrealBuildTool.exe StarFox Development Win64 -project="C:/Users/Niclas/Documents/GitHub/Staroxurur/StarFox/StarFox.uproject" -rocket -editorrecompile -progress -noubtmakefiles
[2015.12.03-15.08.32:548][  0]@progress push 5%
[2015.12.03-15.08.32:649][  0]ERROR: All source files in module "StarFox" must include the same precompiled header first.  Currently "C:\Users\Niclas\Documents\GitHub\Staroxurur\StarFox\Source\StarFox\StarFox.h" is included by most of the source files.  The following source files are not including "C:\Users\Niclas\Documents\GitHub\Staroxurur\StarFox\Source\StarFox\StarFox.h" as their first include:
[2015.12.03-15.08.32:649][  0]
[2015.12.03-15.08.32:649][  0]C:\Users\Niclas\Documents\GitHub\Staroxurur\StarFox\Source\StarFox\StarFoxGameMode.cpp (including C:\Program Files\Epic Games\4.9\Engine\Source\Runtime\UMG\Public\Blueprint\UserWidget.h)
[2015.12.03-15.08.32:649][  0]
[2015.12.03-15.08.33:179][  0]LogInit:Warning: Still incompatible or missing module: UE4Editor-StarFox.dll
[2015.12.03-15.08.42:537][  0]LogExit: Preparing to exit.
[2015.12.03-15.08.42:537][  0]LogModuleManager: Shutting down and abandoning module DesktopPlatform (15)
[2015.12.03-15.08.42:537][  0]LogModuleManager: Shutting down and abandoning module TextureCompressor (14)
[2015.12.03-15.08.42:537][  0]LogModuleManager: Shutting down and abandoning module ShaderCore (13)
[2015.12.03-15.08.42:537][  0]LogModuleManager: Shutting down and abandoning module Landscape (12)
[2015.12.03-15.08.42:537][  0]LogModuleManager: Shutting down and abandoning module SlateRHIRenderer (11)
[2015.12.03-15.08.42:537][  0]LogModuleManager: Shutting down and abandoning module OpenGLDrv (10)
[2015.12.03-15.08.42:537][  0]LogModuleManager: Shutting down and abandoning module D3D11RHI (9)
[2015.12.03-15.08.42:537][  0]LogModuleManager: Shutting down and abandoning module AnimGraphRuntime (8)
[2015.12.03-15.08.42:537][  0]LogModuleManager: Shutting down and abandoning module Renderer (7)
[2015.12.03-15.08.42:537][  0]LogModuleManager: Shutting down and abandoning module Engine (6)
[2015.12.03-15.08.42:537][  0]LogModuleManager: Shutting down and abandoning module CoreUObject (5)
[2015.12.03-15.08.42:537][  0]LogModuleManager: Shutting down and abandoning module NetworkFile (4)
[2015.12.03-15.08.42:537][  0]LogModuleManager: Shutting down and abandoning module StreamingFile (3)
[2015.12.03-15.08.42:537][  0]LogModuleManager: Shutting down and abandoning module SandboxFile (2)
[2015.12.03-15.08.42:537][  0]LogModuleManager: Shutting down and abandoning module PakFile (1)
[2015.12.03-15.08.42:538][  0]LogExit: Exiting.
[2015.12.03-15.08.42:539][  0]Log file closed, 12/03/15 16:08:42
